
>>>>>>>>>>>>>>>>>>>>>>>>>>>>>>>>>>>>>>>>>>>>>>>>>>>>>>>>>>>>>>>>>>>>>>>>
>> cba.isv pid(11960) Logging Start
>>>>>>>>>>>>>>>>>>>>>>>>>>>>>>>>>>>>>>>>>>>>>>>>>>>>>>>>>>>>>>>>>>>>>>>>

13:19:41.439062[44m|INF|[0m>>>>>>>>>>>>>>>>>>>>>>>>>>>>>>>>>>>>>>>>>>>>>>>>>>>>>>>>>>>>>>>>>>>>>>>>>>>>
13:19:41.439095[44m|INF|[0m>> Process startup. <PrcName=CBA.ISVR, version=v1.0.0.1, args=1001>
13:19:41.439116[44m|INF|[0m[PROCESS]
13:19:41.439130[44m|INF|[0mPROCESS_NAME         : CBA.ISVR
13:19:41.439143[44m|INF|[0mPROCESS_ID           : 1001
13:19:41.439155[44m|INF|[0m

13:19:41.439166[44m|INF|[0m[SYSTEM]
13:19:41.439177[44m|INF|[0mSYSTEM_TYPE          : TE
13:19:41.439189[44m|INF|[0mSYSTEM_ID            : 1000001
13:19:41.439200[44m|INF|[0m

13:19:41.439211[44m|INF|[0m[CBA_INFO]
13:19:41.439223[44m|INF|[0mCB_LISTEN_IP         : 
13:19:41.439235[44m|INF|[0mCB_LISTEN_PORT       : 10002
13:19:41.439247[44m|INF|[0mLOG_LEVEL            : 3
13:19:41.439258[44m|INF|[0mLOG_PREFIX           : cba.isvr.1001
13:19:41.439270[44m|INF|[0mLOG_PATH             : ../log/cba.isvr/
13:19:41.439282[44m|INF|[0mLOG_LINK_PATH        : ../log/
13:19:41.439293[44m|INF|[0m

13:19:41.439304[44m|INF|[0m[IVR_DRIVER]
13:19:41.439316[44m|INF|[0mREMOTE_IP            : 127.0.0.1
13:19:41.439328[44m|INF|[0mREMOTE_PORT          : 35001
13:19:41.439343[44m|INF|[0mSVC_DRIVER_NAME      : IVR1
13:19:41.439365[44m|INF|[0mSVC_APP_NAME         : IVR5
13:19:41.439380[44m|INF|[0mTE_SYSTEM_ID         : 1
13:19:41.439392[44m|INF|[0mSTART_CHANNEL        : 0
13:19:41.439404[44m|INF|[0mSTART_PORT           : 1000
13:19:41.439417[44m|INF|[0mDNIS_COUNT           : 120
13:19:41.439428[44m|INF|[0mLOG_LEVEL            : 3
13:19:41.439441[44m|INF|[0mLOG_PATH             : ../log/cba.idrv/
13:19:41.439453[44m|INF|[0mLOG_LINK_PATH        : ../log/
13:19:41.439466[44m|INF|[0m

13:19:41.439477[44m|INF|[0m>>>>>>>>>>>>>>>>>>>>>>>>>>>>>>>>>>>>>>>>>>>>>>>>>>>>>>>>>>>>>>>>>>>>>>>>>>>>
13:19:41.439754[44m|INF|[0mIVR_DRIVER|Add port info. TotalCnt:1, PortKey:00010000, Port:1000, TESystemID:1, ChannelNo:0
13:19:41.439786[44m|INF|[0mIVR_DRIVER|Add port info. TotalCnt:2, PortKey:00010001, Port:1001, TESystemID:1, ChannelNo:1
13:19:41.439806[44m|INF|[0mIVR_DRIVER|Add port info. TotalCnt:3, PortKey:00010002, Port:1002, TESystemID:1, ChannelNo:2
13:19:41.439794[44m|INF|[0mCBSessionListener|Server socket listen start !!. ip:, port:10002
13:19:41.439831[44m|INF|[0mIVR_DRIVER|Add port info. TotalCnt:4, PortKey:00010003, Port:1003, TESystemID:1, ChannelNo:3
13:19:41.439880[44m|INF|[0mIVR_DRIVER|Add port info. TotalCnt:5, PortKey:00010004, Port:1004, TESystemID:1, ChannelNo:4
13:19:41.439898[44m|INF|[0mIVR_DRIVER|Add port info. TotalCnt:6, PortKey:00010005, Port:1005, TESystemID:1, ChannelNo:5
13:19:41.439915[44m|INF|[0mIVR_DRIVER|Add port info. TotalCnt:7, PortKey:00010006, Port:1006, TESystemID:1, ChannelNo:6
13:19:41.439933[44m|INF|[0mIVR_DRIVER|Add port info. TotalCnt:8, PortKey:00010007, Port:1007, TESystemID:1, ChannelNo:7
13:19:41.439950[44m|INF|[0mIVR_DRIVER|Add port info. TotalCnt:9, PortKey:00010008, Port:1008, TESystemID:1, ChannelNo:8
13:19:41.439967[44m|INF|[0mIVR_DRIVER|Add port info. TotalCnt:10, PortKey:00010009, Port:1009, TESystemID:1, ChannelNo:9
13:19:41.439985[44m|INF|[0mIVR_DRIVER|Add port info. TotalCnt:11, PortKey:00010010, Port:1010, TESystemID:1, ChannelNo:10
13:19:41.440003[44m|INF|[0mIVR_DRIVER|Add port info. TotalCnt:12, PortKey:00010011, Port:1011, TESystemID:1, ChannelNo:11
13:19:41.440021[44m|INF|[0mIVR_DRIVER|Add port info. TotalCnt:13, PortKey:00010012, Port:1012, TESystemID:1, ChannelNo:12
13:19:41.440038[44m|INF|[0mIVR_DRIVER|Add port info. TotalCnt:14, PortKey:00010013, Port:1013, TESystemID:1, ChannelNo:13
13:19:41.440079[44m|INF|[0mIVR_DRIVER|Add port info. TotalCnt:15, PortKey:00010014, Port:1014, TESystemID:1, ChannelNo:14
13:19:41.440097[44m|INF|[0mIVR_DRIVER|Add port info. TotalCnt:16, PortKey:00010015, Port:1015, TESystemID:1, ChannelNo:15
13:19:41.440114[44m|INF|[0mIVR_DRIVER|Add port info. TotalCnt:17, PortKey:00010016, Port:1016, TESystemID:1, ChannelNo:16
13:19:41.440150[44m|INF|[0mIVR_DRIVER|Add port info. TotalCnt:18, PortKey:00010017, Port:1017, TESystemID:1, ChannelNo:17
13:19:41.440179[44m|INF|[0mIVR_DRIVER|Add port info. TotalCnt:19, PortKey:00010018, Port:1018, TESystemID:1, ChannelNo:18
13:19:41.440198[44m|INF|[0mIVR_DRIVER|Add port info. TotalCnt:20, PortKey:00010019, Port:1019, TESystemID:1, ChannelNo:19
13:19:41.440216[44m|INF|[0mIVR_DRIVER|Add port info. TotalCnt:21, PortKey:00010020, Port:1020, TESystemID:1, ChannelNo:20
13:19:41.440234[44m|INF|[0mIVR_DRIVER|Add port info. TotalCnt:22, PortKey:00010021, Port:1021, TESystemID:1, ChannelNo:21
13:19:41.440252[44m|INF|[0mIVR_DRIVER|Add port info. TotalCnt:23, PortKey:00010022, Port:1022, TESystemID:1, ChannelNo:22
13:19:41.440269[44m|INF|[0mIVR_DRIVER|Add port info. TotalCnt:24, PortKey:00010023, Port:1023, TESystemID:1, ChannelNo:23
13:19:41.440287[44m|INF|[0mIVR_DRIVER|Add port info. TotalCnt:25, PortKey:00010024, Port:1024, TESystemID:1, ChannelNo:24
13:19:41.440306[44m|INF|[0mIVR_DRIVER|Add port info. TotalCnt:26, PortKey:00010025, Port:1025, TESystemID:1, ChannelNo:25
13:19:41.440335[44m|INF|[0mIVR_DRIVER|Add port info. TotalCnt:27, PortKey:00010026, Port:1026, TESystemID:1, ChannelNo:26
13:19:41.440357[44m|INF|[0mIVR_DRIVER|Add port info. TotalCnt:28, PortKey:00010027, Port:1027, TESystemID:1, ChannelNo:27
13:19:41.440375[44m|INF|[0mIVR_DRIVER|Add port info. TotalCnt:29, PortKey:00010028, Port:1028, TESystemID:1, ChannelNo:28
13:19:41.440393[44m|INF|[0mIVR_DRIVER|Add port info. TotalCnt:30, PortKey:00010029, Port:1029, TESystemID:1, ChannelNo:29
13:19:41.440415[44m|INF|[0mIVR_DRIVER|Add port info. TotalCnt:31, PortKey:00010030, Port:1030, TESystemID:1, ChannelNo:30
13:19:41.440441[44m|INF|[0mIVR_DRIVER|Add port info. TotalCnt:32, PortKey:00010031, Port:1031, TESystemID:1, ChannelNo:31
13:19:41.440459[44m|INF|[0mIVR_DRIVER|Add port info. TotalCnt:33, PortKey:00010032, Port:1032, TESystemID:1, ChannelNo:32
13:19:41.440476[44m|INF|[0mIVR_DRIVER|Add port info. TotalCnt:34, PortKey:00010033, Port:1033, TESystemID:1, ChannelNo:33
13:19:41.440494[44m|INF|[0mIVR_DRIVER|Add port info. TotalCnt:35, PortKey:00010034, Port:1034, TESystemID:1, ChannelNo:34
13:19:41.440512[44m|INF|[0mIVR_DRIVER|Add port info. TotalCnt:36, PortKey:00010035, Port:1035, TESystemID:1, ChannelNo:35
13:19:41.440530[44m|INF|[0mIVR_DRIVER|Add port info. TotalCnt:37, PortKey:00010036, Port:1036, TESystemID:1, ChannelNo:36
13:19:41.440549[44m|INF|[0mIVR_DRIVER|Add port info. TotalCnt:38, PortKey:00010037, Port:1037, TESystemID:1, ChannelNo:37
13:19:41.440567[44m|INF|[0mIVR_DRIVER|Add port info. TotalCnt:39, PortKey:00010038, Port:1038, TESystemID:1, ChannelNo:38
13:19:41.440585[44m|INF|[0mIVR_DRIVER|Add port info. TotalCnt:40, PortKey:00010039, Port:1039, TESystemID:1, ChannelNo:39
13:19:41.440603[44m|INF|[0mIVR_DRIVER|Add port info. TotalCnt:41, PortKey:00010040, Port:1040, TESystemID:1, ChannelNo:40
13:19:41.440620[44m|INF|[0mIVR_DRIVER|Add port info. TotalCnt:42, PortKey:00010041, Port:1041, TESystemID:1, ChannelNo:41
13:19:41.440646[44m|INF|[0mIVR_DRIVER|Add port info. TotalCnt:43, PortKey:00010042, Port:1042, TESystemID:1, ChannelNo:42
13:19:41.440688[44m|INF|[0mIVR_DRIVER|Add port info. TotalCnt:44, PortKey:00010043, Port:1043, TESystemID:1, ChannelNo:43
13:19:41.440716[44m|INF|[0mIVR_DRIVER|Add port info. TotalCnt:45, PortKey:00010044, Port:1044, TESystemID:1, ChannelNo:44
13:19:41.440745[44m|INF|[0mIVR_DRIVER|Add port info. TotalCnt:46, PortKey:00010045, Port:1045, TESystemID:1, ChannelNo:45
13:19:41.440773[44m|INF|[0mIVR_DRIVER|Add port info. TotalCnt:47, PortKey:00010046, Port:1046, TESystemID:1, ChannelNo:46
13:19:41.440804[44m|INF|[0mIVR_DRIVER|Add port info. TotalCnt:48, PortKey:00010047, Port:1047, TESystemID:1, ChannelNo:47
13:19:41.440833[44m|INF|[0mIVR_DRIVER|Add port info. TotalCnt:49, PortKey:00010048, Port:1048, TESystemID:1, ChannelNo:48
13:19:41.440862[44m|INF|[0mIVR_DRIVER|Add port info. TotalCnt:50, PortKey:00010049, Port:1049, TESystemID:1, ChannelNo:49
13:19:41.440910[44m|INF|[0mIVR_DRIVER|Add port info. TotalCnt:51, PortKey:00010050, Port:1050, TESystemID:1, ChannelNo:50
13:19:41.440944[44m|INF|[0mIVR_DRIVER|Add port info. TotalCnt:52, PortKey:00010051, Port:1051, TESystemID:1, ChannelNo:51
13:19:41.440975[44m|INF|[0mIVR_DRIVER|Add port info. TotalCnt:53, PortKey:00010052, Port:1052, TESystemID:1, ChannelNo:52
13:19:41.440993[44m|INF|[0mIVR_DRIVER|Add port info. TotalCnt:54, PortKey:00010053, Port:1053, TESystemID:1, ChannelNo:53
13:19:41.441011[44m|INF|[0mIVR_DRIVER|Add port info. TotalCnt:55, PortKey:00010054, Port:1054, TESystemID:1, ChannelNo:54
13:19:41.441029[44m|INF|[0mIVR_DRIVER|Add port info. TotalCnt:56, PortKey:00010055, Port:1055, TESystemID:1, ChannelNo:55
13:19:41.441047[44m|INF|[0mIVR_DRIVER|Add port info. TotalCnt:57, PortKey:00010056, Port:1056, TESystemID:1, ChannelNo:56
13:19:41.441088[44m|INF|[0mIVR_DRIVER|Add port info. TotalCnt:58, PortKey:00010057, Port:1057, TESystemID:1, ChannelNo:57
13:19:41.441107[44m|INF|[0mIVR_DRIVER|Add port info. TotalCnt:59, PortKey:00010058, Port:1058, TESystemID:1, ChannelNo:58
13:19:41.441125[44m|INF|[0mIVR_DRIVER|Add port info. TotalCnt:60, PortKey:00010059, Port:1059, TESystemID:1, ChannelNo:59
13:19:41.441143[44m|INF|[0mIVR_DRIVER|Add port info. TotalCnt:61, PortKey:00010060, Port:1060, TESystemID:1, ChannelNo:60
13:19:41.441161[44m|INF|[0mIVR_DRIVER|Add port info. TotalCnt:62, PortKey:00010061, Port:1061, TESystemID:1, ChannelNo:61
13:19:41.441179[44m|INF|[0mIVR_DRIVER|Add port info. TotalCnt:63, PortKey:00010062, Port:1062, TESystemID:1, ChannelNo:62
13:19:41.441200[44m|INF|[0mIVR_DRIVER|Add port info. TotalCnt:64, PortKey:00010063, Port:1063, TESystemID:1, ChannelNo:63
13:19:41.441234[44m|INF|[0mIVR_DRIVER|Add port info. TotalCnt:65, PortKey:00010064, Port:1064, TESystemID:1, ChannelNo:64
13:19:41.441258[44m|INF|[0mIVR_DRIVER|Add port info. TotalCnt:66, PortKey:00010065, Port:1065, TESystemID:1, ChannelNo:65
13:19:41.441277[44m|INF|[0mIVR_DRIVER|Add port info. TotalCnt:67, PortKey:00010066, Port:1066, TESystemID:1, ChannelNo:66
13:19:41.441295[44m|INF|[0mIVR_DRIVER|Add port info. TotalCnt:68, PortKey:00010067, Port:1067, TESystemID:1, ChannelNo:67
13:19:41.441313[44m|INF|[0mIVR_DRIVER|Add port info. TotalCnt:69, PortKey:00010068, Port:1068, TESystemID:1, ChannelNo:68
13:19:41.441331[44m|INF|[0mIVR_DRIVER|Add port info. TotalCnt:70, PortKey:00010069, Port:1069, TESystemID:1, ChannelNo:69
13:19:41.441349[44m|INF|[0mIVR_DRIVER|Add port info. TotalCnt:71, PortKey:00010070, Port:1070, TESystemID:1, ChannelNo:70
13:19:41.441367[44m|INF|[0mIVR_DRIVER|Add port info. TotalCnt:72, PortKey:00010071, Port:1071, TESystemID:1, ChannelNo:71
13:19:41.441385[44m|INF|[0mIVR_DRIVER|Add port info. TotalCnt:73, PortKey:00010072, Port:1072, TESystemID:1, ChannelNo:72
13:19:41.441403[44m|INF|[0mIVR_DRIVER|Add port info. TotalCnt:74, PortKey:00010073, Port:1073, TESystemID:1, ChannelNo:73
13:19:41.441421[44m|INF|[0mIVR_DRIVER|Add port info. TotalCnt:75, PortKey:00010074, Port:1074, TESystemID:1, ChannelNo:74
13:19:41.441439[44m|INF|[0mIVR_DRIVER|Add port info. TotalCnt:76, PortKey:00010075, Port:1075, TESystemID:1, ChannelNo:75
13:19:41.441457[44m|INF|[0mIVR_DRIVER|Add port info. TotalCnt:77, PortKey:00010076, Port:1076, TESystemID:1, ChannelNo:76
13:19:41.441475[44m|INF|[0mIVR_DRIVER|Add port info. TotalCnt:78, PortKey:00010077, Port:1077, TESystemID:1, ChannelNo:77
13:19:41.441494[44m|INF|[0mIVR_DRIVER|Add port info. TotalCnt:79, PortKey:00010078, Port:1078, TESystemID:1, ChannelNo:78
13:19:41.441512[44m|INF|[0mIVR_DRIVER|Add port info. TotalCnt:80, PortKey:00010079, Port:1079, TESystemID:1, ChannelNo:79
13:19:41.441530[44m|INF|[0mIVR_DRIVER|Add port info. TotalCnt:81, PortKey:00010080, Port:1080, TESystemID:1, ChannelNo:80
13:19:41.441548[44m|INF|[0mIVR_DRIVER|Add port info. TotalCnt:82, PortKey:00010081, Port:1081, TESystemID:1, ChannelNo:81
13:19:41.441566[44m|INF|[0mIVR_DRIVER|Add port info. TotalCnt:83, PortKey:00010082, Port:1082, TESystemID:1, ChannelNo:82
13:19:41.441593[44m|INF|[0mIVR_DRIVER|Add port info. TotalCnt:84, PortKey:00010083, Port:1083, TESystemID:1, ChannelNo:83
13:19:41.441612[44m|INF|[0mIVR_DRIVER|Add port info. TotalCnt:85, PortKey:00010084, Port:1084, TESystemID:1, ChannelNo:84
13:19:41.441631[44m|INF|[0mIVR_DRIVER|Add port info. TotalCnt:86, PortKey:00010085, Port:1085, TESystemID:1, ChannelNo:85
13:19:41.441649[44m|INF|[0mIVR_DRIVER|Add port info. TotalCnt:87, PortKey:00010086, Port:1086, TESystemID:1, ChannelNo:86
13:19:41.441769[44m|INF|[0mIVR_DRIVER|Add port info. TotalCnt:88, PortKey:00010087, Port:1087, TESystemID:1, ChannelNo:87
13:19:41.441789[44m|INF|[0mIVR_DRIVER|Add port info. TotalCnt:89, PortKey:00010088, Port:1088, TESystemID:1, ChannelNo:88
13:19:41.441807[44m|INF|[0mIVR_DRIVER|Add port info. TotalCnt:90, PortKey:00010089, Port:1089, TESystemID:1, ChannelNo:89
13:19:41.441825[44m|INF|[0mIVR_DRIVER|Add port info. TotalCnt:91, PortKey:00010090, Port:1090, TESystemID:1, ChannelNo:90
13:19:41.441842[44m|INF|[0mIVR_DRIVER|Add port info. TotalCnt:92, PortKey:00010091, Port:1091, TESystemID:1, ChannelNo:91
13:19:41.441855[44m|INF|[0mIVR_DRIVER|Add port info. TotalCnt:93, PortKey:00010092, Port:1092, TESystemID:1, ChannelNo:92
13:19:41.441862[44m|INF|[0mIVR_DRIVER|Add port info. TotalCnt:94, PortKey:00010093, Port:1093, TESystemID:1, ChannelNo:93
13:19:41.441870[44m|INF|[0mIVR_DRIVER|Add port info. TotalCnt:95, PortKey:00010094, Port:1094, TESystemID:1, ChannelNo:94
13:19:41.441877[44m|INF|[0mIVR_DRIVER|Add port info. TotalCnt:96, PortKey:00010095, Port:1095, TESystemID:1, ChannelNo:95
13:19:41.441888[44m|INF|[0mIVR_DRIVER|Add port info. TotalCnt:97, PortKey:00010096, Port:1096, TESystemID:1, ChannelNo:96
13:19:41.441895[44m|INF|[0mIVR_DRIVER|Add port info. TotalCnt:98, PortKey:00010097, Port:1097, TESystemID:1, ChannelNo:97
13:19:41.441904[44m|INF|[0mIVR_DRIVER|Add port info. TotalCnt:99, PortKey:00010098, Port:1098, TESystemID:1, ChannelNo:98
13:19:41.441912[44m|INF|[0mIVR_DRIVER|Add port info. TotalCnt:100, PortKey:00010099, Port:1099, TESystemID:1, ChannelNo:99
13:19:41.441919[44m|INF|[0mIVR_DRIVER|Add port info. TotalCnt:101, PortKey:00010100, Port:1100, TESystemID:1, ChannelNo:100
13:19:41.441930[44m|INF|[0mIVR_DRIVER|Add port info. TotalCnt:102, PortKey:00010101, Port:1101, TESystemID:1, ChannelNo:101
13:19:41.441937[44m|INF|[0mIVR_DRIVER|Add port info. TotalCnt:103, PortKey:00010102, Port:1102, TESystemID:1, ChannelNo:102
13:19:41.441944[44m|INF|[0mIVR_DRIVER|Add port info. TotalCnt:104, PortKey:00010103, Port:1103, TESystemID:1, ChannelNo:103
13:19:41.441954[44m|INF|[0mIVR_DRIVER|Add port info. TotalCnt:105, PortKey:00010104, Port:1104, TESystemID:1, ChannelNo:104
13:19:41.441962[44m|INF|[0mIVR_DRIVER|Add port info. TotalCnt:106, PortKey:00010105, Port:1105, TESystemID:1, ChannelNo:105
13:19:41.441969[44m|INF|[0mIVR_DRIVER|Add port info. TotalCnt:107, PortKey:00010106, Port:1106, TESystemID:1, ChannelNo:106
13:19:41.441982[44m|INF|[0mIVR_DRIVER|Add port info. TotalCnt:108, PortKey:00010107, Port:1107, TESystemID:1, ChannelNo:107
13:19:41.441990[44m|INF|[0mIVR_DRIVER|Add port info. TotalCnt:109, PortKey:00010108, Port:1108, TESystemID:1, ChannelNo:108
13:19:41.441998[44m|INF|[0mIVR_DRIVER|Add port info. TotalCnt:110, PortKey:00010109, Port:1109, TESystemID:1, ChannelNo:109
13:19:41.442012[44m|INF|[0mIVR_DRIVER|Add port info. TotalCnt:111, PortKey:00010110, Port:1110, TESystemID:1, ChannelNo:110
13:19:41.442020[44m|INF|[0mIVR_DRIVER|Add port info. TotalCnt:112, PortKey:00010111, Port:1111, TESystemID:1, ChannelNo:111
13:19:41.442027[44m|INF|[0mIVR_DRIVER|Add port info. TotalCnt:113, PortKey:00010112, Port:1112, TESystemID:1, ChannelNo:112
13:19:41.442034[44m|INF|[0mIVR_DRIVER|Add port info. TotalCnt:114, PortKey:00010113, Port:1113, TESystemID:1, ChannelNo:113
13:19:41.442042[44m|INF|[0mIVR_DRIVER|Add port info. TotalCnt:115, PortKey:00010114, Port:1114, TESystemID:1, ChannelNo:114
13:19:41.442050[44m|INF|[0mIVR_DRIVER|Add port info. TotalCnt:116, PortKey:00010115, Port:1115, TESystemID:1, ChannelNo:115
13:19:41.442061[44m|INF|[0mIVR_DRIVER|Add port info. TotalCnt:117, PortKey:00010116, Port:1116, TESystemID:1, ChannelNo:116
13:19:41.442081[44m|INF|[0mIVR_DRIVER|Add port info. TotalCnt:118, PortKey:00010117, Port:1117, TESystemID:1, ChannelNo:117
13:19:41.442088[44m|INF|[0mIVR_DRIVER|Add port info. TotalCnt:119, PortKey:00010118, Port:1118, TESystemID:1, ChannelNo:118
13:19:41.442095[44m|INF|[0mIVR_DRIVER|Add port info. TotalCnt:120, PortKey:00010119, Port:1119, TESystemID:1, ChannelNo:119
13:19:41.442305[44m|INF|[0mIVR_DRIVER|cba.idrv.1001 ilInitiate success !!
13:19:41.442957[44m|INF|[0mIVR_DRIVER|CALLBACK_LoginReq|DriverName:IVR1, Command:LoginReq, CallId:100000001, Version:4.0, ClientName:IVR1, ReportStatus:true, ServerMonitor:set
13:19:41.443927[44m|INF|[0mIVR_DRIVER|CALLBACK_LoginResp|DriverName:IVR1, Command:LoginResp, CallId:100000001, IServerVersion:8.5, Result:Success, ConfigOptions:, Status:OK
13:19:42.440047[44m|INF|[0mCBSessionManager|Add CBSession success. name:CB_SESSION7, ip:100.100.105.105, port:36244 
13:19:42.440110[44m|INF|[0mCBSessionListener|Server accept socket !!. session_count:1, name:CB_SESSION7, ip:100.100.105.105, port:36244
