
>>>>>>>>>>>>>>>>>>>>>>>>>>>>>>>>>>>>>>>>>>>>>>>>>>>>>>>>>>>>>>>>>>>>>>>>
>> cba.isv pid(11885) Logging Start
>>>>>>>>>>>>>>>>>>>>>>>>>>>>>>>>>>>>>>>>>>>>>>>>>>>>>>>>>>>>>>>>>>>>>>>>

13:48:41.809346[44m|INF|[0m>>>>>>>>>>>>>>>>>>>>>>>>>>>>>>>>>>>>>>>>>>>>>>>>>>>>>>>>>>>>>>>>>>>>>>>>>>>>
13:48:41.809373[44m|INF|[0m>> Process startup. <PrcName=CBA.ISVR, version=v1.0.0.1, args=1001>
13:48:41.809416[44m|INF|[0m[PROCESS]
13:48:41.809429[44m|INF|[0mPROCESS_NAME         : CBA.ISVR
13:48:41.809441[44m|INF|[0mPROCESS_ID           : 1001
13:48:41.809453[44m|INF|[0m

13:48:41.809466[44m|INF|[0m[SYSTEM]
13:48:41.809488[44m|INF|[0mSYSTEM_TYPE          : TE
13:48:41.809504[44m|INF|[0mSYSTEM_ID            : 1000001
13:48:41.809516[44m|INF|[0m

13:48:41.809527[44m|INF|[0m[CBA_INFO]
13:48:41.809539[44m|INF|[0mCB_LISTEN_IP         : 
13:48:41.809551[44m|INF|[0mCB_LISTEN_PORT       : 10002
13:48:41.809562[44m|INF|[0mLOG_LEVEL            : 3
13:48:41.809574[44m|INF|[0mLOG_PREFIX           : cba.isvr.1001
13:48:41.809586[44m|INF|[0mLOG_PATH             : ../log/cba.isvr/
13:48:41.809597[44m|INF|[0mLOG_LINK_PATH        : ../log/
13:48:41.809608[44m|INF|[0m

13:48:41.809620[44m|INF|[0m[IVR_DRIVER]
13:48:41.809631[44m|INF|[0mREMOTE_IP            : 10.1.13.100
13:48:41.809643[44m|INF|[0mREMOTE_PORT          : 3021
13:48:41.809655[44m|INF|[0mSVC_DRIVER_NAME      : IAdapter1
13:48:41.809667[44m|INF|[0mSVC_APP_NAME         : IAdapter1
13:48:41.809678[44m|INF|[0mTE_SYSTEM_ID         : 1
13:48:41.809690[44m|INF|[0mSTART_CHANNEL        : 0
13:48:41.809701[44m|INF|[0mSTART_PORT           : 1
13:48:41.809713[44m|INF|[0mDNIS_COUNT           : 6
13:48:41.809724[44m|INF|[0mLOG_LEVEL            : 3
13:48:41.809736[44m|INF|[0mLOG_PATH             : ../log/cba.idrv/
13:48:41.809748[44m|INF|[0mLOG_LINK_PATH        : ../log/
13:48:41.809759[44m|INF|[0m

13:48:41.809771[44m|INF|[0m>>>>>>>>>>>>>>>>>>>>>>>>>>>>>>>>>>>>>>>>>>>>>>>>>>>>>>>>>>>>>>>>>>>>>>>>>>>>
13:48:41.810029[44m|INF|[0mIVR_DRIVER|Add port info. TotalCnt:1, PortKey:00010000, Port:1, TESystemID:1, ChannelNo:0
13:48:41.810030[44m|INF|[0mCBSessionListener|Server socket listen start !!. ip:, port:10002
13:48:41.810108[44m|INF|[0mIVR_DRIVER|Add port info. TotalCnt:2, PortKey:00010001, Port:2, TESystemID:1, ChannelNo:1
13:48:41.810140[44m|INF|[0mIVR_DRIVER|Add port info. TotalCnt:3, PortKey:00010002, Port:3, TESystemID:1, ChannelNo:2
13:48:41.810161[44m|INF|[0mIVR_DRIVER|Add port info. TotalCnt:4, PortKey:00010003, Port:4, TESystemID:1, ChannelNo:3
13:48:41.810188[44m|INF|[0mIVR_DRIVER|Add port info. TotalCnt:5, PortKey:00010004, Port:5, TESystemID:1, ChannelNo:4
13:48:41.810217[44m|INF|[0mIVR_DRIVER|Add port info. TotalCnt:6, PortKey:00010005, Port:6, TESystemID:1, ChannelNo:5
13:48:41.810412[44m|INF|[0mIVR_DRIVER|cba.idrv.1001 Initiate success !!
13:48:41.815244[44m|INF|[0mIVR_DRIVER|CALLBACK_LoginReq|DriverName:IAdapter1, Command:LoginReq, CallId:IAdapter1_11271348410008130002, Version:4.0, ClientName:IAdapter1, ReportStatus:true, ServerMonitor:clear, XmlData:<?xml version="1.0" encoding="ISO-8859-1"?>
<!DOCTYPE GctiMsg SYSTEM "IServer.dtd">
<GctiMsg><CallId>IAdapter1_11271348410008130002</CallId><LoginReq Version="4.0" ClientName="IAdapter1" ReportStatus="true" ServerMonitor="clear"></LoginReq></GctiMsg>

13:48:41.964337[44m|INF|[0mIVR_DRIVER|CALLBACK_LoginResp|DriverName:IAdapter1, Command:LoginResp, CallId:IAdapter1_11271348410008130002, IServerVersion:, Result:Success, ConfigOptions:, Status:OK, XmlData:<?xml version='1.0' encoding='ISO-8859-1'?><!DOCTYPE GctiMsg SYSTEM 'IServer.dtd'><GctiMsg><CallId>IAdapter1_11271348410008130002</CallId><LoginResp IServerVer='IVR Server:8.1.001.01' Result='Success' Status='OK'/></GctiMsg>
