
>>>>>>>>>>>>>>>>>>>>>>>>>>>>>>>>>>>>>>>>>>>>>>>>>>>>>>>>>>>>>>>>>>>>>>>>
>> cba.isv pid(18924) Logging Start
>>>>>>>>>>>>>>>>>>>>>>>>>>>>>>>>>>>>>>>>>>>>>>>>>>>>>>>>>>>>>>>>>>>>>>>>

14:58:33.429363[44m|INF|[0m>>>>>>>>>>>>>>>>>>>>>>>>>>>>>>>>>>>>>>>>>>>>>>>>>>>>>>>>>>>>>>>>>>>>>>>>>>>>
14:58:33.429383[44m|INF|[0m>> Process startup. <PrcName=CBA.ISVR, version=v1.0.0.1, args=1001>
14:58:33.429395[44m|INF|[0m[PROCESS]
14:58:33.429415[44m|INF|[0mPROCESS_NAME         : CBA.ISVR
14:58:33.429427[44m|INF|[0mPROCESS_ID           : 1001
14:58:33.429440[44m|INF|[0m

14:58:33.429451[44m|INF|[0m[SYSTEM]
14:58:33.429463[44m|INF|[0mSYSTEM_TYPE          : TE
14:58:33.429475[44m|INF|[0mSYSTEM_ID            : 1000001
14:58:33.429487[44m|INF|[0m

14:58:33.429506[44m|INF|[0m[CBA_INFO]
14:58:33.429526[44m|INF|[0mCB_LISTEN_IP         : 
14:58:33.429542[44m|INF|[0mCB_LISTEN_PORT       : 10002
14:58:33.429554[44m|INF|[0mLOG_LEVEL            : 3
14:58:33.429566[44m|INF|[0mLOG_PREFIX           : cba.isvr.1001
14:58:33.429579[44m|INF|[0mLOG_PATH             : ../log/cba.isvr/
14:58:33.429592[44m|INF|[0mLOG_LINK_PATH        : ../log/
14:58:33.429604[44m|INF|[0m

14:58:33.429615[44m|INF|[0m[IVR_DRIVER]
14:58:33.429626[44m|INF|[0mREMOTE_IP            : 127.0.0.1
14:58:33.429639[44m|INF|[0mREMOTE_PORT          : 35001
14:58:33.429650[44m|INF|[0mSVC_DRIVER_NAME      : IVR1
14:58:33.429663[44m|INF|[0mSVC_APP_NAME         : IVR5
14:58:33.429674[44m|INF|[0mTE_SYSTEM_ID         : 1
14:58:33.429687[44m|INF|[0mSTART_CHANNEL        : 0
14:58:33.429699[44m|INF|[0mSTART_PORT           : 1000
14:58:33.429710[44m|INF|[0mDNIS_COUNT           : 120
14:58:33.429723[44m|INF|[0mLOG_LEVEL            : 3
14:58:33.429735[44m|INF|[0mLOG_PATH             : ../log/cba.idrv/
14:58:33.429747[44m|INF|[0mLOG_LINK_PATH        : ../log/
14:58:33.429758[44m|INF|[0m

14:58:33.429769[44m|INF|[0m>>>>>>>>>>>>>>>>>>>>>>>>>>>>>>>>>>>>>>>>>>>>>>>>>>>>>>>>>>>>>>>>>>>>>>>>>>>>
14:58:33.430045[44m|INF|[0mIVR_DRIVER|Add port info. TotalCnt:1, PortKey:00010000, Port:1000, TESystemID:1, ChannelNo:0
14:58:33.430072[44m|INF|[0mCBSessionListener|Server socket listen start !!. ip:, port:10002
14:58:33.430078[44m|INF|[0mIVR_DRIVER|Add port info. TotalCnt:2, PortKey:00010001, Port:1001, TESystemID:1, ChannelNo:1
14:58:33.430164[44m|INF|[0mIVR_DRIVER|Add port info. TotalCnt:3, PortKey:00010002, Port:1002, TESystemID:1, ChannelNo:2
14:58:33.430183[44m|INF|[0mIVR_DRIVER|Add port info. TotalCnt:4, PortKey:00010003, Port:1003, TESystemID:1, ChannelNo:3
14:58:33.430201[44m|INF|[0mIVR_DRIVER|Add port info. TotalCnt:5, PortKey:00010004, Port:1004, TESystemID:1, ChannelNo:4
14:58:33.430219[44m|INF|[0mIVR_DRIVER|Add port info. TotalCnt:6, PortKey:00010005, Port:1005, TESystemID:1, ChannelNo:5
14:58:33.430248[44m|INF|[0mIVR_DRIVER|Add port info. TotalCnt:7, PortKey:00010006, Port:1006, TESystemID:1, ChannelNo:6
14:58:33.430300[44m|INF|[0mIVR_DRIVER|Add port info. TotalCnt:8, PortKey:00010007, Port:1007, TESystemID:1, ChannelNo:7
14:58:33.430319[44m|INF|[0mIVR_DRIVER|Add port info. TotalCnt:9, PortKey:00010008, Port:1008, TESystemID:1, ChannelNo:8
14:58:33.430337[44m|INF|[0mIVR_DRIVER|Add port info. TotalCnt:10, PortKey:00010009, Port:1009, TESystemID:1, ChannelNo:9
14:58:33.430355[44m|INF|[0mIVR_DRIVER|Add port info. TotalCnt:11, PortKey:00010010, Port:1010, TESystemID:1, ChannelNo:10
14:58:33.430372[44m|INF|[0mIVR_DRIVER|Add port info. TotalCnt:12, PortKey:00010011, Port:1011, TESystemID:1, ChannelNo:11
14:58:33.430390[44m|INF|[0mIVR_DRIVER|Add port info. TotalCnt:13, PortKey:00010012, Port:1012, TESystemID:1, ChannelNo:12
14:58:33.430408[44m|INF|[0mIVR_DRIVER|Add port info. TotalCnt:14, PortKey:00010013, Port:1013, TESystemID:1, ChannelNo:13
14:58:33.430426[44m|INF|[0mIVR_DRIVER|Add port info. TotalCnt:15, PortKey:00010014, Port:1014, TESystemID:1, ChannelNo:14
14:58:33.430445[44m|INF|[0mIVR_DRIVER|Add port info. TotalCnt:16, PortKey:00010015, Port:1015, TESystemID:1, ChannelNo:15
14:58:33.430463[44m|INF|[0mIVR_DRIVER|Add port info. TotalCnt:17, PortKey:00010016, Port:1016, TESystemID:1, ChannelNo:16
14:58:33.430491[44m|INF|[0mIVR_DRIVER|Add port info. TotalCnt:18, PortKey:00010017, Port:1017, TESystemID:1, ChannelNo:17
14:58:33.430509[44m|INF|[0mIVR_DRIVER|Add port info. TotalCnt:19, PortKey:00010018, Port:1018, TESystemID:1, ChannelNo:18
14:58:33.430527[44m|INF|[0mIVR_DRIVER|Add port info. TotalCnt:20, PortKey:00010019, Port:1019, TESystemID:1, ChannelNo:19
14:58:33.430545[44m|INF|[0mIVR_DRIVER|Add port info. TotalCnt:21, PortKey:00010020, Port:1020, TESystemID:1, ChannelNo:20
14:58:33.430562[44m|INF|[0mIVR_DRIVER|Add port info. TotalCnt:22, PortKey:00010021, Port:1021, TESystemID:1, ChannelNo:21
14:58:33.430580[44m|INF|[0mIVR_DRIVER|Add port info. TotalCnt:23, PortKey:00010022, Port:1022, TESystemID:1, ChannelNo:22
14:58:33.430598[44m|INF|[0mIVR_DRIVER|Add port info. TotalCnt:24, PortKey:00010023, Port:1023, TESystemID:1, ChannelNo:23
14:58:33.430616[44m|INF|[0mIVR_DRIVER|Add port info. TotalCnt:25, PortKey:00010024, Port:1024, TESystemID:1, ChannelNo:24
14:58:33.430634[44m|INF|[0mIVR_DRIVER|Add port info. TotalCnt:26, PortKey:00010025, Port:1025, TESystemID:1, ChannelNo:25
14:58:33.430652[44m|INF|[0mIVR_DRIVER|Add port info. TotalCnt:27, PortKey:00010026, Port:1026, TESystemID:1, ChannelNo:26
14:58:33.430669[44m|INF|[0mIVR_DRIVER|Add port info. TotalCnt:28, PortKey:00010027, Port:1027, TESystemID:1, ChannelNo:27
14:58:33.430687[44m|INF|[0mIVR_DRIVER|Add port info. TotalCnt:29, PortKey:00010028, Port:1028, TESystemID:1, ChannelNo:28
14:58:33.430705[44m|INF|[0mIVR_DRIVER|Add port info. TotalCnt:30, PortKey:00010029, Port:1029, TESystemID:1, ChannelNo:29
14:58:33.430723[44m|INF|[0mIVR_DRIVER|Add port info. TotalCnt:31, PortKey:00010030, Port:1030, TESystemID:1, ChannelNo:30
14:58:33.430741[44m|INF|[0mIVR_DRIVER|Add port info. TotalCnt:32, PortKey:00010031, Port:1031, TESystemID:1, ChannelNo:31
14:58:33.430759[44m|INF|[0mIVR_DRIVER|Add port info. TotalCnt:33, PortKey:00010032, Port:1032, TESystemID:1, ChannelNo:32
14:58:33.430777[44m|INF|[0mIVR_DRIVER|Add port info. TotalCnt:34, PortKey:00010033, Port:1033, TESystemID:1, ChannelNo:33
14:58:33.430806[44m|INF|[0mIVR_DRIVER|Add port info. TotalCnt:35, PortKey:00010034, Port:1034, TESystemID:1, ChannelNo:34
14:58:33.430824[44m|INF|[0mIVR_DRIVER|Add port info. TotalCnt:36, PortKey:00010035, Port:1035, TESystemID:1, ChannelNo:35
14:58:33.430842[44m|INF|[0mIVR_DRIVER|Add port info. TotalCnt:37, PortKey:00010036, Port:1036, TESystemID:1, ChannelNo:36
14:58:33.430860[44m|INF|[0mIVR_DRIVER|Add port info. TotalCnt:38, PortKey:00010037, Port:1037, TESystemID:1, ChannelNo:37
14:58:33.430877[44m|INF|[0mIVR_DRIVER|Add port info. TotalCnt:39, PortKey:00010038, Port:1038, TESystemID:1, ChannelNo:38
14:58:33.430895[44m|INF|[0mIVR_DRIVER|Add port info. TotalCnt:40, PortKey:00010039, Port:1039, TESystemID:1, ChannelNo:39
14:58:33.430913[44m|INF|[0mIVR_DRIVER|Add port info. TotalCnt:41, PortKey:00010040, Port:1040, TESystemID:1, ChannelNo:40
14:58:33.430930[44m|INF|[0mIVR_DRIVER|Add port info. TotalCnt:42, PortKey:00010041, Port:1041, TESystemID:1, ChannelNo:41
14:58:33.430948[44m|INF|[0mIVR_DRIVER|Add port info. TotalCnt:43, PortKey:00010042, Port:1042, TESystemID:1, ChannelNo:42
14:58:33.430966[44m|INF|[0mIVR_DRIVER|Add port info. TotalCnt:44, PortKey:00010043, Port:1043, TESystemID:1, ChannelNo:43
14:58:33.430994[44m|INF|[0mIVR_DRIVER|Add port info. TotalCnt:45, PortKey:00010044, Port:1044, TESystemID:1, ChannelNo:44
14:58:33.431031[44m|INF|[0mIVR_DRIVER|Add port info. TotalCnt:46, PortKey:00010045, Port:1045, TESystemID:1, ChannelNo:45
14:58:33.431065[44m|INF|[0mIVR_DRIVER|Add port info. TotalCnt:47, PortKey:00010046, Port:1046, TESystemID:1, ChannelNo:46
14:58:33.431087[44m|INF|[0mIVR_DRIVER|Add port info. TotalCnt:48, PortKey:00010047, Port:1047, TESystemID:1, ChannelNo:47
14:58:33.431106[44m|INF|[0mIVR_DRIVER|Add port info. TotalCnt:49, PortKey:00010048, Port:1048, TESystemID:1, ChannelNo:48
14:58:33.431124[44m|INF|[0mIVR_DRIVER|Add port info. TotalCnt:50, PortKey:00010049, Port:1049, TESystemID:1, ChannelNo:49
14:58:33.431151[44m|INF|[0mIVR_DRIVER|Add port info. TotalCnt:51, PortKey:00010050, Port:1050, TESystemID:1, ChannelNo:50
14:58:33.431170[44m|INF|[0mIVR_DRIVER|Add port info. TotalCnt:52, PortKey:00010051, Port:1051, TESystemID:1, ChannelNo:51
14:58:33.431188[44m|INF|[0mIVR_DRIVER|Add port info. TotalCnt:53, PortKey:00010052, Port:1052, TESystemID:1, ChannelNo:52
14:58:33.431206[44m|INF|[0mIVR_DRIVER|Add port info. TotalCnt:54, PortKey:00010053, Port:1053, TESystemID:1, ChannelNo:53
14:58:33.431224[44m|INF|[0mIVR_DRIVER|Add port info. TotalCnt:55, PortKey:00010054, Port:1054, TESystemID:1, ChannelNo:54
14:58:33.431242[44m|INF|[0mIVR_DRIVER|Add port info. TotalCnt:56, PortKey:00010055, Port:1055, TESystemID:1, ChannelNo:55
14:58:33.431287[44m|INF|[0mIVR_DRIVER|Add port info. TotalCnt:57, PortKey:00010056, Port:1056, TESystemID:1, ChannelNo:56
14:58:33.431318[44m|INF|[0mIVR_DRIVER|Add port info. TotalCnt:58, PortKey:00010057, Port:1057, TESystemID:1, ChannelNo:57
14:58:33.431345[44m|INF|[0mIVR_DRIVER|Add port info. TotalCnt:59, PortKey:00010058, Port:1058, TESystemID:1, ChannelNo:58
14:58:33.431363[44m|INF|[0mIVR_DRIVER|Add port info. TotalCnt:60, PortKey:00010059, Port:1059, TESystemID:1, ChannelNo:59
14:58:33.431381[44m|INF|[0mIVR_DRIVER|Add port info. TotalCnt:61, PortKey:00010060, Port:1060, TESystemID:1, ChannelNo:60
14:58:33.431400[44m|INF|[0mIVR_DRIVER|Add port info. TotalCnt:62, PortKey:00010061, Port:1061, TESystemID:1, ChannelNo:61
14:58:33.431420[44m|INF|[0mIVR_DRIVER|Add port info. TotalCnt:63, PortKey:00010062, Port:1062, TESystemID:1, ChannelNo:62
14:58:33.431438[44m|INF|[0mIVR_DRIVER|Add port info. TotalCnt:64, PortKey:00010063, Port:1063, TESystemID:1, ChannelNo:63
14:58:33.431456[44m|INF|[0mIVR_DRIVER|Add port info. TotalCnt:65, PortKey:00010064, Port:1064, TESystemID:1, ChannelNo:64
14:58:33.431475[44m|INF|[0mIVR_DRIVER|Add port info. TotalCnt:66, PortKey:00010065, Port:1065, TESystemID:1, ChannelNo:65
14:58:33.431493[44m|INF|[0mIVR_DRIVER|Add port info. TotalCnt:67, PortKey:00010066, Port:1066, TESystemID:1, ChannelNo:66
14:58:33.431511[44m|INF|[0mIVR_DRIVER|Add port info. TotalCnt:68, PortKey:00010067, Port:1067, TESystemID:1, ChannelNo:67
14:58:33.431529[44m|INF|[0mIVR_DRIVER|Add port info. TotalCnt:69, PortKey:00010068, Port:1068, TESystemID:1, ChannelNo:68
14:58:33.431547[44m|INF|[0mIVR_DRIVER|Add port info. TotalCnt:70, PortKey:00010069, Port:1069, TESystemID:1, ChannelNo:69
14:58:33.431565[44m|INF|[0mIVR_DRIVER|Add port info. TotalCnt:71, PortKey:00010070, Port:1070, TESystemID:1, ChannelNo:70
14:58:33.431584[44m|INF|[0mIVR_DRIVER|Add port info. TotalCnt:72, PortKey:00010071, Port:1071, TESystemID:1, ChannelNo:71
14:58:33.431602[44m|INF|[0mIVR_DRIVER|Add port info. TotalCnt:73, PortKey:00010072, Port:1072, TESystemID:1, ChannelNo:72
14:58:33.431619[44m|INF|[0mIVR_DRIVER|Add port info. TotalCnt:74, PortKey:00010073, Port:1073, TESystemID:1, ChannelNo:73
14:58:33.431638[44m|INF|[0mIVR_DRIVER|Add port info. TotalCnt:75, PortKey:00010074, Port:1074, TESystemID:1, ChannelNo:74
14:58:33.431655[44m|INF|[0mIVR_DRIVER|Add port info. TotalCnt:76, PortKey:00010075, Port:1075, TESystemID:1, ChannelNo:75
14:58:33.431674[44m|INF|[0mIVR_DRIVER|Add port info. TotalCnt:77, PortKey:00010076, Port:1076, TESystemID:1, ChannelNo:76
14:58:33.431692[44m|INF|[0mIVR_DRIVER|Add port info. TotalCnt:78, PortKey:00010077, Port:1077, TESystemID:1, ChannelNo:77
14:58:33.431710[44m|INF|[0mIVR_DRIVER|Add port info. TotalCnt:79, PortKey:00010078, Port:1078, TESystemID:1, ChannelNo:78
14:58:33.431728[44m|INF|[0mIVR_DRIVER|Add port info. TotalCnt:80, PortKey:00010079, Port:1079, TESystemID:1, ChannelNo:79
14:58:33.431746[44m|INF|[0mIVR_DRIVER|Add port info. TotalCnt:81, PortKey:00010080, Port:1080, TESystemID:1, ChannelNo:80
14:58:33.431764[44m|INF|[0mIVR_DRIVER|Add port info. TotalCnt:82, PortKey:00010081, Port:1081, TESystemID:1, ChannelNo:81
14:58:33.431813[44m|INF|[0mIVR_DRIVER|Add port info. TotalCnt:83, PortKey:00010082, Port:1082, TESystemID:1, ChannelNo:82
14:58:33.431849[44m|INF|[0mIVR_DRIVER|Add port info. TotalCnt:84, PortKey:00010083, Port:1083, TESystemID:1, ChannelNo:83
14:58:33.431869[44m|INF|[0mIVR_DRIVER|Add port info. TotalCnt:85, PortKey:00010084, Port:1084, TESystemID:1, ChannelNo:84
14:58:33.431887[44m|INF|[0mIVR_DRIVER|Add port info. TotalCnt:86, PortKey:00010085, Port:1085, TESystemID:1, ChannelNo:85
14:58:33.431905[44m|INF|[0mIVR_DRIVER|Add port info. TotalCnt:87, PortKey:00010086, Port:1086, TESystemID:1, ChannelNo:86
14:58:33.431923[44m|INF|[0mIVR_DRIVER|Add port info. TotalCnt:88, PortKey:00010087, Port:1087, TESystemID:1, ChannelNo:87
14:58:33.431952[44m|INF|[0mIVR_DRIVER|Add port info. TotalCnt:89, PortKey:00010088, Port:1088, TESystemID:1, ChannelNo:88
14:58:33.431976[44m|INF|[0mIVR_DRIVER|Add port info. TotalCnt:90, PortKey:00010089, Port:1089, TESystemID:1, ChannelNo:89
14:58:33.431995[44m|INF|[0mIVR_DRIVER|Add port info. TotalCnt:91, PortKey:00010090, Port:1090, TESystemID:1, ChannelNo:90
14:58:33.432014[44m|INF|[0mIVR_DRIVER|Add port info. TotalCnt:92, PortKey:00010091, Port:1091, TESystemID:1, ChannelNo:91
14:58:33.432032[44m|INF|[0mIVR_DRIVER|Add port info. TotalCnt:93, PortKey:00010092, Port:1092, TESystemID:1, ChannelNo:92
14:58:33.432050[44m|INF|[0mIVR_DRIVER|Add port info. TotalCnt:94, PortKey:00010093, Port:1093, TESystemID:1, ChannelNo:93
14:58:33.432069[44m|INF|[0mIVR_DRIVER|Add port info. TotalCnt:95, PortKey:00010094, Port:1094, TESystemID:1, ChannelNo:94
14:58:33.432087[44m|INF|[0mIVR_DRIVER|Add port info. TotalCnt:96, PortKey:00010095, Port:1095, TESystemID:1, ChannelNo:95
14:58:33.432111[44m|INF|[0mIVR_DRIVER|Add port info. TotalCnt:97, PortKey:00010096, Port:1096, TESystemID:1, ChannelNo:96
14:58:33.432139[44m|INF|[0mIVR_DRIVER|Add port info. TotalCnt:98, PortKey:00010097, Port:1097, TESystemID:1, ChannelNo:97
14:58:33.432163[44m|INF|[0mIVR_DRIVER|Add port info. TotalCnt:99, PortKey:00010098, Port:1098, TESystemID:1, ChannelNo:98
14:58:33.432182[44m|INF|[0mIVR_DRIVER|Add port info. TotalCnt:100, PortKey:00010099, Port:1099, TESystemID:1, ChannelNo:99
14:58:33.432201[44m|INF|[0mIVR_DRIVER|Add port info. TotalCnt:101, PortKey:00010100, Port:1100, TESystemID:1, ChannelNo:100
14:58:33.432228[44m|INF|[0mIVR_DRIVER|Add port info. TotalCnt:102, PortKey:00010101, Port:1101, TESystemID:1, ChannelNo:101
14:58:33.432248[44m|INF|[0mIVR_DRIVER|Add port info. TotalCnt:103, PortKey:00010102, Port:1102, TESystemID:1, ChannelNo:102
14:58:33.432267[44m|INF|[0mIVR_DRIVER|Add port info. TotalCnt:104, PortKey:00010103, Port:1103, TESystemID:1, ChannelNo:103
14:58:33.432325[44m|INF|[0mIVR_DRIVER|Add port info. TotalCnt:105, PortKey:00010104, Port:1104, TESystemID:1, ChannelNo:104
14:58:33.432348[44m|INF|[0mIVR_DRIVER|Add port info. TotalCnt:106, PortKey:00010105, Port:1105, TESystemID:1, ChannelNo:105
14:58:33.432366[44m|INF|[0mIVR_DRIVER|Add port info. TotalCnt:107, PortKey:00010106, Port:1106, TESystemID:1, ChannelNo:106
14:58:33.432389[44m|INF|[0mIVR_DRIVER|Add port info. TotalCnt:108, PortKey:00010107, Port:1107, TESystemID:1, ChannelNo:107
14:58:33.432408[44m|INF|[0mIVR_DRIVER|Add port info. TotalCnt:109, PortKey:00010108, Port:1108, TESystemID:1, ChannelNo:108
14:58:33.432428[44m|INF|[0mIVR_DRIVER|Add port info. TotalCnt:110, PortKey:00010109, Port:1109, TESystemID:1, ChannelNo:109
14:58:33.432451[44m|INF|[0mIVR_DRIVER|Add port info. TotalCnt:111, PortKey:00010110, Port:1110, TESystemID:1, ChannelNo:110
14:58:33.432470[44m|INF|[0mIVR_DRIVER|Add port info. TotalCnt:112, PortKey:00010111, Port:1111, TESystemID:1, ChannelNo:111
14:58:33.432488[44m|INF|[0mIVR_DRIVER|Add port info. TotalCnt:113, PortKey:00010112, Port:1112, TESystemID:1, ChannelNo:112
14:58:33.432506[44m|INF|[0mIVR_DRIVER|Add port info. TotalCnt:114, PortKey:00010113, Port:1113, TESystemID:1, ChannelNo:113
14:58:33.432528[44m|INF|[0mIVR_DRIVER|Add port info. TotalCnt:115, PortKey:00010114, Port:1114, TESystemID:1, ChannelNo:114
14:58:33.432548[44m|INF|[0mIVR_DRIVER|Add port info. TotalCnt:116, PortKey:00010115, Port:1115, TESystemID:1, ChannelNo:115
14:58:33.432574[44m|INF|[0mIVR_DRIVER|Add port info. TotalCnt:117, PortKey:00010116, Port:1116, TESystemID:1, ChannelNo:116
14:58:33.432597[44m|INF|[0mIVR_DRIVER|Add port info. TotalCnt:118, PortKey:00010117, Port:1117, TESystemID:1, ChannelNo:117
14:58:33.432616[44m|INF|[0mIVR_DRIVER|Add port info. TotalCnt:119, PortKey:00010118, Port:1118, TESystemID:1, ChannelNo:118
14:58:33.432635[44m|INF|[0mIVR_DRIVER|Add port info. TotalCnt:120, PortKey:00010119, Port:1119, TESystemID:1, ChannelNo:119
14:58:33.433167[44m|INF|[0mIVR_DRIVER|cba.idrv.1001 ilInitiate success !!
14:58:33.434127[44m|INF|[0mIVR_DRIVER|CALLBACK_LoginReq|DriverName:IVR1, Command:LoginReq, CallId:100000001, Version:4.0, ClientName:IVR1, ReportStatus:true, ServerMonitor:set
14:58:33.435372[44m|INF|[0mIVR_DRIVER|CALLBACK_LoginResp|DriverName:IVR1, Command:LoginResp, CallId:100000001, IServerVersion:8.5, Result:Success, ConfigOptions:, Status:OK
14:58:34.430354[44m|INF|[0mCBSessionManager|Add CBSession success. name:CB_SESSION7, ip:100.100.105.105, port:40641 
14:58:34.430419[44m|INF|[0mCBSessionListener|Server accept socket !!. session_count:1, name:CB_SESSION7, ip:100.100.105.105, port:40641
14:58:34.431628[41m|WRN|[0mCB_SESSION7|command:10000
14:58:34.431679[33m|LV2|[0mCB_SESSION7|RECEIVE|000154|0015400010312003120010000000071                                         GENE            10000               xcbRegister                                 
14:58:34.431812[33m|LV2|[0mCB_SESSION7|SEND   |000154|0015400312001000103120000000071                                         GENE            10001               xcbRegister                                 
14:58:34.431841[44m|INF|[0mCB_SESSION7|HandleRegister success.
14:58:42.343529[41m|WRN|[0mCB_SESSION7|command:12000
14:58:42.343604[44m|INF|[0mCB_SESSION7|CB >>> CBA|100.100.105.105:40641|000239|00239000103120031200101150000817724AABD-070F-47F3-AA75-5B5E949D3D7E0000
14:58:42.343740[44m|INF|[0mCB_SESSION7|HandleReqData|Request data queue push success.
14:58:42.344118[44m|INF|[0mIVR_DRIVER|Request data queue success.
