
>>>>>>>>>>>>>>>>>>>>>>>>>>>>>>>>>>>>>>>>>>>>>>>>>>>>>>>>>>>>>>>>>>>>>>>>
>> cba.idr pid(24161) Logging Start
>>>>>>>>>>>>>>>>>>>>>>>>>>>>>>>>>>>>>>>>>>>>>>>>>>>>>>>>>>>>>>>>>>>>>>>>

16:20:09.023296[44m|INF|[0m>>>>>>>>>>>>>>>>>>>>>>>>>>>>>>>>>>>>>>>>>>>>>>>>>>>>>>>>>>>>>>>>>>>>>>>>>>>>
16:20:09.023303[44m|INF|[0mIVRDriver Initialize success.
16:20:09.023308[44m|INF|[0mOwnerName     : CBA.ISVR
16:20:09.023313[44m|INF|[0mOwnerId       : 1001
16:20:09.023318[44m|INF|[0mSvcAppName    : IVR5
16:20:09.023326[44m|INF|[0mSvcDriverName : IVR1
16:20:09.023330[44m|INF|[0mRemoteIp      : 127.0.0.1
16:20:09.023335[44m|INF|[0mRemotePort    : 35001
16:20:09.023339[44m|INF|[0mLogPath       : ../log/cba.idrv/
16:20:09.023344[44m|INF|[0mLogLinkPath   : ../log/
16:20:09.023348[44m|INF|[0mLogLevel      : 3
16:20:09.023352[44m|INF|[0m>>>>>>>>>>>>>>>>>>>>>>>>>>>>>>>>>>>>>>>>>>>>>>>>>>>>>>>>>>>>>>>>>>>>>>>>>>>>
16:20:09.023357[44m|INF|[0m

16:20:09.023514[44m|INF|[0mConnection success. remote_ip:127.0.0.1, remote_port:35001
16:20:09.023833[44m|INF|[0mReqId:100000001|Command:LoginReq|Version:4.0|ClientName:IVR1|ReportStatus:true|ServerMonitor:set
16:20:09.023850[33m|LV2|[0mReqId:100000001|Command:LoginReq|XmlData:<?xml version="1.0" encoding="utf-8"?>
<!DOCTYPE GctiMsg SYSTEM "IServer.dtd">
<GctiMsg><CallId>100000001</CallId><LoginReq Version="4.0" ClientName="IVR1" ReportStatus="true" ServerMonitor="set"/></GctiMsg>

16:20:09.023880[34m|LV1|[0mSEND   |127.0.0.1:35001|208|<?xml version="1.0" encoding="utf-8"?>
<!DOCTYPE GctiMsg SYSTEM "IServer.dtd">
<GctiMsg><CallId>100000001</CallId><LoginReq Version="4.0" ClientName="IVR1" ReportStatus="true" ServerMonitor="set"/></GctiMsg>

16:20:09.024929[34m|LV1|[0mRECEIVE|127.0.0.1:35001|<?xml version="1.0" encoding="utf-8"?>
<!DOCTYPE GctiMsg SYSTEM "IServer.dtd">
<GctiMsg><CallId>100000001</CallId><LoginResp IServerVersion="8.5" Result="Success" ConfigOptions="" Status="OK"/></GctiMsg>

16:20:09.025171[44m|INF|[0mReqId:100000001|Command:LoginResp|IServerVersion:8.5|Result:Success|ConfigOptions:|Status:OK
16:20:09.025198[33m|LV2|[0mReqId:100000001|Command:LoginResp|XmlData:<?xml version="1.0" encoding="utf-8"?>
<!DOCTYPE GctiMsg SYSTEM "IServer.dtd">
<GctiMsg><CallId>100000001</CallId><LoginResp IServerVersion="8.5" Result="Success" ConfigOptions="" Status="OK"/></GctiMsg>

16:20:23.130144[44m|INF|[0mReqId:1254BA80-53AB-4214-91AD-32EE609062BA0000|Command:NewCall|CalledNum:1000|CallControlMode:Network|Version:3.0|ANIRestriction:CLIP|DNIS:4200|ANI:234|UDataEx:UserExtensionInfo-icNewCall|ExtnsEx:
16:20:23.130182[33m|LV2|[0mReqId:1254BA80-53AB-4214-91AD-32EE609062BA0000|Command:NewCall|XmlData:<?xml version="1.0" encoding="utf-8"?>
<!DOCTYPE GctiMsg SYSTEM "IServer.dtd">
<GctiMsg><CallId>1254BA80-53AB-4214-91AD-32EE609062BA0000</CallId><NewCall CallControlMode="Network" Version="3.0"><CalledNum>1000</CalledNum><DNIS>4200</DNIS><ANI>234</ANI><UDataEx>UserExtensionInfo-icNewCall</UDataEx></NewCall></GctiMsg>

16:20:23.130228[34m|LV1|[0mSEND   |127.0.0.1:35001|319|<?xml version="1.0" encoding="utf-8"?>
<!DOCTYPE GctiMsg SYSTEM "IServer.dtd">
<GctiMsg><CallId>1254BA80-53AB-4214-91AD-32EE609062BA0000</CallId><NewCall CallControlMode="Network" Version="3.0"><CalledNum>1000</CalledNum><DNIS>4200</DNIS><ANI>234</ANI><UDataEx>UserExtensionInfo-icNewCall</UDataEx></NewCall></GctiMsg>

16:20:23.131602[34m|LV1|[0mRECEIVE|127.0.0.1:35001|<?xml version="1.0" encoding="utf-8"?>
<!DOCTYPE GctiMsg SYSTEM "IServer.dtd">
<GctiMsg><CallId>1254BA80-53AB-4214-91AD-32EE609062BA0000</CallId><CallStatus Event="Ringing"/></GctiMsg>

16:20:23.131770[44m|INF|[0mReqId:1254BA80-53AB-4214-91AD-32EE609062BA0000|Command:CallStatus|CallStatus:Ringing
16:20:23.131796[33m|LV2|[0mReqId:1254BA80-53AB-4214-91AD-32EE609062BA0000|Command:CallStatus|XmlData:<?xml version="1.0" encoding="utf-8"?>
<!DOCTYPE GctiMsg SYSTEM "IServer.dtd">
<GctiMsg><CallId>1254BA80-53AB-4214-91AD-32EE609062BA0000</CallId><CallStatus Event="Ringing"/></GctiMsg>

16:20:23.231982[34m|LV1|[0mRECEIVE|127.0.0.1:35001|<?xml version="1.0" encoding="utf-8"?>
<!DOCTYPE GctiMsg SYSTEM "IServer.dtd">
<GctiMsg><CallId>1254BA80-53AB-4214-91AD-32EE609062BA0000</CallId><CallStatus Event="Established"/></GctiMsg>

16:20:23.232181[44m|INF|[0mReqId:1254BA80-53AB-4214-91AD-32EE609062BA0000|Command:CallStatus|CallStatus:Established
16:20:23.232208[33m|LV2|[0mReqId:1254BA80-53AB-4214-91AD-32EE609062BA0000|Command:CallStatus|XmlData:<?xml version="1.0" encoding="utf-8"?>
<!DOCTYPE GctiMsg SYSTEM "IServer.dtd">
<GctiMsg><CallId>1254BA80-53AB-4214-91AD-32EE609062BA0000</CallId><CallStatus Event="Established"/></GctiMsg>

16:20:35.168715[44m|INF|[0mReqId:1254BA80-53AB-4214-91AD-32EE609062BA0000|Command:NewCall|CalledNum:1000|CallControlMode:Network|Version:3.0|ANIRestriction:CLIP|DNIS:4200|ANI:234|UDataEx:UserExtensionInfo-icNewCall|ExtnsEx:
16:20:35.168753[33m|LV2|[0mReqId:1254BA80-53AB-4214-91AD-32EE609062BA0000|Command:NewCall|XmlData:<?xml version="1.0" encoding="utf-8"?>
<!DOCTYPE GctiMsg SYSTEM "IServer.dtd">
<GctiMsg><CallId>1254BA80-53AB-4214-91AD-32EE609062BA0000</CallId><NewCall CallControlMode="Network" Version="3.0"><CalledNum>1000</CalledNum><DNIS>4200</DNIS><ANI>234</ANI><UDataEx>UserExtensionInfo-icNewCall</UDataEx></NewCall></GctiMsg>

16:20:35.168807[34m|LV1|[0mSEND   |127.0.0.1:35001|319|<?xml version="1.0" encoding="utf-8"?>
<!DOCTYPE GctiMsg SYSTEM "IServer.dtd">
<GctiMsg><CallId>1254BA80-53AB-4214-91AD-32EE609062BA0000</CallId><NewCall CallControlMode="Network" Version="3.0"><CalledNum>1000</CalledNum><DNIS>4200</DNIS><ANI>234</ANI><UDataEx>UserExtensionInfo-icNewCall</UDataEx></NewCall></GctiMsg>

16:20:35.169147[34m|LV1|[0mRECEIVE|127.0.0.1:35001|<?xml version="1.0" encoding="utf-8"?>
<!DOCTYPE GctiMsg SYSTEM "IServer.dtd">
<GctiMsg><CallId>1254BA80-53AB-4214-91AD-32EE609062BA0000</CallId><CallStatus Event="Ringing"/></GctiMsg>

16:20:35.169319[44m|INF|[0mReqId:1254BA80-53AB-4214-91AD-32EE609062BA0000|Command:CallStatus|CallStatus:Ringing
16:20:35.169350[33m|LV2|[0mReqId:1254BA80-53AB-4214-91AD-32EE609062BA0000|Command:CallStatus|XmlData:<?xml version="1.0" encoding="utf-8"?>
<!DOCTYPE GctiMsg SYSTEM "IServer.dtd">
<GctiMsg><CallId>1254BA80-53AB-4214-91AD-32EE609062BA0000</CallId><CallStatus Event="Ringing"/></GctiMsg>

16:20:35.269452[34m|LV1|[0mRECEIVE|127.0.0.1:35001|<?xml version="1.0" encoding="utf-8"?>
<!DOCTYPE GctiMsg SYSTEM "IServer.dtd">
<GctiMsg><CallId>1254BA80-53AB-4214-91AD-32EE609062BA0000</CallId><CallStatus Event="Established"/></GctiMsg>

16:20:35.269661[44m|INF|[0mReqId:1254BA80-53AB-4214-91AD-32EE609062BA0000|Command:CallStatus|CallStatus:Established
16:20:35.269695[33m|LV2|[0mReqId:1254BA80-53AB-4214-91AD-32EE609062BA0000|Command:CallStatus|XmlData:<?xml version="1.0" encoding="utf-8"?>
<!DOCTYPE GctiMsg SYSTEM "IServer.dtd">
<GctiMsg><CallId>1254BA80-53AB-4214-91AD-32EE609062BA0000</CallId><CallStatus Event="Established"/></GctiMsg>

