
>>>>>>>>>>>>>>>>>>>>>>>>>>>>>>>>>>>>>>>>>>>>>>>>>>>>>>>>>>>>>>>>>>>>>>>>
>> cba.idr pid(28736) Logging Start
>>>>>>>>>>>>>>>>>>>>>>>>>>>>>>>>>>>>>>>>>>>>>>>>>>>>>>>>>>>>>>>>>>>>>>>>

15:02:39.805421[44m|INF|[0m>>>>>>>>>>>>>>>>>>>>>>>>>>>>>>>>>>>>>>>>>>>>>>>>>>>>>>>>>>>>>>>>>>>>>>>>>>>>
15:02:39.805428[44m|INF|[0mIVRDriver Initialize success.
15:02:39.805432[44m|INF|[0mOwnerName     : CBA.ISVR
15:02:39.805436[44m|INF|[0mOwnerId       : 1001
15:02:39.805441[44m|INF|[0mSvcAppName    : IVR5
15:02:39.805445[44m|INF|[0mSvcDriverName : IVR1
15:02:39.805449[44m|INF|[0mRemoteIp      : 127.0.0.1
15:02:39.805454[44m|INF|[0mRemotePort    : 35001
15:02:39.805458[44m|INF|[0mLogPath       : ../log/cba.idrv/
15:02:39.805462[44m|INF|[0mLogLinkPath   : ../log/
15:02:39.805467[44m|INF|[0mLogLevel      : 3
15:02:39.805471[44m|INF|[0m>>>>>>>>>>>>>>>>>>>>>>>>>>>>>>>>>>>>>>>>>>>>>>>>>>>>>>>>>>>>>>>>>>>>>>>>>>>>
15:02:39.805475[44m|INF|[0m

15:02:39.805666[44m|INF|[0mConnection success. remote_ip:127.0.0.1, remote_port:35001
15:02:39.806117[44m|INF|[0mReqId:100000001|Command:LoginReq|Version:4.0|ClientName:IVR1|ReportStatus:true|ServerMonitor:set
15:02:39.806147[33m|LV2|[0mReqId:100000001|Command:LoginReq|XmlData:<?xml version="1.0" encoding="utf-8"?>
<!DOCTYPE GctiMsg SYSTEM "IServer.dtd">
<GctiMsg><CallId>100000001</CallId><LoginReq Version="4.0" ClientName="IVR1" ReportStatus="true" ServerMonitor="set"/></GctiMsg>

15:02:39.806203[34m|LV1|[0mSEND   |127.0.0.1:35001|208|<?xml version="1.0" encoding="utf-8"?>
<!DOCTYPE GctiMsg SYSTEM "IServer.dtd">
<GctiMsg><CallId>100000001</CallId><LoginReq Version="4.0" ClientName="IVR1" ReportStatus="true" ServerMonitor="set"/></GctiMsg>

15:02:39.807092[34m|LV1|[0mRECEIVE|127.0.0.1:35001|<?xml version="1.0" encoding="utf-8"?>
<!DOCTYPE GctiMsg SYSTEM "IServer.dtd">
<GctiMsg><CallId>100000001</CallId><LoginResp IServerVersion="8.5" Result="Success" ConfigOptions="" Status="OK"/></GctiMsg>

15:02:39.807320[44m|INF|[0mReqId:100000001|Command:LoginResp|IServerVersion:8.5|Result:Success|ConfigOptions:|Status:OK
15:02:39.807347[33m|LV2|[0mReqId:100000001|Command:LoginResp|XmlData:<?xml version="1.0" encoding="utf-8"?>
<!DOCTYPE GctiMsg SYSTEM "IServer.dtd">
<GctiMsg><CallId>100000001</CallId><LoginResp IServerVersion="8.5" Result="Success" ConfigOptions="" Status="OK"/></GctiMsg>

15:02:48.656288[44m|INF|[0mReqId:A2C99CF8-B255-44AC-AAF6-B7D3CA29CA380000|Command:NewCall|CalledNum:1000|CallControlMode:Network|Version:4.0|DNIS:*6500|ANI:4022|UDataEx:|ExtnsEx:
15:02:48.656305[33m|LV2|[0mReqId:A2C99CF8-B255-44AC-AAF6-B7D3CA29CA380000|Command:NewCall|XmlData:<?xml version="1.0" encoding="utf-8"?>
<!DOCTYPE GctiMsg SYSTEM "IServer.dtd">
<GctiMsg><CallId>A2C99CF8-B255-44AC-AAF6-B7D3CA29CA380000</CallId><NewCall CallControlMode="Network" Version="4.0"><CalledNum>1000</CalledNum><DNIS>*6500</DNIS><ANI>4022</ANI></NewCall></GctiMsg>

15:02:48.656341[34m|LV1|[0mSEND   |127.0.0.1:35001|275|<?xml version="1.0" encoding="utf-8"?>
<!DOCTYPE GctiMsg SYSTEM "IServer.dtd">
<GctiMsg><CallId>A2C99CF8-B255-44AC-AAF6-B7D3CA29CA380000</CallId><NewCall CallControlMode="Network" Version="4.0"><CalledNum>1000</CalledNum><DNIS>*6500</DNIS><ANI>4022</ANI></NewCall></GctiMsg>

15:02:48.656534[34m|LV1|[0mRECEIVE|127.0.0.1:35001|<?xml version="1.0" encoding="utf-8"?>
<!DOCTYPE GctiMsg SYSTEM "IServer.dtd">
<GctiMsg><CallId>A2C99CF8-B255-44AC-AAF6-B7D3CA29CA380000</CallId><CallStatus Event="Ringing"/></GctiMsg>

15:02:48.656643[44m|INF|[0mReqId:A2C99CF8-B255-44AC-AAF6-B7D3CA29CA380000|Command:CallStatus|CallStatus:Ringing
15:02:48.656667[33m|LV2|[0mReqId:A2C99CF8-B255-44AC-AAF6-B7D3CA29CA380000|Command:CallStatus|XmlData:<?xml version="1.0" encoding="utf-8"?>
<!DOCTYPE GctiMsg SYSTEM "IServer.dtd">
<GctiMsg><CallId>A2C99CF8-B255-44AC-AAF6-B7D3CA29CA380000</CallId><CallStatus Event="Ringing"/></GctiMsg>

15:02:48.756882[34m|LV1|[0mRECEIVE|127.0.0.1:35001|<?xml version="1.0" encoding="utf-8"?>
<!DOCTYPE GctiMsg SYSTEM "IServer.dtd">
<GctiMsg><CallId>A2C99CF8-B255-44AC-AAF6-B7D3CA29CA380000</CallId><CallStatus Event="Established"/></GctiMsg>

15:02:48.757044[44m|INF|[0mReqId:A2C99CF8-B255-44AC-AAF6-B7D3CA29CA380000|Command:CallStatus|CallStatus:Established
15:02:48.757057[33m|LV2|[0mReqId:A2C99CF8-B255-44AC-AAF6-B7D3CA29CA380000|Command:CallStatus|XmlData:<?xml version="1.0" encoding="utf-8"?>
<!DOCTYPE GctiMsg SYSTEM "IServer.dtd">
<GctiMsg><CallId>A2C99CF8-B255-44AC-AAF6-B7D3CA29CA380000</CallId><CallStatus Event="Established"/></GctiMsg>

15:02:55.697303[44m|INF|[0mReqId:A2C99CF8-B255-44AC-AAF6-B7D3CA29CA380000|Command:CallInfoReq
15:02:55.697334[33m|LV2|[0mReqId:A2C99CF8-B255-44AC-AAF6-B7D3CA29CA380000|Command:CallInfoReq|XmlData:<?xml version="1.0" encoding="utf-8"?>
<!DOCTYPE GctiMsg SYSTEM "IServer.dtd">
<GctiMsg><CallId>A2C99CF8-B255-44AC-AAF6-B7D3CA29CA380000</CallId><CallInfoReq></CallInfoReq></GctiMsg>

15:02:55.697382[34m|LV1|[0mSEND   |127.0.0.1:35001|183|<?xml version="1.0" encoding="utf-8"?>
<!DOCTYPE GctiMsg SYSTEM "IServer.dtd">
<GctiMsg><CallId>A2C99CF8-B255-44AC-AAF6-B7D3CA29CA380000</CallId><CallInfoReq></CallInfoReq></GctiMsg>

15:02:55.697784[34m|LV1|[0mRECEIVE|127.0.0.1:35001|<?xml version="1.0" encoding="utf-8"?>
<!DOCTYPE GctiMsg SYSTEM "IServer.dtd">
<GctiMsg><CallId>A2C99CF8-B255-44AC-AAF6-B7D3CA29CA380000</CallId><CallInfoResp ANI="1111111111" DNIS="2222222222" CalledNum="3333333333" ConnId="4444444444" FirstHomeLocation="5555555555" LastEvent="6666666666" OtherDN="7777777777" OtherQueue="8888888888" OtherTrunk="9999999999" PortDN="aaaaaaaaaa" PortQueue="bbbbbbbbbb" PortTrunk="cccccccccc" ThirdPartyDN="dddddddddd" TSCallId="eeeeeeeeee"/></GctiMsg>

15:02:55.698466[44m|INF|[0mReqId:A2C99CF8-B255-44AC-AAF6-B7D3CA29CA380000|Command:CallInfoResp|ANI:1111111111|DNIS:2222222222|CalledNum:3333333333|ConnId:4444444444|FirstHomeLocation:5555555555|LastEvent:6666666666|OtherDN:7777777777|OtherQueue:8888888888|OtherTrunk:9999999999|PortDN:aaaaaaaaaa|PortQueue:bbbbbbbbbb|PortTrunk:cccccccccc|ThirdPartyDN:dddddddddd|TSCallId:eeeeeeeeee
15:02:55.698497[33m|LV2|[0mReqId:A2C99CF8-B255-44AC-AAF6-B7D3CA29CA380000|Command:CallInfoResp|XmlData:<?xml version="1.0" encoding="utf-8"?>
<!DOCTYPE GctiMsg SYSTEM "IServer.dtd">
<GctiMsg><CallId>A2C99CF8-B255-44AC-AAF6-B7D3CA29CA380000</CallId><CallInfoResp ANI="1111111111" DNIS="2222222222" CalledNum="3333333333" ConnId="4444444444" FirstHomeLocation="5555555555" LastEvent="6666666666" OtherDN="7777777777" OtherQueue="8888888888" OtherTrunk="9999999999" PortDN="aaaaaaaaaa" PortQueue="bbbbbbbbbb" PortTrunk="cccccccccc" ThirdPartyDN="dddddddddd" TSCallId="eeeeeeeeee"/></GctiMsg>

15:03:02.758959[44m|INF|[0mReqId:A2C99CF8-B255-44AC-AAF6-B7D3CA29CA380000|Command:UDataGet|Keys:UEI
15:03:02.758996[33m|LV2|[0mReqId:A2C99CF8-B255-44AC-AAF6-B7D3CA29CA380000|Command:UDataGet|XmlData:<?xml version="1.0" encoding="utf-8"?>
<!DOCTYPE GctiMsg SYSTEM "IServer.dtd">
<GctiMsg><CallId>A2C99CF8-B255-44AC-AAF6-B7D3CA29CA380000</CallId><UDataGet Keys="UEI"><RequestId>100000002</RequestId></UDataGet></GctiMsg>

15:03:02.759040[34m|LV1|[0mSEND   |127.0.0.1:35001|220|<?xml version="1.0" encoding="utf-8"?>
<!DOCTYPE GctiMsg SYSTEM "IServer.dtd">
<GctiMsg><CallId>A2C99CF8-B255-44AC-AAF6-B7D3CA29CA380000</CallId><UDataGet Keys="UEI"><RequestId>100000002</RequestId></UDataGet></GctiMsg>

15:03:02.759524[34m|LV1|[0mRECEIVE|127.0.0.1:35001|<?xml version="1.0" encoding="utf-8"?>
<!DOCTYPE GctiMsg SYSTEM "IServer.dtd">
<GctiMsg><CallId>A2C99CF8-B255-44AC-AAF6-B7D3CA29CA380000</CallId><UDataResp><RequestId>UEI</RequestId><Result>Success</Result><UDataEx><Node Name="eee" Type="Str" Val="555"/><Node Name="fff" Type="Str" Val="6666"/><Node Name="ggg" Type="Str" Val="77777"/><Node Name="hhh" Type="Str" Val="88888888"/></UDataEx></UDataResp></GctiMsg>

15:03:02.759892[44m|INF|[0mReqId:A2C99CF8-B255-44AC-AAF6-B7D3CA29CA380000|Command:UDataResp|RequestId:UEI|Result:Success|UDataEx:|eee=555|fff=6666|ggg=77777|hhh=88888888|
15:03:02.759922[33m|LV2|[0mReqId:A2C99CF8-B255-44AC-AAF6-B7D3CA29CA380000|Command:UDataResp|XmlData:<?xml version="1.0" encoding="utf-8"?>
<!DOCTYPE GctiMsg SYSTEM "IServer.dtd">
<GctiMsg><CallId>A2C99CF8-B255-44AC-AAF6-B7D3CA29CA380000</CallId><UDataResp><RequestId>UEI</RequestId><Result>Success</Result><UDataEx><Node Name="eee" Type="Str" Val="555"/><Node Name="fff" Type="Str" Val="6666"/><Node Name="ggg" Type="Str" Val="77777"/><Node Name="hhh" Type="Str" Val="88888888"/></UDataEx></UDataResp></GctiMsg>

15:03:49.607325[44m|INF|[0mReqId:A2C99CF8-B255-44AC-AAF6-B7D3CA29CA380000|Command:OneStepXfer|szDestDN:|szUDataEx:|szExtnsEx:
15:03:49.607360[33m|LV2|[0mReqId:A2C99CF8-B255-44AC-AAF6-B7D3CA29CA380000|Command:OneStepXfer|XmlData:<?xml version="1.0" encoding="utf-8"?>
<!DOCTYPE GctiMsg SYSTEM "IServer.dtd">
<GctiMsg><CallId>A2C99CF8-B255-44AC-AAF6-B7D3CA29CA380000</CallId><OneStepXfer DestDN=""/></GctiMsg>

15:03:49.607408[34m|LV1|[0mSEND   |127.0.0.1:35001|180|<?xml version="1.0" encoding="utf-8"?>
<!DOCTYPE GctiMsg SYSTEM "IServer.dtd">
<GctiMsg><CallId>A2C99CF8-B255-44AC-AAF6-B7D3CA29CA380000</CallId><OneStepXfer DestDN=""/></GctiMsg>

15:03:49.607728[34m|LV1|[0mRECEIVE|127.0.0.1:35001|<?xml version="1.0" encoding="utf-8"?>
<!DOCTYPE GctiMsg SYSTEM "IServer.dtd">
<GctiMsg><CallId>A2C99CF8-B255-44AC-AAF6-B7D3CA29CA380000</CallId><CallStatus Event="XferComplete"/></GctiMsg>

15:03:49.607881[44m|INF|[0mReqId:A2C99CF8-B255-44AC-AAF6-B7D3CA29CA380000|Command:CallStatus|CallStatus:XferComplete
15:03:49.607909[33m|LV2|[0mReqId:A2C99CF8-B255-44AC-AAF6-B7D3CA29CA380000|Command:CallStatus|XmlData:<?xml version="1.0" encoding="utf-8"?>
<!DOCTYPE GctiMsg SYSTEM "IServer.dtd">
<GctiMsg><CallId>A2C99CF8-B255-44AC-AAF6-B7D3CA29CA380000</CallId><CallStatus Event="XferComplete"/></GctiMsg>

