
>>>>>>>>>>>>>>>>>>>>>>>>>>>>>>>>>>>>>>>>>>>>>>>>>>>>>>>>>>>>>>>>>>>>>>>>
>> cba.idr pid(15628) Logging Start
>>>>>>>>>>>>>>>>>>>>>>>>>>>>>>>>>>>>>>>>>>>>>>>>>>>>>>>>>>>>>>>>>>>>>>>>

13:33:50.173039[44m|INF|[0m>>>>>>>>>>>>>>>>>>>>>>>>>>>>>>>>>>>>>>>>>>>>>>>>>>>>>>>>>>>>>>>>>>>>>>>>>>>>
13:33:50.173056[44m|INF|[0mIVRDriver Initialize success.
13:33:50.173068[44m|INF|[0mOwnerName     : CBA.ISVR
13:33:50.173079[44m|INF|[0mOwnerId       : 1001
13:33:50.173091[44m|INF|[0mSvcAppName    : IVR5
13:33:50.173102[44m|INF|[0mSvcDriverName : IVR1
13:33:50.173113[44m|INF|[0mRemoteIp      : 127.0.0.1
13:33:50.173125[44m|INF|[0mRemotePort    : 35001
13:33:50.173136[44m|INF|[0mLogPath       : ../log/cba.idrv/
13:33:50.173147[44m|INF|[0mLogLinkPath   : ../log/
13:33:50.173159[44m|INF|[0mLogLevel      : 3
13:33:50.173170[44m|INF|[0m>>>>>>>>>>>>>>>>>>>>>>>>>>>>>>>>>>>>>>>>>>>>>>>>>>>>>>>>>>>>>>>>>>>>>>>>>>>>
13:33:50.173182[44m|INF|[0m

13:33:50.173404[44m|INF|[0mConnection success. remote_ip:127.0.0.1, remote_port:35001
13:33:50.174004[44m|INF|[0mReqId:100000001|Command:LoginReq|Version:4.0|ClientName:IVR1|ReportStatus:true|ServerMonitor:set
13:33:50.174039[33m|LV2|[0mReqId:100000001|Command:LoginReq|XmlData:<?xml version="1.0" encoding="utf-8"?>
<!DOCTYPE GctiMsg SYSTEM "IServer.dtd">
<GctiMsg><CallId>100000001</CallId><LoginReq Version="4.0" ClientName="IVR1" ReportStatus="true" ServerMonitor="set"/></GctiMsg>

13:33:50.174102[34m|LV1|[0mSEND   |127.0.0.1:35001|208|<?xml version="1.0" encoding="utf-8"?>
<!DOCTYPE GctiMsg SYSTEM "IServer.dtd">
<GctiMsg><CallId>100000001</CallId><LoginReq Version="4.0" ClientName="IVR1" ReportStatus="true" ServerMonitor="set"/></GctiMsg>

13:33:50.174996[34m|LV1|[0mRECEIVE|127.0.0.1:35001|<?xml version="1.0" encoding="utf-8"?>
<!DOCTYPE GctiMsg SYSTEM "IServer.dtd">
<GctiMsg><CallId>100000001</CallId><LoginResp IServerVersion="8.5" Result="Success" ConfigOptions="" Status="OK"/></GctiMsg>

13:33:50.175249[44m|INF|[0mReqId:100000001|Command:LoginResp|IServerVersion:8.5|Result:Success|ConfigOptions:|Status:OK
13:33:50.175275[33m|LV2|[0mReqId:100000001|Command:LoginResp|XmlData:<?xml version="1.0" encoding="utf-8"?>
<!DOCTYPE GctiMsg SYSTEM "IServer.dtd">
<GctiMsg><CallId>100000001</CallId><LoginResp IServerVersion="8.5" Result="Success" ConfigOptions="" Status="OK"/></GctiMsg>

13:34:05.422403[44m|INF|[0mReqId:1254BA80-53AB-4214-91AD-32EE609062BA0000|Command:NewCall|CalledNum:1000|CallControlMode:Network|Version:4.0|DNIS:4200|ANI:234|UDataEx:aaa=111|bbb=222|ccc=333|ddd=444|ExtnsEx:
13:34:05.422436[33m|LV2|[0mReqId:1254BA80-53AB-4214-91AD-32EE609062BA0000|Command:NewCall|XmlData:<?xml version="1.0" encoding="utf-8"?>
<!DOCTYPE GctiMsg SYSTEM "IServer.dtd">
<GctiMsg><CallId>1254BA80-53AB-4214-91AD-32EE609062BA0000</CallId><NewCall CallControlMode="Network" Version="4.0"><CalledNum>1000</CalledNum><DNIS>4200</DNIS><ANI>234</ANI><UDataEx><Node Name="ddd" Type="Str" Val="444"/></UDataEx></NewCall></GctiMsg>

13:34:05.422492[34m|LV1|[0mSEND   |127.0.0.1:35001|331|<?xml version="1.0" encoding="utf-8"?>
<!DOCTYPE GctiMsg SYSTEM "IServer.dtd">
<GctiMsg><CallId>1254BA80-53AB-4214-91AD-32EE609062BA0000</CallId><NewCall CallControlMode="Network" Version="4.0"><CalledNum>1000</CalledNum><DNIS>4200</DNIS><ANI>234</ANI><UDataEx><Node Name="ddd" Type="Str" Val="444"/></UDataEx></NewCall></GctiMsg>

13:34:05.422927[34m|LV1|[0mRECEIVE|127.0.0.1:35001|<?xml version="1.0" encoding="utf-8"?>
<!DOCTYPE GctiMsg SYSTEM "IServer.dtd">
<GctiMsg><CallId>1254BA80-53AB-4214-91AD-32EE609062BA0000</CallId><CallStatus Event="Ringing"/></GctiMsg>

13:34:05.423140[44m|INF|[0mReqId:1254BA80-53AB-4214-91AD-32EE609062BA0000|Command:CallStatus|CallStatus:Ringing
13:34:05.423167[33m|LV2|[0mReqId:1254BA80-53AB-4214-91AD-32EE609062BA0000|Command:CallStatus|XmlData:<?xml version="1.0" encoding="utf-8"?>
<!DOCTYPE GctiMsg SYSTEM "IServer.dtd">
<GctiMsg><CallId>1254BA80-53AB-4214-91AD-32EE609062BA0000</CallId><CallStatus Event="Ringing"/></GctiMsg>

13:34:05.523259[34m|LV1|[0mRECEIVE|127.0.0.1:35001|<?xml version="1.0" encoding="utf-8"?>
<!DOCTYPE GctiMsg SYSTEM "IServer.dtd">
<GctiMsg><CallId>1254BA80-53AB-4214-91AD-32EE609062BA0000</CallId><CallStatus Event="Established"/></GctiMsg>

13:34:05.523480[44m|INF|[0mReqId:1254BA80-53AB-4214-91AD-32EE609062BA0000|Command:CallStatus|CallStatus:Established
13:34:05.523512[33m|LV2|[0mReqId:1254BA80-53AB-4214-91AD-32EE609062BA0000|Command:CallStatus|XmlData:<?xml version="1.0" encoding="utf-8"?>
<!DOCTYPE GctiMsg SYSTEM "IServer.dtd">
<GctiMsg><CallId>1254BA80-53AB-4214-91AD-32EE609062BA0000</CallId><CallStatus Event="Established"/></GctiMsg>

13:37:06.002262[44m|INF|[0mReqId:1254BA80-53AB-4214-91AD-32EE609062BA0000|Command:NewCall|CalledNum:1000|CallControlMode:Network|Version:4.0|DNIS:4200|ANI:234|UDataEx:aaa=111|bbb=222|ccc=333|ddd=444|ExtnsEx:
13:37:06.002307[33m|LV2|[0mReqId:1254BA80-53AB-4214-91AD-32EE609062BA0000|Command:NewCall|XmlData:<?xml version="1.0" encoding="utf-8"?>
<!DOCTYPE GctiMsg SYSTEM "IServer.dtd">
<GctiMsg><CallId>1254BA80-53AB-4214-91AD-32EE609062BA0000</CallId><NewCall CallControlMode="Network" Version="4.0"><CalledNum>1000</CalledNum><DNIS>4200</DNIS><ANI>234</ANI><UDataEx><Node Name="ddd" Type="Str" Val="444"/></UDataEx></NewCall></GctiMsg>

13:37:06.002743[34m|LV1|[0mRECEIVE|127.0.0.1:35001|<?xml version="1.0" encoding="utf-8"?>
<!DOCTYPE GctiMsg SYSTEM "IServer.dtd">
<GctiMsg><CallId>1254BA80-53AB-4214-91AD-32EE609062BA0000</CallId><CallStatus Event="Ringing"/></GctiMsg>

13:37:06.002790[34m|LV1|[0mSEND   |127.0.0.1:35001|331|<?xml version="1.0" encoding="utf-8"?>
<!DOCTYPE GctiMsg SYSTEM "IServer.dtd">
<GctiMsg><CallId>1254BA80-53AB-4214-91AD-32EE609062BA0000</CallId><NewCall CallControlMode="Network" Version="4.0"><CalledNum>1000</CalledNum><DNIS>4200</DNIS><ANI>234</ANI><UDataEx><Node Name="ddd" Type="Str" Val="444"/></UDataEx></NewCall></GctiMsg>

13:37:06.003001[44m|INF|[0mReqId:1254BA80-53AB-4214-91AD-32EE609062BA0000|Command:CallStatus|CallStatus:Ringing
13:37:06.003042[33m|LV2|[0mReqId:1254BA80-53AB-4214-91AD-32EE609062BA0000|Command:CallStatus|XmlData:<?xml version="1.0" encoding="utf-8"?>
<!DOCTYPE GctiMsg SYSTEM "IServer.dtd">
<GctiMsg><CallId>1254BA80-53AB-4214-91AD-32EE609062BA0000</CallId><CallStatus Event="Ringing"/></GctiMsg>

13:37:06.103040[34m|LV1|[0mRECEIVE|127.0.0.1:35001|<?xml version="1.0" encoding="utf-8"?>
<!DOCTYPE GctiMsg SYSTEM "IServer.dtd">
<GctiMsg><CallId>1254BA80-53AB-4214-91AD-32EE609062BA0000</CallId><CallStatus Event="Established"/></GctiMsg>

13:37:06.103250[44m|INF|[0mReqId:1254BA80-53AB-4214-91AD-32EE609062BA0000|Command:CallStatus|CallStatus:Established
13:37:06.103284[33m|LV2|[0mReqId:1254BA80-53AB-4214-91AD-32EE609062BA0000|Command:CallStatus|XmlData:<?xml version="1.0" encoding="utf-8"?>
<!DOCTYPE GctiMsg SYSTEM "IServer.dtd">
<GctiMsg><CallId>1254BA80-53AB-4214-91AD-32EE609062BA0000</CallId><CallStatus Event="Established"/></GctiMsg>

