
>>>>>>>>>>>>>>>>>>>>>>>>>>>>>>>>>>>>>>>>>>>>>>>>>>>>>>>>>>>>>>>>>>>>>>>>
>> cba.idr pid(24253) Logging Start
>>>>>>>>>>>>>>>>>>>>>>>>>>>>>>>>>>>>>>>>>>>>>>>>>>>>>>>>>>>>>>>>>>>>>>>>

14:08:19.047370[44m|INF|[0m>>>>>>>>>>>>>>>>>>>>>>>>>>>>>>>>>>>>>>>>>>>>>>>>>>>>>>>>>>>>>>>>>>>>>>>>>>>>
14:08:19.047377[44m|INF|[0mIVRDriver Initialize success.
14:08:19.047382[44m|INF|[0mOwnerName     : CBA.ISVR
14:08:19.047386[44m|INF|[0mOwnerId       : 1001
14:08:19.047390[44m|INF|[0mSvcAppName    : IVR5
14:08:19.047395[44m|INF|[0mSvcDriverName : IVR1
14:08:19.047399[44m|INF|[0mRemoteIp      : 127.0.0.1
14:08:19.047404[44m|INF|[0mRemotePort    : 35001
14:08:19.047408[44m|INF|[0mLogPath       : ../log/cba.idrv/
14:08:19.047412[44m|INF|[0mLogLinkPath   : ../log/
14:08:19.047417[44m|INF|[0mLogLevel      : 3
14:08:19.047421[44m|INF|[0m>>>>>>>>>>>>>>>>>>>>>>>>>>>>>>>>>>>>>>>>>>>>>>>>>>>>>>>>>>>>>>>>>>>>>>>>>>>>
14:08:19.047426[44m|INF|[0m

14:08:19.047583[44m|INF|[0mConnection success. remote_ip:127.0.0.1, remote_port:35001
14:08:19.047974[44m|INF|[0mReqId:100000001|Command:LoginReq|Version:4.0|ClientName:IVR1|ReportStatus:true|ServerMonitor:set
14:08:19.048003[33m|LV2|[0mReqId:100000001|Command:LoginReq|XmlData:<?xml version="1.0" encoding="utf-8"?>
<!DOCTYPE GctiMsg SYSTEM "IServer.dtd">
<GctiMsg><CallId>100000001</CallId><LoginReq Version="4.0" ClientName="IVR1" ReportStatus="true" ServerMonitor="set"/></GctiMsg>

14:08:19.048059[34m|LV1|[0mSEND   |127.0.0.1:35001|208|<?xml version="1.0" encoding="utf-8"?>
<!DOCTYPE GctiMsg SYSTEM "IServer.dtd">
<GctiMsg><CallId>100000001</CallId><LoginReq Version="4.0" ClientName="IVR1" ReportStatus="true" ServerMonitor="set"/></GctiMsg>

14:08:19.049180[34m|LV1|[0mRECEIVE|127.0.0.1:35001|<?xml version="1.0" encoding="utf-8"?>
<!DOCTYPE GctiMsg SYSTEM "IServer.dtd">
<GctiMsg><CallId>100000001</CallId><LoginResp IServerVersion="8.5" Result="Success" ConfigOptions="" Status="OK"/></GctiMsg>

14:08:19.049474[44m|INF|[0mReqId:100000001|Command:LoginResp|IServerVersion:8.5|Result:Success|ConfigOptions:|Status:OK
14:08:19.049500[33m|LV2|[0mReqId:100000001|Command:LoginResp|XmlData:<?xml version="1.0" encoding="utf-8"?>
<!DOCTYPE GctiMsg SYSTEM "IServer.dtd">
<GctiMsg><CallId>100000001</CallId><LoginResp IServerVersion="8.5" Result="Success" ConfigOptions="" Status="OK"/></GctiMsg>

14:09:08.799768[44m|INF|[0mReqId:59C41DAD-FA81-404D-8F3C-6C804D7877B00000|Command:NewCall|CalledNum:1000|CallControlMode:Network|Version:4.0|DNIS:*6500|ANI:4022|UDataEx:|ExtnsEx:
14:09:08.799835[33m|LV2|[0mReqId:59C41DAD-FA81-404D-8F3C-6C804D7877B00000|Command:NewCall|XmlData:<?xml version="1.0" encoding="utf-8"?>
<!DOCTYPE GctiMsg SYSTEM "IServer.dtd">
<GctiMsg><CallId>59C41DAD-FA81-404D-8F3C-6C804D7877B00000</CallId><NewCall CallControlMode="Network" Version="4.0"><CalledNum>1000</CalledNum><DNIS>*6500</DNIS><ANI>4022</ANI></NewCall></GctiMsg>

14:09:08.799903[34m|LV1|[0mSEND   |127.0.0.1:35001|275|<?xml version="1.0" encoding="utf-8"?>
<!DOCTYPE GctiMsg SYSTEM "IServer.dtd">
<GctiMsg><CallId>59C41DAD-FA81-404D-8F3C-6C804D7877B00000</CallId><NewCall CallControlMode="Network" Version="4.0"><CalledNum>1000</CalledNum><DNIS>*6500</DNIS><ANI>4022</ANI></NewCall></GctiMsg>

14:09:08.800418[34m|LV1|[0mRECEIVE|127.0.0.1:35001|<?xml version="1.0" encoding="utf-8"?>
<!DOCTYPE GctiMsg SYSTEM "IServer.dtd">
<GctiMsg><CallId>59C41DAD-FA81-404D-8F3C-6C804D7877B00000</CallId><CallStatus Event="Ringing"/></GctiMsg>

14:09:08.800582[44m|INF|[0mReqId:59C41DAD-FA81-404D-8F3C-6C804D7877B00000|Command:CallStatus|CallStatus:Ringing
14:09:08.800610[33m|LV2|[0mReqId:59C41DAD-FA81-404D-8F3C-6C804D7877B00000|Command:CallStatus|XmlData:<?xml version="1.0" encoding="utf-8"?>
<!DOCTYPE GctiMsg SYSTEM "IServer.dtd">
<GctiMsg><CallId>59C41DAD-FA81-404D-8F3C-6C804D7877B00000</CallId><CallStatus Event="Ringing"/></GctiMsg>

14:09:08.900787[34m|LV1|[0mRECEIVE|127.0.0.1:35001|<?xml version="1.0" encoding="utf-8"?>
<!DOCTYPE GctiMsg SYSTEM "IServer.dtd">
<GctiMsg><CallId>59C41DAD-FA81-404D-8F3C-6C804D7877B00000</CallId><CallStatus Event="Established"/></GctiMsg>

14:09:08.900988[44m|INF|[0mReqId:59C41DAD-FA81-404D-8F3C-6C804D7877B00000|Command:CallStatus|CallStatus:Established
14:09:08.901015[33m|LV2|[0mReqId:59C41DAD-FA81-404D-8F3C-6C804D7877B00000|Command:CallStatus|XmlData:<?xml version="1.0" encoding="utf-8"?>
<!DOCTYPE GctiMsg SYSTEM "IServer.dtd">
<GctiMsg><CallId>59C41DAD-FA81-404D-8F3C-6C804D7877B00000</CallId><CallStatus Event="Established"/></GctiMsg>

14:09:09.018342[44m|INF|[0mReqId:59C41DAD-FA81-404D-8F3C-6C804D7877B00000|Command:CallInfoReq
14:09:09.018377[33m|LV2|[0mReqId:59C41DAD-FA81-404D-8F3C-6C804D7877B00000|Command:CallInfoReq|XmlData:<?xml version="1.0" encoding="utf-8"?>
<!DOCTYPE GctiMsg SYSTEM "IServer.dtd">
<GctiMsg><CallId>59C41DAD-FA81-404D-8F3C-6C804D7877B00000</CallId><CallInfoReq></CallInfoReq></GctiMsg>

14:09:09.018441[34m|LV1|[0mSEND   |127.0.0.1:35001|183|<?xml version="1.0" encoding="utf-8"?>
<!DOCTYPE GctiMsg SYSTEM "IServer.dtd">
<GctiMsg><CallId>59C41DAD-FA81-404D-8F3C-6C804D7877B00000</CallId><CallInfoReq></CallInfoReq></GctiMsg>

14:09:09.018814[34m|LV1|[0mRECEIVE|127.0.0.1:35001|<?xml version="1.0" encoding="utf-8"?>
<!DOCTYPE GctiMsg SYSTEM "IServer.dtd">
<GctiMsg><CallId>59C41DAD-FA81-404D-8F3C-6C804D7877B00000</CallId><CallInfoResp ANI="1111111111" DNIS="2222222222" CalledNum="3333333333" ConnId="4444444444" FirstHomeLocation="5555555555" LastEvent="6666666666" OtherDN="7777777777" OtherQueue="8888888888" OtherTrunk="9999999999" PortDN="aaaaaaaaaa" PortQueue="bbbbbbbbbb" PortTrunk="cccccccccc" ThirdPartyDN="dddddddddd" TSCallId="eeeeeeeeee"/></GctiMsg>

14:09:09.019519[44m|INF|[0mReqId:59C41DAD-FA81-404D-8F3C-6C804D7877B00000|Command:CallInfoResp|ANI:1111111111|DNIS:2222222222|CalledNum:3333333333|ConnId:4444444444|FirstHomeLocation:5555555555|LastEvent:6666666666|OtherDN:7777777777|OtherQueue:8888888888|OtherTrunk:9999999999|PortDN:aaaaaaaaaa|PortQueue:bbbbbbbbbb|PortTrunk:cccccccccc|ThirdPartyDN:dddddddddd|TSCallId:eeeeeeeeee
14:09:09.019550[33m|LV2|[0mReqId:59C41DAD-FA81-404D-8F3C-6C804D7877B00000|Command:CallInfoResp|XmlData:<?xml version="1.0" encoding="utf-8"?>
<!DOCTYPE GctiMsg SYSTEM "IServer.dtd">
<GctiMsg><CallId>59C41DAD-FA81-404D-8F3C-6C804D7877B00000</CallId><CallInfoResp ANI="1111111111" DNIS="2222222222" CalledNum="3333333333" ConnId="4444444444" FirstHomeLocation="5555555555" LastEvent="6666666666" OtherDN="7777777777" OtherQueue="8888888888" OtherTrunk="9999999999" PortDN="aaaaaaaaaa" PortQueue="bbbbbbbbbb" PortTrunk="cccccccccc" ThirdPartyDN="dddddddddd" TSCallId="eeeeeeeeee"/></GctiMsg>

14:09:09.270382[44m|INF|[0mReqId:59C41DAD-FA81-404D-8F3C-6C804D7877B00000|Command:UDataGet|Keys:UEI
14:09:09.270423[33m|LV2|[0mReqId:59C41DAD-FA81-404D-8F3C-6C804D7877B00000|Command:UDataGet|XmlData:<?xml version="1.0" encoding="utf-8"?>
<!DOCTYPE GctiMsg SYSTEM "IServer.dtd">
<GctiMsg><CallId>59C41DAD-FA81-404D-8F3C-6C804D7877B00000</CallId><UDataGet Keys="UEI"><RequestId>100000002</RequestId></UDataGet></GctiMsg>

14:09:09.270521[34m|LV1|[0mSEND   |127.0.0.1:35001|220|<?xml version="1.0" encoding="utf-8"?>
<!DOCTYPE GctiMsg SYSTEM "IServer.dtd">
<GctiMsg><CallId>59C41DAD-FA81-404D-8F3C-6C804D7877B00000</CallId><UDataGet Keys="UEI"><RequestId>100000002</RequestId></UDataGet></GctiMsg>

14:09:09.271096[34m|LV1|[0mRECEIVE|127.0.0.1:35001|<?xml version="1.0" encoding="utf-8"?>
<!DOCTYPE GctiMsg SYSTEM "IServer.dtd">
<GctiMsg><CallId>59C41DAD-FA81-404D-8F3C-6C804D7877B00000</CallId><UDataResp><RequestId>UEI</RequestId><Result>Success</Result><UDataEx><Node Name="eee" Type="Str" Val="555"/><Node Name="fff" Type="Str" Val="6666"/><Node Name="ggg" Type="Str" Val="77777"/><Node Name="hhh" Type="Str" Val="88888888"/></UDataEx></UDataResp></GctiMsg>

14:09:09.271389[44m|INF|[0mReqId:59C41DAD-FA81-404D-8F3C-6C804D7877B00000|Command:UDataResp|RequestId:UEI|Result:Success|UDataEx:|eee=555|fff=6666|ggg=77777|hhh=88888888|
14:09:09.271426[33m|LV2|[0mReqId:59C41DAD-FA81-404D-8F3C-6C804D7877B00000|Command:UDataResp|XmlData:<?xml version="1.0" encoding="utf-8"?>
<!DOCTYPE GctiMsg SYSTEM "IServer.dtd">
<GctiMsg><CallId>59C41DAD-FA81-404D-8F3C-6C804D7877B00000</CallId><UDataResp><RequestId>UEI</RequestId><Result>Success</Result><UDataEx><Node Name="eee" Type="Str" Val="555"/><Node Name="fff" Type="Str" Val="6666"/><Node Name="ggg" Type="Str" Val="77777"/><Node Name="hhh" Type="Str" Val="88888888"/></UDataEx></UDataResp></GctiMsg>

14:09:50.306898[44m|INF|[0mReqId:59C41DAD-FA81-404D-8F3C-6C804D7877B00000|Command:OneStepXfer|szDestDN:|szUDataEx:|szExtnsEx:
14:09:50.306932[33m|LV2|[0mReqId:59C41DAD-FA81-404D-8F3C-6C804D7877B00000|Command:OneStepXfer|XmlData:<?xml version="1.0" encoding="utf-8"?>
<!DOCTYPE GctiMsg SYSTEM "IServer.dtd">
<GctiMsg><CallId>59C41DAD-FA81-404D-8F3C-6C804D7877B00000</CallId><OneStepXfer DestDN=""/></GctiMsg>

14:09:50.306978[34m|LV1|[0mSEND   |127.0.0.1:35001|180|<?xml version="1.0" encoding="utf-8"?>
<!DOCTYPE GctiMsg SYSTEM "IServer.dtd">
<GctiMsg><CallId>59C41DAD-FA81-404D-8F3C-6C804D7877B00000</CallId><OneStepXfer DestDN=""/></GctiMsg>

14:09:50.307288[34m|LV1|[0mRECEIVE|127.0.0.1:35001|<?xml version="1.0" encoding="utf-8"?>
<!DOCTYPE GctiMsg SYSTEM "IServer.dtd">
<GctiMsg><CallId>59C41DAD-FA81-404D-8F3C-6C804D7877B00000</CallId><CallStatus Event="XferComplete"/></GctiMsg>

14:09:50.307471[44m|INF|[0mReqId:59C41DAD-FA81-404D-8F3C-6C804D7877B00000|Command:CallStatus|CallStatus:XferComplete
14:09:50.307502[33m|LV2|[0mReqId:59C41DAD-FA81-404D-8F3C-6C804D7877B00000|Command:CallStatus|XmlData:<?xml version="1.0" encoding="utf-8"?>
<!DOCTYPE GctiMsg SYSTEM "IServer.dtd">
<GctiMsg><CallId>59C41DAD-FA81-404D-8F3C-6C804D7877B00000</CallId><CallStatus Event="XferComplete"/></GctiMsg>

