
>>>>>>>>>>>>>>>>>>>>>>>>>>>>>>>>>>>>>>>>>>>>>>>>>>>>>>>>>>>>>>>>>>>>>>>>
>> cba.idr pid(29118) Logging Start
>>>>>>>>>>>>>>>>>>>>>>>>>>>>>>>>>>>>>>>>>>>>>>>>>>>>>>>>>>>>>>>>>>>>>>>>

15:05:53.033322[44m|INF|[0m>>>>>>>>>>>>>>>>>>>>>>>>>>>>>>>>>>>>>>>>>>>>>>>>>>>>>>>>>>>>>>>>>>>>>>>>>>>>
15:05:53.033338[44m|INF|[0mIVRDriver Initialize success.
15:05:53.033351[44m|INF|[0mOwnerName     : CBA.ISVR
15:05:53.033366[44m|INF|[0mOwnerId       : 1001
15:05:53.033386[44m|INF|[0mSvcAppName    : IVR5
15:05:53.033402[44m|INF|[0mSvcDriverName : IVR1
15:05:53.033414[44m|INF|[0mRemoteIp      : 127.0.0.1
15:05:53.033426[44m|INF|[0mRemotePort    : 35001
15:05:53.033438[44m|INF|[0mLogPath       : ../log/cba.idrv/
15:05:53.033452[44m|INF|[0mLogLinkPath   : ../log/
15:05:53.033475[44m|INF|[0mLogLevel      : 3
15:05:53.033494[44m|INF|[0m>>>>>>>>>>>>>>>>>>>>>>>>>>>>>>>>>>>>>>>>>>>>>>>>>>>>>>>>>>>>>>>>>>>>>>>>>>>>
15:05:53.033507[44m|INF|[0m

15:05:53.033771[44m|INF|[0mConnection success. remote_ip:127.0.0.1, remote_port:35001
15:05:53.034333[44m|INF|[0mReqId:100000001|Command:LoginReq|Version:4.0|ClientName:IVR1|ReportStatus:true|ServerMonitor:set
15:05:53.034366[33m|LV2|[0mReqId:100000001|Command:LoginReq|XmlData:<?xml version="1.0" encoding="utf-8"?>
<!DOCTYPE GctiMsg SYSTEM "IServer.dtd">
<GctiMsg><CallId>100000001</CallId><LoginReq Version="4.0" ClientName="IVR1" ReportStatus="true" ServerMonitor="set"/></GctiMsg>

15:05:53.034432[34m|LV1|[0mSEND   |127.0.0.1:35001|208|<?xml version="1.0" encoding="utf-8"?>
<!DOCTYPE GctiMsg SYSTEM "IServer.dtd">
<GctiMsg><CallId>100000001</CallId><LoginReq Version="4.0" ClientName="IVR1" ReportStatus="true" ServerMonitor="set"/></GctiMsg>

15:05:53.035369[34m|LV1|[0mRECEIVE|127.0.0.1:35001|<?xml version="1.0" encoding="utf-8"?>
<!DOCTYPE GctiMsg SYSTEM "IServer.dtd">
<GctiMsg><CallId>100000001</CallId><LoginResp IServerVersion="8.5" Result="Success" ConfigOptions="" Status="OK"/></GctiMsg>

15:05:53.035704[44m|INF|[0mReqId:100000001|Command:LoginResp|IServerVersion:8.5|Result:Success|ConfigOptions:|Status:OK
15:05:53.035732[33m|LV2|[0mReqId:100000001|Command:LoginResp|XmlData:<?xml version="1.0" encoding="utf-8"?>
<!DOCTYPE GctiMsg SYSTEM "IServer.dtd">
<GctiMsg><CallId>100000001</CallId><LoginResp IServerVersion="8.5" Result="Success" ConfigOptions="" Status="OK"/></GctiMsg>

15:06:00.833287[44m|INF|[0mReqId:CE7B03EA-8276-4DDF-A70A-069BF791FCA30000|Command:NewCall|CalledNum:1000|CallControlMode:Network|Version:4.0|DNIS:*6500|ANI:4022|UDataEx:|ExtnsEx:
15:06:00.833327[33m|LV2|[0mReqId:CE7B03EA-8276-4DDF-A70A-069BF791FCA30000|Command:NewCall|XmlData:<?xml version="1.0" encoding="utf-8"?>
<!DOCTYPE GctiMsg SYSTEM "IServer.dtd">
<GctiMsg><CallId>CE7B03EA-8276-4DDF-A70A-069BF791FCA30000</CallId><NewCall CallControlMode="Network" Version="4.0"><CalledNum>1000</CalledNum><DNIS>*6500</DNIS><ANI>4022</ANI></NewCall></GctiMsg>

15:06:00.833382[34m|LV1|[0mSEND   |127.0.0.1:35001|275|<?xml version="1.0" encoding="utf-8"?>
<!DOCTYPE GctiMsg SYSTEM "IServer.dtd">
<GctiMsg><CallId>CE7B03EA-8276-4DDF-A70A-069BF791FCA30000</CallId><NewCall CallControlMode="Network" Version="4.0"><CalledNum>1000</CalledNum><DNIS>*6500</DNIS><ANI>4022</ANI></NewCall></GctiMsg>

15:06:00.833786[34m|LV1|[0mRECEIVE|127.0.0.1:35001|<?xml version="1.0" encoding="utf-8"?>
<!DOCTYPE GctiMsg SYSTEM "IServer.dtd">
<GctiMsg><CallId>CE7B03EA-8276-4DDF-A70A-069BF791FCA30000</CallId><CallStatus Event="Ringing"/></GctiMsg>

15:06:00.834063[44m|INF|[0mReqId:CE7B03EA-8276-4DDF-A70A-069BF791FCA30000|Command:CallStatus|CallStatus:Ringing
15:06:00.834098[33m|LV2|[0mReqId:CE7B03EA-8276-4DDF-A70A-069BF791FCA30000|Command:CallStatus|XmlData:<?xml version="1.0" encoding="utf-8"?>
<!DOCTYPE GctiMsg SYSTEM "IServer.dtd">
<GctiMsg><CallId>CE7B03EA-8276-4DDF-A70A-069BF791FCA30000</CallId><CallStatus Event="Ringing"/></GctiMsg>

15:06:00.934127[34m|LV1|[0mRECEIVE|127.0.0.1:35001|<?xml version="1.0" encoding="utf-8"?>
<!DOCTYPE GctiMsg SYSTEM "IServer.dtd">
<GctiMsg><CallId>CE7B03EA-8276-4DDF-A70A-069BF791FCA30000</CallId><CallStatus Event="Established"/></GctiMsg>

15:06:00.934316[44m|INF|[0mReqId:CE7B03EA-8276-4DDF-A70A-069BF791FCA30000|Command:CallStatus|CallStatus:Established
15:06:00.934343[33m|LV2|[0mReqId:CE7B03EA-8276-4DDF-A70A-069BF791FCA30000|Command:CallStatus|XmlData:<?xml version="1.0" encoding="utf-8"?>
<!DOCTYPE GctiMsg SYSTEM "IServer.dtd">
<GctiMsg><CallId>CE7B03EA-8276-4DDF-A70A-069BF791FCA30000</CallId><CallStatus Event="Established"/></GctiMsg>

15:06:01.038467[44m|INF|[0mReqId:CE7B03EA-8276-4DDF-A70A-069BF791FCA30000|Command:CallInfoReq
15:06:01.038498[33m|LV2|[0mReqId:CE7B03EA-8276-4DDF-A70A-069BF791FCA30000|Command:CallInfoReq|XmlData:<?xml version="1.0" encoding="utf-8"?>
<!DOCTYPE GctiMsg SYSTEM "IServer.dtd">
<GctiMsg><CallId>CE7B03EA-8276-4DDF-A70A-069BF791FCA30000</CallId><CallInfoReq></CallInfoReq></GctiMsg>

15:06:01.038552[34m|LV1|[0mSEND   |127.0.0.1:35001|183|<?xml version="1.0" encoding="utf-8"?>
<!DOCTYPE GctiMsg SYSTEM "IServer.dtd">
<GctiMsg><CallId>CE7B03EA-8276-4DDF-A70A-069BF791FCA30000</CallId><CallInfoReq></CallInfoReq></GctiMsg>

15:06:01.038992[34m|LV1|[0mRECEIVE|127.0.0.1:35001|<?xml version="1.0" encoding="utf-8"?>
<!DOCTYPE GctiMsg SYSTEM "IServer.dtd">
<GctiMsg><CallId>CE7B03EA-8276-4DDF-A70A-069BF791FCA30000</CallId><CallInfoResp ANI="1111111111" DNIS="2222222222" CalledNum="3333333333" ConnId="4444444444" FirstHomeLocation="5555555555" LastEvent="6666666666" OtherDN="7777777777" OtherQueue="8888888888" OtherTrunk="9999999999" PortDN="aaaaaaaaaa" PortQueue="bbbbbbbbbb" PortTrunk="cccccccccc" ThirdPartyDN="dddddddddd" TSCallId="eeeeeeeeee"/></GctiMsg>

15:06:01.039650[44m|INF|[0mReqId:CE7B03EA-8276-4DDF-A70A-069BF791FCA30000|Command:CallInfoResp|ANI:1111111111|DNIS:2222222222|CalledNum:3333333333|ConnId:4444444444|FirstHomeLocation:5555555555|LastEvent:6666666666|OtherDN:7777777777|OtherQueue:8888888888|OtherTrunk:9999999999|PortDN:aaaaaaaaaa|PortQueue:bbbbbbbbbb|PortTrunk:cccccccccc|ThirdPartyDN:dddddddddd|TSCallId:eeeeeeeeee
15:06:01.039689[33m|LV2|[0mReqId:CE7B03EA-8276-4DDF-A70A-069BF791FCA30000|Command:CallInfoResp|XmlData:<?xml version="1.0" encoding="utf-8"?>
<!DOCTYPE GctiMsg SYSTEM "IServer.dtd">
<GctiMsg><CallId>CE7B03EA-8276-4DDF-A70A-069BF791FCA30000</CallId><CallInfoResp ANI="1111111111" DNIS="2222222222" CalledNum="3333333333" ConnId="4444444444" FirstHomeLocation="5555555555" LastEvent="6666666666" OtherDN="7777777777" OtherQueue="8888888888" OtherTrunk="9999999999" PortDN="aaaaaaaaaa" PortQueue="bbbbbbbbbb" PortTrunk="cccccccccc" ThirdPartyDN="dddddddddd" TSCallId="eeeeeeeeee"/></GctiMsg>

15:06:08.100377[44m|INF|[0mReqId:CE7B03EA-8276-4DDF-A70A-069BF791FCA30000|Command:UDataGet|Keys:UEI
15:06:08.100411[33m|LV2|[0mReqId:CE7B03EA-8276-4DDF-A70A-069BF791FCA30000|Command:UDataGet|XmlData:<?xml version="1.0" encoding="utf-8"?>
<!DOCTYPE GctiMsg SYSTEM "IServer.dtd">
<GctiMsg><CallId>CE7B03EA-8276-4DDF-A70A-069BF791FCA30000</CallId><UDataGet Keys="UEI"><RequestId>100000002</RequestId></UDataGet></GctiMsg>

15:06:08.100462[34m|LV1|[0mSEND   |127.0.0.1:35001|220|<?xml version="1.0" encoding="utf-8"?>
<!DOCTYPE GctiMsg SYSTEM "IServer.dtd">
<GctiMsg><CallId>CE7B03EA-8276-4DDF-A70A-069BF791FCA30000</CallId><UDataGet Keys="UEI"><RequestId>100000002</RequestId></UDataGet></GctiMsg>

15:06:08.100898[34m|LV1|[0mRECEIVE|127.0.0.1:35001|<?xml version="1.0" encoding="utf-8"?>
<!DOCTYPE GctiMsg SYSTEM "IServer.dtd">
<GctiMsg><CallId>CE7B03EA-8276-4DDF-A70A-069BF791FCA30000</CallId><UDataResp><RequestId>UEI</RequestId><Result>Success</Result><UDataEx><Node Name="eee" Type="Str" Val="555"/><Node Name="fff" Type="Str" Val="6666"/><Node Name="ggg" Type="Str" Val="77777"/><Node Name="hhh" Type="Str" Val="88888888"/></UDataEx></UDataResp></GctiMsg>

15:06:08.101306[44m|INF|[0mReqId:CE7B03EA-8276-4DDF-A70A-069BF791FCA30000|Command:UDataResp|RequestId:UEI|Result:Success|UDataEx:|eee=555|fff=6666|ggg=77777|hhh=88888888|
15:06:08.101337[33m|LV2|[0mReqId:CE7B03EA-8276-4DDF-A70A-069BF791FCA30000|Command:UDataResp|XmlData:<?xml version="1.0" encoding="utf-8"?>
<!DOCTYPE GctiMsg SYSTEM "IServer.dtd">
<GctiMsg><CallId>CE7B03EA-8276-4DDF-A70A-069BF791FCA30000</CallId><UDataResp><RequestId>UEI</RequestId><Result>Success</Result><UDataEx><Node Name="eee" Type="Str" Val="555"/><Node Name="fff" Type="Str" Val="6666"/><Node Name="ggg" Type="Str" Val="77777"/><Node Name="hhh" Type="Str" Val="88888888"/></UDataEx></UDataResp></GctiMsg>

15:06:54.946218[44m|INF|[0mReqId:CE7B03EA-8276-4DDF-A70A-069BF791FCA30000|Command:OneStepXfer|szDestDN:|szUDataEx:|szExtnsEx:
15:06:54.946258[33m|LV2|[0mReqId:CE7B03EA-8276-4DDF-A70A-069BF791FCA30000|Command:OneStepXfer|XmlData:<?xml version="1.0" encoding="utf-8"?>
<!DOCTYPE GctiMsg SYSTEM "IServer.dtd">
<GctiMsg><CallId>CE7B03EA-8276-4DDF-A70A-069BF791FCA30000</CallId><OneStepXfer DestDN=""/></GctiMsg>

15:06:54.946318[34m|LV1|[0mSEND   |127.0.0.1:35001|180|<?xml version="1.0" encoding="utf-8"?>
<!DOCTYPE GctiMsg SYSTEM "IServer.dtd">
<GctiMsg><CallId>CE7B03EA-8276-4DDF-A70A-069BF791FCA30000</CallId><OneStepXfer DestDN=""/></GctiMsg>

15:06:54.946546[34m|LV1|[0mRECEIVE|127.0.0.1:35001|<?xml version="1.0" encoding="utf-8"?>
<!DOCTYPE GctiMsg SYSTEM "IServer.dtd">
<GctiMsg><CallId>CE7B03EA-8276-4DDF-A70A-069BF791FCA30000</CallId><CallStatus Event="XferComplete"/></GctiMsg>

15:06:54.946714[44m|INF|[0mReqId:CE7B03EA-8276-4DDF-A70A-069BF791FCA30000|Command:CallStatus|CallStatus:XferComplete
15:06:54.946746[33m|LV2|[0mReqId:CE7B03EA-8276-4DDF-A70A-069BF791FCA30000|Command:CallStatus|XmlData:<?xml version="1.0" encoding="utf-8"?>
<!DOCTYPE GctiMsg SYSTEM "IServer.dtd">
<GctiMsg><CallId>CE7B03EA-8276-4DDF-A70A-069BF791FCA30000</CallId><CallStatus Event="XferComplete"/></GctiMsg>

15:07:31.770387[44m|INF|[0mReqId:18002831-F1FF-4765-AA7D-BFB630616DF90000|Command:NewCall|CalledNum:1000|CallControlMode:Network|Version:4.0|DNIS:*6500|ANI:4022|UDataEx:|ExtnsEx:
15:07:31.770418[33m|LV2|[0mReqId:18002831-F1FF-4765-AA7D-BFB630616DF90000|Command:NewCall|XmlData:<?xml version="1.0" encoding="utf-8"?>
<!DOCTYPE GctiMsg SYSTEM "IServer.dtd">
<GctiMsg><CallId>18002831-F1FF-4765-AA7D-BFB630616DF90000</CallId><NewCall CallControlMode="Network" Version="4.0"><CalledNum>1000</CalledNum><DNIS>*6500</DNIS><ANI>4022</ANI></NewCall></GctiMsg>

15:07:31.770465[34m|LV1|[0mSEND   |127.0.0.1:35001|275|<?xml version="1.0" encoding="utf-8"?>
<!DOCTYPE GctiMsg SYSTEM "IServer.dtd">
<GctiMsg><CallId>18002831-F1FF-4765-AA7D-BFB630616DF90000</CallId><NewCall CallControlMode="Network" Version="4.0"><CalledNum>1000</CalledNum><DNIS>*6500</DNIS><ANI>4022</ANI></NewCall></GctiMsg>

15:07:31.771017[34m|LV1|[0mRECEIVE|127.0.0.1:35001|<?xml version="1.0" encoding="utf-8"?>
<!DOCTYPE GctiMsg SYSTEM "IServer.dtd">
<GctiMsg><CallId>18002831-F1FF-4765-AA7D-BFB630616DF90000</CallId><CallStatus Event="Ringing"/></GctiMsg>

15:07:31.771165[44m|INF|[0mReqId:18002831-F1FF-4765-AA7D-BFB630616DF90000|Command:CallStatus|CallStatus:Ringing
15:07:31.771193[33m|LV2|[0mReqId:18002831-F1FF-4765-AA7D-BFB630616DF90000|Command:CallStatus|XmlData:<?xml version="1.0" encoding="utf-8"?>
<!DOCTYPE GctiMsg SYSTEM "IServer.dtd">
<GctiMsg><CallId>18002831-F1FF-4765-AA7D-BFB630616DF90000</CallId><CallStatus Event="Ringing"/></GctiMsg>

15:07:31.871381[34m|LV1|[0mRECEIVE|127.0.0.1:35001|<?xml version="1.0" encoding="utf-8"?>
<!DOCTYPE GctiMsg SYSTEM "IServer.dtd">
<GctiMsg><CallId>18002831-F1FF-4765-AA7D-BFB630616DF90000</CallId><CallStatus Event="Established"/></GctiMsg>

15:07:31.871596[44m|INF|[0mReqId:18002831-F1FF-4765-AA7D-BFB630616DF90000|Command:CallStatus|CallStatus:Established
15:07:31.871624[33m|LV2|[0mReqId:18002831-F1FF-4765-AA7D-BFB630616DF90000|Command:CallStatus|XmlData:<?xml version="1.0" encoding="utf-8"?>
<!DOCTYPE GctiMsg SYSTEM "IServer.dtd">
<GctiMsg><CallId>18002831-F1FF-4765-AA7D-BFB630616DF90000</CallId><CallStatus Event="Established"/></GctiMsg>

15:07:31.982181[44m|INF|[0mReqId:18002831-F1FF-4765-AA7D-BFB630616DF90000|Command:CallInfoReq
15:07:31.982213[33m|LV2|[0mReqId:18002831-F1FF-4765-AA7D-BFB630616DF90000|Command:CallInfoReq|XmlData:<?xml version="1.0" encoding="utf-8"?>
<!DOCTYPE GctiMsg SYSTEM "IServer.dtd">
<GctiMsg><CallId>18002831-F1FF-4765-AA7D-BFB630616DF90000</CallId><CallInfoReq></CallInfoReq></GctiMsg>

15:07:31.982268[34m|LV1|[0mSEND   |127.0.0.1:35001|183|<?xml version="1.0" encoding="utf-8"?>
<!DOCTYPE GctiMsg SYSTEM "IServer.dtd">
<GctiMsg><CallId>18002831-F1FF-4765-AA7D-BFB630616DF90000</CallId><CallInfoReq></CallInfoReq></GctiMsg>

15:07:31.982664[34m|LV1|[0mRECEIVE|127.0.0.1:35001|<?xml version="1.0" encoding="utf-8"?>
<!DOCTYPE GctiMsg SYSTEM "IServer.dtd">
<GctiMsg><CallId>18002831-F1FF-4765-AA7D-BFB630616DF90000</CallId><CallInfoResp ANI="1111111111" DNIS="2222222222" CalledNum="3333333333" ConnId="4444444444" FirstHomeLocation="5555555555" LastEvent="6666666666" OtherDN="7777777777" OtherQueue="8888888888" OtherTrunk="9999999999" PortDN="aaaaaaaaaa" PortQueue="bbbbbbbbbb" PortTrunk="cccccccccc" ThirdPartyDN="dddddddddd" TSCallId="eeeeeeeeee"/></GctiMsg>

15:07:31.983341[44m|INF|[0mReqId:18002831-F1FF-4765-AA7D-BFB630616DF90000|Command:CallInfoResp|ANI:1111111111|DNIS:2222222222|CalledNum:3333333333|ConnId:4444444444|FirstHomeLocation:5555555555|LastEvent:6666666666|OtherDN:7777777777|OtherQueue:8888888888|OtherTrunk:9999999999|PortDN:aaaaaaaaaa|PortQueue:bbbbbbbbbb|PortTrunk:cccccccccc|ThirdPartyDN:dddddddddd|TSCallId:eeeeeeeeee
15:07:31.983371[33m|LV2|[0mReqId:18002831-F1FF-4765-AA7D-BFB630616DF90000|Command:CallInfoResp|XmlData:<?xml version="1.0" encoding="utf-8"?>
<!DOCTYPE GctiMsg SYSTEM "IServer.dtd">
<GctiMsg><CallId>18002831-F1FF-4765-AA7D-BFB630616DF90000</CallId><CallInfoResp ANI="1111111111" DNIS="2222222222" CalledNum="3333333333" ConnId="4444444444" FirstHomeLocation="5555555555" LastEvent="6666666666" OtherDN="7777777777" OtherQueue="8888888888" OtherTrunk="9999999999" PortDN="aaaaaaaaaa" PortQueue="bbbbbbbbbb" PortTrunk="cccccccccc" ThirdPartyDN="dddddddddd" TSCallId="eeeeeeeeee"/></GctiMsg>

15:07:39.043875[44m|INF|[0mReqId:18002831-F1FF-4765-AA7D-BFB630616DF90000|Command:UDataGet|Keys:UEI
15:07:39.043912[33m|LV2|[0mReqId:18002831-F1FF-4765-AA7D-BFB630616DF90000|Command:UDataGet|XmlData:<?xml version="1.0" encoding="utf-8"?>
<!DOCTYPE GctiMsg SYSTEM "IServer.dtd">
<GctiMsg><CallId>18002831-F1FF-4765-AA7D-BFB630616DF90000</CallId><UDataGet Keys="UEI"><RequestId>100000003</RequestId></UDataGet></GctiMsg>

15:07:39.043968[34m|LV1|[0mSEND   |127.0.0.1:35001|220|<?xml version="1.0" encoding="utf-8"?>
<!DOCTYPE GctiMsg SYSTEM "IServer.dtd">
<GctiMsg><CallId>18002831-F1FF-4765-AA7D-BFB630616DF90000</CallId><UDataGet Keys="UEI"><RequestId>100000003</RequestId></UDataGet></GctiMsg>

15:07:39.044416[34m|LV1|[0mRECEIVE|127.0.0.1:35001|<?xml version="1.0" encoding="utf-8"?>
<!DOCTYPE GctiMsg SYSTEM "IServer.dtd">
<GctiMsg><CallId>18002831-F1FF-4765-AA7D-BFB630616DF90000</CallId><UDataResp><RequestId>UEI</RequestId><Result>Success</Result><UDataEx><Node Name="eee" Type="Str" Val="555"/><Node Name="fff" Type="Str" Val="6666"/><Node Name="ggg" Type="Str" Val="77777"/><Node Name="hhh" Type="Str" Val="88888888"/></UDataEx></UDataResp></GctiMsg>

15:07:39.044745[44m|INF|[0mReqId:18002831-F1FF-4765-AA7D-BFB630616DF90000|Command:UDataResp|RequestId:UEI|Result:Success|UDataEx:|eee=555|fff=6666|ggg=77777|hhh=88888888|
15:07:39.044774[33m|LV2|[0mReqId:18002831-F1FF-4765-AA7D-BFB630616DF90000|Command:UDataResp|XmlData:<?xml version="1.0" encoding="utf-8"?>
<!DOCTYPE GctiMsg SYSTEM "IServer.dtd">
<GctiMsg><CallId>18002831-F1FF-4765-AA7D-BFB630616DF90000</CallId><UDataResp><RequestId>UEI</RequestId><Result>Success</Result><UDataEx><Node Name="eee" Type="Str" Val="555"/><Node Name="fff" Type="Str" Val="6666"/><Node Name="ggg" Type="Str" Val="77777"/><Node Name="hhh" Type="Str" Val="88888888"/></UDataEx></UDataResp></GctiMsg>

15:08:25.885592[44m|INF|[0mReqId:18002831-F1FF-4765-AA7D-BFB630616DF90000|Command:OneStepXfer|szDestDN:|szUDataEx:|szExtnsEx:
15:08:25.885608[33m|LV2|[0mReqId:18002831-F1FF-4765-AA7D-BFB630616DF90000|Command:OneStepXfer|XmlData:<?xml version="1.0" encoding="utf-8"?>
<!DOCTYPE GctiMsg SYSTEM "IServer.dtd">
<GctiMsg><CallId>18002831-F1FF-4765-AA7D-BFB630616DF90000</CallId><OneStepXfer DestDN=""/></GctiMsg>

15:08:25.885644[34m|LV1|[0mSEND   |127.0.0.1:35001|180|<?xml version="1.0" encoding="utf-8"?>
<!DOCTYPE GctiMsg SYSTEM "IServer.dtd">
<GctiMsg><CallId>18002831-F1FF-4765-AA7D-BFB630616DF90000</CallId><OneStepXfer DestDN=""/></GctiMsg>

15:08:25.885814[34m|LV1|[0mRECEIVE|127.0.0.1:35001|<?xml version="1.0" encoding="utf-8"?>
<!DOCTYPE GctiMsg SYSTEM "IServer.dtd">
<GctiMsg><CallId>18002831-F1FF-4765-AA7D-BFB630616DF90000</CallId><CallStatus Event="XferComplete"/></GctiMsg>

15:08:25.885901[44m|INF|[0mReqId:18002831-F1FF-4765-AA7D-BFB630616DF90000|Command:CallStatus|CallStatus:XferComplete
15:08:25.885915[33m|LV2|[0mReqId:18002831-F1FF-4765-AA7D-BFB630616DF90000|Command:CallStatus|XmlData:<?xml version="1.0" encoding="utf-8"?>
<!DOCTYPE GctiMsg SYSTEM "IServer.dtd">
<GctiMsg><CallId>18002831-F1FF-4765-AA7D-BFB630616DF90000</CallId><CallStatus Event="XferComplete"/></GctiMsg>

15:10:38.846148[44m|INF|[0mReqId:1254BA80-53AB-4214-91AD-32EE609062BA0000|Command:NewCall|CalledNum:1000|CallControlMode:Network|Version:4.0|DNIS:4200|ANI:234|UDataEx:aaa=111|bbb=222|ccc=333|ddd=444|ExtnsEx:eee=555|fff=6666|ggg=77777|hhh=88888888
15:10:38.846182[33m|LV2|[0mReqId:1254BA80-53AB-4214-91AD-32EE609062BA0000|Command:NewCall|XmlData:<?xml version="1.0" encoding="utf-8"?>
<!DOCTYPE GctiMsg SYSTEM "IServer.dtd">
<GctiMsg><CallId>1254BA80-53AB-4214-91AD-32EE609062BA0000</CallId><NewCall CallControlMode="Network" Version="4.0"><CalledNum>1000</CalledNum><DNIS>4200</DNIS><ANI>234</ANI><UDataEx><Node Name="aaa" Type="Str" Val="111"/><Node Name="bbb" Type="Str" Val="222"/><Node Name="ccc" Type="Str" Val="333"/><Node Name="ddd" Type="Str" Val="444"/></UDataEx><ExtnsEx><Node Name="eee" Type="Str" Val="555"/><Node Name="fff" Type="Str" Val="6666"/><Node Name="ggg" Type="Str" Val="77777"/><Node Name="hhh" Type="Str" Val="88888888"/></ExtnsEx></NewCall></GctiMsg>

15:10:38.846228[34m|LV1|[0mSEND   |127.0.0.1:35001|631|<?xml version="1.0" encoding="utf-8"?>
<!DOCTYPE GctiMsg SYSTEM "IServer.dtd">
<GctiMsg><CallId>1254BA80-53AB-4214-91AD-32EE609062BA0000</CallId><NewCall CallControlMode="Network" Version="4.0"><CalledNum>1000</CalledNum><DNIS>4200</DNIS><ANI>234</ANI><UDataEx><Node Name="aaa" Type="Str" Val="111"/><Node Name="bbb" Type="Str" Val="222"/><Node Name="ccc" Type="Str" Val="333"/><Node Name="ddd" Type="Str" Val="444"/></UDataEx><ExtnsEx><Node Name="eee" Type="Str" Val="555"/><Node Name="fff" Type="Str" Val="6666"/><Node Name="ggg" Type="Str" Val="77777"/><Node Name="hhh" Type="Str" Val="88888888"/></ExtnsEx></NewCall></GctiMsg>

15:10:38.846846[34m|LV1|[0mRECEIVE|127.0.0.1:35001|<?xml version="1.0" encoding="utf-8"?>
<!DOCTYPE GctiMsg SYSTEM "IServer.dtd">
<GctiMsg><CallId>1254BA80-53AB-4214-91AD-32EE609062BA0000</CallId><CallStatus Event="Ringing"/></GctiMsg>

15:10:38.846960[44m|INF|[0mReqId:1254BA80-53AB-4214-91AD-32EE609062BA0000|Command:CallStatus|CallStatus:Ringing
15:10:38.846983[33m|LV2|[0mReqId:1254BA80-53AB-4214-91AD-32EE609062BA0000|Command:CallStatus|XmlData:<?xml version="1.0" encoding="utf-8"?>
<!DOCTYPE GctiMsg SYSTEM "IServer.dtd">
<GctiMsg><CallId>1254BA80-53AB-4214-91AD-32EE609062BA0000</CallId><CallStatus Event="Ringing"/></GctiMsg>

15:10:38.947309[34m|LV1|[0mRECEIVE|127.0.0.1:35001|<?xml version="1.0" encoding="utf-8"?>
<!DOCTYPE GctiMsg SYSTEM "IServer.dtd">
<GctiMsg><CallId>1254BA80-53AB-4214-91AD-32EE609062BA0000</CallId><CallStatus Event="Established"/></GctiMsg>

15:10:38.947546[44m|INF|[0mReqId:1254BA80-53AB-4214-91AD-32EE609062BA0000|Command:CallStatus|CallStatus:Established
15:10:38.947585[33m|LV2|[0mReqId:1254BA80-53AB-4214-91AD-32EE609062BA0000|Command:CallStatus|XmlData:<?xml version="1.0" encoding="utf-8"?>
<!DOCTYPE GctiMsg SYSTEM "IServer.dtd">
<GctiMsg><CallId>1254BA80-53AB-4214-91AD-32EE609062BA0000</CallId><CallStatus Event="Established"/></GctiMsg>

15:10:40.832164[44m|INF|[0mReqId:1254BA80-53AB-4214-91AD-32EE609062BA0000|Command:OneStepXfer|szDestDN:8500|szUDataEx:aaa=111|bbb=222|ccc=333|ddd=444|szExtnsEx:eee=555|fff=6666|ggg=77777|hhh=88888888
15:10:40.832215[33m|LV2|[0mReqId:1254BA80-53AB-4214-91AD-32EE609062BA0000|Command:OneStepXfer|XmlData:<?xml version="1.0" encoding="utf-8"?>
<!DOCTYPE GctiMsg SYSTEM "IServer.dtd">
<GctiMsg><CallId>1254BA80-53AB-4214-91AD-32EE609062BA0000</CallId><OneStepXfer DestDN="8500"><UDataEx><Node Name="aaa" Type="Str" Val="111"/><Node Name="bbb" Type="Str" Val="222"/><Node Name="ccc" Type="Str" Val="333"/><Node Name="ddd" Type="Str" Val="444"/></UDataEx><ExtnsEx><Node Name="eee" Type="Str" Val="555"/><Node Name="fff" Type="Str" Val="6666"/><Node Name="ggg" Type="Str" Val="77777"/><Node Name="hhh" Type="Str" Val="88888888"/></ExtnsEx></OneStepXfer></GctiMsg>

15:10:40.832266[34m|LV1|[0mSEND   |127.0.0.1:35001|555|<?xml version="1.0" encoding="utf-8"?>
<!DOCTYPE GctiMsg SYSTEM "IServer.dtd">
<GctiMsg><CallId>1254BA80-53AB-4214-91AD-32EE609062BA0000</CallId><OneStepXfer DestDN="8500"><UDataEx><Node Name="aaa" Type="Str" Val="111"/><Node Name="bbb" Type="Str" Val="222"/><Node Name="ccc" Type="Str" Val="333"/><Node Name="ddd" Type="Str" Val="444"/></UDataEx><ExtnsEx><Node Name="eee" Type="Str" Val="555"/><Node Name="fff" Type="Str" Val="6666"/><Node Name="ggg" Type="Str" Val="77777"/><Node Name="hhh" Type="Str" Val="88888888"/></ExtnsEx></OneStepXfer></GctiMsg>

15:10:40.832680[34m|LV1|[0mRECEIVE|127.0.0.1:35001|<?xml version="1.0" encoding="utf-8"?>
<!DOCTYPE GctiMsg SYSTEM "IServer.dtd">
<GctiMsg><CallId>1254BA80-53AB-4214-91AD-32EE609062BA0000</CallId><CallStatus Event="XferComplete"/></GctiMsg>

15:10:40.832875[44m|INF|[0mReqId:1254BA80-53AB-4214-91AD-32EE609062BA0000|Command:CallStatus|CallStatus:XferComplete
15:10:40.832903[33m|LV2|[0mReqId:1254BA80-53AB-4214-91AD-32EE609062BA0000|Command:CallStatus|XmlData:<?xml version="1.0" encoding="utf-8"?>
<!DOCTYPE GctiMsg SYSTEM "IServer.dtd">
<GctiMsg><CallId>1254BA80-53AB-4214-91AD-32EE609062BA0000</CallId><CallStatus Event="XferComplete"/></GctiMsg>

15:10:42.758502[44m|INF|[0mReqId:1254BA80-53AB-4214-91AD-32EE609062BA0000|Command:RouteRequest|RouteDN:4200|CED:Customer Entered Data|UDataEx:aaa=111|bbb=222|ccc=333|ddd=444|ExtnsEx:eee=555|fff=6666|ggg=77777|hhh=88888888
15:10:42.758535[33m|LV2|[0mReqId:1254BA80-53AB-4214-91AD-32EE609062BA0000|Command:RouteRequest|XmlData:<?xml version="1.0" encoding="utf-8"?>
<!DOCTYPE GctiMsg SYSTEM "IServer.dtd">
<GctiMsg><CallId>1254BA80-53AB-4214-91AD-32EE609062BA0000</CallId><RouteRequest RouteDN="4200"><CED>Customer Entered Data</CED><UDataEx><Node Name="aaa" Type="Str" Val="111"/><Node Name="bbb" Type="Str" Val="222"/><Node Name="ccc" Type="Str" Val="333"/><Node Name="ddd" Type="Str" Val="444"/></UDataEx><ExtnsEx><Node Name="eee" Type="Str" Val="555"/><Node Name="fff" Type="Str" Val="6666"/><Node Name="ggg" Type="Str" Val="77777"/><Node Name="hhh" Type="Str" Val="88888888"/></ExtnsEx></RouteRequest></GctiMsg>

15:10:42.758585[34m|LV1|[0mSEND   |127.0.0.1:35001|590|<?xml version="1.0" encoding="utf-8"?>
<!DOCTYPE GctiMsg SYSTEM "IServer.dtd">
<GctiMsg><CallId>1254BA80-53AB-4214-91AD-32EE609062BA0000</CallId><RouteRequest RouteDN="4200"><CED>Customer Entered Data</CED><UDataEx><Node Name="aaa" Type="Str" Val="111"/><Node Name="bbb" Type="Str" Val="222"/><Node Name="ccc" Type="Str" Val="333"/><Node Name="ddd" Type="Str" Val="444"/></UDataEx><ExtnsEx><Node Name="eee" Type="Str" Val="555"/><Node Name="fff" Type="Str" Val="6666"/><Node Name="ggg" Type="Str" Val="77777"/><Node Name="hhh" Type="Str" Val="88888888"/></ExtnsEx></RouteRequest></GctiMsg>

15:10:42.759037[34m|LV1|[0mRECEIVE|127.0.0.1:35001|<?xml version="1.0" encoding="utf-8"?>
<!DOCTYPE GctiMsg SYSTEM "IServer.dtd">
<GctiMsg><CallId>1254BA80-53AB-4214-91AD-32EE609062BA0000</CallId><RouteResponse RouteType="Normal"><Dest>5550700</Dest><ExtnsEx><Node Name="eee" Type="Str" Val="555"/><Node Name="fff" Type="Str" Val="6666"/><Node Name="ggg" Type="Str" Val="77777"/><Node Name="hhh" Type="Str" Val="88888888"/></ExtnsEx></RouteResponse></GctiMsg>

15:10:42.759373[44m|INF|[0mReqId:1254BA80-53AB-4214-91AD-32EE609062BA0000|Command:RouteResponse|RouteType:Normal|Dest:5550700|ExtnsEx:|eee=555|fff=6666|ggg=77777|hhh=88888888|
15:10:42.759441[33m|LV2|[0mReqId:1254BA80-53AB-4214-91AD-32EE609062BA0000|Command:RouteResponse|XmlData:<?xml version="1.0" encoding="utf-8"?>
<!DOCTYPE GctiMsg SYSTEM "IServer.dtd">
<GctiMsg><CallId>1254BA80-53AB-4214-91AD-32EE609062BA0000</CallId><RouteResponse RouteType="Normal"><Dest>5550700</Dest><ExtnsEx><Node Name="eee" Type="Str" Val="555"/><Node Name="fff" Type="Str" Val="6666"/><Node Name="ggg" Type="Str" Val="77777"/><Node Name="hhh" Type="Str" Val="88888888"/></ExtnsEx></RouteResponse></GctiMsg>

15:10:43.882588[44m|INF|[0mReqId:1254BA80-53AB-4214-91AD-32EE609062BA0000|Command:UDataSet|Keys:UEI|UDataEx:aaa=111|bbb=222|ccc=333|ddd=444
15:10:43.882620[33m|LV2|[0mReqId:1254BA80-53AB-4214-91AD-32EE609062BA0000|Command:UDataSet|XmlData:<?xml version="1.0" encoding="utf-8"?>
<!DOCTYPE GctiMsg SYSTEM "IServer.dtd">
<GctiMsg><CallId>1254BA80-53AB-4214-91AD-32EE609062BA0000</CallId><UDataSet Action="Add" Keys="UEI"><RequestId>100000004</RequestId><UDataEx><Node Name="aaa" Type="Str" Val="111"/><Node Name="bbb" Type="Str" Val="222"/><Node Name="ccc" Type="Str" Val="333"/><Node Name="ddd" Type="Str" Val="444"/></UDataEx></UDataSet></GctiMsg>

15:10:43.882675[34m|LV1|[0mSEND   |127.0.0.1:35001|408|<?xml version="1.0" encoding="utf-8"?>
<!DOCTYPE GctiMsg SYSTEM "IServer.dtd">
<GctiMsg><CallId>1254BA80-53AB-4214-91AD-32EE609062BA0000</CallId><UDataSet Action="Add" Keys="UEI"><RequestId>100000004</RequestId><UDataEx><Node Name="aaa" Type="Str" Val="111"/><Node Name="bbb" Type="Str" Val="222"/><Node Name="ccc" Type="Str" Val="333"/><Node Name="ddd" Type="Str" Val="444"/></UDataEx></UDataSet></GctiMsg>

15:10:43.883124[34m|LV1|[0mRECEIVE|127.0.0.1:35001|<?xml version="1.0" encoding="utf-8"?>
<!DOCTYPE GctiMsg SYSTEM "IServer.dtd">
<GctiMsg><CallId>1254BA80-53AB-4214-91AD-32EE609062BA0000</CallId><UDataResp><RequestId>UEI</RequestId><Result>Success</Result><UDataEx><Node Name="eee" Type="Str" Val="555"/><Node Name="fff" Type="Str" Val="6666"/><Node Name="ggg" Type="Str" Val="77777"/><Node Name="hhh" Type="Str" Val="88888888"/></UDataEx></UDataResp></GctiMsg>

15:10:43.883489[44m|INF|[0mReqId:1254BA80-53AB-4214-91AD-32EE609062BA0000|Command:UDataResp|RequestId:UEI|Result:Success|UDataEx:|eee=555|fff=6666|ggg=77777|hhh=88888888|
15:10:43.883530[33m|LV2|[0mReqId:1254BA80-53AB-4214-91AD-32EE609062BA0000|Command:UDataResp|XmlData:<?xml version="1.0" encoding="utf-8"?>
<!DOCTYPE GctiMsg SYSTEM "IServer.dtd">
<GctiMsg><CallId>1254BA80-53AB-4214-91AD-32EE609062BA0000</CallId><UDataResp><RequestId>UEI</RequestId><Result>Success</Result><UDataEx><Node Name="eee" Type="Str" Val="555"/><Node Name="fff" Type="Str" Val="6666"/><Node Name="ggg" Type="Str" Val="77777"/><Node Name="hhh" Type="Str" Val="88888888"/></UDataEx></UDataResp></GctiMsg>

15:11:27.176687[44m|INF|[0mReqId:C95A9CDB-AA94-4F63-9A54-E71287CC1CF40000|Command:NewCall|CalledNum:1000|CallControlMode:Network|Version:4.0|DNIS:*6500|ANI:4022|UDataEx:|ExtnsEx:
15:11:27.176717[33m|LV2|[0mReqId:C95A9CDB-AA94-4F63-9A54-E71287CC1CF40000|Command:NewCall|XmlData:<?xml version="1.0" encoding="utf-8"?>
<!DOCTYPE GctiMsg SYSTEM "IServer.dtd">
<GctiMsg><CallId>C95A9CDB-AA94-4F63-9A54-E71287CC1CF40000</CallId><NewCall CallControlMode="Network" Version="4.0"><CalledNum>1000</CalledNum><DNIS>*6500</DNIS><ANI>4022</ANI></NewCall></GctiMsg>

15:11:27.176761[34m|LV1|[0mSEND   |127.0.0.1:35001|275|<?xml version="1.0" encoding="utf-8"?>
<!DOCTYPE GctiMsg SYSTEM "IServer.dtd">
<GctiMsg><CallId>C95A9CDB-AA94-4F63-9A54-E71287CC1CF40000</CallId><NewCall CallControlMode="Network" Version="4.0"><CalledNum>1000</CalledNum><DNIS>*6500</DNIS><ANI>4022</ANI></NewCall></GctiMsg>

15:11:27.177139[34m|LV1|[0mRECEIVE|127.0.0.1:35001|<?xml version="1.0" encoding="utf-8"?>
<!DOCTYPE GctiMsg SYSTEM "IServer.dtd">
<GctiMsg><CallId>C95A9CDB-AA94-4F63-9A54-E71287CC1CF40000</CallId><CallStatus Event="Ringing"/></GctiMsg>

15:11:27.177292[44m|INF|[0mReqId:C95A9CDB-AA94-4F63-9A54-E71287CC1CF40000|Command:CallStatus|CallStatus:Ringing
15:11:27.177329[33m|LV2|[0mReqId:C95A9CDB-AA94-4F63-9A54-E71287CC1CF40000|Command:CallStatus|XmlData:<?xml version="1.0" encoding="utf-8"?>
<!DOCTYPE GctiMsg SYSTEM "IServer.dtd">
<GctiMsg><CallId>C95A9CDB-AA94-4F63-9A54-E71287CC1CF40000</CallId><CallStatus Event="Ringing"/></GctiMsg>

15:11:27.277522[34m|LV1|[0mRECEIVE|127.0.0.1:35001|<?xml version="1.0" encoding="utf-8"?>
<!DOCTYPE GctiMsg SYSTEM "IServer.dtd">
<GctiMsg><CallId>C95A9CDB-AA94-4F63-9A54-E71287CC1CF40000</CallId><CallStatus Event="Established"/></GctiMsg>

15:11:27.277728[44m|INF|[0mReqId:C95A9CDB-AA94-4F63-9A54-E71287CC1CF40000|Command:CallStatus|CallStatus:Established
15:11:27.277757[33m|LV2|[0mReqId:C95A9CDB-AA94-4F63-9A54-E71287CC1CF40000|Command:CallStatus|XmlData:<?xml version="1.0" encoding="utf-8"?>
<!DOCTYPE GctiMsg SYSTEM "IServer.dtd">
<GctiMsg><CallId>C95A9CDB-AA94-4F63-9A54-E71287CC1CF40000</CallId><CallStatus Event="Established"/></GctiMsg>

15:11:27.406453[44m|INF|[0mReqId:C95A9CDB-AA94-4F63-9A54-E71287CC1CF40000|Command:CallInfoReq
15:11:27.406482[33m|LV2|[0mReqId:C95A9CDB-AA94-4F63-9A54-E71287CC1CF40000|Command:CallInfoReq|XmlData:<?xml version="1.0" encoding="utf-8"?>
<!DOCTYPE GctiMsg SYSTEM "IServer.dtd">
<GctiMsg><CallId>C95A9CDB-AA94-4F63-9A54-E71287CC1CF40000</CallId><CallInfoReq></CallInfoReq></GctiMsg>

15:11:27.406532[34m|LV1|[0mSEND   |127.0.0.1:35001|183|<?xml version="1.0" encoding="utf-8"?>
<!DOCTYPE GctiMsg SYSTEM "IServer.dtd">
<GctiMsg><CallId>C95A9CDB-AA94-4F63-9A54-E71287CC1CF40000</CallId><CallInfoReq></CallInfoReq></GctiMsg>

15:11:27.406938[34m|LV1|[0mRECEIVE|127.0.0.1:35001|<?xml version="1.0" encoding="utf-8"?>
<!DOCTYPE GctiMsg SYSTEM "IServer.dtd">
<GctiMsg><CallId>C95A9CDB-AA94-4F63-9A54-E71287CC1CF40000</CallId><CallInfoResp ANI="1111111111" DNIS="2222222222" CalledNum="3333333333" ConnId="4444444444" FirstHomeLocation="5555555555" LastEvent="6666666666" OtherDN="7777777777" OtherQueue="8888888888" OtherTrunk="9999999999" PortDN="aaaaaaaaaa" PortQueue="bbbbbbbbbb" PortTrunk="cccccccccc" ThirdPartyDN="dddddddddd" TSCallId="eeeeeeeeee"/></GctiMsg>

15:11:27.407641[44m|INF|[0mReqId:C95A9CDB-AA94-4F63-9A54-E71287CC1CF40000|Command:CallInfoResp|ANI:1111111111|DNIS:2222222222|CalledNum:3333333333|ConnId:4444444444|FirstHomeLocation:5555555555|LastEvent:6666666666|OtherDN:7777777777|OtherQueue:8888888888|OtherTrunk:9999999999|PortDN:aaaaaaaaaa|PortQueue:bbbbbbbbbb|PortTrunk:cccccccccc|ThirdPartyDN:dddddddddd|TSCallId:eeeeeeeeee
15:11:27.407685[33m|LV2|[0mReqId:C95A9CDB-AA94-4F63-9A54-E71287CC1CF40000|Command:CallInfoResp|XmlData:<?xml version="1.0" encoding="utf-8"?>
<!DOCTYPE GctiMsg SYSTEM "IServer.dtd">
<GctiMsg><CallId>C95A9CDB-AA94-4F63-9A54-E71287CC1CF40000</CallId><CallInfoResp ANI="1111111111" DNIS="2222222222" CalledNum="3333333333" ConnId="4444444444" FirstHomeLocation="5555555555" LastEvent="6666666666" OtherDN="7777777777" OtherQueue="8888888888" OtherTrunk="9999999999" PortDN="aaaaaaaaaa" PortQueue="bbbbbbbbbb" PortTrunk="cccccccccc" ThirdPartyDN="dddddddddd" TSCallId="eeeeeeeeee"/></GctiMsg>

15:11:34.468201[44m|INF|[0mReqId:C95A9CDB-AA94-4F63-9A54-E71287CC1CF40000|Command:UDataGet|Keys:UEI
15:11:34.468233[33m|LV2|[0mReqId:C95A9CDB-AA94-4F63-9A54-E71287CC1CF40000|Command:UDataGet|XmlData:<?xml version="1.0" encoding="utf-8"?>
<!DOCTYPE GctiMsg SYSTEM "IServer.dtd">
<GctiMsg><CallId>C95A9CDB-AA94-4F63-9A54-E71287CC1CF40000</CallId><UDataGet Keys="UEI"><RequestId>100000005</RequestId></UDataGet></GctiMsg>

15:11:34.468286[34m|LV1|[0mSEND   |127.0.0.1:35001|220|<?xml version="1.0" encoding="utf-8"?>
<!DOCTYPE GctiMsg SYSTEM "IServer.dtd">
<GctiMsg><CallId>C95A9CDB-AA94-4F63-9A54-E71287CC1CF40000</CallId><UDataGet Keys="UEI"><RequestId>100000005</RequestId></UDataGet></GctiMsg>

15:11:34.468699[34m|LV1|[0mRECEIVE|127.0.0.1:35001|<?xml version="1.0" encoding="utf-8"?>
<!DOCTYPE GctiMsg SYSTEM "IServer.dtd">
<GctiMsg><CallId>C95A9CDB-AA94-4F63-9A54-E71287CC1CF40000</CallId><UDataResp><RequestId>UEI</RequestId><Result>Success</Result><UDataEx><Node Name="eee" Type="Str" Val="555"/><Node Name="fff" Type="Str" Val="6666"/><Node Name="ggg" Type="Str" Val="77777"/><Node Name="hhh" Type="Str" Val="88888888"/></UDataEx></UDataResp></GctiMsg>

15:11:34.469018[44m|INF|[0mReqId:C95A9CDB-AA94-4F63-9A54-E71287CC1CF40000|Command:UDataResp|RequestId:UEI|Result:Success|UDataEx:|eee=555|fff=6666|ggg=77777|hhh=88888888|
15:11:34.469047[33m|LV2|[0mReqId:C95A9CDB-AA94-4F63-9A54-E71287CC1CF40000|Command:UDataResp|XmlData:<?xml version="1.0" encoding="utf-8"?>
<!DOCTYPE GctiMsg SYSTEM "IServer.dtd">
<GctiMsg><CallId>C95A9CDB-AA94-4F63-9A54-E71287CC1CF40000</CallId><UDataResp><RequestId>UEI</RequestId><Result>Success</Result><UDataEx><Node Name="eee" Type="Str" Val="555"/><Node Name="fff" Type="Str" Val="6666"/><Node Name="ggg" Type="Str" Val="77777"/><Node Name="hhh" Type="Str" Val="88888888"/></UDataEx></UDataResp></GctiMsg>

15:12:21.315601[44m|INF|[0mReqId:C95A9CDB-AA94-4F63-9A54-E71287CC1CF40000|Command:OneStepXfer|szDestDN:|szUDataEx:|szExtnsEx:
15:12:21.315620[33m|LV2|[0mReqId:C95A9CDB-AA94-4F63-9A54-E71287CC1CF40000|Command:OneStepXfer|XmlData:<?xml version="1.0" encoding="utf-8"?>
<!DOCTYPE GctiMsg SYSTEM "IServer.dtd">
<GctiMsg><CallId>C95A9CDB-AA94-4F63-9A54-E71287CC1CF40000</CallId><OneStepXfer DestDN=""/></GctiMsg>

15:12:21.315659[34m|LV1|[0mSEND   |127.0.0.1:35001|180|<?xml version="1.0" encoding="utf-8"?>
<!DOCTYPE GctiMsg SYSTEM "IServer.dtd">
<GctiMsg><CallId>C95A9CDB-AA94-4F63-9A54-E71287CC1CF40000</CallId><OneStepXfer DestDN=""/></GctiMsg>

15:12:21.315829[34m|LV1|[0mRECEIVE|127.0.0.1:35001|<?xml version="1.0" encoding="utf-8"?>
<!DOCTYPE GctiMsg SYSTEM "IServer.dtd">
<GctiMsg><CallId>C95A9CDB-AA94-4F63-9A54-E71287CC1CF40000</CallId><CallStatus Event="XferComplete"/></GctiMsg>

15:12:21.315917[44m|INF|[0mReqId:C95A9CDB-AA94-4F63-9A54-E71287CC1CF40000|Command:CallStatus|CallStatus:XferComplete
15:12:21.315930[33m|LV2|[0mReqId:C95A9CDB-AA94-4F63-9A54-E71287CC1CF40000|Command:CallStatus|XmlData:<?xml version="1.0" encoding="utf-8"?>
<!DOCTYPE GctiMsg SYSTEM "IServer.dtd">
<GctiMsg><CallId>C95A9CDB-AA94-4F63-9A54-E71287CC1CF40000</CallId><CallStatus Event="XferComplete"/></GctiMsg>

15:16:59.271730[44m|INF|[0mReqId:9A8654D9-436B-4BF5-8DA2-5417DFCFB2240000|Command:NewCall|CalledNum:1000|CallControlMode:Network|Version:4.0|DNIS:*6500|ANI:4022|UDataEx:|ExtnsEx:
15:16:59.271763[33m|LV2|[0mReqId:9A8654D9-436B-4BF5-8DA2-5417DFCFB2240000|Command:NewCall|XmlData:<?xml version="1.0" encoding="utf-8"?>
<!DOCTYPE GctiMsg SYSTEM "IServer.dtd">
<GctiMsg><CallId>9A8654D9-436B-4BF5-8DA2-5417DFCFB2240000</CallId><NewCall CallControlMode="Network" Version="4.0"><CalledNum>1000</CalledNum><DNIS>*6500</DNIS><ANI>4022</ANI></NewCall></GctiMsg>

15:16:59.271818[34m|LV1|[0mSEND   |127.0.0.1:35001|275|<?xml version="1.0" encoding="utf-8"?>
<!DOCTYPE GctiMsg SYSTEM "IServer.dtd">
<GctiMsg><CallId>9A8654D9-436B-4BF5-8DA2-5417DFCFB2240000</CallId><NewCall CallControlMode="Network" Version="4.0"><CalledNum>1000</CalledNum><DNIS>*6500</DNIS><ANI>4022</ANI></NewCall></GctiMsg>

15:16:59.272081[34m|LV1|[0mRECEIVE|127.0.0.1:35001|<?xml version="1.0" encoding="utf-8"?>
<!DOCTYPE GctiMsg SYSTEM "IServer.dtd">
<GctiMsg><CallId>9A8654D9-436B-4BF5-8DA2-5417DFCFB2240000</CallId><CallStatus Event="Ringing"/></GctiMsg>

15:16:59.272199[44m|INF|[0mReqId:9A8654D9-436B-4BF5-8DA2-5417DFCFB2240000|Command:CallStatus|CallStatus:Ringing
15:16:59.272226[33m|LV2|[0mReqId:9A8654D9-436B-4BF5-8DA2-5417DFCFB2240000|Command:CallStatus|XmlData:<?xml version="1.0" encoding="utf-8"?>
<!DOCTYPE GctiMsg SYSTEM "IServer.dtd">
<GctiMsg><CallId>9A8654D9-436B-4BF5-8DA2-5417DFCFB2240000</CallId><CallStatus Event="Ringing"/></GctiMsg>

15:16:59.372388[34m|LV1|[0mRECEIVE|127.0.0.1:35001|<?xml version="1.0" encoding="utf-8"?>
<!DOCTYPE GctiMsg SYSTEM "IServer.dtd">
<GctiMsg><CallId>9A8654D9-436B-4BF5-8DA2-5417DFCFB2240000</CallId><CallStatus Event="Established"/></GctiMsg>

15:16:59.372500[44m|INF|[0mReqId:9A8654D9-436B-4BF5-8DA2-5417DFCFB2240000|Command:CallStatus|CallStatus:Established
15:16:59.372514[33m|LV2|[0mReqId:9A8654D9-436B-4BF5-8DA2-5417DFCFB2240000|Command:CallStatus|XmlData:<?xml version="1.0" encoding="utf-8"?>
<!DOCTYPE GctiMsg SYSTEM "IServer.dtd">
<GctiMsg><CallId>9A8654D9-436B-4BF5-8DA2-5417DFCFB2240000</CallId><CallStatus Event="Established"/></GctiMsg>

15:16:59.525365[44m|INF|[0mReqId:9A8654D9-436B-4BF5-8DA2-5417DFCFB2240000|Command:CallInfoReq
15:16:59.525398[33m|LV2|[0mReqId:9A8654D9-436B-4BF5-8DA2-5417DFCFB2240000|Command:CallInfoReq|XmlData:<?xml version="1.0" encoding="utf-8"?>
<!DOCTYPE GctiMsg SYSTEM "IServer.dtd">
<GctiMsg><CallId>9A8654D9-436B-4BF5-8DA2-5417DFCFB2240000</CallId><CallInfoReq></CallInfoReq></GctiMsg>

15:16:59.525448[34m|LV1|[0mSEND   |127.0.0.1:35001|183|<?xml version="1.0" encoding="utf-8"?>
<!DOCTYPE GctiMsg SYSTEM "IServer.dtd">
<GctiMsg><CallId>9A8654D9-436B-4BF5-8DA2-5417DFCFB2240000</CallId><CallInfoReq></CallInfoReq></GctiMsg>

15:16:59.525878[34m|LV1|[0mRECEIVE|127.0.0.1:35001|<?xml version="1.0" encoding="utf-8"?>
<!DOCTYPE GctiMsg SYSTEM "IServer.dtd">
<GctiMsg><CallId>9A8654D9-436B-4BF5-8DA2-5417DFCFB2240000</CallId><CallInfoResp ANI="1111111111" DNIS="2222222222" CalledNum="3333333333" ConnId="4444444444" FirstHomeLocation="5555555555" LastEvent="6666666666" OtherDN="7777777777" OtherQueue="8888888888" OtherTrunk="9999999999" PortDN="aaaaaaaaaa" PortQueue="bbbbbbbbbb" PortTrunk="cccccccccc" ThirdPartyDN="dddddddddd" TSCallId="eeeeeeeeee"/></GctiMsg>

15:16:59.526582[44m|INF|[0mReqId:9A8654D9-436B-4BF5-8DA2-5417DFCFB2240000|Command:CallInfoResp|ANI:1111111111|DNIS:2222222222|CalledNum:3333333333|ConnId:4444444444|FirstHomeLocation:5555555555|LastEvent:6666666666|OtherDN:7777777777|OtherQueue:8888888888|OtherTrunk:9999999999|PortDN:aaaaaaaaaa|PortQueue:bbbbbbbbbb|PortTrunk:cccccccccc|ThirdPartyDN:dddddddddd|TSCallId:eeeeeeeeee
15:16:59.526614[33m|LV2|[0mReqId:9A8654D9-436B-4BF5-8DA2-5417DFCFB2240000|Command:CallInfoResp|XmlData:<?xml version="1.0" encoding="utf-8"?>
<!DOCTYPE GctiMsg SYSTEM "IServer.dtd">
<GctiMsg><CallId>9A8654D9-436B-4BF5-8DA2-5417DFCFB2240000</CallId><CallInfoResp ANI="1111111111" DNIS="2222222222" CalledNum="3333333333" ConnId="4444444444" FirstHomeLocation="5555555555" LastEvent="6666666666" OtherDN="7777777777" OtherQueue="8888888888" OtherTrunk="9999999999" PortDN="aaaaaaaaaa" PortQueue="bbbbbbbbbb" PortTrunk="cccccccccc" ThirdPartyDN="dddddddddd" TSCallId="eeeeeeeeee"/></GctiMsg>

15:16:59.777164[44m|INF|[0mReqId:9A8654D9-436B-4BF5-8DA2-5417DFCFB2240000|Command:UDataGet|Keys:UEI
15:16:59.777203[33m|LV2|[0mReqId:9A8654D9-436B-4BF5-8DA2-5417DFCFB2240000|Command:UDataGet|XmlData:<?xml version="1.0" encoding="utf-8"?>
<!DOCTYPE GctiMsg SYSTEM "IServer.dtd">
<GctiMsg><CallId>9A8654D9-436B-4BF5-8DA2-5417DFCFB2240000</CallId><UDataGet Keys="UEI"><RequestId>100000006</RequestId></UDataGet></GctiMsg>

15:16:59.777251[34m|LV1|[0mSEND   |127.0.0.1:35001|220|<?xml version="1.0" encoding="utf-8"?>
<!DOCTYPE GctiMsg SYSTEM "IServer.dtd">
<GctiMsg><CallId>9A8654D9-436B-4BF5-8DA2-5417DFCFB2240000</CallId><UDataGet Keys="UEI"><RequestId>100000006</RequestId></UDataGet></GctiMsg>

15:16:59.777629[34m|LV1|[0mRECEIVE|127.0.0.1:35001|<?xml version="1.0" encoding="utf-8"?>
<!DOCTYPE GctiMsg SYSTEM "IServer.dtd">
<GctiMsg><CallId>9A8654D9-436B-4BF5-8DA2-5417DFCFB2240000</CallId><UDataResp><RequestId>UEI</RequestId><Result>Success</Result><UDataEx><Node Name="eee" Type="Str" Val="555"/><Node Name="fff" Type="Str" Val="6666"/><Node Name="ggg" Type="Str" Val="77777"/><Node Name="hhh" Type="Str" Val="88888888"/></UDataEx></UDataResp></GctiMsg>

15:16:59.777931[44m|INF|[0mReqId:9A8654D9-436B-4BF5-8DA2-5417DFCFB2240000|Command:UDataResp|RequestId:UEI|Result:Success|UDataEx:|eee=555|fff=6666|ggg=77777|hhh=88888888|
15:16:59.777959[33m|LV2|[0mReqId:9A8654D9-436B-4BF5-8DA2-5417DFCFB2240000|Command:UDataResp|XmlData:<?xml version="1.0" encoding="utf-8"?>
<!DOCTYPE GctiMsg SYSTEM "IServer.dtd">
<GctiMsg><CallId>9A8654D9-436B-4BF5-8DA2-5417DFCFB2240000</CallId><UDataResp><RequestId>UEI</RequestId><Result>Success</Result><UDataEx><Node Name="eee" Type="Str" Val="555"/><Node Name="fff" Type="Str" Val="6666"/><Node Name="ggg" Type="Str" Val="77777"/><Node Name="hhh" Type="Str" Val="88888888"/></UDataEx></UDataResp></GctiMsg>

15:17:40.804973[44m|INF|[0mReqId:9A8654D9-436B-4BF5-8DA2-5417DFCFB2240000|Command:OneStepXfer|szDestDN:|szUDataEx:|szExtnsEx:
15:17:40.805007[33m|LV2|[0mReqId:9A8654D9-436B-4BF5-8DA2-5417DFCFB2240000|Command:OneStepXfer|XmlData:<?xml version="1.0" encoding="utf-8"?>
<!DOCTYPE GctiMsg SYSTEM "IServer.dtd">
<GctiMsg><CallId>9A8654D9-436B-4BF5-8DA2-5417DFCFB2240000</CallId><OneStepXfer DestDN=""/></GctiMsg>

15:17:40.805056[34m|LV1|[0mSEND   |127.0.0.1:35001|180|<?xml version="1.0" encoding="utf-8"?>
<!DOCTYPE GctiMsg SYSTEM "IServer.dtd">
<GctiMsg><CallId>9A8654D9-436B-4BF5-8DA2-5417DFCFB2240000</CallId><OneStepXfer DestDN=""/></GctiMsg>

15:17:40.805371[34m|LV1|[0mRECEIVE|127.0.0.1:35001|<?xml version="1.0" encoding="utf-8"?>
<!DOCTYPE GctiMsg SYSTEM "IServer.dtd">
<GctiMsg><CallId>9A8654D9-436B-4BF5-8DA2-5417DFCFB2240000</CallId><CallStatus Event="XferComplete"/></GctiMsg>

15:17:40.805524[44m|INF|[0mReqId:9A8654D9-436B-4BF5-8DA2-5417DFCFB2240000|Command:CallStatus|CallStatus:XferComplete
15:17:40.805553[33m|LV2|[0mReqId:9A8654D9-436B-4BF5-8DA2-5417DFCFB2240000|Command:CallStatus|XmlData:<?xml version="1.0" encoding="utf-8"?>
<!DOCTYPE GctiMsg SYSTEM "IServer.dtd">
<GctiMsg><CallId>9A8654D9-436B-4BF5-8DA2-5417DFCFB2240000</CallId><CallStatus Event="XferComplete"/></GctiMsg>

