
>>>>>>>>>>>>>>>>>>>>>>>>>>>>>>>>>>>>>>>>>>>>>>>>>>>>>>>>>>>>>>>>>>>>>>>>
>> cba.idr pid(13713) Logging Start
>>>>>>>>>>>>>>>>>>>>>>>>>>>>>>>>>>>>>>>>>>>>>>>>>>>>>>>>>>>>>>>>>>>>>>>>

11:03:16.111721[44m|INF|[0m>>>>>>>>>>>>>>>>>>>>>>>>>>>>>>>>>>>>>>>>>>>>>>>>>>>>>>>>>>>>>>>>>>>>>>>>>>>>
11:03:16.111728[44m|INF|[0mIVRDriver Initialize success.
11:03:16.111733[44m|INF|[0mOwnerName     : CBA.ISVR
11:03:16.111738[44m|INF|[0mOwnerId       : 1001
11:03:16.111742[44m|INF|[0mSvcAppName    : IVR5
11:03:16.111747[44m|INF|[0mSvcDriverName : IVR1
11:03:16.111752[44m|INF|[0mRemoteIp      : 127.0.0.1
11:03:16.111758[44m|INF|[0mRemotePort    : 35001
11:03:16.111762[44m|INF|[0mLogPath       : ../log/cba.idrv/
11:03:16.111767[44m|INF|[0mLogLinkPath   : ../log/
11:03:16.111772[44m|INF|[0mLogLevel      : 3
11:03:16.111777[44m|INF|[0m>>>>>>>>>>>>>>>>>>>>>>>>>>>>>>>>>>>>>>>>>>>>>>>>>>>>>>>>>>>>>>>>>>>>>>>>>>>>
11:03:16.111782[44m|INF|[0m

11:03:16.111909[44m|INF|[0mConnection success. remote_ip:127.0.0.1, remote_port:35001
11:03:16.112327[44m|INF|[0mReqId:100000001|Command:LoginReq|Version:4.0|ClientName:IVR1|ReportStatus:true|ServerMonitor:set
11:03:16.112365[33m|LV2|[0mReqId:100000001|Command:LoginReq|XmlData:<?xml version="1.0" encoding="utf-8"?>
<!DOCTYPE GctiMsg SYSTEM "IServer.dtd">
<GctiMsg><CallId>100000001</CallId><LoginReq Version="4.0" ClientName="IVR1" ReportStatus="true" ServerMonitor="set"/></GctiMsg>

11:03:16.112440[34m|LV1|[0mSEND   |127.0.0.1:35001|208|<?xml version="1.0" encoding="utf-8"?>
<!DOCTYPE GctiMsg SYSTEM "IServer.dtd">
<GctiMsg><CallId>100000001</CallId><LoginReq Version="4.0" ClientName="IVR1" ReportStatus="true" ServerMonitor="set"/></GctiMsg>

11:03:16.113393[34m|LV1|[0mRECEIVE|127.0.0.1:35001|<?xml version="1.0" encoding="utf-8"?>
<!DOCTYPE GctiMsg SYSTEM "IServer.dtd">
<GctiMsg><CallId>100000001</CallId><LoginResp IServerVersion="8.5" Result="Success" ConfigOptions="" Status="OK"/></GctiMsg>

11:03:16.113669[44m|INF|[0mReqId:100000001|Command:LoginResp|IServerVersion:8.5|Result:Success|ConfigOptions:|Status:OK
11:03:16.113697[33m|LV2|[0mReqId:100000001|Command:LoginResp|XmlData:<?xml version="1.0" encoding="utf-8"?>
<!DOCTYPE GctiMsg SYSTEM "IServer.dtd">
<GctiMsg><CallId>100000001</CallId><LoginResp IServerVersion="8.5" Result="Success" ConfigOptions="" Status="OK"/></GctiMsg>

11:03:33.143898[44m|INF|[0mReqId:1254BA80-53AB-4214-91AD-32EE609062BA0000|Command:NewCall|CalledNum:1000|CallControlMode:Network|Version:4.0|DNIS:4200|ANI:234|UDataEx:aaa=111|bbb=222|ccc=333|ddd=444|ExtnsEx:eee=555|fff=6666|ggg=77777|hhh=88888888
11:03:33.143931[33m|LV2|[0mReqId:1254BA80-53AB-4214-91AD-32EE609062BA0000|Command:NewCall|XmlData:<?xml version="1.0" encoding="utf-8"?>
<!DOCTYPE GctiMsg SYSTEM "IServer.dtd">
<GctiMsg><CallId>1254BA80-53AB-4214-91AD-32EE609062BA0000</CallId><NewCall CallControlMode="Network" Version="4.0"><CalledNum>1000</CalledNum><DNIS>4200</DNIS><ANI>234</ANI><UDataEx><Node Name="aaa" Type="Str" Val="111"/><Node Name="bbb" Type="Str" Val="222"/><Node Name="ccc" Type="Str" Val="333"/><Node Name="ddd" Type="Str" Val="444"/></UDataEx><ExtnsEx><Node Name="eee" Type="Str" Val="555"/><Node Name="fff" Type="Str" Val="6666"/><Node Name="ggg" Type="Str" Val="77777"/><Node Name="hhh" Type="Str" Val="88888888"/></ExtnsEx></NewCall></GctiMsg>

11:03:33.143986[34m|LV1|[0mSEND   |127.0.0.1:35001|631|<?xml version="1.0" encoding="utf-8"?>
<!DOCTYPE GctiMsg SYSTEM "IServer.dtd">
<GctiMsg><CallId>1254BA80-53AB-4214-91AD-32EE609062BA0000</CallId><NewCall CallControlMode="Network" Version="4.0"><CalledNum>1000</CalledNum><DNIS>4200</DNIS><ANI>234</ANI><UDataEx><Node Name="aaa" Type="Str" Val="111"/><Node Name="bbb" Type="Str" Val="222"/><Node Name="ccc" Type="Str" Val="333"/><Node Name="ddd" Type="Str" Val="444"/></UDataEx><ExtnsEx><Node Name="eee" Type="Str" Val="555"/><Node Name="fff" Type="Str" Val="6666"/><Node Name="ggg" Type="Str" Val="77777"/><Node Name="hhh" Type="Str" Val="88888888"/></ExtnsEx></NewCall></GctiMsg>

11:03:33.144398[34m|LV1|[0mRECEIVE|127.0.0.1:35001|<?xml version="1.0" encoding="utf-8"?>
<!DOCTYPE GctiMsg SYSTEM "IServer.dtd">
<GctiMsg><CallId>1254BA80-53AB-4214-91AD-32EE609062BA0000</CallId><CallStatus Event="Ringing"/></GctiMsg>

11:03:33.144581[44m|INF|[0mReqId:1254BA80-53AB-4214-91AD-32EE609062BA0000|Command:CallStatus|CallStatus:Ringing
11:03:33.144608[33m|LV2|[0mReqId:1254BA80-53AB-4214-91AD-32EE609062BA0000|Command:CallStatus|XmlData:<?xml version="1.0" encoding="utf-8"?>
<!DOCTYPE GctiMsg SYSTEM "IServer.dtd">
<GctiMsg><CallId>1254BA80-53AB-4214-91AD-32EE609062BA0000</CallId><CallStatus Event="Ringing"/></GctiMsg>

11:03:33.244741[34m|LV1|[0mRECEIVE|127.0.0.1:35001|<?xml version="1.0" encoding="utf-8"?>
<!DOCTYPE GctiMsg SYSTEM "IServer.dtd">
<GctiMsg><CallId>1254BA80-53AB-4214-91AD-32EE609062BA0000</CallId><CallStatus Event="Established"/></GctiMsg>

11:03:33.244954[44m|INF|[0mReqId:1254BA80-53AB-4214-91AD-32EE609062BA0000|Command:CallStatus|CallStatus:Established
11:03:33.244982[33m|LV2|[0mReqId:1254BA80-53AB-4214-91AD-32EE609062BA0000|Command:CallStatus|XmlData:<?xml version="1.0" encoding="utf-8"?>
<!DOCTYPE GctiMsg SYSTEM "IServer.dtd">
<GctiMsg><CallId>1254BA80-53AB-4214-91AD-32EE609062BA0000</CallId><CallStatus Event="Established"/></GctiMsg>

11:03:42.691181[44m|INF|[0mReqId:1254BA80-53AB-4214-91AD-32EE609062BA0000|Command:UDataSet|Keys:UEI|UDataEx:aaa=111|bbb=222|ccc=333|ddd=444
11:03:42.691210[33m|LV2|[0mReqId:1254BA80-53AB-4214-91AD-32EE609062BA0000|Command:UDataSet|XmlData:<?xml version="1.0" encoding="utf-8"?>
<!DOCTYPE GctiMsg SYSTEM "IServer.dtd">
<GctiMsg><CallId>1254BA80-53AB-4214-91AD-32EE609062BA0000</CallId><UDataSet Action="Add" Keys="UEI"><RequestId>12312412</RequestId><UDataEx><Node Name="aaa" Type="Str" Val="111"/><Node Name="bbb" Type="Str" Val="222"/><Node Name="ccc" Type="Str" Val="333"/><Node Name="ddd" Type="Str" Val="444"/></UDataEx></UDataSet></GctiMsg>

11:03:42.691282[34m|LV1|[0mSEND   |127.0.0.1:35001|407|<?xml version="1.0" encoding="utf-8"?>
<!DOCTYPE GctiMsg SYSTEM "IServer.dtd">
<GctiMsg><CallId>1254BA80-53AB-4214-91AD-32EE609062BA0000</CallId><UDataSet Action="Add" Keys="UEI"><RequestId>12312412</RequestId><UDataEx><Node Name="aaa" Type="Str" Val="111"/><Node Name="bbb" Type="Str" Val="222"/><Node Name="ccc" Type="Str" Val="333"/><Node Name="ddd" Type="Str" Val="444"/></UDataEx></UDataSet></GctiMsg>

11:03:42.691803[34m|LV1|[0mRECEIVE|127.0.0.1:35001|<?xml version="1.0" encoding="utf-8"?>
<!DOCTYPE GctiMsg SYSTEM "IServer.dtd">
<GctiMsg><CallId>1254BA80-53AB-4214-91AD-32EE609062BA0000</CallId><UDataResp><RequestId>UEI</RequestId><Result>Success</Result><UDataEx><Node Name="eee" Type="Str" Val="555"/><Node Name="fff" Type="Str" Val="6666"/><Node Name="ggg" Type="Str" Val="77777"/><Node Name="hhh" Type="Str" Val="88888888"/></UDataEx></UDataResp></GctiMsg>

11:03:42.692146[44m|INF|[0mReqId:1254BA80-53AB-4214-91AD-32EE609062BA0000|Command:UDataResp|RequestId:UEI|Result:Success|UDataEx:
11:03:42.692176[33m|LV2|[0mReqId:1254BA80-53AB-4214-91AD-32EE609062BA0000|Command:UDataResp|XmlData:<?xml version="1.0" encoding="utf-8"?>
<!DOCTYPE GctiMsg SYSTEM "IServer.dtd">
<GctiMsg><CallId>1254BA80-53AB-4214-91AD-32EE609062BA0000</CallId><UDataResp><RequestId>UEI</RequestId><Result>Success</Result><UDataEx><Node Name="eee" Type="Str" Val="555"/><Node Name="fff" Type="Str" Val="6666"/><Node Name="ggg" Type="Str" Val="77777"/><Node Name="hhh" Type="Str" Val="88888888"/></UDataEx></UDataResp></GctiMsg>

