
>>>>>>>>>>>>>>>>>>>>>>>>>>>>>>>>>>>>>>>>>>>>>>>>>>>>>>>>>>>>>>>>>>>>>>>>
>> cba.idr pid(31763) Logging Start
>>>>>>>>>>>>>>>>>>>>>>>>>>>>>>>>>>>>>>>>>>>>>>>>>>>>>>>>>>>>>>>>>>>>>>>>

17:53:18.929704[44m|INF|[0m>>>>>>>>>>>>>>>>>>>>>>>>>>>>>>>>>>>>>>>>>>>>>>>>>>>>>>>>>>>>>>>>>>>>>>>>>>>>
17:53:18.929721[44m|INF|[0mIVRDriver Initialize success.
17:53:18.929734[44m|INF|[0mOwnerName     : CBA.ISVR
17:53:18.929756[44m|INF|[0mOwnerId       : 1001
17:53:18.929772[44m|INF|[0mSvcAppName    : IVR5
17:53:18.929784[44m|INF|[0mSvcDriverName : IVR1
17:53:18.929795[44m|INF|[0mRemoteIp      : 127.0.0.1
17:53:18.929817[44m|INF|[0mRemotePort    : 35001
17:53:18.929828[44m|INF|[0mLogPath       : ../log/cba.idrv/
17:53:18.929840[44m|INF|[0mLogLinkPath   : ../log/
17:53:18.929851[44m|INF|[0mLogLevel      : 3
17:53:18.929862[44m|INF|[0m>>>>>>>>>>>>>>>>>>>>>>>>>>>>>>>>>>>>>>>>>>>>>>>>>>>>>>>>>>>>>>>>>>>>>>>>>>>>
17:53:18.929873[44m|INF|[0m

17:53:18.930136[44m|INF|[0mConnection success. remote_ip:127.0.0.1, remote_port:35001
17:53:18.930620[44m|INF|[0mReqId:100000001|Command:LoginReq|Version:4.0|ClientName:IVR1|ReportStatus:true|ServerMonitor:set
17:53:18.930669[33m|LV2|[0mReqId:100000001|Command:LoginReq|XmlData:<?xml version="1.0" encoding="utf-8"?>
<!DOCTYPE GctiMsg SYSTEM "IServer.dtd">
<GctiMsg><CallId>100000001</CallId><LoginReq Version="4.0" ClientName="IVR1" ReportStatus="true" ServerMonitor="set"/></GctiMsg>

17:53:18.930735[34m|LV1|[0mSEND   |127.0.0.1:35001|208|<?xml version="1.0" encoding="utf-8"?>
<!DOCTYPE GctiMsg SYSTEM "IServer.dtd">
<GctiMsg><CallId>100000001</CallId><LoginReq Version="4.0" ClientName="IVR1" ReportStatus="true" ServerMonitor="set"/></GctiMsg>

17:53:18.931853[34m|LV1|[0mRECEIVE|127.0.0.1:35001|<?xml version="1.0" encoding="utf-8"?>
<!DOCTYPE GctiMsg SYSTEM "IServer.dtd">
<GctiMsg><CallId>100000001</CallId><LoginResp IServerVersion="8.5" Result="Success" ConfigOptions="" Status="OK"/></GctiMsg>

17:53:18.932183[44m|INF|[0mReqId:100000001|Command:LoginResp|IServerVersion:8.5|Result:Success|ConfigOptions:|Status:OK
17:53:18.932210[33m|LV2|[0mReqId:100000001|Command:LoginResp|XmlData:<?xml version="1.0" encoding="utf-8"?>
<!DOCTYPE GctiMsg SYSTEM "IServer.dtd">
<GctiMsg><CallId>100000001</CallId><LoginResp IServerVersion="8.5" Result="Success" ConfigOptions="" Status="OK"/></GctiMsg>

17:53:31.323416[44m|INF|[0mReqId:1254BA80-53AB-4214-91AD-32EE609062BA0000|Command:NewCall|CalledNum:1000|CallControlMode:Network|Version:4.0|DNIS:4200|ANI:234|UDataEx:aaa=111|bbb=222|ccc=333|ddd=444|ExtnsEx:eee=555|fff=6666|ggg=77777|hhh=88888888
17:53:31.323463[33m|LV2|[0mReqId:1254BA80-53AB-4214-91AD-32EE609062BA0000|Command:NewCall|XmlData:<?xml version="1.0" encoding="utf-8"?>
<!DOCTYPE GctiMsg SYSTEM "IServer.dtd">
<GctiMsg><CallId>1254BA80-53AB-4214-91AD-32EE609062BA0000</CallId><NewCall CallControlMode="Network" Version="4.0"><CalledNum>1000</CalledNum><DNIS>4200</DNIS><ANI>234</ANI><UDataEx><Node Name="aaa" Type="Str" Val="111"/><Node Name="bbb" Type="Str" Val="222"/><Node Name="ccc" Type="Str" Val="333"/><Node Name="ddd" Type="Str" Val="444"/></UDataEx><ExtnsEx><Node Name="eee" Type="Str" Val="555"/><Node Name="fff" Type="Str" Val="6666"/><Node Name="ggg" Type="Str" Val="77777"/><Node Name="hhh" Type="Str" Val="88888888"/></ExtnsEx></NewCall></GctiMsg>

17:53:31.323540[34m|LV1|[0mSEND   |127.0.0.1:35001|631|<?xml version="1.0" encoding="utf-8"?>
<!DOCTYPE GctiMsg SYSTEM "IServer.dtd">
<GctiMsg><CallId>1254BA80-53AB-4214-91AD-32EE609062BA0000</CallId><NewCall CallControlMode="Network" Version="4.0"><CalledNum>1000</CalledNum><DNIS>4200</DNIS><ANI>234</ANI><UDataEx><Node Name="aaa" Type="Str" Val="111"/><Node Name="bbb" Type="Str" Val="222"/><Node Name="ccc" Type="Str" Val="333"/><Node Name="ddd" Type="Str" Val="444"/></UDataEx><ExtnsEx><Node Name="eee" Type="Str" Val="555"/><Node Name="fff" Type="Str" Val="6666"/><Node Name="ggg" Type="Str" Val="77777"/><Node Name="hhh" Type="Str" Val="88888888"/></ExtnsEx></NewCall></GctiMsg>

17:53:31.324036[34m|LV1|[0mRECEIVE|127.0.0.1:35001|<?xml version="1.0" encoding="utf-8"?>
<!DOCTYPE GctiMsg SYSTEM "IServer.dtd">
<GctiMsg><CallId>1254BA80-53AB-4214-91AD-32EE609062BA0000</CallId><CallStatus Event="Ringing"/></GctiMsg>

17:53:31.324248[44m|INF|[0mReqId:1254BA80-53AB-4214-91AD-32EE609062BA0000|Command:CallStatus|CallStatus:Ringing
17:53:31.324279[33m|LV2|[0mReqId:1254BA80-53AB-4214-91AD-32EE609062BA0000|Command:CallStatus|XmlData:<?xml version="1.0" encoding="utf-8"?>
<!DOCTYPE GctiMsg SYSTEM "IServer.dtd">
<GctiMsg><CallId>1254BA80-53AB-4214-91AD-32EE609062BA0000</CallId><CallStatus Event="Ringing"/></GctiMsg>

17:53:31.424376[34m|LV1|[0mRECEIVE|127.0.0.1:35001|<?xml version="1.0" encoding="utf-8"?>
<!DOCTYPE GctiMsg SYSTEM "IServer.dtd">
<GctiMsg><CallId>1254BA80-53AB-4214-91AD-32EE609062BA0000</CallId><CallStatus Event="Established"/></GctiMsg>

17:53:31.424603[44m|INF|[0mReqId:1254BA80-53AB-4214-91AD-32EE609062BA0000|Command:CallStatus|CallStatus:Established
17:53:31.424637[33m|LV2|[0mReqId:1254BA80-53AB-4214-91AD-32EE609062BA0000|Command:CallStatus|XmlData:<?xml version="1.0" encoding="utf-8"?>
<!DOCTYPE GctiMsg SYSTEM "IServer.dtd">
<GctiMsg><CallId>1254BA80-53AB-4214-91AD-32EE609062BA0000</CallId><CallStatus Event="Established"/></GctiMsg>

17:53:35.162095[44m|INF|[0mReqId:1254BA80-53AB-4214-91AD-32EE609062BA0000|Command:RouteRequest|RouteDN:4200|CED:Customer Entered Data|UDataEx:aaa=111|bbb=222|ccc=333|ddd=444|ExtnsEx:eee=555|fff=6666|ggg=77777|hhh=88888888
17:53:35.162139[33m|LV2|[0mReqId:1254BA80-53AB-4214-91AD-32EE609062BA0000|Command:RouteRequest|XmlData:<?xml version="1.0" encoding="utf-8"?>
<!DOCTYPE GctiMsg SYSTEM "IServer.dtd">
<GctiMsg><CallId>1254BA80-53AB-4214-91AD-32EE609062BA0000</CallId><RouteRequest RouteDN="4200"><CED>Customer Entered Data</CED><UDataEx><Node Name="aaa" Type="Str" Val="111"/><Node Name="bbb" Type="Str" Val="222"/><Node Name="ccc" Type="Str" Val="333"/><Node Name="ddd" Type="Str" Val="444"/></UDataEx><ExtnsEx><Node Name="eee" Type="Str" Val="555"/><Node Name="fff" Type="Str" Val="6666"/><Node Name="ggg" Type="Str" Val="77777"/><Node Name="hhh" Type="Str" Val="88888888"/></ExtnsEx></RouteRequest></GctiMsg>

17:53:35.162198[34m|LV1|[0mSEND   |127.0.0.1:35001|590|<?xml version="1.0" encoding="utf-8"?>
<!DOCTYPE GctiMsg SYSTEM "IServer.dtd">
<GctiMsg><CallId>1254BA80-53AB-4214-91AD-32EE609062BA0000</CallId><RouteRequest RouteDN="4200"><CED>Customer Entered Data</CED><UDataEx><Node Name="aaa" Type="Str" Val="111"/><Node Name="bbb" Type="Str" Val="222"/><Node Name="ccc" Type="Str" Val="333"/><Node Name="ddd" Type="Str" Val="444"/></UDataEx><ExtnsEx><Node Name="eee" Type="Str" Val="555"/><Node Name="fff" Type="Str" Val="6666"/><Node Name="ggg" Type="Str" Val="77777"/><Node Name="hhh" Type="Str" Val="88888888"/></ExtnsEx></RouteRequest></GctiMsg>

17:53:35.163046[34m|LV1|[0mRECEIVE|127.0.0.1:35001|<?xml version="1.0" encoding="utf-8"?>
<!DOCTYPE GctiMsg SYSTEM "IServer.dtd">
<GctiMsg><CallId>1254BA80-53AB-4214-91AD-32EE609062BA0000</CallId><RouteResponse RouteType="Normal"><Dest>5550700</Dest><ExtnsEx><Node Name="eee" Type="Str" Val="555"/><Node Name="fff" Type="Str" Val="6666"/><Node Name="ggg" Type="Str" Val="77777"/><Node Name="hhh" Type="Str" Val="88888888"/></ExtnsEx></RouteResponse></GctiMsg>

17:53:35.163389[44m|INF|[0mReqId:1254BA80-53AB-4214-91AD-32EE609062BA0000|Command:RouteResponse|RouteType:Normal|Dest:5550700|ExtnsEx:88888888|
17:53:35.163423[33m|LV2|[0mReqId:1254BA80-53AB-4214-91AD-32EE609062BA0000|Command:RouteResponse|XmlData:<?xml version="1.0" encoding="utf-8"?>
<!DOCTYPE GctiMsg SYSTEM "IServer.dtd">
<GctiMsg><CallId>1254BA80-53AB-4214-91AD-32EE609062BA0000</CallId><RouteResponse RouteType="Normal"><Dest>5550700</Dest><ExtnsEx><Node Name="eee" Type="Str" Val="555"/><Node Name="fff" Type="Str" Val="6666"/><Node Name="ggg" Type="Str" Val="77777"/><Node Name="hhh" Type="Str" Val="88888888"/></ExtnsEx></RouteResponse></GctiMsg>

17:54:16.071828[44m|INF|[0mReqId:1254BA80-53AB-4214-91AD-32EE609062BA0000|Command:RouteRequest|RouteDN:4200|CED:Customer Entered Data|UDataEx:aaa=111|bbb=222|ccc=333|ddd=444|ExtnsEx:eee=555|fff=6666|ggg=77777|hhh=88888888
17:54:16.071878[33m|LV2|[0mReqId:1254BA80-53AB-4214-91AD-32EE609062BA0000|Command:RouteRequest|XmlData:<?xml version="1.0" encoding="utf-8"?>
<!DOCTYPE GctiMsg SYSTEM "IServer.dtd">
<GctiMsg><CallId>1254BA80-53AB-4214-91AD-32EE609062BA0000</CallId><RouteRequest RouteDN="4200"><CED>Customer Entered Data</CED><UDataEx><Node Name="aaa" Type="Str" Val="111"/><Node Name="bbb" Type="Str" Val="222"/><Node Name="ccc" Type="Str" Val="333"/><Node Name="ddd" Type="Str" Val="444"/></UDataEx><ExtnsEx><Node Name="eee" Type="Str" Val="555"/><Node Name="fff" Type="Str" Val="6666"/><Node Name="ggg" Type="Str" Val="77777"/><Node Name="hhh" Type="Str" Val="88888888"/></ExtnsEx></RouteRequest></GctiMsg>

17:54:16.071925[34m|LV1|[0mSEND   |127.0.0.1:35001|590|<?xml version="1.0" encoding="utf-8"?>
<!DOCTYPE GctiMsg SYSTEM "IServer.dtd">
<GctiMsg><CallId>1254BA80-53AB-4214-91AD-32EE609062BA0000</CallId><RouteRequest RouteDN="4200"><CED>Customer Entered Data</CED><UDataEx><Node Name="aaa" Type="Str" Val="111"/><Node Name="bbb" Type="Str" Val="222"/><Node Name="ccc" Type="Str" Val="333"/><Node Name="ddd" Type="Str" Val="444"/></UDataEx><ExtnsEx><Node Name="eee" Type="Str" Val="555"/><Node Name="fff" Type="Str" Val="6666"/><Node Name="ggg" Type="Str" Val="77777"/><Node Name="hhh" Type="Str" Val="88888888"/></ExtnsEx></RouteRequest></GctiMsg>

17:54:16.072395[34m|LV1|[0mRECEIVE|127.0.0.1:35001|<?xml version="1.0" encoding="utf-8"?>
<!DOCTYPE GctiMsg SYSTEM "IServer.dtd">
<GctiMsg><CallId>1254BA80-53AB-4214-91AD-32EE609062BA0000</CallId><RouteResponse RouteType="Normal"><Dest>5550700</Dest><ExtnsEx><Node Name="eee" Type="Str" Val="555"/><Node Name="fff" Type="Str" Val="6666"/><Node Name="ggg" Type="Str" Val="77777"/><Node Name="hhh" Type="Str" Val="88888888"/></ExtnsEx></RouteResponse></GctiMsg>

17:54:16.072699[44m|INF|[0mReqId:1254BA80-53AB-4214-91AD-32EE609062BA0000|Command:RouteResponse|RouteType:Normal|Dest:5550700|ExtnsEx:88888888|
17:54:16.072729[33m|LV2|[0mReqId:1254BA80-53AB-4214-91AD-32EE609062BA0000|Command:RouteResponse|XmlData:<?xml version="1.0" encoding="utf-8"?>
<!DOCTYPE GctiMsg SYSTEM "IServer.dtd">
<GctiMsg><CallId>1254BA80-53AB-4214-91AD-32EE609062BA0000</CallId><RouteResponse RouteType="Normal"><Dest>5550700</Dest><ExtnsEx><Node Name="eee" Type="Str" Val="555"/><Node Name="fff" Type="Str" Val="6666"/><Node Name="ggg" Type="Str" Val="77777"/><Node Name="hhh" Type="Str" Val="88888888"/></ExtnsEx></RouteResponse></GctiMsg>

17:55:26.987101[44m|INF|[0mReqId:1254BA80-53AB-4214-91AD-32EE609062BA0000|Command:RouteRequest|RouteDN:4200|CED:Customer Entered Data|UDataEx:aaa=111|bbb=222|ccc=333|ddd=444|ExtnsEx:eee=555|fff=6666|ggg=77777|hhh=88888888
17:55:26.987152[33m|LV2|[0mReqId:1254BA80-53AB-4214-91AD-32EE609062BA0000|Command:RouteRequest|XmlData:<?xml version="1.0" encoding="utf-8"?>
<!DOCTYPE GctiMsg SYSTEM "IServer.dtd">
<GctiMsg><CallId>1254BA80-53AB-4214-91AD-32EE609062BA0000</CallId><RouteRequest RouteDN="4200"><CED>Customer Entered Data</CED><UDataEx><Node Name="aaa" Type="Str" Val="111"/><Node Name="bbb" Type="Str" Val="222"/><Node Name="ccc" Type="Str" Val="333"/><Node Name="ddd" Type="Str" Val="444"/></UDataEx><ExtnsEx><Node Name="eee" Type="Str" Val="555"/><Node Name="fff" Type="Str" Val="6666"/><Node Name="ggg" Type="Str" Val="77777"/><Node Name="hhh" Type="Str" Val="88888888"/></ExtnsEx></RouteRequest></GctiMsg>

17:55:26.987206[34m|LV1|[0mSEND   |127.0.0.1:35001|590|<?xml version="1.0" encoding="utf-8"?>
<!DOCTYPE GctiMsg SYSTEM "IServer.dtd">
<GctiMsg><CallId>1254BA80-53AB-4214-91AD-32EE609062BA0000</CallId><RouteRequest RouteDN="4200"><CED>Customer Entered Data</CED><UDataEx><Node Name="aaa" Type="Str" Val="111"/><Node Name="bbb" Type="Str" Val="222"/><Node Name="ccc" Type="Str" Val="333"/><Node Name="ddd" Type="Str" Val="444"/></UDataEx><ExtnsEx><Node Name="eee" Type="Str" Val="555"/><Node Name="fff" Type="Str" Val="6666"/><Node Name="ggg" Type="Str" Val="77777"/><Node Name="hhh" Type="Str" Val="88888888"/></ExtnsEx></RouteRequest></GctiMsg>

17:55:26.987689[34m|LV1|[0mRECEIVE|127.0.0.1:35001|<?xml version="1.0" encoding="utf-8"?>
<!DOCTYPE GctiMsg SYSTEM "IServer.dtd">
<GctiMsg><CallId>1254BA80-53AB-4214-91AD-32EE609062BA0000</CallId><RouteResponse RouteType="Normal"><Dest>5550700</Dest><ExtnsEx><Node Name="eee" Type="Str" Val="555"/><Node Name="fff" Type="Str" Val="6666"/><Node Name="ggg" Type="Str" Val="77777"/><Node Name="hhh" Type="Str" Val="88888888"/></ExtnsEx></RouteResponse></GctiMsg>

17:55:26.988057[44m|INF|[0mReqId:1254BA80-53AB-4214-91AD-32EE609062BA0000|Command:RouteResponse|RouteType:Normal|Dest:5550700|ExtnsEx:88888888|
17:55:26.988093[33m|LV2|[0mReqId:1254BA80-53AB-4214-91AD-32EE609062BA0000|Command:RouteResponse|XmlData:<?xml version="1.0" encoding="utf-8"?>
<!DOCTYPE GctiMsg SYSTEM "IServer.dtd">
<GctiMsg><CallId>1254BA80-53AB-4214-91AD-32EE609062BA0000</CallId><RouteResponse RouteType="Normal"><Dest>5550700</Dest><ExtnsEx><Node Name="eee" Type="Str" Val="555"/><Node Name="fff" Type="Str" Val="6666"/><Node Name="ggg" Type="Str" Val="77777"/><Node Name="hhh" Type="Str" Val="88888888"/></ExtnsEx></RouteResponse></GctiMsg>

