
>>>>>>>>>>>>>>>>>>>>>>>>>>>>>>>>>>>>>>>>>>>>>>>>>>>>>>>>>>>>>>>>>>>>>>>>
>> cba.idr pid(29633) Logging Start
>>>>>>>>>>>>>>>>>>>>>>>>>>>>>>>>>>>>>>>>>>>>>>>>>>>>>>>>>>>>>>>>>>>>>>>>

17:28:56.479614[44m|INF|[0m>>>>>>>>>>>>>>>>>>>>>>>>>>>>>>>>>>>>>>>>>>>>>>>>>>>>>>>>>>>>>>>>>>>>>>>>>>>>
17:28:56.479648[44m|INF|[0mIVRDriver Initialize success.
17:28:56.479667[44m|INF|[0mOwnerName     : CBA.ISVR
17:28:56.479679[44m|INF|[0mOwnerId       : 1001
17:28:56.479690[44m|INF|[0mSvcAppName    : IVR5
17:28:56.479702[44m|INF|[0mSvcDriverName : IVR1
17:28:56.479713[44m|INF|[0mRemoteIp      : 127.0.0.1
17:28:56.479725[44m|INF|[0mRemotePort    : 35001
17:28:56.479736[44m|INF|[0mLogPath       : ../log/cba.idrv/
17:28:56.479748[44m|INF|[0mLogLinkPath   : ../log/
17:28:56.479759[44m|INF|[0mLogLevel      : 3
17:28:56.479771[44m|INF|[0m>>>>>>>>>>>>>>>>>>>>>>>>>>>>>>>>>>>>>>>>>>>>>>>>>>>>>>>>>>>>>>>>>>>>>>>>>>>>
17:28:56.479782[44m|INF|[0m

17:28:56.480061[44m|INF|[0mConnection success. remote_ip:127.0.0.1, remote_port:35001
17:28:56.540597[44m|INF|[0mReqId:100000001|Command:LoginReq|Version:4.0|ClientName:IVR1|ReportStatus:true|ServerMonitor:set
17:28:56.540645[33m|LV2|[0mReqId:100000001|Command:LoginReq|XmlData:<?xml version="1.0" encoding="utf-8"?>
<!DOCTYPE GctiMsg SYSTEM "IServer.dtd">
<GctiMsg><CallId>100000001</CallId><LoginReq Version="4.0" ClientName="IVR1" ReportStatus="true" ServerMonitor="set"/></GctiMsg>

17:28:56.540740[34m|LV1|[0mSEND   |127.0.0.1:35001|208|<?xml version="1.0" encoding="utf-8"?>
<!DOCTYPE GctiMsg SYSTEM "IServer.dtd">
<GctiMsg><CallId>100000001</CallId><LoginReq Version="4.0" ClientName="IVR1" ReportStatus="true" ServerMonitor="set"/></GctiMsg>

17:28:56.541298[34m|LV1|[0mRECEIVE|127.0.0.1:35001|<?xml version="1.0" encoding="utf-8"?>
<!DOCTYPE GctiMsg SYSTEM "IServer.dtd">
<GctiMsg><CallId>100000001</CallId><LoginResp IServerVersion="8.5" Result="Success" ConfigOptions="" Status="OK"/></GctiMsg>

17:28:56.541485[44m|INF|[0mReqId:100000001|Command:LoginResp|IServerVersion:8.5|Result:Success|ConfigOptions:|Status:OK
17:28:56.541525[33m|LV2|[0mReqId:100000001|Command:LoginResp|XmlData:<?xml version="1.0" encoding="utf-8"?>
<!DOCTYPE GctiMsg SYSTEM "IServer.dtd">
<GctiMsg><CallId>100000001</CallId><LoginResp IServerVersion="8.5" Result="Success" ConfigOptions="" Status="OK"/></GctiMsg>

17:29:25.145914[44m|INF|[0mReqId:1254BA80-53AB-4214-91AD-32EE609062BA0000|Command:NewCall|CalledNum:1000|CallControlMode:Network|Version:4.0|DNIS:4200|ANI:234|UDataEx:aaa=111|bbb=222|ccc=333|ddd=444|ExtnsEx:eee=555|fff=6666|ggg=77777|hhh=88888888
17:29:25.145954[33m|LV2|[0mReqId:1254BA80-53AB-4214-91AD-32EE609062BA0000|Command:NewCall|XmlData:<?xml version="1.0" encoding="utf-8"?>
<!DOCTYPE GctiMsg SYSTEM "IServer.dtd">
<GctiMsg><CallId>1254BA80-53AB-4214-91AD-32EE609062BA0000</CallId><NewCall CallControlMode="Network" Version="4.0"><CalledNum>1000</CalledNum><DNIS>4200</DNIS><ANI>234</ANI><UDataEx><Node Name="aaa" Type="Str" Val="111"/><Node Name="bbb" Type="Str" Val="222"/><Node Name="ccc" Type="Str" Val="333"/><Node Name="ddd" Type="Str" Val="444"/></UDataEx><ExtnsEx><Node Name="eee" Type="Str" Val="555"/><Node Name="fff" Type="Str" Val="6666"/><Node Name="ggg" Type="Str" Val="77777"/><Node Name="hhh" Type="Str" Val="88888888"/></ExtnsEx></NewCall></GctiMsg>

17:29:25.146037[34m|LV1|[0mSEND   |127.0.0.1:35001|631|<?xml version="1.0" encoding="utf-8"?>
<!DOCTYPE GctiMsg SYSTEM "IServer.dtd">
<GctiMsg><CallId>1254BA80-53AB-4214-91AD-32EE609062BA0000</CallId><NewCall CallControlMode="Network" Version="4.0"><CalledNum>1000</CalledNum><DNIS>4200</DNIS><ANI>234</ANI><UDataEx><Node Name="aaa" Type="Str" Val="111"/><Node Name="bbb" Type="Str" Val="222"/><Node Name="ccc" Type="Str" Val="333"/><Node Name="ddd" Type="Str" Val="444"/></UDataEx><ExtnsEx><Node Name="eee" Type="Str" Val="555"/><Node Name="fff" Type="Str" Val="6666"/><Node Name="ggg" Type="Str" Val="77777"/><Node Name="hhh" Type="Str" Val="88888888"/></ExtnsEx></NewCall></GctiMsg>

17:29:25.146442[34m|LV1|[0mRECEIVE|127.0.0.1:35001|<?xml version="1.0" encoding="utf-8"?>
<!DOCTYPE GctiMsg SYSTEM "IServer.dtd">
<GctiMsg><CallId>1254BA80-53AB-4214-91AD-32EE609062BA0000</CallId><CallStatus Event="Ringing"/></GctiMsg>

17:29:25.146614[44m|INF|[0mReqId:1254BA80-53AB-4214-91AD-32EE609062BA0000|Command:CallStatus|CallStatus:Ringing
17:29:25.146639[33m|LV2|[0mReqId:1254BA80-53AB-4214-91AD-32EE609062BA0000|Command:CallStatus|XmlData:<?xml version="1.0" encoding="utf-8"?>
<!DOCTYPE GctiMsg SYSTEM "IServer.dtd">
<GctiMsg><CallId>1254BA80-53AB-4214-91AD-32EE609062BA0000</CallId><CallStatus Event="Ringing"/></GctiMsg>

17:29:25.246802[34m|LV1|[0mRECEIVE|127.0.0.1:35001|<?xml version="1.0" encoding="utf-8"?>
<!DOCTYPE GctiMsg SYSTEM "IServer.dtd">
<GctiMsg><CallId>1254BA80-53AB-4214-91AD-32EE609062BA0000</CallId><CallStatus Event="Established"/></GctiMsg>

17:29:25.247023[44m|INF|[0mReqId:1254BA80-53AB-4214-91AD-32EE609062BA0000|Command:CallStatus|CallStatus:Established
17:29:25.247051[33m|LV2|[0mReqId:1254BA80-53AB-4214-91AD-32EE609062BA0000|Command:CallStatus|XmlData:<?xml version="1.0" encoding="utf-8"?>
<!DOCTYPE GctiMsg SYSTEM "IServer.dtd">
<GctiMsg><CallId>1254BA80-53AB-4214-91AD-32EE609062BA0000</CallId><CallStatus Event="Established"/></GctiMsg>

17:29:30.105419[44m|INF|[0mReqId:1254BA80-53AB-4214-91AD-32EE609062BA0000|Command:RouteRequest|RouteDN:4200|CED:Customer Entered Data|UDataEx:aaa=111|bbb=222|ccc=333|ddd=444|ExtnsEx:eee=555|fff=6666|ggg=77777|hhh=88888888
17:29:30.105453[33m|LV2|[0mReqId:1254BA80-53AB-4214-91AD-32EE609062BA0000|Command:RouteRequest|XmlData:<?xml version="1.0" encoding="utf-8"?>
<!DOCTYPE GctiMsg SYSTEM "IServer.dtd">
<GctiMsg><CallId>1254BA80-53AB-4214-91AD-32EE609062BA0000</CallId><RouteRequest RouteDN="4200"><CED>Customer Entered Data</CED><UDataEx><Node Name="aaa" Type="Str" Val="111"/><Node Name="bbb" Type="Str" Val="222"/><Node Name="ccc" Type="Str" Val="333"/><Node Name="ddd" Type="Str" Val="444"/></UDataEx><ExtnsEx><Node Name="eee" Type="Str" Val="555"/><Node Name="fff" Type="Str" Val="6666"/><Node Name="ggg" Type="Str" Val="77777"/><Node Name="hhh" Type="Str" Val="88888888"/></ExtnsEx></RouteRequest></GctiMsg>

17:29:30.105503[34m|LV1|[0mSEND   |127.0.0.1:35001|590|<?xml version="1.0" encoding="utf-8"?>
<!DOCTYPE GctiMsg SYSTEM "IServer.dtd">
<GctiMsg><CallId>1254BA80-53AB-4214-91AD-32EE609062BA0000</CallId><RouteRequest RouteDN="4200"><CED>Customer Entered Data</CED><UDataEx><Node Name="aaa" Type="Str" Val="111"/><Node Name="bbb" Type="Str" Val="222"/><Node Name="ccc" Type="Str" Val="333"/><Node Name="ddd" Type="Str" Val="444"/></UDataEx><ExtnsEx><Node Name="eee" Type="Str" Val="555"/><Node Name="fff" Type="Str" Val="6666"/><Node Name="ggg" Type="Str" Val="77777"/><Node Name="hhh" Type="Str" Val="88888888"/></ExtnsEx></RouteRequest></GctiMsg>

17:29:30.105953[34m|LV1|[0mRECEIVE|127.0.0.1:35001|<?xml version="1.0" encoding="utf-8"?>
<!DOCTYPE GctiMsg SYSTEM "IServer.dtd">
<GctiMsg><CallId>1254BA80-53AB-4214-91AD-32EE609062BA0000</CallId><RouteResponse RouteType="Normal"><Dest>5550700</Dest><ExtnsEx><Node Name="eee" Type="Str" Val="555"/><Node Name="fff" Type="Str" Val="6666"/><Node Name="ggg" Type="Str" Val="77777"/><Node Name="hhh" Type="Str" Val="88888888"/></ExtnsEx></RouteResponse></GctiMsg>

