
>>>>>>>>>>>>>>>>>>>>>>>>>>>>>>>>>>>>>>>>>>>>>>>>>>>>>>>>>>>>>>>>>>>>>>>>
>> cba.idr pid(30292) Logging Start
>>>>>>>>>>>>>>>>>>>>>>>>>>>>>>>>>>>>>>>>>>>>>>>>>>>>>>>>>>>>>>>>>>>>>>>>

15:21:50.494786[44m|INF|[0m>>>>>>>>>>>>>>>>>>>>>>>>>>>>>>>>>>>>>>>>>>>>>>>>>>>>>>>>>>>>>>>>>>>>>>>>>>>>
15:21:50.494794[44m|INF|[0mIVRDriver Initialize success.
15:21:50.494799[44m|INF|[0mOwnerName     : CBA.ISVR
15:21:50.494803[44m|INF|[0mOwnerId       : 1001
15:21:50.494808[44m|INF|[0mSvcAppName    : IVR5
15:21:50.494812[44m|INF|[0mSvcDriverName : IVR1
15:21:50.494816[44m|INF|[0mRemoteIp      : 127.0.0.1
15:21:50.494821[44m|INF|[0mRemotePort    : 35001
15:21:50.494825[44m|INF|[0mLogPath       : ../log/cba.idrv/
15:21:50.494830[44m|INF|[0mLogLinkPath   : ../log/
15:21:50.494834[44m|INF|[0mLogLevel      : 3
15:21:50.494839[44m|INF|[0m>>>>>>>>>>>>>>>>>>>>>>>>>>>>>>>>>>>>>>>>>>>>>>>>>>>>>>>>>>>>>>>>>>>>>>>>>>>>
15:21:50.494843[44m|INF|[0m

15:21:50.495043[44m|INF|[0mConnection success. remote_ip:127.0.0.1, remote_port:35001
15:21:50.495613[44m|INF|[0mReqId:100000001|Command:LoginReq|Version:4.0|ClientName:IVR1|ReportStatus:true|ServerMonitor:set
15:21:50.495644[33m|LV2|[0mReqId:100000001|Command:LoginReq|XmlData:<?xml version="1.0" encoding="utf-8"?>
<!DOCTYPE GctiMsg SYSTEM "IServer.dtd">
<GctiMsg><CallId>100000001</CallId><LoginReq Version="4.0" ClientName="IVR1" ReportStatus="true" ServerMonitor="set"/></GctiMsg>

15:21:50.495739[34m|LV1|[0mSEND   |127.0.0.1:35001|208|<?xml version="1.0" encoding="utf-8"?>
<!DOCTYPE GctiMsg SYSTEM "IServer.dtd">
<GctiMsg><CallId>100000001</CallId><LoginReq Version="4.0" ClientName="IVR1" ReportStatus="true" ServerMonitor="set"/></GctiMsg>

15:21:50.496546[34m|LV1|[0mRECEIVE|127.0.0.1:35001|<?xml version="1.0" encoding="utf-8"?>
<!DOCTYPE GctiMsg SYSTEM "IServer.dtd">
<GctiMsg><CallId>100000001</CallId><LoginResp IServerVersion="8.5" Result="Success" ConfigOptions="" Status="OK"/></GctiMsg>

15:21:50.496773[44m|INF|[0mReqId:100000001|Command:LoginResp|IServerVersion:8.5|Result:Success|ConfigOptions:|Status:OK
15:21:50.496799[33m|LV2|[0mReqId:100000001|Command:LoginResp|XmlData:<?xml version="1.0" encoding="utf-8"?>
<!DOCTYPE GctiMsg SYSTEM "IServer.dtd">
<GctiMsg><CallId>100000001</CallId><LoginResp IServerVersion="8.5" Result="Success" ConfigOptions="" Status="OK"/></GctiMsg>

15:22:00.121503[44m|INF|[0mReqId:E9524774-2A46-4853-BFF2-1B267D6C3CCB0000|Command:NewCall|CalledNum:1000|CallControlMode:Network|Version:4.0|DNIS:*6500|ANI:4022|UDataEx:|ExtnsEx:
15:22:00.121549[33m|LV2|[0mReqId:E9524774-2A46-4853-BFF2-1B267D6C3CCB0000|Command:NewCall|XmlData:<?xml version="1.0" encoding="utf-8"?>
<!DOCTYPE GctiMsg SYSTEM "IServer.dtd">
<GctiMsg><CallId>E9524774-2A46-4853-BFF2-1B267D6C3CCB0000</CallId><NewCall CallControlMode="Network" Version="4.0"><CalledNum>1000</CalledNum><DNIS>*6500</DNIS><ANI>4022</ANI></NewCall></GctiMsg>

15:22:00.121976[34m|LV1|[0mRECEIVE|127.0.0.1:35001|<?xml version="1.0" encoding="utf-8"?>
<!DOCTYPE GctiMsg SYSTEM "IServer.dtd">
<GctiMsg><CallId>E9524774-2A46-4853-BFF2-1B267D6C3CCB0000</CallId><CallStatus Event="Ringing"/></GctiMsg>

15:22:00.122041[34m|LV1|[0mSEND   |127.0.0.1:35001|275|<?xml version="1.0" encoding="utf-8"?>
<!DOCTYPE GctiMsg SYSTEM "IServer.dtd">
<GctiMsg><CallId>E9524774-2A46-4853-BFF2-1B267D6C3CCB0000</CallId><NewCall CallControlMode="Network" Version="4.0"><CalledNum>1000</CalledNum><DNIS>*6500</DNIS><ANI>4022</ANI></NewCall></GctiMsg>

15:22:00.122177[44m|INF|[0mReqId:E9524774-2A46-4853-BFF2-1B267D6C3CCB0000|Command:CallStatus|CallStatus:Ringing
15:22:00.122211[33m|LV2|[0mReqId:E9524774-2A46-4853-BFF2-1B267D6C3CCB0000|Command:CallStatus|XmlData:<?xml version="1.0" encoding="utf-8"?>
<!DOCTYPE GctiMsg SYSTEM "IServer.dtd">
<GctiMsg><CallId>E9524774-2A46-4853-BFF2-1B267D6C3CCB0000</CallId><CallStatus Event="Ringing"/></GctiMsg>

15:22:00.222319[34m|LV1|[0mRECEIVE|127.0.0.1:35001|<?xml version="1.0" encoding="utf-8"?>
<!DOCTYPE GctiMsg SYSTEM "IServer.dtd">
<GctiMsg><CallId>E9524774-2A46-4853-BFF2-1B267D6C3CCB0000</CallId><CallStatus Event="Established"/></GctiMsg>

15:22:00.222556[44m|INF|[0mReqId:E9524774-2A46-4853-BFF2-1B267D6C3CCB0000|Command:CallStatus|CallStatus:Established
15:22:00.222585[33m|LV2|[0mReqId:E9524774-2A46-4853-BFF2-1B267D6C3CCB0000|Command:CallStatus|XmlData:<?xml version="1.0" encoding="utf-8"?>
<!DOCTYPE GctiMsg SYSTEM "IServer.dtd">
<GctiMsg><CallId>E9524774-2A46-4853-BFF2-1B267D6C3CCB0000</CallId><CallStatus Event="Established"/></GctiMsg>

15:22:00.350757[44m|INF|[0mReqId:E9524774-2A46-4853-BFF2-1B267D6C3CCB0000|Command:CallInfoReq
15:22:00.350798[33m|LV2|[0mReqId:E9524774-2A46-4853-BFF2-1B267D6C3CCB0000|Command:CallInfoReq|XmlData:<?xml version="1.0" encoding="utf-8"?>
<!DOCTYPE GctiMsg SYSTEM "IServer.dtd">
<GctiMsg><CallId>E9524774-2A46-4853-BFF2-1B267D6C3CCB0000</CallId><CallInfoReq></CallInfoReq></GctiMsg>

15:22:00.350844[34m|LV1|[0mSEND   |127.0.0.1:35001|183|<?xml version="1.0" encoding="utf-8"?>
<!DOCTYPE GctiMsg SYSTEM "IServer.dtd">
<GctiMsg><CallId>E9524774-2A46-4853-BFF2-1B267D6C3CCB0000</CallId><CallInfoReq></CallInfoReq></GctiMsg>

15:22:00.351280[34m|LV1|[0mRECEIVE|127.0.0.1:35001|<?xml version="1.0" encoding="utf-8"?>
<!DOCTYPE GctiMsg SYSTEM "IServer.dtd">
<GctiMsg><CallId>E9524774-2A46-4853-BFF2-1B267D6C3CCB0000</CallId><CallInfoResp ANI="1111111111" DNIS="2222222222" CalledNum="3333333333" ConnId="4444444444" FirstHomeLocation="5555555555" LastEvent="6666666666" OtherDN="7777777777" OtherQueue="8888888888" OtherTrunk="9999999999" PortDN="aaaaaaaaaa" PortQueue="bbbbbbbbbb" PortTrunk="cccccccccc" ThirdPartyDN="dddddddddd" TSCallId="eeeeeeeeee"/></GctiMsg>

15:22:00.352015[44m|INF|[0mReqId:E9524774-2A46-4853-BFF2-1B267D6C3CCB0000|Command:CallInfoResp|ANI:1111111111|DNIS:2222222222|CalledNum:3333333333|ConnId:4444444444|FirstHomeLocation:5555555555|LastEvent:6666666666|OtherDN:7777777777|OtherQueue:8888888888|OtherTrunk:9999999999|PortDN:aaaaaaaaaa|PortQueue:bbbbbbbbbb|PortTrunk:cccccccccc|ThirdPartyDN:dddddddddd|TSCallId:eeeeeeeeee
15:22:00.352051[33m|LV2|[0mReqId:E9524774-2A46-4853-BFF2-1B267D6C3CCB0000|Command:CallInfoResp|XmlData:<?xml version="1.0" encoding="utf-8"?>
<!DOCTYPE GctiMsg SYSTEM "IServer.dtd">
<GctiMsg><CallId>E9524774-2A46-4853-BFF2-1B267D6C3CCB0000</CallId><CallInfoResp ANI="1111111111" DNIS="2222222222" CalledNum="3333333333" ConnId="4444444444" FirstHomeLocation="5555555555" LastEvent="6666666666" OtherDN="7777777777" OtherQueue="8888888888" OtherTrunk="9999999999" PortDN="aaaaaaaaaa" PortQueue="bbbbbbbbbb" PortTrunk="cccccccccc" ThirdPartyDN="dddddddddd" TSCallId="eeeeeeeeee"/></GctiMsg>

15:22:00.629005[44m|INF|[0mReqId:E9524774-2A46-4853-BFF2-1B267D6C3CCB0000|Command:UDataGet|Keys:UEI
15:22:00.629022[33m|LV2|[0mReqId:E9524774-2A46-4853-BFF2-1B267D6C3CCB0000|Command:UDataGet|XmlData:<?xml version="1.0" encoding="utf-8"?>
<!DOCTYPE GctiMsg SYSTEM "IServer.dtd">
<GctiMsg><CallId>E9524774-2A46-4853-BFF2-1B267D6C3CCB0000</CallId><UDataGet Keys="UEI"><RequestId>100000002</RequestId></UDataGet></GctiMsg>

15:22:00.629047[34m|LV1|[0mSEND   |127.0.0.1:35001|220|<?xml version="1.0" encoding="utf-8"?>
<!DOCTYPE GctiMsg SYSTEM "IServer.dtd">
<GctiMsg><CallId>E9524774-2A46-4853-BFF2-1B267D6C3CCB0000</CallId><UDataGet Keys="UEI"><RequestId>100000002</RequestId></UDataGet></GctiMsg>

15:22:00.629297[34m|LV1|[0mRECEIVE|127.0.0.1:35001|<?xml version="1.0" encoding="utf-8"?>
<!DOCTYPE GctiMsg SYSTEM "IServer.dtd">
<GctiMsg><CallId>E9524774-2A46-4853-BFF2-1B267D6C3CCB0000</CallId><UDataResp><RequestId>UEI</RequestId><Result>Success</Result><UDataEx><Node Name="eee" Type="Str" Val="555"/><Node Name="fff" Type="Str" Val="6666"/><Node Name="ggg" Type="Str" Val="77777"/><Node Name="hhh" Type="Str" Val="88888888"/></UDataEx></UDataResp></GctiMsg>

15:22:00.629634[44m|INF|[0mReqId:E9524774-2A46-4853-BFF2-1B267D6C3CCB0000|Command:UDataResp|RequestId:UEI|Result:Success|UDataEx:|eee=555|fff=6666|ggg=77777|hhh=88888888|
15:22:00.629665[33m|LV2|[0mReqId:E9524774-2A46-4853-BFF2-1B267D6C3CCB0000|Command:UDataResp|XmlData:<?xml version="1.0" encoding="utf-8"?>
<!DOCTYPE GctiMsg SYSTEM "IServer.dtd">
<GctiMsg><CallId>E9524774-2A46-4853-BFF2-1B267D6C3CCB0000</CallId><UDataResp><RequestId>UEI</RequestId><Result>Success</Result><UDataEx><Node Name="eee" Type="Str" Val="555"/><Node Name="fff" Type="Str" Val="6666"/><Node Name="ggg" Type="Str" Val="77777"/><Node Name="hhh" Type="Str" Val="88888888"/></UDataEx></UDataResp></GctiMsg>

15:22:06.907605[44m|INF|[0mReqId:E9524774-2A46-4853-BFF2-1B267D6C3CCB0000|Command:OneStepXfer|szDestDN:|szUDataEx:|szExtnsEx:
15:22:06.907621[33m|LV2|[0mReqId:E9524774-2A46-4853-BFF2-1B267D6C3CCB0000|Command:OneStepXfer|XmlData:<?xml version="1.0" encoding="utf-8"?>
<!DOCTYPE GctiMsg SYSTEM "IServer.dtd">
<GctiMsg><CallId>E9524774-2A46-4853-BFF2-1B267D6C3CCB0000</CallId><OneStepXfer DestDN=""/></GctiMsg>

15:22:06.907648[34m|LV1|[0mSEND   |127.0.0.1:35001|180|<?xml version="1.0" encoding="utf-8"?>
<!DOCTYPE GctiMsg SYSTEM "IServer.dtd">
<GctiMsg><CallId>E9524774-2A46-4853-BFF2-1B267D6C3CCB0000</CallId><OneStepXfer DestDN=""/></GctiMsg>

15:22:06.908018[34m|LV1|[0mRECEIVE|127.0.0.1:35001|<?xml version="1.0" encoding="utf-8"?>
<!DOCTYPE GctiMsg SYSTEM "IServer.dtd">
<GctiMsg><CallId>E9524774-2A46-4853-BFF2-1B267D6C3CCB0000</CallId><CallStatus Event="XferComplete"/></GctiMsg>

15:22:06.908155[44m|INF|[0mReqId:E9524774-2A46-4853-BFF2-1B267D6C3CCB0000|Command:CallStatus|CallStatus:XferComplete
15:22:06.908182[33m|LV2|[0mReqId:E9524774-2A46-4853-BFF2-1B267D6C3CCB0000|Command:CallStatus|XmlData:<?xml version="1.0" encoding="utf-8"?>
<!DOCTYPE GctiMsg SYSTEM "IServer.dtd">
<GctiMsg><CallId>E9524774-2A46-4853-BFF2-1B267D6C3CCB0000</CallId><CallStatus Event="XferComplete"/></GctiMsg>

15:22:38.129161[44m|INF|[0mReqId:3E9A0242-7138-434C-A80D-354D266021AC0000|Command:NewCall|CalledNum:1000|CallControlMode:Network|Version:4.0|DNIS:*6500|ANI:4022|UDataEx:|ExtnsEx:
15:22:38.129195[33m|LV2|[0mReqId:3E9A0242-7138-434C-A80D-354D266021AC0000|Command:NewCall|XmlData:<?xml version="1.0" encoding="utf-8"?>
<!DOCTYPE GctiMsg SYSTEM "IServer.dtd">
<GctiMsg><CallId>3E9A0242-7138-434C-A80D-354D266021AC0000</CallId><NewCall CallControlMode="Network" Version="4.0"><CalledNum>1000</CalledNum><DNIS>*6500</DNIS><ANI>4022</ANI></NewCall></GctiMsg>

15:22:38.129243[34m|LV1|[0mSEND   |127.0.0.1:35001|275|<?xml version="1.0" encoding="utf-8"?>
<!DOCTYPE GctiMsg SYSTEM "IServer.dtd">
<GctiMsg><CallId>3E9A0242-7138-434C-A80D-354D266021AC0000</CallId><NewCall CallControlMode="Network" Version="4.0"><CalledNum>1000</CalledNum><DNIS>*6500</DNIS><ANI>4022</ANI></NewCall></GctiMsg>

15:22:38.129677[34m|LV1|[0mRECEIVE|127.0.0.1:35001|<?xml version="1.0" encoding="utf-8"?>
<!DOCTYPE GctiMsg SYSTEM "IServer.dtd">
<GctiMsg><CallId>3E9A0242-7138-434C-A80D-354D266021AC0000</CallId><CallStatus Event="Ringing"/></GctiMsg>

15:22:38.129849[44m|INF|[0mReqId:3E9A0242-7138-434C-A80D-354D266021AC0000|Command:CallStatus|CallStatus:Ringing
15:22:38.129877[33m|LV2|[0mReqId:3E9A0242-7138-434C-A80D-354D266021AC0000|Command:CallStatus|XmlData:<?xml version="1.0" encoding="utf-8"?>
<!DOCTYPE GctiMsg SYSTEM "IServer.dtd">
<GctiMsg><CallId>3E9A0242-7138-434C-A80D-354D266021AC0000</CallId><CallStatus Event="Ringing"/></GctiMsg>

15:22:38.229988[34m|LV1|[0mRECEIVE|127.0.0.1:35001|<?xml version="1.0" encoding="utf-8"?>
<!DOCTYPE GctiMsg SYSTEM "IServer.dtd">
<GctiMsg><CallId>3E9A0242-7138-434C-A80D-354D266021AC0000</CallId><CallStatus Event="Established"/></GctiMsg>

15:22:38.230185[44m|INF|[0mReqId:3E9A0242-7138-434C-A80D-354D266021AC0000|Command:CallStatus|CallStatus:Established
15:22:38.230214[33m|LV2|[0mReqId:3E9A0242-7138-434C-A80D-354D266021AC0000|Command:CallStatus|XmlData:<?xml version="1.0" encoding="utf-8"?>
<!DOCTYPE GctiMsg SYSTEM "IServer.dtd">
<GctiMsg><CallId>3E9A0242-7138-434C-A80D-354D266021AC0000</CallId><CallStatus Event="Established"/></GctiMsg>

15:22:38.369516[44m|INF|[0mReqId:3E9A0242-7138-434C-A80D-354D266021AC0000|Command:CallInfoReq
15:22:38.369575[33m|LV2|[0mReqId:3E9A0242-7138-434C-A80D-354D266021AC0000|Command:CallInfoReq|XmlData:<?xml version="1.0" encoding="utf-8"?>
<!DOCTYPE GctiMsg SYSTEM "IServer.dtd">
<GctiMsg><CallId>3E9A0242-7138-434C-A80D-354D266021AC0000</CallId><CallInfoReq></CallInfoReq></GctiMsg>

15:22:38.369637[34m|LV1|[0mSEND   |127.0.0.1:35001|183|<?xml version="1.0" encoding="utf-8"?>
<!DOCTYPE GctiMsg SYSTEM "IServer.dtd">
<GctiMsg><CallId>3E9A0242-7138-434C-A80D-354D266021AC0000</CallId><CallInfoReq></CallInfoReq></GctiMsg>

15:22:38.370008[34m|LV1|[0mRECEIVE|127.0.0.1:35001|<?xml version="1.0" encoding="utf-8"?>
<!DOCTYPE GctiMsg SYSTEM "IServer.dtd">
<GctiMsg><CallId>3E9A0242-7138-434C-A80D-354D266021AC0000</CallId><CallInfoResp ANI="1111111111" DNIS="2222222222" CalledNum="3333333333" ConnId="4444444444" FirstHomeLocation="5555555555" LastEvent="6666666666" OtherDN="7777777777" OtherQueue="8888888888" OtherTrunk="9999999999" PortDN="aaaaaaaaaa" PortQueue="bbbbbbbbbb" PortTrunk="cccccccccc" ThirdPartyDN="dddddddddd" TSCallId="eeeeeeeeee"/></GctiMsg>

15:22:38.370646[44m|INF|[0mReqId:3E9A0242-7138-434C-A80D-354D266021AC0000|Command:CallInfoResp|ANI:1111111111|DNIS:2222222222|CalledNum:3333333333|ConnId:4444444444|FirstHomeLocation:5555555555|LastEvent:6666666666|OtherDN:7777777777|OtherQueue:8888888888|OtherTrunk:9999999999|PortDN:aaaaaaaaaa|PortQueue:bbbbbbbbbb|PortTrunk:cccccccccc|ThirdPartyDN:dddddddddd|TSCallId:eeeeeeeeee
15:22:38.370677[33m|LV2|[0mReqId:3E9A0242-7138-434C-A80D-354D266021AC0000|Command:CallInfoResp|XmlData:<?xml version="1.0" encoding="utf-8"?>
<!DOCTYPE GctiMsg SYSTEM "IServer.dtd">
<GctiMsg><CallId>3E9A0242-7138-434C-A80D-354D266021AC0000</CallId><CallInfoResp ANI="1111111111" DNIS="2222222222" CalledNum="3333333333" ConnId="4444444444" FirstHomeLocation="5555555555" LastEvent="6666666666" OtherDN="7777777777" OtherQueue="8888888888" OtherTrunk="9999999999" PortDN="aaaaaaaaaa" PortQueue="bbbbbbbbbb" PortTrunk="cccccccccc" ThirdPartyDN="dddddddddd" TSCallId="eeeeeeeeee"/></GctiMsg>

15:22:38.620914[44m|INF|[0mReqId:3E9A0242-7138-434C-A80D-354D266021AC0000|Command:UDataGet|Keys:UEI
15:22:38.620947[33m|LV2|[0mReqId:3E9A0242-7138-434C-A80D-354D266021AC0000|Command:UDataGet|XmlData:<?xml version="1.0" encoding="utf-8"?>
<!DOCTYPE GctiMsg SYSTEM "IServer.dtd">
<GctiMsg><CallId>3E9A0242-7138-434C-A80D-354D266021AC0000</CallId><UDataGet Keys="UEI"><RequestId>100000003</RequestId></UDataGet></GctiMsg>

15:22:38.621001[34m|LV1|[0mSEND   |127.0.0.1:35001|220|<?xml version="1.0" encoding="utf-8"?>
<!DOCTYPE GctiMsg SYSTEM "IServer.dtd">
<GctiMsg><CallId>3E9A0242-7138-434C-A80D-354D266021AC0000</CallId><UDataGet Keys="UEI"><RequestId>100000003</RequestId></UDataGet></GctiMsg>

15:22:38.621405[34m|LV1|[0mRECEIVE|127.0.0.1:35001|<?xml version="1.0" encoding="utf-8"?>
<!DOCTYPE GctiMsg SYSTEM "IServer.dtd">
<GctiMsg><CallId>3E9A0242-7138-434C-A80D-354D266021AC0000</CallId><UDataResp><RequestId>UEI</RequestId><Result>Success</Result><UDataEx><Node Name="eee" Type="Str" Val="555"/><Node Name="fff" Type="Str" Val="6666"/><Node Name="ggg" Type="Str" Val="77777"/><Node Name="hhh" Type="Str" Val="88888888"/></UDataEx></UDataResp></GctiMsg>

15:22:38.621788[44m|INF|[0mReqId:3E9A0242-7138-434C-A80D-354D266021AC0000|Command:UDataResp|RequestId:UEI|Result:Success|UDataEx:|eee=555|fff=6666|ggg=77777|hhh=88888888|
15:22:38.621816[33m|LV2|[0mReqId:3E9A0242-7138-434C-A80D-354D266021AC0000|Command:UDataResp|XmlData:<?xml version="1.0" encoding="utf-8"?>
<!DOCTYPE GctiMsg SYSTEM "IServer.dtd">
<GctiMsg><CallId>3E9A0242-7138-434C-A80D-354D266021AC0000</CallId><UDataResp><RequestId>UEI</RequestId><Result>Success</Result><UDataEx><Node Name="eee" Type="Str" Val="555"/><Node Name="fff" Type="Str" Val="6666"/><Node Name="ggg" Type="Str" Val="77777"/><Node Name="hhh" Type="Str" Val="88888888"/></UDataEx></UDataResp></GctiMsg>

15:23:26.465992[44m|INF|[0mReqId:3E9A0242-7138-434C-A80D-354D266021AC0000|Command:OneStepXfer|szDestDN:|szUDataEx:|szExtnsEx:
15:23:26.466033[33m|LV2|[0mReqId:3E9A0242-7138-434C-A80D-354D266021AC0000|Command:OneStepXfer|XmlData:<?xml version="1.0" encoding="utf-8"?>
<!DOCTYPE GctiMsg SYSTEM "IServer.dtd">
<GctiMsg><CallId>3E9A0242-7138-434C-A80D-354D266021AC0000</CallId><OneStepXfer DestDN=""/></GctiMsg>

15:23:26.466093[34m|LV1|[0mSEND   |127.0.0.1:35001|180|<?xml version="1.0" encoding="utf-8"?>
<!DOCTYPE GctiMsg SYSTEM "IServer.dtd">
<GctiMsg><CallId>3E9A0242-7138-434C-A80D-354D266021AC0000</CallId><OneStepXfer DestDN=""/></GctiMsg>

15:23:26.466424[34m|LV1|[0mRECEIVE|127.0.0.1:35001|<?xml version="1.0" encoding="utf-8"?>
<!DOCTYPE GctiMsg SYSTEM "IServer.dtd">
<GctiMsg><CallId>3E9A0242-7138-434C-A80D-354D266021AC0000</CallId><CallStatus Event="XferComplete"/></GctiMsg>

15:23:26.466602[44m|INF|[0mReqId:3E9A0242-7138-434C-A80D-354D266021AC0000|Command:CallStatus|CallStatus:XferComplete
15:23:26.466637[33m|LV2|[0mReqId:3E9A0242-7138-434C-A80D-354D266021AC0000|Command:CallStatus|XmlData:<?xml version="1.0" encoding="utf-8"?>
<!DOCTYPE GctiMsg SYSTEM "IServer.dtd">
<GctiMsg><CallId>3E9A0242-7138-434C-A80D-354D266021AC0000</CallId><CallStatus Event="XferComplete"/></GctiMsg>

