
>>>>>>>>>>>>>>>>>>>>>>>>>>>>>>>>>>>>>>>>>>>>>>>>>>>>>>>>>>>>>>>>>>>>>>>>
>> cba.idr pid(30947) Logging Start
>>>>>>>>>>>>>>>>>>>>>>>>>>>>>>>>>>>>>>>>>>>>>>>>>>>>>>>>>>>>>>>>>>>>>>>>

15:58:00.743871[44m|INF|[0m>>>>>>>>>>>>>>>>>>>>>>>>>>>>>>>>>>>>>>>>>>>>>>>>>>>>>>>>>>>>>>>>>>>>>>>>>>>>
15:58:00.743878[44m|INF|[0mIVRDriver Initialize success.
15:58:00.743883[44m|INF|[0mOwnerName     : CBA.ISVR
15:58:00.743887[44m|INF|[0mOwnerId       : 1001
15:58:00.743891[44m|INF|[0mSvcAppName    : IVR5
15:58:00.743896[44m|INF|[0mSvcDriverName : IVR1
15:58:00.743900[44m|INF|[0mRemoteIp      : 127.0.0.1
15:58:00.743905[44m|INF|[0mRemotePort    : 35001
15:58:00.743909[44m|INF|[0mLogPath       : ../log/cba.idrv/
15:58:00.743913[44m|INF|[0mLogLinkPath   : ../log/
15:58:00.743918[44m|INF|[0mLogLevel      : 3
15:58:00.743922[44m|INF|[0m>>>>>>>>>>>>>>>>>>>>>>>>>>>>>>>>>>>>>>>>>>>>>>>>>>>>>>>>>>>>>>>>>>>>>>>>>>>>
15:58:00.743927[44m|INF|[0m

15:58:00.744083[44m|INF|[0mConnection success. remote_ip:127.0.0.1, remote_port:35001
15:58:00.744392[44m|INF|[0mReqId:100000001|Command:LoginReq|Version:4.0|ClientName:IVR1|ReportStatus:true|ServerMonitor:set
15:58:00.744407[33m|LV2|[0mReqId:100000001|Command:LoginReq|XmlData:<?xml version="1.0" encoding="utf-8"?>
<!DOCTYPE GctiMsg SYSTEM "IServer.dtd">
<GctiMsg><CallId>100000001</CallId><LoginReq Version="4.0" ClientName="IVR1" ReportStatus="true" ServerMonitor="set"/></GctiMsg>

15:58:00.744436[34m|LV1|[0mSEND   |127.0.0.1:35001|208|<?xml version="1.0" encoding="utf-8"?>
<!DOCTYPE GctiMsg SYSTEM "IServer.dtd">
<GctiMsg><CallId>100000001</CallId><LoginReq Version="4.0" ClientName="IVR1" ReportStatus="true" ServerMonitor="set"/></GctiMsg>

15:58:00.745615[34m|LV1|[0mRECEIVE|127.0.0.1:35001|<?xml version="1.0" encoding="utf-8"?>
<!DOCTYPE GctiMsg SYSTEM "IServer.dtd">
<GctiMsg><CallId>100000001</CallId><LoginResp IServerVersion="8.5" Result="Success" ConfigOptions="" Status="OK"/></GctiMsg>

15:58:00.745886[44m|INF|[0mReqId:100000001|Command:LoginResp|IServerVersion:8.5|Result:Success|ConfigOptions:|Status:OK
15:58:00.745912[33m|LV2|[0mReqId:100000001|Command:LoginResp|XmlData:<?xml version="1.0" encoding="utf-8"?>
<!DOCTYPE GctiMsg SYSTEM "IServer.dtd">
<GctiMsg><CallId>100000001</CallId><LoginResp IServerVersion="8.5" Result="Success" ConfigOptions="" Status="OK"/></GctiMsg>

15:58:50.332652[44m|INF|[0mReqId:1254BA80-53AB-4214-91AD-32EE609062BA0000|Command:NewCall|CalledNum:1000|CallControlMode:Network|Version:3.0|ANIRestriction:CLIP|DNIS:5000|ANI:4200|UDataEx:UDataEx:nice|ExtnsEx:ExtnsEx:changs
15:58:50.332719[33m|LV2|[0mReqId:1254BA80-53AB-4214-91AD-32EE609062BA0000|Command:NewCall|XmlData:<?xml version="1.0" encoding="utf-8"?>
<!DOCTYPE GctiMsg SYSTEM "IServer.dtd">
<GctiMsg><CallId>1254BA80-53AB-4214-91AD-32EE609062BA0000</CallId><NewCall CallControlMode="Network" Version="3.0"><CalledNum>1000</CalledNum><DNIS>5000</DNIS><ANI>4200</ANI></NewCall></GctiMsg>

15:58:50.332847[34m|LV1|[0mSEND   |127.0.0.1:35001|274|<?xml version="1.0" encoding="utf-8"?>
<!DOCTYPE GctiMsg SYSTEM "IServer.dtd">
<GctiMsg><CallId>1254BA80-53AB-4214-91AD-32EE609062BA0000</CallId><NewCall CallControlMode="Network" Version="3.0"><CalledNum>1000</CalledNum><DNIS>5000</DNIS><ANI>4200</ANI></NewCall></GctiMsg>

15:58:50.333229[34m|LV1|[0mRECEIVE|127.0.0.1:35001|<?xml version="1.0" encoding="utf-8"?>
<!DOCTYPE GctiMsg SYSTEM "IServer.dtd">
<GctiMsg><CallId>1254BA80-53AB-4214-91AD-32EE609062BA0000</CallId><CallStatus Event="Ringing"/></GctiMsg>

15:58:50.333440[44m|INF|[0mReqId:1254BA80-53AB-4214-91AD-32EE609062BA0000|Command:CallStatus|CallStatus:Ringing
15:58:50.333475[33m|LV2|[0mReqId:1254BA80-53AB-4214-91AD-32EE609062BA0000|Command:CallStatus|XmlData:<?xml version="1.0" encoding="utf-8"?>
<!DOCTYPE GctiMsg SYSTEM "IServer.dtd">
<GctiMsg><CallId>1254BA80-53AB-4214-91AD-32EE609062BA0000</CallId><CallStatus Event="Ringing"/></GctiMsg>

15:58:50.433572[34m|LV1|[0mRECEIVE|127.0.0.1:35001|<?xml version="1.0" encoding="utf-8"?>
<!DOCTYPE GctiMsg SYSTEM "IServer.dtd">
<GctiMsg><CallId>1254BA80-53AB-4214-91AD-32EE609062BA0000</CallId><CallStatus Event="Established"/></GctiMsg>

15:58:50.433837[44m|INF|[0mReqId:1254BA80-53AB-4214-91AD-32EE609062BA0000|Command:CallStatus|CallStatus:Established
15:58:50.433870[33m|LV2|[0mReqId:1254BA80-53AB-4214-91AD-32EE609062BA0000|Command:CallStatus|XmlData:<?xml version="1.0" encoding="utf-8"?>
<!DOCTYPE GctiMsg SYSTEM "IServer.dtd">
<GctiMsg><CallId>1254BA80-53AB-4214-91AD-32EE609062BA0000</CallId><CallStatus Event="Established"/></GctiMsg>

15:59:17.434944[44m|INF|[0mReqId:1254BA80-53AB-4214-91AD-32EE609062BA0000|Command:UDataSet|UDataEx:this|is|UserExtensionInfo
15:59:17.434993[33m|LV2|[0mReqId:1254BA80-53AB-4214-91AD-32EE609062BA0000|Command:UDataSet|XmlData:<?xml version="1.0" encoding="utf-8"?>
<!DOCTYPE GctiMsg SYSTEM "IServer.dtd">
<GctiMsg><CallId>1254BA80-53AB-4214-91AD-32EE609062BA0000</CallId><UDataSet Action="Add"><RequestId>UEI</RequestId><UDataEx>this|is|UserExtensionInfo</UDataEx></UDataSet></GctiMsg>

15:59:17.435070[34m|LV1|[0mSEND   |127.0.0.1:35001|260|<?xml version="1.0" encoding="utf-8"?>
<!DOCTYPE GctiMsg SYSTEM "IServer.dtd">
<GctiMsg><CallId>1254BA80-53AB-4214-91AD-32EE609062BA0000</CallId><UDataSet Action="Add"><RequestId>UEI</RequestId><UDataEx>this|is|UserExtensionInfo</UDataEx></UDataSet></GctiMsg>

15:59:17.435458[34m|LV1|[0mRECEIVE|127.0.0.1:35001|<?xml version="1.0" encoding="utf-8"?>
<!DOCTYPE GctiMsg SYSTEM "IServer.dtd">
<GctiMsg><CallId>1254BA80-53AB-4214-91AD-32EE609062BA0000</CallId><UDataResp><RequestId>UEI</RequestId><Result>Success</Result><UDataEx>aaaaaaaaaaaa|bbbbbbbbb|ccccccccccc|ddddddddddd|eeeeeeeeeeee</UDataEx></UDataResp></GctiMsg>

15:59:17.435769[44m|INF|[0mReqId:1254BA80-53AB-4214-91AD-32EE609062BA0000|Command:UDataResp|RequestId:UEI|Result:Success|UEIData:aaaaaaaaaaaa|bbbbbbbbb|ccccccccccc|ddddddddddd|eeeeeeeeeeee
15:59:17.435806[33m|LV2|[0mReqId:1254BA80-53AB-4214-91AD-32EE609062BA0000|Command:UDataResp|XmlData:<?xml version="1.0" encoding="utf-8"?>
<!DOCTYPE GctiMsg SYSTEM "IServer.dtd">
<GctiMsg><CallId>1254BA80-53AB-4214-91AD-32EE609062BA0000</CallId><UDataResp><RequestId>UEI</RequestId><Result>Success</Result><UDataEx>aaaaaaaaaaaa|bbbbbbbbb|ccccccccccc|ddddddddddd|eeeeeeeeeeee</UDataEx></UDataResp></GctiMsg>

15:59:50.520053[44m|INF|[0mReqId:1254BA80-53AB-4214-91AD-32EE609062BA0000|Command:UDataSet|UDataEx:this|is|UserExtensionInfo
15:59:50.520094[33m|LV2|[0mReqId:1254BA80-53AB-4214-91AD-32EE609062BA0000|Command:UDataSet|XmlData:<?xml version="1.0" encoding="utf-8"?>
<!DOCTYPE GctiMsg SYSTEM "IServer.dtd">
<GctiMsg><CallId>1254BA80-53AB-4214-91AD-32EE609062BA0000</CallId><UDataSet Action="Add"><RequestId>UEI</RequestId><UDataEx>this|is|UserExtensionInfo</UDataEx></UDataSet></GctiMsg>

15:59:50.520144[34m|LV1|[0mSEND   |127.0.0.1:35001|260|<?xml version="1.0" encoding="utf-8"?>
<!DOCTYPE GctiMsg SYSTEM "IServer.dtd">
<GctiMsg><CallId>1254BA80-53AB-4214-91AD-32EE609062BA0000</CallId><UDataSet Action="Add"><RequestId>UEI</RequestId><UDataEx>this|is|UserExtensionInfo</UDataEx></UDataSet></GctiMsg>

15:59:50.520473[34m|LV1|[0mRECEIVE|127.0.0.1:35001|<?xml version="1.0" encoding="utf-8"?>
<!DOCTYPE GctiMsg SYSTEM "IServer.dtd">
<GctiMsg><CallId>1254BA80-53AB-4214-91AD-32EE609062BA0000</CallId><UDataResp><RequestId>UEI</RequestId><Result>Success</Result><UDataEx>aaaaaaaaaaaa|bbbbbbbbb|ccccccccccc|ddddddddddd|eeeeeeeeeeee</UDataEx></UDataResp></GctiMsg>

15:59:50.520784[44m|INF|[0mReqId:1254BA80-53AB-4214-91AD-32EE609062BA0000|Command:UDataResp|RequestId:UEI|Result:Success|UEIData:aaaaaaaaaaaa|bbbbbbbbb|ccccccccccc|ddddddddddd|eeeeeeeeeeee
15:59:50.520835[33m|LV2|[0mReqId:1254BA80-53AB-4214-91AD-32EE609062BA0000|Command:UDataResp|XmlData:<?xml version="1.0" encoding="utf-8"?>
<!DOCTYPE GctiMsg SYSTEM "IServer.dtd">
<GctiMsg><CallId>1254BA80-53AB-4214-91AD-32EE609062BA0000</CallId><UDataResp><RequestId>UEI</RequestId><Result>Success</Result><UDataEx>aaaaaaaaaaaa|bbbbbbbbb|ccccccccccc|ddddddddddd|eeeeeeeeeeee</UDataEx></UDataResp></GctiMsg>

15:59:50.767167[44m|INF|[0mReqId:1254BA80-53AB-4214-91AD-32EE609062BA0000|Command:UDataSet|UDataEx:this|is|UserExtensionInfo
15:59:50.767220[33m|LV2|[0mReqId:1254BA80-53AB-4214-91AD-32EE609062BA0000|Command:UDataSet|XmlData:<?xml version="1.0" encoding="utf-8"?>
<!DOCTYPE GctiMsg SYSTEM "IServer.dtd">
<GctiMsg><CallId>1254BA80-53AB-4214-91AD-32EE609062BA0000</CallId><UDataSet Action="Add"><RequestId>UEI</RequestId><UDataEx>this|is|UserExtensionInfo</UDataEx></UDataSet></GctiMsg>

15:59:50.767274[34m|LV1|[0mSEND   |127.0.0.1:35001|260|<?xml version="1.0" encoding="utf-8"?>
<!DOCTYPE GctiMsg SYSTEM "IServer.dtd">
<GctiMsg><CallId>1254BA80-53AB-4214-91AD-32EE609062BA0000</CallId><UDataSet Action="Add"><RequestId>UEI</RequestId><UDataEx>this|is|UserExtensionInfo</UDataEx></UDataSet></GctiMsg>

15:59:50.767670[34m|LV1|[0mRECEIVE|127.0.0.1:35001|<?xml version="1.0" encoding="utf-8"?>
<!DOCTYPE GctiMsg SYSTEM "IServer.dtd">
<GctiMsg><CallId>1254BA80-53AB-4214-91AD-32EE609062BA0000</CallId><UDataResp><RequestId>UEI</RequestId><Result>Success</Result><UDataEx>aaaaaaaaaaaa|bbbbbbbbb|ccccccccccc|ddddddddddd|eeeeeeeeeeee</UDataEx></UDataResp></GctiMsg>

15:59:50.767967[44m|INF|[0mReqId:1254BA80-53AB-4214-91AD-32EE609062BA0000|Command:UDataResp|RequestId:UEI|Result:Success|UEIData:aaaaaaaaaaaa|bbbbbbbbb|ccccccccccc|ddddddddddd|eeeeeeeeeeee
15:59:50.768003[33m|LV2|[0mReqId:1254BA80-53AB-4214-91AD-32EE609062BA0000|Command:UDataResp|XmlData:<?xml version="1.0" encoding="utf-8"?>
<!DOCTYPE GctiMsg SYSTEM "IServer.dtd">
<GctiMsg><CallId>1254BA80-53AB-4214-91AD-32EE609062BA0000</CallId><UDataResp><RequestId>UEI</RequestId><Result>Success</Result><UDataEx>aaaaaaaaaaaa|bbbbbbbbb|ccccccccccc|ddddddddddd|eeeeeeeeeeee</UDataEx></UDataResp></GctiMsg>

15:59:51.012757[44m|INF|[0mReqId:1254BA80-53AB-4214-91AD-32EE609062BA0000|Command:UDataSet|UDataEx:this|is|UserExtensionInfo
15:59:51.012825[33m|LV2|[0mReqId:1254BA80-53AB-4214-91AD-32EE609062BA0000|Command:UDataSet|XmlData:<?xml version="1.0" encoding="utf-8"?>
<!DOCTYPE GctiMsg SYSTEM "IServer.dtd">
<GctiMsg><CallId>1254BA80-53AB-4214-91AD-32EE609062BA0000</CallId><UDataSet Action="Add"><RequestId>UEI</RequestId><UDataEx>this|is|UserExtensionInfo</UDataEx></UDataSet></GctiMsg>

15:59:51.012882[34m|LV1|[0mSEND   |127.0.0.1:35001|260|<?xml version="1.0" encoding="utf-8"?>
<!DOCTYPE GctiMsg SYSTEM "IServer.dtd">
<GctiMsg><CallId>1254BA80-53AB-4214-91AD-32EE609062BA0000</CallId><UDataSet Action="Add"><RequestId>UEI</RequestId><UDataEx>this|is|UserExtensionInfo</UDataEx></UDataSet></GctiMsg>

15:59:51.013221[34m|LV1|[0mRECEIVE|127.0.0.1:35001|<?xml version="1.0" encoding="utf-8"?>
<!DOCTYPE GctiMsg SYSTEM "IServer.dtd">
<GctiMsg><CallId>1254BA80-53AB-4214-91AD-32EE609062BA0000</CallId><UDataResp><RequestId>UEI</RequestId><Result>Success</Result><UDataEx>aaaaaaaaaaaa|bbbbbbbbb|ccccccccccc|ddddddddddd|eeeeeeeeeeee</UDataEx></UDataResp></GctiMsg>

15:59:51.013515[44m|INF|[0mReqId:1254BA80-53AB-4214-91AD-32EE609062BA0000|Command:UDataResp|RequestId:UEI|Result:Success|UEIData:aaaaaaaaaaaa|bbbbbbbbb|ccccccccccc|ddddddddddd|eeeeeeeeeeee
15:59:51.013556[33m|LV2|[0mReqId:1254BA80-53AB-4214-91AD-32EE609062BA0000|Command:UDataResp|XmlData:<?xml version="1.0" encoding="utf-8"?>
<!DOCTYPE GctiMsg SYSTEM "IServer.dtd">
<GctiMsg><CallId>1254BA80-53AB-4214-91AD-32EE609062BA0000</CallId><UDataResp><RequestId>UEI</RequestId><Result>Success</Result><UDataEx>aaaaaaaaaaaa|bbbbbbbbb|ccccccccccc|ddddddddddd|eeeeeeeeeeee</UDataEx></UDataResp></GctiMsg>

15:59:51.231784[44m|INF|[0mReqId:1254BA80-53AB-4214-91AD-32EE609062BA0000|Command:UDataSet|UDataEx:this|is|UserExtensionInfo
15:59:51.231821[33m|LV2|[0mReqId:1254BA80-53AB-4214-91AD-32EE609062BA0000|Command:UDataSet|XmlData:<?xml version="1.0" encoding="utf-8"?>
<!DOCTYPE GctiMsg SYSTEM "IServer.dtd">
<GctiMsg><CallId>1254BA80-53AB-4214-91AD-32EE609062BA0000</CallId><UDataSet Action="Add"><RequestId>UEI</RequestId><UDataEx>this|is|UserExtensionInfo</UDataEx></UDataSet></GctiMsg>

15:59:51.231892[34m|LV1|[0mSEND   |127.0.0.1:35001|260|<?xml version="1.0" encoding="utf-8"?>
<!DOCTYPE GctiMsg SYSTEM "IServer.dtd">
<GctiMsg><CallId>1254BA80-53AB-4214-91AD-32EE609062BA0000</CallId><UDataSet Action="Add"><RequestId>UEI</RequestId><UDataEx>this|is|UserExtensionInfo</UDataEx></UDataSet></GctiMsg>

15:59:51.232211[34m|LV1|[0mRECEIVE|127.0.0.1:35001|<?xml version="1.0" encoding="utf-8"?>
<!DOCTYPE GctiMsg SYSTEM "IServer.dtd">
<GctiMsg><CallId>1254BA80-53AB-4214-91AD-32EE609062BA0000</CallId><UDataResp><RequestId>UEI</RequestId><Result>Success</Result><UDataEx>aaaaaaaaaaaa|bbbbbbbbb|ccccccccccc|ddddddddddd|eeeeeeeeeeee</UDataEx></UDataResp></GctiMsg>

15:59:51.232489[44m|INF|[0mReqId:1254BA80-53AB-4214-91AD-32EE609062BA0000|Command:UDataResp|RequestId:UEI|Result:Success|UEIData:aaaaaaaaaaaa|bbbbbbbbb|ccccccccccc|ddddddddddd|eeeeeeeeeeee
15:59:51.232536[33m|LV2|[0mReqId:1254BA80-53AB-4214-91AD-32EE609062BA0000|Command:UDataResp|XmlData:<?xml version="1.0" encoding="utf-8"?>
<!DOCTYPE GctiMsg SYSTEM "IServer.dtd">
<GctiMsg><CallId>1254BA80-53AB-4214-91AD-32EE609062BA0000</CallId><UDataResp><RequestId>UEI</RequestId><Result>Success</Result><UDataEx>aaaaaaaaaaaa|bbbbbbbbb|ccccccccccc|ddddddddddd|eeeeeeeeeeee</UDataEx></UDataResp></GctiMsg>

15:59:51.355277[44m|INF|[0mReqId:1254BA80-53AB-4214-91AD-32EE609062BA0000|Command:UDataSet|UDataEx:this|is|UserExtensionInfo
15:59:51.355313[33m|LV2|[0mReqId:1254BA80-53AB-4214-91AD-32EE609062BA0000|Command:UDataSet|XmlData:<?xml version="1.0" encoding="utf-8"?>
<!DOCTYPE GctiMsg SYSTEM "IServer.dtd">
<GctiMsg><CallId>1254BA80-53AB-4214-91AD-32EE609062BA0000</CallId><UDataSet Action="Add"><RequestId>UEI</RequestId><UDataEx>this|is|UserExtensionInfo</UDataEx></UDataSet></GctiMsg>

15:59:51.355368[34m|LV1|[0mSEND   |127.0.0.1:35001|260|<?xml version="1.0" encoding="utf-8"?>
<!DOCTYPE GctiMsg SYSTEM "IServer.dtd">
<GctiMsg><CallId>1254BA80-53AB-4214-91AD-32EE609062BA0000</CallId><UDataSet Action="Add"><RequestId>UEI</RequestId><UDataEx>this|is|UserExtensionInfo</UDataEx></UDataSet></GctiMsg>

15:59:51.356236[34m|LV1|[0mRECEIVE|127.0.0.1:35001|<?xml version="1.0" encoding="utf-8"?>
<!DOCTYPE GctiMsg SYSTEM "IServer.dtd">
<GctiMsg><CallId>1254BA80-53AB-4214-91AD-32EE609062BA0000</CallId><UDataResp><RequestId>UEI</RequestId><Result>Success</Result><UDataEx>aaaaaaaaaaaa|bbbbbbbbb|ccccccccccc|ddddddddddd|eeeeeeeeeeee</UDataEx></UDataResp></GctiMsg>

15:59:51.356491[44m|INF|[0mReqId:1254BA80-53AB-4214-91AD-32EE609062BA0000|Command:UDataResp|RequestId:UEI|Result:Success|UEIData:aaaaaaaaaaaa|bbbbbbbbb|ccccccccccc|ddddddddddd|eeeeeeeeeeee
15:59:51.356536[33m|LV2|[0mReqId:1254BA80-53AB-4214-91AD-32EE609062BA0000|Command:UDataResp|XmlData:<?xml version="1.0" encoding="utf-8"?>
<!DOCTYPE GctiMsg SYSTEM "IServer.dtd">
<GctiMsg><CallId>1254BA80-53AB-4214-91AD-32EE609062BA0000</CallId><UDataResp><RequestId>UEI</RequestId><Result>Success</Result><UDataEx>aaaaaaaaaaaa|bbbbbbbbb|ccccccccccc|ddddddddddd|eeeeeeeeeeee</UDataEx></UDataResp></GctiMsg>

15:59:51.566871[44m|INF|[0mReqId:1254BA80-53AB-4214-91AD-32EE609062BA0000|Command:UDataSet|UDataEx:this|is|UserExtensionInfo
15:59:51.566906[33m|LV2|[0mReqId:1254BA80-53AB-4214-91AD-32EE609062BA0000|Command:UDataSet|XmlData:<?xml version="1.0" encoding="utf-8"?>
<!DOCTYPE GctiMsg SYSTEM "IServer.dtd">
<GctiMsg><CallId>1254BA80-53AB-4214-91AD-32EE609062BA0000</CallId><UDataSet Action="Add"><RequestId>UEI</RequestId><UDataEx>this|is|UserExtensionInfo</UDataEx></UDataSet></GctiMsg>

15:59:51.566954[34m|LV1|[0mSEND   |127.0.0.1:35001|260|<?xml version="1.0" encoding="utf-8"?>
<!DOCTYPE GctiMsg SYSTEM "IServer.dtd">
<GctiMsg><CallId>1254BA80-53AB-4214-91AD-32EE609062BA0000</CallId><UDataSet Action="Add"><RequestId>UEI</RequestId><UDataEx>this|is|UserExtensionInfo</UDataEx></UDataSet></GctiMsg>

15:59:51.567322[34m|LV1|[0mRECEIVE|127.0.0.1:35001|<?xml version="1.0" encoding="utf-8"?>
<!DOCTYPE GctiMsg SYSTEM "IServer.dtd">
<GctiMsg><CallId>1254BA80-53AB-4214-91AD-32EE609062BA0000</CallId><UDataResp><RequestId>UEI</RequestId><Result>Success</Result><UDataEx>aaaaaaaaaaaa|bbbbbbbbb|ccccccccccc|ddddddddddd|eeeeeeeeeeee</UDataEx></UDataResp></GctiMsg>

15:59:51.567598[44m|INF|[0mReqId:1254BA80-53AB-4214-91AD-32EE609062BA0000|Command:UDataResp|RequestId:UEI|Result:Success|UEIData:aaaaaaaaaaaa|bbbbbbbbb|ccccccccccc|ddddddddddd|eeeeeeeeeeee
15:59:51.567635[33m|LV2|[0mReqId:1254BA80-53AB-4214-91AD-32EE609062BA0000|Command:UDataResp|XmlData:<?xml version="1.0" encoding="utf-8"?>
<!DOCTYPE GctiMsg SYSTEM "IServer.dtd">
<GctiMsg><CallId>1254BA80-53AB-4214-91AD-32EE609062BA0000</CallId><UDataResp><RequestId>UEI</RequestId><Result>Success</Result><UDataEx>aaaaaaaaaaaa|bbbbbbbbb|ccccccccccc|ddddddddddd|eeeeeeeeeeee</UDataEx></UDataResp></GctiMsg>

15:59:51.785050[44m|INF|[0mReqId:1254BA80-53AB-4214-91AD-32EE609062BA0000|Command:UDataSet|UDataEx:this|is|UserExtensionInfo
15:59:51.785085[33m|LV2|[0mReqId:1254BA80-53AB-4214-91AD-32EE609062BA0000|Command:UDataSet|XmlData:<?xml version="1.0" encoding="utf-8"?>
<!DOCTYPE GctiMsg SYSTEM "IServer.dtd">
<GctiMsg><CallId>1254BA80-53AB-4214-91AD-32EE609062BA0000</CallId><UDataSet Action="Add"><RequestId>UEI</RequestId><UDataEx>this|is|UserExtensionInfo</UDataEx></UDataSet></GctiMsg>

15:59:51.785134[34m|LV1|[0mSEND   |127.0.0.1:35001|260|<?xml version="1.0" encoding="utf-8"?>
<!DOCTYPE GctiMsg SYSTEM "IServer.dtd">
<GctiMsg><CallId>1254BA80-53AB-4214-91AD-32EE609062BA0000</CallId><UDataSet Action="Add"><RequestId>UEI</RequestId><UDataEx>this|is|UserExtensionInfo</UDataEx></UDataSet></GctiMsg>

15:59:51.785454[34m|LV1|[0mRECEIVE|127.0.0.1:35001|<?xml version="1.0" encoding="utf-8"?>
<!DOCTYPE GctiMsg SYSTEM "IServer.dtd">
<GctiMsg><CallId>1254BA80-53AB-4214-91AD-32EE609062BA0000</CallId><UDataResp><RequestId>UEI</RequestId><Result>Success</Result><UDataEx>aaaaaaaaaaaa|bbbbbbbbb|ccccccccccc|ddddddddddd|eeeeeeeeeeee</UDataEx></UDataResp></GctiMsg>

15:59:51.785757[44m|INF|[0mReqId:1254BA80-53AB-4214-91AD-32EE609062BA0000|Command:UDataResp|RequestId:UEI|Result:Success|UEIData:aaaaaaaaaaaa|bbbbbbbbb|ccccccccccc|ddddddddddd|eeeeeeeeeeee
15:59:51.785792[33m|LV2|[0mReqId:1254BA80-53AB-4214-91AD-32EE609062BA0000|Command:UDataResp|XmlData:<?xml version="1.0" encoding="utf-8"?>
<!DOCTYPE GctiMsg SYSTEM "IServer.dtd">
<GctiMsg><CallId>1254BA80-53AB-4214-91AD-32EE609062BA0000</CallId><UDataResp><RequestId>UEI</RequestId><Result>Success</Result><UDataEx>aaaaaaaaaaaa|bbbbbbbbb|ccccccccccc|ddddddddddd|eeeeeeeeeeee</UDataEx></UDataResp></GctiMsg>

15:59:51.905629[44m|INF|[0mReqId:1254BA80-53AB-4214-91AD-32EE609062BA0000|Command:UDataSet|UDataEx:this|is|UserExtensionInfo
15:59:51.905691[33m|LV2|[0mReqId:1254BA80-53AB-4214-91AD-32EE609062BA0000|Command:UDataSet|XmlData:<?xml version="1.0" encoding="utf-8"?>
<!DOCTYPE GctiMsg SYSTEM "IServer.dtd">
<GctiMsg><CallId>1254BA80-53AB-4214-91AD-32EE609062BA0000</CallId><UDataSet Action="Add"><RequestId>UEI</RequestId><UDataEx>this|is|UserExtensionInfo</UDataEx></UDataSet></GctiMsg>

15:59:51.905753[34m|LV1|[0mSEND   |127.0.0.1:35001|260|<?xml version="1.0" encoding="utf-8"?>
<!DOCTYPE GctiMsg SYSTEM "IServer.dtd">
<GctiMsg><CallId>1254BA80-53AB-4214-91AD-32EE609062BA0000</CallId><UDataSet Action="Add"><RequestId>UEI</RequestId><UDataEx>this|is|UserExtensionInfo</UDataEx></UDataSet></GctiMsg>

15:59:51.906177[34m|LV1|[0mRECEIVE|127.0.0.1:35001|<?xml version="1.0" encoding="utf-8"?>
<!DOCTYPE GctiMsg SYSTEM "IServer.dtd">
<GctiMsg><CallId>1254BA80-53AB-4214-91AD-32EE609062BA0000</CallId><UDataResp><RequestId>UEI</RequestId><Result>Success</Result><UDataEx>aaaaaaaaaaaa|bbbbbbbbb|ccccccccccc|ddddddddddd|eeeeeeeeeeee</UDataEx></UDataResp></GctiMsg>

15:59:51.906487[44m|INF|[0mReqId:1254BA80-53AB-4214-91AD-32EE609062BA0000|Command:UDataResp|RequestId:UEI|Result:Success|UEIData:aaaaaaaaaaaa|bbbbbbbbb|ccccccccccc|ddddddddddd|eeeeeeeeeeee
15:59:51.906523[33m|LV2|[0mReqId:1254BA80-53AB-4214-91AD-32EE609062BA0000|Command:UDataResp|XmlData:<?xml version="1.0" encoding="utf-8"?>
<!DOCTYPE GctiMsg SYSTEM "IServer.dtd">
<GctiMsg><CallId>1254BA80-53AB-4214-91AD-32EE609062BA0000</CallId><UDataResp><RequestId>UEI</RequestId><Result>Success</Result><UDataEx>aaaaaaaaaaaa|bbbbbbbbb|ccccccccccc|ddddddddddd|eeeeeeeeeeee</UDataEx></UDataResp></GctiMsg>

15:59:52.130547[44m|INF|[0mReqId:1254BA80-53AB-4214-91AD-32EE609062BA0000|Command:UDataSet|UDataEx:this|is|UserExtensionInfo
15:59:52.130586[33m|LV2|[0mReqId:1254BA80-53AB-4214-91AD-32EE609062BA0000|Command:UDataSet|XmlData:<?xml version="1.0" encoding="utf-8"?>
<!DOCTYPE GctiMsg SYSTEM "IServer.dtd">
<GctiMsg><CallId>1254BA80-53AB-4214-91AD-32EE609062BA0000</CallId><UDataSet Action="Add"><RequestId>UEI</RequestId><UDataEx>this|is|UserExtensionInfo</UDataEx></UDataSet></GctiMsg>

15:59:52.130649[34m|LV1|[0mSEND   |127.0.0.1:35001|260|<?xml version="1.0" encoding="utf-8"?>
<!DOCTYPE GctiMsg SYSTEM "IServer.dtd">
<GctiMsg><CallId>1254BA80-53AB-4214-91AD-32EE609062BA0000</CallId><UDataSet Action="Add"><RequestId>UEI</RequestId><UDataEx>this|is|UserExtensionInfo</UDataEx></UDataSet></GctiMsg>

15:59:52.131036[34m|LV1|[0mRECEIVE|127.0.0.1:35001|<?xml version="1.0" encoding="utf-8"?>
<!DOCTYPE GctiMsg SYSTEM "IServer.dtd">
<GctiMsg><CallId>1254BA80-53AB-4214-91AD-32EE609062BA0000</CallId><UDataResp><RequestId>UEI</RequestId><Result>Success</Result><UDataEx>aaaaaaaaaaaa|bbbbbbbbb|ccccccccccc|ddddddddddd|eeeeeeeeeeee</UDataEx></UDataResp></GctiMsg>

15:59:52.131303[44m|INF|[0mReqId:1254BA80-53AB-4214-91AD-32EE609062BA0000|Command:UDataResp|RequestId:UEI|Result:Success|UEIData:aaaaaaaaaaaa|bbbbbbbbb|ccccccccccc|ddddddddddd|eeeeeeeeeeee
15:59:52.131337[33m|LV2|[0mReqId:1254BA80-53AB-4214-91AD-32EE609062BA0000|Command:UDataResp|XmlData:<?xml version="1.0" encoding="utf-8"?>
<!DOCTYPE GctiMsg SYSTEM "IServer.dtd">
<GctiMsg><CallId>1254BA80-53AB-4214-91AD-32EE609062BA0000</CallId><UDataResp><RequestId>UEI</RequestId><Result>Success</Result><UDataEx>aaaaaaaaaaaa|bbbbbbbbb|ccccccccccc|ddddddddddd|eeeeeeeeeeee</UDataEx></UDataResp></GctiMsg>

15:59:52.252229[44m|INF|[0mReqId:1254BA80-53AB-4214-91AD-32EE609062BA0000|Command:UDataSet|UDataEx:this|is|UserExtensionInfo
15:59:52.252263[33m|LV2|[0mReqId:1254BA80-53AB-4214-91AD-32EE609062BA0000|Command:UDataSet|XmlData:<?xml version="1.0" encoding="utf-8"?>
<!DOCTYPE GctiMsg SYSTEM "IServer.dtd">
<GctiMsg><CallId>1254BA80-53AB-4214-91AD-32EE609062BA0000</CallId><UDataSet Action="Add"><RequestId>UEI</RequestId><UDataEx>this|is|UserExtensionInfo</UDataEx></UDataSet></GctiMsg>

15:59:52.252308[34m|LV1|[0mSEND   |127.0.0.1:35001|260|<?xml version="1.0" encoding="utf-8"?>
<!DOCTYPE GctiMsg SYSTEM "IServer.dtd">
<GctiMsg><CallId>1254BA80-53AB-4214-91AD-32EE609062BA0000</CallId><UDataSet Action="Add"><RequestId>UEI</RequestId><UDataEx>this|is|UserExtensionInfo</UDataEx></UDataSet></GctiMsg>

15:59:52.252632[34m|LV1|[0mRECEIVE|127.0.0.1:35001|<?xml version="1.0" encoding="utf-8"?>
<!DOCTYPE GctiMsg SYSTEM "IServer.dtd">
<GctiMsg><CallId>1254BA80-53AB-4214-91AD-32EE609062BA0000</CallId><UDataResp><RequestId>UEI</RequestId><Result>Success</Result><UDataEx>aaaaaaaaaaaa|bbbbbbbbb|ccccccccccc|ddddddddddd|eeeeeeeeeeee</UDataEx></UDataResp></GctiMsg>

15:59:52.252936[44m|INF|[0mReqId:1254BA80-53AB-4214-91AD-32EE609062BA0000|Command:UDataResp|RequestId:UEI|Result:Success|UEIData:aaaaaaaaaaaa|bbbbbbbbb|ccccccccccc|ddddddddddd|eeeeeeeeeeee
15:59:52.252978[33m|LV2|[0mReqId:1254BA80-53AB-4214-91AD-32EE609062BA0000|Command:UDataResp|XmlData:<?xml version="1.0" encoding="utf-8"?>
<!DOCTYPE GctiMsg SYSTEM "IServer.dtd">
<GctiMsg><CallId>1254BA80-53AB-4214-91AD-32EE609062BA0000</CallId><UDataResp><RequestId>UEI</RequestId><Result>Success</Result><UDataEx>aaaaaaaaaaaa|bbbbbbbbb|ccccccccccc|ddddddddddd|eeeeeeeeeeee</UDataEx></UDataResp></GctiMsg>

15:59:52.463070[44m|INF|[0mReqId:1254BA80-53AB-4214-91AD-32EE609062BA0000|Command:UDataSet|UDataEx:this|is|UserExtensionInfo
15:59:52.463107[33m|LV2|[0mReqId:1254BA80-53AB-4214-91AD-32EE609062BA0000|Command:UDataSet|XmlData:<?xml version="1.0" encoding="utf-8"?>
<!DOCTYPE GctiMsg SYSTEM "IServer.dtd">
<GctiMsg><CallId>1254BA80-53AB-4214-91AD-32EE609062BA0000</CallId><UDataSet Action="Add"><RequestId>UEI</RequestId><UDataEx>this|is|UserExtensionInfo</UDataEx></UDataSet></GctiMsg>

15:59:52.463168[34m|LV1|[0mSEND   |127.0.0.1:35001|260|<?xml version="1.0" encoding="utf-8"?>
<!DOCTYPE GctiMsg SYSTEM "IServer.dtd">
<GctiMsg><CallId>1254BA80-53AB-4214-91AD-32EE609062BA0000</CallId><UDataSet Action="Add"><RequestId>UEI</RequestId><UDataEx>this|is|UserExtensionInfo</UDataEx></UDataSet></GctiMsg>

15:59:52.463640[34m|LV1|[0mRECEIVE|127.0.0.1:35001|<?xml version="1.0" encoding="utf-8"?>
<!DOCTYPE GctiMsg SYSTEM "IServer.dtd">
<GctiMsg><CallId>1254BA80-53AB-4214-91AD-32EE609062BA0000</CallId><UDataResp><RequestId>UEI</RequestId><Result>Success</Result><UDataEx>aaaaaaaaaaaa|bbbbbbbbb|ccccccccccc|ddddddddddd|eeeeeeeeeeee</UDataEx></UDataResp></GctiMsg>

15:59:52.463895[44m|INF|[0mReqId:1254BA80-53AB-4214-91AD-32EE609062BA0000|Command:UDataResp|RequestId:UEI|Result:Success|UEIData:aaaaaaaaaaaa|bbbbbbbbb|ccccccccccc|ddddddddddd|eeeeeeeeeeee
15:59:52.463930[33m|LV2|[0mReqId:1254BA80-53AB-4214-91AD-32EE609062BA0000|Command:UDataResp|XmlData:<?xml version="1.0" encoding="utf-8"?>
<!DOCTYPE GctiMsg SYSTEM "IServer.dtd">
<GctiMsg><CallId>1254BA80-53AB-4214-91AD-32EE609062BA0000</CallId><UDataResp><RequestId>UEI</RequestId><Result>Success</Result><UDataEx>aaaaaaaaaaaa|bbbbbbbbb|ccccccccccc|ddddddddddd|eeeeeeeeeeee</UDataEx></UDataResp></GctiMsg>

15:59:52.586575[44m|INF|[0mReqId:1254BA80-53AB-4214-91AD-32EE609062BA0000|Command:UDataSet|UDataEx:this|is|UserExtensionInfo
15:59:52.586610[33m|LV2|[0mReqId:1254BA80-53AB-4214-91AD-32EE609062BA0000|Command:UDataSet|XmlData:<?xml version="1.0" encoding="utf-8"?>
<!DOCTYPE GctiMsg SYSTEM "IServer.dtd">
<GctiMsg><CallId>1254BA80-53AB-4214-91AD-32EE609062BA0000</CallId><UDataSet Action="Add"><RequestId>UEI</RequestId><UDataEx>this|is|UserExtensionInfo</UDataEx></UDataSet></GctiMsg>

15:59:52.586650[34m|LV1|[0mSEND   |127.0.0.1:35001|260|<?xml version="1.0" encoding="utf-8"?>
<!DOCTYPE GctiMsg SYSTEM "IServer.dtd">
<GctiMsg><CallId>1254BA80-53AB-4214-91AD-32EE609062BA0000</CallId><UDataSet Action="Add"><RequestId>UEI</RequestId><UDataEx>this|is|UserExtensionInfo</UDataEx></UDataSet></GctiMsg>

15:59:52.587890[34m|LV1|[0mRECEIVE|127.0.0.1:35001|<?xml version="1.0" encoding="utf-8"?>
<!DOCTYPE GctiMsg SYSTEM "IServer.dtd">
<GctiMsg><CallId>1254BA80-53AB-4214-91AD-32EE609062BA0000</CallId><UDataResp><RequestId>UEI</RequestId><Result>Success</Result><UDataEx>aaaaaaaaaaaa|bbbbbbbbb|ccccccccccc|ddddddddddd|eeeeeeeeeeee</UDataEx></UDataResp></GctiMsg>

15:59:52.588176[44m|INF|[0mReqId:1254BA80-53AB-4214-91AD-32EE609062BA0000|Command:UDataResp|RequestId:UEI|Result:Success|UEIData:aaaaaaaaaaaa|bbbbbbbbb|ccccccccccc|ddddddddddd|eeeeeeeeeeee
15:59:52.588211[33m|LV2|[0mReqId:1254BA80-53AB-4214-91AD-32EE609062BA0000|Command:UDataResp|XmlData:<?xml version="1.0" encoding="utf-8"?>
<!DOCTYPE GctiMsg SYSTEM "IServer.dtd">
<GctiMsg><CallId>1254BA80-53AB-4214-91AD-32EE609062BA0000</CallId><UDataResp><RequestId>UEI</RequestId><Result>Success</Result><UDataEx>aaaaaaaaaaaa|bbbbbbbbb|ccccccccccc|ddddddddddd|eeeeeeeeeeee</UDataEx></UDataResp></GctiMsg>

15:59:52.806022[44m|INF|[0mReqId:1254BA80-53AB-4214-91AD-32EE609062BA0000|Command:UDataSet|UDataEx:this|is|UserExtensionInfo
15:59:52.806082[33m|LV2|[0mReqId:1254BA80-53AB-4214-91AD-32EE609062BA0000|Command:UDataSet|XmlData:<?xml version="1.0" encoding="utf-8"?>
<!DOCTYPE GctiMsg SYSTEM "IServer.dtd">
<GctiMsg><CallId>1254BA80-53AB-4214-91AD-32EE609062BA0000</CallId><UDataSet Action="Add"><RequestId>UEI</RequestId><UDataEx>this|is|UserExtensionInfo</UDataEx></UDataSet></GctiMsg>

15:59:52.806140[34m|LV1|[0mSEND   |127.0.0.1:35001|260|<?xml version="1.0" encoding="utf-8"?>
<!DOCTYPE GctiMsg SYSTEM "IServer.dtd">
<GctiMsg><CallId>1254BA80-53AB-4214-91AD-32EE609062BA0000</CallId><UDataSet Action="Add"><RequestId>UEI</RequestId><UDataEx>this|is|UserExtensionInfo</UDataEx></UDataSet></GctiMsg>

15:59:52.806481[34m|LV1|[0mRECEIVE|127.0.0.1:35001|<?xml version="1.0" encoding="utf-8"?>
<!DOCTYPE GctiMsg SYSTEM "IServer.dtd">
<GctiMsg><CallId>1254BA80-53AB-4214-91AD-32EE609062BA0000</CallId><UDataResp><RequestId>UEI</RequestId><Result>Success</Result><UDataEx>aaaaaaaaaaaa|bbbbbbbbb|ccccccccccc|ddddddddddd|eeeeeeeeeeee</UDataEx></UDataResp></GctiMsg>

15:59:52.806757[44m|INF|[0mReqId:1254BA80-53AB-4214-91AD-32EE609062BA0000|Command:UDataResp|RequestId:UEI|Result:Success|UEIData:aaaaaaaaaaaa|bbbbbbbbb|ccccccccccc|ddddddddddd|eeeeeeeeeeee
15:59:52.806788[33m|LV2|[0mReqId:1254BA80-53AB-4214-91AD-32EE609062BA0000|Command:UDataResp|XmlData:<?xml version="1.0" encoding="utf-8"?>
<!DOCTYPE GctiMsg SYSTEM "IServer.dtd">
<GctiMsg><CallId>1254BA80-53AB-4214-91AD-32EE609062BA0000</CallId><UDataResp><RequestId>UEI</RequestId><Result>Success</Result><UDataEx>aaaaaaaaaaaa|bbbbbbbbb|ccccccccccc|ddddddddddd|eeeeeeeeeeee</UDataEx></UDataResp></GctiMsg>

15:59:52.935892[44m|INF|[0mReqId:1254BA80-53AB-4214-91AD-32EE609062BA0000|Command:UDataSet|UDataEx:this|is|UserExtensionInfo
15:59:52.935929[33m|LV2|[0mReqId:1254BA80-53AB-4214-91AD-32EE609062BA0000|Command:UDataSet|XmlData:<?xml version="1.0" encoding="utf-8"?>
<!DOCTYPE GctiMsg SYSTEM "IServer.dtd">
<GctiMsg><CallId>1254BA80-53AB-4214-91AD-32EE609062BA0000</CallId><UDataSet Action="Add"><RequestId>UEI</RequestId><UDataEx>this|is|UserExtensionInfo</UDataEx></UDataSet></GctiMsg>

15:59:52.935990[34m|LV1|[0mSEND   |127.0.0.1:35001|260|<?xml version="1.0" encoding="utf-8"?>
<!DOCTYPE GctiMsg SYSTEM "IServer.dtd">
<GctiMsg><CallId>1254BA80-53AB-4214-91AD-32EE609062BA0000</CallId><UDataSet Action="Add"><RequestId>UEI</RequestId><UDataEx>this|is|UserExtensionInfo</UDataEx></UDataSet></GctiMsg>

15:59:52.936292[34m|LV1|[0mRECEIVE|127.0.0.1:35001|<?xml version="1.0" encoding="utf-8"?>
<!DOCTYPE GctiMsg SYSTEM "IServer.dtd">
<GctiMsg><CallId>1254BA80-53AB-4214-91AD-32EE609062BA0000</CallId><UDataResp><RequestId>UEI</RequestId><Result>Success</Result><UDataEx>aaaaaaaaaaaa|bbbbbbbbb|ccccccccccc|ddddddddddd|eeeeeeeeeeee</UDataEx></UDataResp></GctiMsg>

15:59:52.936545[44m|INF|[0mReqId:1254BA80-53AB-4214-91AD-32EE609062BA0000|Command:UDataResp|RequestId:UEI|Result:Success|UEIData:aaaaaaaaaaaa|bbbbbbbbb|ccccccccccc|ddddddddddd|eeeeeeeeeeee
15:59:52.936581[33m|LV2|[0mReqId:1254BA80-53AB-4214-91AD-32EE609062BA0000|Command:UDataResp|XmlData:<?xml version="1.0" encoding="utf-8"?>
<!DOCTYPE GctiMsg SYSTEM "IServer.dtd">
<GctiMsg><CallId>1254BA80-53AB-4214-91AD-32EE609062BA0000</CallId><UDataResp><RequestId>UEI</RequestId><Result>Success</Result><UDataEx>aaaaaaaaaaaa|bbbbbbbbb|ccccccccccc|ddddddddddd|eeeeeeeeeeee</UDataEx></UDataResp></GctiMsg>

15:59:53.169008[44m|INF|[0mReqId:1254BA80-53AB-4214-91AD-32EE609062BA0000|Command:UDataSet|UDataEx:this|is|UserExtensionInfo
15:59:53.169045[33m|LV2|[0mReqId:1254BA80-53AB-4214-91AD-32EE609062BA0000|Command:UDataSet|XmlData:<?xml version="1.0" encoding="utf-8"?>
<!DOCTYPE GctiMsg SYSTEM "IServer.dtd">
<GctiMsg><CallId>1254BA80-53AB-4214-91AD-32EE609062BA0000</CallId><UDataSet Action="Add"><RequestId>UEI</RequestId><UDataEx>this|is|UserExtensionInfo</UDataEx></UDataSet></GctiMsg>

15:59:53.169110[34m|LV1|[0mSEND   |127.0.0.1:35001|260|<?xml version="1.0" encoding="utf-8"?>
<!DOCTYPE GctiMsg SYSTEM "IServer.dtd">
<GctiMsg><CallId>1254BA80-53AB-4214-91AD-32EE609062BA0000</CallId><UDataSet Action="Add"><RequestId>UEI</RequestId><UDataEx>this|is|UserExtensionInfo</UDataEx></UDataSet></GctiMsg>

15:59:53.169502[34m|LV1|[0mRECEIVE|127.0.0.1:35001|<?xml version="1.0" encoding="utf-8"?>
<!DOCTYPE GctiMsg SYSTEM "IServer.dtd">
<GctiMsg><CallId>1254BA80-53AB-4214-91AD-32EE609062BA0000</CallId><UDataResp><RequestId>UEI</RequestId><Result>Success</Result><UDataEx>aaaaaaaaaaaa|bbbbbbbbb|ccccccccccc|ddddddddddd|eeeeeeeeeeee</UDataEx></UDataResp></GctiMsg>

15:59:53.169732[44m|INF|[0mReqId:1254BA80-53AB-4214-91AD-32EE609062BA0000|Command:UDataResp|RequestId:UEI|Result:Success|UEIData:aaaaaaaaaaaa|bbbbbbbbb|ccccccccccc|ddddddddddd|eeeeeeeeeeee
15:59:53.169765[33m|LV2|[0mReqId:1254BA80-53AB-4214-91AD-32EE609062BA0000|Command:UDataResp|XmlData:<?xml version="1.0" encoding="utf-8"?>
<!DOCTYPE GctiMsg SYSTEM "IServer.dtd">
<GctiMsg><CallId>1254BA80-53AB-4214-91AD-32EE609062BA0000</CallId><UDataResp><RequestId>UEI</RequestId><Result>Success</Result><UDataEx>aaaaaaaaaaaa|bbbbbbbbb|ccccccccccc|ddddddddddd|eeeeeeeeeeee</UDataEx></UDataResp></GctiMsg>

15:59:53.292725[44m|INF|[0mReqId:1254BA80-53AB-4214-91AD-32EE609062BA0000|Command:UDataSet|UDataEx:this|is|UserExtensionInfo
15:59:53.292742[33m|LV2|[0mReqId:1254BA80-53AB-4214-91AD-32EE609062BA0000|Command:UDataSet|XmlData:<?xml version="1.0" encoding="utf-8"?>
<!DOCTYPE GctiMsg SYSTEM "IServer.dtd">
<GctiMsg><CallId>1254BA80-53AB-4214-91AD-32EE609062BA0000</CallId><UDataSet Action="Add"><RequestId>UEI</RequestId><UDataEx>this|is|UserExtensionInfo</UDataEx></UDataSet></GctiMsg>

15:59:53.292763[34m|LV1|[0mSEND   |127.0.0.1:35001|260|<?xml version="1.0" encoding="utf-8"?>
<!DOCTYPE GctiMsg SYSTEM "IServer.dtd">
<GctiMsg><CallId>1254BA80-53AB-4214-91AD-32EE609062BA0000</CallId><UDataSet Action="Add"><RequestId>UEI</RequestId><UDataEx>this|is|UserExtensionInfo</UDataEx></UDataSet></GctiMsg>

15:59:53.293499[34m|LV1|[0mRECEIVE|127.0.0.1:35001|<?xml version="1.0" encoding="utf-8"?>
<!DOCTYPE GctiMsg SYSTEM "IServer.dtd">
<GctiMsg><CallId>1254BA80-53AB-4214-91AD-32EE609062BA0000</CallId><UDataResp><RequestId>UEI</RequestId><Result>Success</Result><UDataEx>aaaaaaaaaaaa|bbbbbbbbb|ccccccccccc|ddddddddddd|eeeeeeeeeeee</UDataEx></UDataResp></GctiMsg>

15:59:53.293610[44m|INF|[0mReqId:1254BA80-53AB-4214-91AD-32EE609062BA0000|Command:UDataResp|RequestId:UEI|Result:Success|UEIData:aaaaaaaaaaaa|bbbbbbbbb|ccccccccccc|ddddddddddd|eeeeeeeeeeee
15:59:53.293625[33m|LV2|[0mReqId:1254BA80-53AB-4214-91AD-32EE609062BA0000|Command:UDataResp|XmlData:<?xml version="1.0" encoding="utf-8"?>
<!DOCTYPE GctiMsg SYSTEM "IServer.dtd">
<GctiMsg><CallId>1254BA80-53AB-4214-91AD-32EE609062BA0000</CallId><UDataResp><RequestId>UEI</RequestId><Result>Success</Result><UDataEx>aaaaaaaaaaaa|bbbbbbbbb|ccccccccccc|ddddddddddd|eeeeeeeeeeee</UDataEx></UDataResp></GctiMsg>

15:59:53.525482[44m|INF|[0mReqId:1254BA80-53AB-4214-91AD-32EE609062BA0000|Command:UDataSet|UDataEx:this|is|UserExtensionInfo
15:59:53.525522[33m|LV2|[0mReqId:1254BA80-53AB-4214-91AD-32EE609062BA0000|Command:UDataSet|XmlData:<?xml version="1.0" encoding="utf-8"?>
<!DOCTYPE GctiMsg SYSTEM "IServer.dtd">
<GctiMsg><CallId>1254BA80-53AB-4214-91AD-32EE609062BA0000</CallId><UDataSet Action="Add"><RequestId>UEI</RequestId><UDataEx>this|is|UserExtensionInfo</UDataEx></UDataSet></GctiMsg>

15:59:53.525967[34m|LV1|[0mRECEIVE|127.0.0.1:35001|<?xml version="1.0" encoding="utf-8"?>
<!DOCTYPE GctiMsg SYSTEM "IServer.dtd">
<GctiMsg><CallId>1254BA80-53AB-4214-91AD-32EE609062BA0000</CallId><UDataResp><RequestId>UEI</RequestId><Result>Success</Result><UDataEx>aaaaaaaaaaaa|bbbbbbbbb|ccccccccccc|ddddddddddd|eeeeeeeeeeee</UDataEx></UDataResp></GctiMsg>

15:59:53.525983[34m|LV1|[0mSEND   |127.0.0.1:35001|260|<?xml version="1.0" encoding="utf-8"?>
<!DOCTYPE GctiMsg SYSTEM "IServer.dtd">
<GctiMsg><CallId>1254BA80-53AB-4214-91AD-32EE609062BA0000</CallId><UDataSet Action="Add"><RequestId>UEI</RequestId><UDataEx>this|is|UserExtensionInfo</UDataEx></UDataSet></GctiMsg>

15:59:53.526255[44m|INF|[0mReqId:1254BA80-53AB-4214-91AD-32EE609062BA0000|Command:UDataResp|RequestId:UEI|Result:Success|UEIData:aaaaaaaaaaaa|bbbbbbbbb|ccccccccccc|ddddddddddd|eeeeeeeeeeee
15:59:53.526288[33m|LV2|[0mReqId:1254BA80-53AB-4214-91AD-32EE609062BA0000|Command:UDataResp|XmlData:<?xml version="1.0" encoding="utf-8"?>
<!DOCTYPE GctiMsg SYSTEM "IServer.dtd">
<GctiMsg><CallId>1254BA80-53AB-4214-91AD-32EE609062BA0000</CallId><UDataResp><RequestId>UEI</RequestId><Result>Success</Result><UDataEx>aaaaaaaaaaaa|bbbbbbbbb|ccccccccccc|ddddddddddd|eeeeeeeeeeee</UDataEx></UDataResp></GctiMsg>

15:59:53.703516[44m|INF|[0mReqId:1254BA80-53AB-4214-91AD-32EE609062BA0000|Command:UDataSet|UDataEx:this|is|UserExtensionInfo
15:59:53.703575[33m|LV2|[0mReqId:1254BA80-53AB-4214-91AD-32EE609062BA0000|Command:UDataSet|XmlData:<?xml version="1.0" encoding="utf-8"?>
<!DOCTYPE GctiMsg SYSTEM "IServer.dtd">
<GctiMsg><CallId>1254BA80-53AB-4214-91AD-32EE609062BA0000</CallId><UDataSet Action="Add"><RequestId>UEI</RequestId><UDataEx>this|is|UserExtensionInfo</UDataEx></UDataSet></GctiMsg>

15:59:53.703638[34m|LV1|[0mSEND   |127.0.0.1:35001|260|<?xml version="1.0" encoding="utf-8"?>
<!DOCTYPE GctiMsg SYSTEM "IServer.dtd">
<GctiMsg><CallId>1254BA80-53AB-4214-91AD-32EE609062BA0000</CallId><UDataSet Action="Add"><RequestId>UEI</RequestId><UDataEx>this|is|UserExtensionInfo</UDataEx></UDataSet></GctiMsg>

15:59:53.703986[34m|LV1|[0mRECEIVE|127.0.0.1:35001|<?xml version="1.0" encoding="utf-8"?>
<!DOCTYPE GctiMsg SYSTEM "IServer.dtd">
<GctiMsg><CallId>1254BA80-53AB-4214-91AD-32EE609062BA0000</CallId><UDataResp><RequestId>UEI</RequestId><Result>Success</Result><UDataEx>aaaaaaaaaaaa|bbbbbbbbb|ccccccccccc|ddddddddddd|eeeeeeeeeeee</UDataEx></UDataResp></GctiMsg>

15:59:53.704239[44m|INF|[0mReqId:1254BA80-53AB-4214-91AD-32EE609062BA0000|Command:UDataResp|RequestId:UEI|Result:Success|UEIData:aaaaaaaaaaaa|bbbbbbbbb|ccccccccccc|ddddddddddd|eeeeeeeeeeee
15:59:53.704271[33m|LV2|[0mReqId:1254BA80-53AB-4214-91AD-32EE609062BA0000|Command:UDataResp|XmlData:<?xml version="1.0" encoding="utf-8"?>
<!DOCTYPE GctiMsg SYSTEM "IServer.dtd">
<GctiMsg><CallId>1254BA80-53AB-4214-91AD-32EE609062BA0000</CallId><UDataResp><RequestId>UEI</RequestId><Result>Success</Result><UDataEx>aaaaaaaaaaaa|bbbbbbbbb|ccccccccccc|ddddddddddd|eeeeeeeeeeee</UDataEx></UDataResp></GctiMsg>

15:59:53.918659[44m|INF|[0mReqId:1254BA80-53AB-4214-91AD-32EE609062BA0000|Command:UDataSet|UDataEx:this|is|UserExtensionInfo
15:59:53.918696[33m|LV2|[0mReqId:1254BA80-53AB-4214-91AD-32EE609062BA0000|Command:UDataSet|XmlData:<?xml version="1.0" encoding="utf-8"?>
<!DOCTYPE GctiMsg SYSTEM "IServer.dtd">
<GctiMsg><CallId>1254BA80-53AB-4214-91AD-32EE609062BA0000</CallId><UDataSet Action="Add"><RequestId>UEI</RequestId><UDataEx>this|is|UserExtensionInfo</UDataEx></UDataSet></GctiMsg>

15:59:53.918748[34m|LV1|[0mSEND   |127.0.0.1:35001|260|<?xml version="1.0" encoding="utf-8"?>
<!DOCTYPE GctiMsg SYSTEM "IServer.dtd">
<GctiMsg><CallId>1254BA80-53AB-4214-91AD-32EE609062BA0000</CallId><UDataSet Action="Add"><RequestId>UEI</RequestId><UDataEx>this|is|UserExtensionInfo</UDataEx></UDataSet></GctiMsg>

15:59:53.919140[34m|LV1|[0mRECEIVE|127.0.0.1:35001|<?xml version="1.0" encoding="utf-8"?>
<!DOCTYPE GctiMsg SYSTEM "IServer.dtd">
<GctiMsg><CallId>1254BA80-53AB-4214-91AD-32EE609062BA0000</CallId><UDataResp><RequestId>UEI</RequestId><Result>Success</Result><UDataEx>aaaaaaaaaaaa|bbbbbbbbb|ccccccccccc|ddddddddddd|eeeeeeeeeeee</UDataEx></UDataResp></GctiMsg>

15:59:53.919401[44m|INF|[0mReqId:1254BA80-53AB-4214-91AD-32EE609062BA0000|Command:UDataResp|RequestId:UEI|Result:Success|UEIData:aaaaaaaaaaaa|bbbbbbbbb|ccccccccccc|ddddddddddd|eeeeeeeeeeee
15:59:53.919438[33m|LV2|[0mReqId:1254BA80-53AB-4214-91AD-32EE609062BA0000|Command:UDataResp|XmlData:<?xml version="1.0" encoding="utf-8"?>
<!DOCTYPE GctiMsg SYSTEM "IServer.dtd">
<GctiMsg><CallId>1254BA80-53AB-4214-91AD-32EE609062BA0000</CallId><UDataResp><RequestId>UEI</RequestId><Result>Success</Result><UDataEx>aaaaaaaaaaaa|bbbbbbbbb|ccccccccccc|ddddddddddd|eeeeeeeeeeee</UDataEx></UDataResp></GctiMsg>

15:59:54.049184[44m|INF|[0mReqId:1254BA80-53AB-4214-91AD-32EE609062BA0000|Command:UDataSet|UDataEx:this|is|UserExtensionInfo
15:59:54.049222[33m|LV2|[0mReqId:1254BA80-53AB-4214-91AD-32EE609062BA0000|Command:UDataSet|XmlData:<?xml version="1.0" encoding="utf-8"?>
<!DOCTYPE GctiMsg SYSTEM "IServer.dtd">
<GctiMsg><CallId>1254BA80-53AB-4214-91AD-32EE609062BA0000</CallId><UDataSet Action="Add"><RequestId>UEI</RequestId><UDataEx>this|is|UserExtensionInfo</UDataEx></UDataSet></GctiMsg>

15:59:54.049283[34m|LV1|[0mSEND   |127.0.0.1:35001|260|<?xml version="1.0" encoding="utf-8"?>
<!DOCTYPE GctiMsg SYSTEM "IServer.dtd">
<GctiMsg><CallId>1254BA80-53AB-4214-91AD-32EE609062BA0000</CallId><UDataSet Action="Add"><RequestId>UEI</RequestId><UDataEx>this|is|UserExtensionInfo</UDataEx></UDataSet></GctiMsg>

15:59:54.049678[34m|LV1|[0mRECEIVE|127.0.0.1:35001|<?xml version="1.0" encoding="utf-8"?>
<!DOCTYPE GctiMsg SYSTEM "IServer.dtd">
<GctiMsg><CallId>1254BA80-53AB-4214-91AD-32EE609062BA0000</CallId><UDataResp><RequestId>UEI</RequestId><Result>Success</Result><UDataEx>aaaaaaaaaaaa|bbbbbbbbb|ccccccccccc|ddddddddddd|eeeeeeeeeeee</UDataEx></UDataResp></GctiMsg>

15:59:54.049965[44m|INF|[0mReqId:1254BA80-53AB-4214-91AD-32EE609062BA0000|Command:UDataResp|RequestId:UEI|Result:Success|UEIData:aaaaaaaaaaaa|bbbbbbbbb|ccccccccccc|ddddddddddd|eeeeeeeeeeee
15:59:54.050000[33m|LV2|[0mReqId:1254BA80-53AB-4214-91AD-32EE609062BA0000|Command:UDataResp|XmlData:<?xml version="1.0" encoding="utf-8"?>
<!DOCTYPE GctiMsg SYSTEM "IServer.dtd">
<GctiMsg><CallId>1254BA80-53AB-4214-91AD-32EE609062BA0000</CallId><UDataResp><RequestId>UEI</RequestId><Result>Success</Result><UDataEx>aaaaaaaaaaaa|bbbbbbbbb|ccccccccccc|ddddddddddd|eeeeeeeeeeee</UDataEx></UDataResp></GctiMsg>

15:59:54.231121[44m|INF|[0mReqId:1254BA80-53AB-4214-91AD-32EE609062BA0000|Command:UDataSet|UDataEx:this|is|UserExtensionInfo
15:59:54.231164[33m|LV2|[0mReqId:1254BA80-53AB-4214-91AD-32EE609062BA0000|Command:UDataSet|XmlData:<?xml version="1.0" encoding="utf-8"?>
<!DOCTYPE GctiMsg SYSTEM "IServer.dtd">
<GctiMsg><CallId>1254BA80-53AB-4214-91AD-32EE609062BA0000</CallId><UDataSet Action="Add"><RequestId>UEI</RequestId><UDataEx>this|is|UserExtensionInfo</UDataEx></UDataSet></GctiMsg>

15:59:54.231681[34m|LV1|[0mRECEIVE|127.0.0.1:35001|<?xml version="1.0" encoding="utf-8"?>
<!DOCTYPE GctiMsg SYSTEM "IServer.dtd">
<GctiMsg><CallId>1254BA80-53AB-4214-91AD-32EE609062BA0000</CallId><UDataResp><RequestId>UEI</RequestId><Result>Success</Result><UDataEx>aaaaaaaaaaaa|bbbbbbbbb|ccccccccccc|ddddddddddd|eeeeeeeeeeee</UDataEx></UDataResp></GctiMsg>

15:59:54.231766[34m|LV1|[0mSEND   |127.0.0.1:35001|260|<?xml version="1.0" encoding="utf-8"?>
<!DOCTYPE GctiMsg SYSTEM "IServer.dtd">
<GctiMsg><CallId>1254BA80-53AB-4214-91AD-32EE609062BA0000</CallId><UDataSet Action="Add"><RequestId>UEI</RequestId><UDataEx>this|is|UserExtensionInfo</UDataEx></UDataSet></GctiMsg>

15:59:54.232027[44m|INF|[0mReqId:1254BA80-53AB-4214-91AD-32EE609062BA0000|Command:UDataResp|RequestId:UEI|Result:Success|UEIData:aaaaaaaaaaaa|bbbbbbbbb|ccccccccccc|ddddddddddd|eeeeeeeeeeee
15:59:54.232065[33m|LV2|[0mReqId:1254BA80-53AB-4214-91AD-32EE609062BA0000|Command:UDataResp|XmlData:<?xml version="1.0" encoding="utf-8"?>
<!DOCTYPE GctiMsg SYSTEM "IServer.dtd">
<GctiMsg><CallId>1254BA80-53AB-4214-91AD-32EE609062BA0000</CallId><UDataResp><RequestId>UEI</RequestId><Result>Success</Result><UDataEx>aaaaaaaaaaaa|bbbbbbbbb|ccccccccccc|ddddddddddd|eeeeeeeeeeee</UDataEx></UDataResp></GctiMsg>

15:59:55.392170[44m|INF|[0mReqId:1254BA80-53AB-4214-91AD-32EE609062BA0000|Command:UDataSet|UDataEx:this|is|UserExtensionInfo
15:59:55.392217[33m|LV2|[0mReqId:1254BA80-53AB-4214-91AD-32EE609062BA0000|Command:UDataSet|XmlData:<?xml version="1.0" encoding="utf-8"?>
<!DOCTYPE GctiMsg SYSTEM "IServer.dtd">
<GctiMsg><CallId>1254BA80-53AB-4214-91AD-32EE609062BA0000</CallId><UDataSet Action="Add"><RequestId>UEI</RequestId><UDataEx>this|is|UserExtensionInfo</UDataEx></UDataSet></GctiMsg>

15:59:55.392263[34m|LV1|[0mSEND   |127.0.0.1:35001|260|<?xml version="1.0" encoding="utf-8"?>
<!DOCTYPE GctiMsg SYSTEM "IServer.dtd">
<GctiMsg><CallId>1254BA80-53AB-4214-91AD-32EE609062BA0000</CallId><UDataSet Action="Add"><RequestId>UEI</RequestId><UDataEx>this|is|UserExtensionInfo</UDataEx></UDataSet></GctiMsg>

15:59:55.393303[34m|LV1|[0mRECEIVE|127.0.0.1:35001|<?xml version="1.0" encoding="utf-8"?>
<!DOCTYPE GctiMsg SYSTEM "IServer.dtd">
<GctiMsg><CallId>1254BA80-53AB-4214-91AD-32EE609062BA0000</CallId><UDataResp><RequestId>UEI</RequestId><Result>Success</Result><UDataEx>aaaaaaaaaaaa|bbbbbbbbb|ccccccccccc|ddddddddddd|eeeeeeeeeeee</UDataEx></UDataResp></GctiMsg>

15:59:55.393610[44m|INF|[0mReqId:1254BA80-53AB-4214-91AD-32EE609062BA0000|Command:UDataResp|RequestId:UEI|Result:Success|UEIData:aaaaaaaaaaaa|bbbbbbbbb|ccccccccccc|ddddddddddd|eeeeeeeeeeee
15:59:55.393667[33m|LV2|[0mReqId:1254BA80-53AB-4214-91AD-32EE609062BA0000|Command:UDataResp|XmlData:<?xml version="1.0" encoding="utf-8"?>
<!DOCTYPE GctiMsg SYSTEM "IServer.dtd">
<GctiMsg><CallId>1254BA80-53AB-4214-91AD-32EE609062BA0000</CallId><UDataResp><RequestId>UEI</RequestId><Result>Success</Result><UDataEx>aaaaaaaaaaaa|bbbbbbbbb|ccccccccccc|ddddddddddd|eeeeeeeeeeee</UDataEx></UDataResp></GctiMsg>

15:59:55.612234[44m|INF|[0mReqId:1254BA80-53AB-4214-91AD-32EE609062BA0000|Command:UDataSet|UDataEx:this|is|UserExtensionInfo
15:59:55.612277[33m|LV2|[0mReqId:1254BA80-53AB-4214-91AD-32EE609062BA0000|Command:UDataSet|XmlData:<?xml version="1.0" encoding="utf-8"?>
<!DOCTYPE GctiMsg SYSTEM "IServer.dtd">
<GctiMsg><CallId>1254BA80-53AB-4214-91AD-32EE609062BA0000</CallId><UDataSet Action="Add"><RequestId>UEI</RequestId><UDataEx>this|is|UserExtensionInfo</UDataEx></UDataSet></GctiMsg>

15:59:55.612732[34m|LV1|[0mRECEIVE|127.0.0.1:35001|<?xml version="1.0" encoding="utf-8"?>
<!DOCTYPE GctiMsg SYSTEM "IServer.dtd">
<GctiMsg><CallId>1254BA80-53AB-4214-91AD-32EE609062BA0000</CallId><UDataResp><RequestId>UEI</RequestId><Result>Success</Result><UDataEx>aaaaaaaaaaaa|bbbbbbbbb|ccccccccccc|ddddddddddd|eeeeeeeeeeee</UDataEx></UDataResp></GctiMsg>

15:59:55.612782[34m|LV1|[0mSEND   |127.0.0.1:35001|260|<?xml version="1.0" encoding="utf-8"?>
<!DOCTYPE GctiMsg SYSTEM "IServer.dtd">
<GctiMsg><CallId>1254BA80-53AB-4214-91AD-32EE609062BA0000</CallId><UDataSet Action="Add"><RequestId>UEI</RequestId><UDataEx>this|is|UserExtensionInfo</UDataEx></UDataSet></GctiMsg>

15:59:55.613019[44m|INF|[0mReqId:1254BA80-53AB-4214-91AD-32EE609062BA0000|Command:UDataResp|RequestId:UEI|Result:Success|UEIData:aaaaaaaaaaaa|bbbbbbbbb|ccccccccccc|ddddddddddd|eeeeeeeeeeee
15:59:55.613048[33m|LV2|[0mReqId:1254BA80-53AB-4214-91AD-32EE609062BA0000|Command:UDataResp|XmlData:<?xml version="1.0" encoding="utf-8"?>
<!DOCTYPE GctiMsg SYSTEM "IServer.dtd">
<GctiMsg><CallId>1254BA80-53AB-4214-91AD-32EE609062BA0000</CallId><UDataResp><RequestId>UEI</RequestId><Result>Success</Result><UDataEx>aaaaaaaaaaaa|bbbbbbbbb|ccccccccccc|ddddddddddd|eeeeeeeeeeee</UDataEx></UDataResp></GctiMsg>

15:59:55.800664[44m|INF|[0mReqId:1254BA80-53AB-4214-91AD-32EE609062BA0000|Command:UDataSet|UDataEx:this|is|UserExtensionInfo
15:59:55.800701[33m|LV2|[0mReqId:1254BA80-53AB-4214-91AD-32EE609062BA0000|Command:UDataSet|XmlData:<?xml version="1.0" encoding="utf-8"?>
<!DOCTYPE GctiMsg SYSTEM "IServer.dtd">
<GctiMsg><CallId>1254BA80-53AB-4214-91AD-32EE609062BA0000</CallId><UDataSet Action="Add"><RequestId>UEI</RequestId><UDataEx>this|is|UserExtensionInfo</UDataEx></UDataSet></GctiMsg>

15:59:55.800760[34m|LV1|[0mSEND   |127.0.0.1:35001|260|<?xml version="1.0" encoding="utf-8"?>
<!DOCTYPE GctiMsg SYSTEM "IServer.dtd">
<GctiMsg><CallId>1254BA80-53AB-4214-91AD-32EE609062BA0000</CallId><UDataSet Action="Add"><RequestId>UEI</RequestId><UDataEx>this|is|UserExtensionInfo</UDataEx></UDataSet></GctiMsg>

15:59:55.801161[34m|LV1|[0mRECEIVE|127.0.0.1:35001|<?xml version="1.0" encoding="utf-8"?>
<!DOCTYPE GctiMsg SYSTEM "IServer.dtd">
<GctiMsg><CallId>1254BA80-53AB-4214-91AD-32EE609062BA0000</CallId><UDataResp><RequestId>UEI</RequestId><Result>Success</Result><UDataEx>aaaaaaaaaaaa|bbbbbbbbb|ccccccccccc|ddddddddddd|eeeeeeeeeeee</UDataEx></UDataResp></GctiMsg>

15:59:55.801400[44m|INF|[0mReqId:1254BA80-53AB-4214-91AD-32EE609062BA0000|Command:UDataResp|RequestId:UEI|Result:Success|UEIData:aaaaaaaaaaaa|bbbbbbbbb|ccccccccccc|ddddddddddd|eeeeeeeeeeee
15:59:55.801437[33m|LV2|[0mReqId:1254BA80-53AB-4214-91AD-32EE609062BA0000|Command:UDataResp|XmlData:<?xml version="1.0" encoding="utf-8"?>
<!DOCTYPE GctiMsg SYSTEM "IServer.dtd">
<GctiMsg><CallId>1254BA80-53AB-4214-91AD-32EE609062BA0000</CallId><UDataResp><RequestId>UEI</RequestId><Result>Success</Result><UDataEx>aaaaaaaaaaaa|bbbbbbbbb|ccccccccccc|ddddddddddd|eeeeeeeeeeee</UDataEx></UDataResp></GctiMsg>

15:59:55.997481[44m|INF|[0mReqId:1254BA80-53AB-4214-91AD-32EE609062BA0000|Command:UDataSet|UDataEx:this|is|UserExtensionInfo
15:59:55.997519[33m|LV2|[0mReqId:1254BA80-53AB-4214-91AD-32EE609062BA0000|Command:UDataSet|XmlData:<?xml version="1.0" encoding="utf-8"?>
<!DOCTYPE GctiMsg SYSTEM "IServer.dtd">
<GctiMsg><CallId>1254BA80-53AB-4214-91AD-32EE609062BA0000</CallId><UDataSet Action="Add"><RequestId>UEI</RequestId><UDataEx>this|is|UserExtensionInfo</UDataEx></UDataSet></GctiMsg>

15:59:55.997601[34m|LV1|[0mSEND   |127.0.0.1:35001|260|<?xml version="1.0" encoding="utf-8"?>
<!DOCTYPE GctiMsg SYSTEM "IServer.dtd">
<GctiMsg><CallId>1254BA80-53AB-4214-91AD-32EE609062BA0000</CallId><UDataSet Action="Add"><RequestId>UEI</RequestId><UDataEx>this|is|UserExtensionInfo</UDataEx></UDataSet></GctiMsg>

15:59:55.998024[34m|LV1|[0mRECEIVE|127.0.0.1:35001|<?xml version="1.0" encoding="utf-8"?>
<!DOCTYPE GctiMsg SYSTEM "IServer.dtd">
<GctiMsg><CallId>1254BA80-53AB-4214-91AD-32EE609062BA0000</CallId><UDataResp><RequestId>UEI</RequestId><Result>Success</Result><UDataEx>aaaaaaaaaaaa|bbbbbbbbb|ccccccccccc|ddddddddddd|eeeeeeeeeeee</UDataEx></UDataResp></GctiMsg>

15:59:55.998283[44m|INF|[0mReqId:1254BA80-53AB-4214-91AD-32EE609062BA0000|Command:UDataResp|RequestId:UEI|Result:Success|UEIData:aaaaaaaaaaaa|bbbbbbbbb|ccccccccccc|ddddddddddd|eeeeeeeeeeee
15:59:55.998317[33m|LV2|[0mReqId:1254BA80-53AB-4214-91AD-32EE609062BA0000|Command:UDataResp|XmlData:<?xml version="1.0" encoding="utf-8"?>
<!DOCTYPE GctiMsg SYSTEM "IServer.dtd">
<GctiMsg><CallId>1254BA80-53AB-4214-91AD-32EE609062BA0000</CallId><UDataResp><RequestId>UEI</RequestId><Result>Success</Result><UDataEx>aaaaaaaaaaaa|bbbbbbbbb|ccccccccccc|ddddddddddd|eeeeeeeeeeee</UDataEx></UDataResp></GctiMsg>

15:59:56.182215[44m|INF|[0mReqId:1254BA80-53AB-4214-91AD-32EE609062BA0000|Command:UDataSet|UDataEx:this|is|UserExtensionInfo
15:59:56.182251[33m|LV2|[0mReqId:1254BA80-53AB-4214-91AD-32EE609062BA0000|Command:UDataSet|XmlData:<?xml version="1.0" encoding="utf-8"?>
<!DOCTYPE GctiMsg SYSTEM "IServer.dtd">
<GctiMsg><CallId>1254BA80-53AB-4214-91AD-32EE609062BA0000</CallId><UDataSet Action="Add"><RequestId>UEI</RequestId><UDataEx>this|is|UserExtensionInfo</UDataEx></UDataSet></GctiMsg>

15:59:56.182299[34m|LV1|[0mSEND   |127.0.0.1:35001|260|<?xml version="1.0" encoding="utf-8"?>
<!DOCTYPE GctiMsg SYSTEM "IServer.dtd">
<GctiMsg><CallId>1254BA80-53AB-4214-91AD-32EE609062BA0000</CallId><UDataSet Action="Add"><RequestId>UEI</RequestId><UDataEx>this|is|UserExtensionInfo</UDataEx></UDataSet></GctiMsg>

15:59:56.182731[34m|LV1|[0mRECEIVE|127.0.0.1:35001|<?xml version="1.0" encoding="utf-8"?>
<!DOCTYPE GctiMsg SYSTEM "IServer.dtd">
<GctiMsg><CallId>1254BA80-53AB-4214-91AD-32EE609062BA0000</CallId><UDataResp><RequestId>UEI</RequestId><Result>Success</Result><UDataEx>aaaaaaaaaaaa|bbbbbbbbb|ccccccccccc|ddddddddddd|eeeeeeeeeeee</UDataEx></UDataResp></GctiMsg>

15:59:56.182972[44m|INF|[0mReqId:1254BA80-53AB-4214-91AD-32EE609062BA0000|Command:UDataResp|RequestId:UEI|Result:Success|UEIData:aaaaaaaaaaaa|bbbbbbbbb|ccccccccccc|ddddddddddd|eeeeeeeeeeee
15:59:56.183006[33m|LV2|[0mReqId:1254BA80-53AB-4214-91AD-32EE609062BA0000|Command:UDataResp|XmlData:<?xml version="1.0" encoding="utf-8"?>
<!DOCTYPE GctiMsg SYSTEM "IServer.dtd">
<GctiMsg><CallId>1254BA80-53AB-4214-91AD-32EE609062BA0000</CallId><UDataResp><RequestId>UEI</RequestId><Result>Success</Result><UDataEx>aaaaaaaaaaaa|bbbbbbbbb|ccccccccccc|ddddddddddd|eeeeeeeeeeee</UDataEx></UDataResp></GctiMsg>

15:59:56.366429[44m|INF|[0mReqId:1254BA80-53AB-4214-91AD-32EE609062BA0000|Command:UDataSet|UDataEx:this|is|UserExtensionInfo
15:59:56.366478[33m|LV2|[0mReqId:1254BA80-53AB-4214-91AD-32EE609062BA0000|Command:UDataSet|XmlData:<?xml version="1.0" encoding="utf-8"?>
<!DOCTYPE GctiMsg SYSTEM "IServer.dtd">
<GctiMsg><CallId>1254BA80-53AB-4214-91AD-32EE609062BA0000</CallId><UDataSet Action="Add"><RequestId>UEI</RequestId><UDataEx>this|is|UserExtensionInfo</UDataEx></UDataSet></GctiMsg>

15:59:56.366589[34m|LV1|[0mSEND   |127.0.0.1:35001|260|<?xml version="1.0" encoding="utf-8"?>
<!DOCTYPE GctiMsg SYSTEM "IServer.dtd">
<GctiMsg><CallId>1254BA80-53AB-4214-91AD-32EE609062BA0000</CallId><UDataSet Action="Add"><RequestId>UEI</RequestId><UDataEx>this|is|UserExtensionInfo</UDataEx></UDataSet></GctiMsg>

15:59:56.366974[34m|LV1|[0mRECEIVE|127.0.0.1:35001|<?xml version="1.0" encoding="utf-8"?>
<!DOCTYPE GctiMsg SYSTEM "IServer.dtd">
<GctiMsg><CallId>1254BA80-53AB-4214-91AD-32EE609062BA0000</CallId><UDataResp><RequestId>UEI</RequestId><Result>Success</Result><UDataEx>aaaaaaaaaaaa|bbbbbbbbb|ccccccccccc|ddddddddddd|eeeeeeeeeeee</UDataEx></UDataResp></GctiMsg>

15:59:56.367316[44m|INF|[0mReqId:1254BA80-53AB-4214-91AD-32EE609062BA0000|Command:UDataResp|RequestId:UEI|Result:Success|UEIData:aaaaaaaaaaaa|bbbbbbbbb|ccccccccccc|ddddddddddd|eeeeeeeeeeee
15:59:56.367362[33m|LV2|[0mReqId:1254BA80-53AB-4214-91AD-32EE609062BA0000|Command:UDataResp|XmlData:<?xml version="1.0" encoding="utf-8"?>
<!DOCTYPE GctiMsg SYSTEM "IServer.dtd">
<GctiMsg><CallId>1254BA80-53AB-4214-91AD-32EE609062BA0000</CallId><UDataResp><RequestId>UEI</RequestId><Result>Success</Result><UDataEx>aaaaaaaaaaaa|bbbbbbbbb|ccccccccccc|ddddddddddd|eeeeeeeeeeee</UDataEx></UDataResp></GctiMsg>

15:59:56.553006[44m|INF|[0mReqId:1254BA80-53AB-4214-91AD-32EE609062BA0000|Command:UDataSet|UDataEx:this|is|UserExtensionInfo
15:59:56.553043[33m|LV2|[0mReqId:1254BA80-53AB-4214-91AD-32EE609062BA0000|Command:UDataSet|XmlData:<?xml version="1.0" encoding="utf-8"?>
<!DOCTYPE GctiMsg SYSTEM "IServer.dtd">
<GctiMsg><CallId>1254BA80-53AB-4214-91AD-32EE609062BA0000</CallId><UDataSet Action="Add"><RequestId>UEI</RequestId><UDataEx>this|is|UserExtensionInfo</UDataEx></UDataSet></GctiMsg>

15:59:56.553100[34m|LV1|[0mSEND   |127.0.0.1:35001|260|<?xml version="1.0" encoding="utf-8"?>
<!DOCTYPE GctiMsg SYSTEM "IServer.dtd">
<GctiMsg><CallId>1254BA80-53AB-4214-91AD-32EE609062BA0000</CallId><UDataSet Action="Add"><RequestId>UEI</RequestId><UDataEx>this|is|UserExtensionInfo</UDataEx></UDataSet></GctiMsg>

15:59:56.553457[34m|LV1|[0mRECEIVE|127.0.0.1:35001|<?xml version="1.0" encoding="utf-8"?>
<!DOCTYPE GctiMsg SYSTEM "IServer.dtd">
<GctiMsg><CallId>1254BA80-53AB-4214-91AD-32EE609062BA0000</CallId><UDataResp><RequestId>UEI</RequestId><Result>Success</Result><UDataEx>aaaaaaaaaaaa|bbbbbbbbb|ccccccccccc|ddddddddddd|eeeeeeeeeeee</UDataEx></UDataResp></GctiMsg>

15:59:56.553730[44m|INF|[0mReqId:1254BA80-53AB-4214-91AD-32EE609062BA0000|Command:UDataResp|RequestId:UEI|Result:Success|UEIData:aaaaaaaaaaaa|bbbbbbbbb|ccccccccccc|ddddddddddd|eeeeeeeeeeee
15:59:56.553764[33m|LV2|[0mReqId:1254BA80-53AB-4214-91AD-32EE609062BA0000|Command:UDataResp|XmlData:<?xml version="1.0" encoding="utf-8"?>
<!DOCTYPE GctiMsg SYSTEM "IServer.dtd">
<GctiMsg><CallId>1254BA80-53AB-4214-91AD-32EE609062BA0000</CallId><UDataResp><RequestId>UEI</RequestId><Result>Success</Result><UDataEx>aaaaaaaaaaaa|bbbbbbbbb|ccccccccccc|ddddddddddd|eeeeeeeeeeee</UDataEx></UDataResp></GctiMsg>

15:59:56.655449[44m|INF|[0mReqId:1254BA80-53AB-4214-91AD-32EE609062BA0000|Command:UDataSet|UDataEx:this|is|UserExtensionInfo
15:59:56.655484[33m|LV2|[0mReqId:1254BA80-53AB-4214-91AD-32EE609062BA0000|Command:UDataSet|XmlData:<?xml version="1.0" encoding="utf-8"?>
<!DOCTYPE GctiMsg SYSTEM "IServer.dtd">
<GctiMsg><CallId>1254BA80-53AB-4214-91AD-32EE609062BA0000</CallId><UDataSet Action="Add"><RequestId>UEI</RequestId><UDataEx>this|is|UserExtensionInfo</UDataEx></UDataSet></GctiMsg>

15:59:56.655536[34m|LV1|[0mSEND   |127.0.0.1:35001|260|<?xml version="1.0" encoding="utf-8"?>
<!DOCTYPE GctiMsg SYSTEM "IServer.dtd">
<GctiMsg><CallId>1254BA80-53AB-4214-91AD-32EE609062BA0000</CallId><UDataSet Action="Add"><RequestId>UEI</RequestId><UDataEx>this|is|UserExtensionInfo</UDataEx></UDataSet></GctiMsg>

15:59:56.655912[34m|LV1|[0mRECEIVE|127.0.0.1:35001|<?xml version="1.0" encoding="utf-8"?>
<!DOCTYPE GctiMsg SYSTEM "IServer.dtd">
<GctiMsg><CallId>1254BA80-53AB-4214-91AD-32EE609062BA0000</CallId><UDataResp><RequestId>UEI</RequestId><Result>Success</Result><UDataEx>aaaaaaaaaaaa|bbbbbbbbb|ccccccccccc|ddddddddddd|eeeeeeeeeeee</UDataEx></UDataResp></GctiMsg>

15:59:56.656194[44m|INF|[0mReqId:1254BA80-53AB-4214-91AD-32EE609062BA0000|Command:UDataResp|RequestId:UEI|Result:Success|UEIData:aaaaaaaaaaaa|bbbbbbbbb|ccccccccccc|ddddddddddd|eeeeeeeeeeee
15:59:56.656230[33m|LV2|[0mReqId:1254BA80-53AB-4214-91AD-32EE609062BA0000|Command:UDataResp|XmlData:<?xml version="1.0" encoding="utf-8"?>
<!DOCTYPE GctiMsg SYSTEM "IServer.dtd">
<GctiMsg><CallId>1254BA80-53AB-4214-91AD-32EE609062BA0000</CallId><UDataResp><RequestId>UEI</RequestId><Result>Success</Result><UDataEx>aaaaaaaaaaaa|bbbbbbbbb|ccccccccccc|ddddddddddd|eeeeeeeeeeee</UDataEx></UDataResp></GctiMsg>

16:23:08.259829[41m|ERR|[0miSocket Recv error. remote_ip:127.0.0.1, remote_port:35001
16:23:08.259973[41m|ERR|[0mConnection failure. remote_ip:127.0.0.1, remote_port:35001
16:23:11.260175[41m|ERR|[0mConnection failure. remote_ip:127.0.0.1, remote_port:35001
16:23:14.260441[41m|ERR|[0mConnection failure. remote_ip:127.0.0.1, remote_port:35001
16:23:17.260699[41m|ERR|[0mConnection failure. remote_ip:127.0.0.1, remote_port:35001
16:23:20.260917[41m|ERR|[0mConnection failure. remote_ip:127.0.0.1, remote_port:35001
16:23:23.261115[41m|ERR|[0mConnection failure. remote_ip:127.0.0.1, remote_port:35001
16:23:26.261374[41m|ERR|[0mConnection failure. remote_ip:127.0.0.1, remote_port:35001
16:23:29.261641[41m|ERR|[0mConnection failure. remote_ip:127.0.0.1, remote_port:35001
16:23:32.261936[41m|ERR|[0mConnection failure. remote_ip:127.0.0.1, remote_port:35001
16:23:35.262195[41m|ERR|[0mConnection failure. remote_ip:127.0.0.1, remote_port:35001
16:23:38.262434[41m|ERR|[0mConnection failure. remote_ip:127.0.0.1, remote_port:35001
16:23:41.262672[41m|ERR|[0mConnection failure. remote_ip:127.0.0.1, remote_port:35001
16:23:44.262891[41m|ERR|[0mConnection failure. remote_ip:127.0.0.1, remote_port:35001
16:23:47.263126[41m|ERR|[0mConnection failure. remote_ip:127.0.0.1, remote_port:35001
16:23:50.263390[41m|ERR|[0mConnection failure. remote_ip:127.0.0.1, remote_port:35001
16:23:53.263669[41m|ERR|[0mConnection failure. remote_ip:127.0.0.1, remote_port:35001
16:23:56.263896[41m|ERR|[0mConnection failure. remote_ip:127.0.0.1, remote_port:35001
16:23:59.264142[41m|ERR|[0mConnection failure. remote_ip:127.0.0.1, remote_port:35001
16:24:02.264397[41m|ERR|[0mConnection failure. remote_ip:127.0.0.1, remote_port:35001
16:24:05.264645[41m|ERR|[0mConnection failure. remote_ip:127.0.0.1, remote_port:35001
16:24:08.264909[41m|ERR|[0mConnection failure. remote_ip:127.0.0.1, remote_port:35001
16:24:11.265137[41m|ERR|[0mConnection failure. remote_ip:127.0.0.1, remote_port:35001
16:24:14.265348[41m|ERR|[0mConnection failure. remote_ip:127.0.0.1, remote_port:35001
16:24:17.265574[41m|ERR|[0mConnection failure. remote_ip:127.0.0.1, remote_port:35001
16:24:20.265785[41m|ERR|[0mConnection failure. remote_ip:127.0.0.1, remote_port:35001
16:24:23.265991[41m|ERR|[0mConnection failure. remote_ip:127.0.0.1, remote_port:35001
16:24:26.266192[41m|ERR|[0mConnection failure. remote_ip:127.0.0.1, remote_port:35001
