
>>>>>>>>>>>>>>>>>>>>>>>>>>>>>>>>>>>>>>>>>>>>>>>>>>>>>>>>>>>>>>>>>>>>>>>>
>> cba.idr pid(19795) Logging Start
>>>>>>>>>>>>>>>>>>>>>>>>>>>>>>>>>>>>>>>>>>>>>>>>>>>>>>>>>>>>>>>>>>>>>>>>

15:10:02.219371[44m|INF|[0m>>>>>>>>>>>>>>>>>>>>>>>>>>>>>>>>>>>>>>>>>>>>>>>>>>>>>>>>>>>>>>>>>>>>>>>>>>>>
15:10:02.219387[44m|INF|[0mIVRDriver Initialize success.
15:10:02.219399[44m|INF|[0mOwnerName     : CBA.ISVR
15:10:02.219421[44m|INF|[0mOwnerId       : 1001
15:10:02.219433[44m|INF|[0mSvcAppName    : IVR5
15:10:02.219445[44m|INF|[0mSvcDriverName : IVR1
15:10:02.219457[44m|INF|[0mRemoteIp      : 127.0.0.1
15:10:02.219469[44m|INF|[0mRemotePort    : 35001
15:10:02.219503[44m|INF|[0mLogPath       : ../log/cba.idrv/
15:10:02.219515[44m|INF|[0mLogLinkPath   : ../log/
15:10:02.219527[44m|INF|[0mLogLevel      : 3
15:10:02.219539[44m|INF|[0m>>>>>>>>>>>>>>>>>>>>>>>>>>>>>>>>>>>>>>>>>>>>>>>>>>>>>>>>>>>>>>>>>>>>>>>>>>>>
15:10:02.219551[44m|INF|[0m

15:10:02.221520[44m|INF|[0mConnection success. remote_ip:127.0.0.1, remote_port:35001
15:10:02.222112[44m|INF|[0mReqId:100000001|Command:LoginReq|Version:4.0|ClientName:IVR1|ReportStatus:true|ServerMonitor:set
15:10:02.222142[33m|LV2|[0mReqId:100000001|Command:LoginReq|XmlData:<?xml version="1.0" encoding="utf-8"?>
<!DOCTYPE GctiMsg SYSTEM "IServer.dtd">
<GctiMsg><CallId>100000001</CallId><LoginReq Version="4.0" ClientName="IVR1" ReportStatus="true" ServerMonitor="set"/></GctiMsg>

15:10:02.222206[34m|LV1|[0mSEND   |127.0.0.1:35001|208|<?xml version="1.0" encoding="utf-8"?>
<!DOCTYPE GctiMsg SYSTEM "IServer.dtd">
<GctiMsg><CallId>100000001</CallId><LoginReq Version="4.0" ClientName="IVR1" ReportStatus="true" ServerMonitor="set"/></GctiMsg>

15:10:02.222573[34m|LV1|[0mRECEIVE|127.0.0.1:35001|<?xml version="1.0" encoding="utf-8"?>
<!DOCTYPE GctiMsg SYSTEM "IServer.dtd">
<GctiMsg><CallId>100000001</CallId><LoginResp IServerVersion="8.5" Result="Success" ConfigOptions="" Status="OK"/></GctiMsg>

15:10:02.222859[44m|INF|[0mReqId:100000001|Command:LoginResp|IServerVersion:8.5|Result:Success|ConfigOptions:|Status:OK
15:10:02.222887[33m|LV2|[0mReqId:100000001|Command:LoginResp|XmlData:<?xml version="1.0" encoding="utf-8"?>
<!DOCTYPE GctiMsg SYSTEM "IServer.dtd">
<GctiMsg><CallId>100000001</CallId><LoginResp IServerVersion="8.5" Result="Success" ConfigOptions="" Status="OK"/></GctiMsg>

