
>>>>>>>>>>>>>>>>>>>>>>>>>>>>>>>>>>>>>>>>>>>>>>>>>>>>>>>>>>>>>>>>>>>>>>>>
>> cba.idr pid(27729) Logging Start
>>>>>>>>>>>>>>>>>>>>>>>>>>>>>>>>>>>>>>>>>>>>>>>>>>>>>>>>>>>>>>>>>>>>>>>>

14:49:43.566502[44m|INF|[0m>>>>>>>>>>>>>>>>>>>>>>>>>>>>>>>>>>>>>>>>>>>>>>>>>>>>>>>>>>>>>>>>>>>>>>>>>>>>
14:49:43.566517[44m|INF|[0mIVRDriver Initialize success.
14:49:43.566583[44m|INF|[0mOwnerName     : CBA.ISVR
14:49:43.566596[44m|INF|[0mOwnerId       : 1001
14:49:43.566607[44m|INF|[0mSvcAppName    : IVR5
14:49:43.566619[44m|INF|[0mSvcDriverName : IVR1
14:49:43.566630[44m|INF|[0mRemoteIp      : 127.0.0.1
14:49:43.566642[44m|INF|[0mRemotePort    : 35001
14:49:43.566653[44m|INF|[0mLogPath       : ../log/cba.idrv/
14:49:43.566664[44m|INF|[0mLogLinkPath   : ../log/
14:49:43.566676[44m|INF|[0mLogLevel      : 3
14:49:43.566687[44m|INF|[0m>>>>>>>>>>>>>>>>>>>>>>>>>>>>>>>>>>>>>>>>>>>>>>>>>>>>>>>>>>>>>>>>>>>>>>>>>>>>
14:49:43.566699[44m|INF|[0m

14:49:43.566970[44m|INF|[0mConnection success. remote_ip:127.0.0.1, remote_port:35001
14:49:43.567561[44m|INF|[0mReqId:100000001|Command:LoginReq|Version:4.0|ClientName:IVR1|ReportStatus:true|ServerMonitor:set
14:49:43.567593[33m|LV2|[0mReqId:100000001|Command:LoginReq|XmlData:<?xml version="1.0" encoding="utf-8"?>
<!DOCTYPE GctiMsg SYSTEM "IServer.dtd">
<GctiMsg><CallId>100000001</CallId><LoginReq Version="4.0" ClientName="IVR1" ReportStatus="true" ServerMonitor="set"/></GctiMsg>

14:49:43.567673[34m|LV1|[0mSEND   |127.0.0.1:35001|208|<?xml version="1.0" encoding="utf-8"?>
<!DOCTYPE GctiMsg SYSTEM "IServer.dtd">
<GctiMsg><CallId>100000001</CallId><LoginReq Version="4.0" ClientName="IVR1" ReportStatus="true" ServerMonitor="set"/></GctiMsg>

14:49:43.568580[34m|LV1|[0mRECEIVE|127.0.0.1:35001|<?xml version="1.0" encoding="utf-8"?>
<!DOCTYPE GctiMsg SYSTEM "IServer.dtd">
<GctiMsg><CallId>100000001</CallId><LoginResp IServerVersion="8.5" Result="Success" ConfigOptions="" Status="OK"/></GctiMsg>

14:49:43.568847[44m|INF|[0mReqId:100000001|Command:LoginResp|IServerVersion:8.5|Result:Success|ConfigOptions:|Status:OK
14:49:43.568873[33m|LV2|[0mReqId:100000001|Command:LoginResp|XmlData:<?xml version="1.0" encoding="utf-8"?>
<!DOCTYPE GctiMsg SYSTEM "IServer.dtd">
<GctiMsg><CallId>100000001</CallId><LoginResp IServerVersion="8.5" Result="Success" ConfigOptions="" Status="OK"/></GctiMsg>

14:49:52.147477[44m|INF|[0mReqId:480A6FE0-0D77-44DF-A8DF-2C467CB9B6CB0000|Command:NewCall|CalledNum:1000|CallControlMode:Network|Version:4.0|DNIS:*6500|ANI:4022|UDataEx:|ExtnsEx:
14:49:52.147516[33m|LV2|[0mReqId:480A6FE0-0D77-44DF-A8DF-2C467CB9B6CB0000|Command:NewCall|XmlData:<?xml version="1.0" encoding="utf-8"?>
<!DOCTYPE GctiMsg SYSTEM "IServer.dtd">
<GctiMsg><CallId>480A6FE0-0D77-44DF-A8DF-2C467CB9B6CB0000</CallId><NewCall CallControlMode="Network" Version="4.0"><CalledNum>1000</CalledNum><DNIS>*6500</DNIS><ANI>4022</ANI></NewCall></GctiMsg>

14:49:52.147586[34m|LV1|[0mSEND   |127.0.0.1:35001|275|<?xml version="1.0" encoding="utf-8"?>
<!DOCTYPE GctiMsg SYSTEM "IServer.dtd">
<GctiMsg><CallId>480A6FE0-0D77-44DF-A8DF-2C467CB9B6CB0000</CallId><NewCall CallControlMode="Network" Version="4.0"><CalledNum>1000</CalledNum><DNIS>*6500</DNIS><ANI>4022</ANI></NewCall></GctiMsg>

14:49:52.148112[34m|LV1|[0mRECEIVE|127.0.0.1:35001|<?xml version="1.0" encoding="utf-8"?>
<!DOCTYPE GctiMsg SYSTEM "IServer.dtd">
<GctiMsg><CallId>480A6FE0-0D77-44DF-A8DF-2C467CB9B6CB0000</CallId><CallStatus Event="Ringing"/></GctiMsg>

14:49:52.148299[44m|INF|[0mReqId:480A6FE0-0D77-44DF-A8DF-2C467CB9B6CB0000|Command:CallStatus|CallStatus:Ringing
14:49:52.148330[33m|LV2|[0mReqId:480A6FE0-0D77-44DF-A8DF-2C467CB9B6CB0000|Command:CallStatus|XmlData:<?xml version="1.0" encoding="utf-8"?>
<!DOCTYPE GctiMsg SYSTEM "IServer.dtd">
<GctiMsg><CallId>480A6FE0-0D77-44DF-A8DF-2C467CB9B6CB0000</CallId><CallStatus Event="Ringing"/></GctiMsg>

14:49:52.248763[34m|LV1|[0mRECEIVE|127.0.0.1:35001|<?xml version="1.0" encoding="utf-8"?>
<!DOCTYPE GctiMsg SYSTEM "IServer.dtd">
<GctiMsg><CallId>480A6FE0-0D77-44DF-A8DF-2C467CB9B6CB0000</CallId><CallStatus Event="Established"/></GctiMsg>

14:49:52.248984[44m|INF|[0mReqId:480A6FE0-0D77-44DF-A8DF-2C467CB9B6CB0000|Command:CallStatus|CallStatus:Established
14:49:52.249015[33m|LV2|[0mReqId:480A6FE0-0D77-44DF-A8DF-2C467CB9B6CB0000|Command:CallStatus|XmlData:<?xml version="1.0" encoding="utf-8"?>
<!DOCTYPE GctiMsg SYSTEM "IServer.dtd">
<GctiMsg><CallId>480A6FE0-0D77-44DF-A8DF-2C467CB9B6CB0000</CallId><CallStatus Event="Established"/></GctiMsg>

14:49:59.205261[44m|INF|[0mReqId:480A6FE0-0D77-44DF-A8DF-2C467CB9B6CB0000|Command:CallInfoReq
14:49:59.205276[33m|LV2|[0mReqId:480A6FE0-0D77-44DF-A8DF-2C467CB9B6CB0000|Command:CallInfoReq|XmlData:<?xml version="1.0" encoding="utf-8"?>
<!DOCTYPE GctiMsg SYSTEM "IServer.dtd">
<GctiMsg><CallId>480A6FE0-0D77-44DF-A8DF-2C467CB9B6CB0000</CallId><CallInfoReq></CallInfoReq></GctiMsg>

14:49:59.205300[34m|LV1|[0mSEND   |127.0.0.1:35001|183|<?xml version="1.0" encoding="utf-8"?>
<!DOCTYPE GctiMsg SYSTEM "IServer.dtd">
<GctiMsg><CallId>480A6FE0-0D77-44DF-A8DF-2C467CB9B6CB0000</CallId><CallInfoReq></CallInfoReq></GctiMsg>

14:49:59.205592[34m|LV1|[0mRECEIVE|127.0.0.1:35001|<?xml version="1.0" encoding="utf-8"?>
<!DOCTYPE GctiMsg SYSTEM "IServer.dtd">
<GctiMsg><CallId>480A6FE0-0D77-44DF-A8DF-2C467CB9B6CB0000</CallId><CallInfoResp ANI="1111111111" DNIS="2222222222" CalledNum="3333333333" ConnId="4444444444" FirstHomeLocation="5555555555" LastEvent="6666666666" OtherDN="7777777777" OtherQueue="8888888888" OtherTrunk="9999999999" PortDN="aaaaaaaaaa" PortQueue="bbbbbbbbbb" PortTrunk="cccccccccc" ThirdPartyDN="dddddddddd" TSCallId="eeeeeeeeee"/></GctiMsg>

14:49:59.205921[44m|INF|[0mReqId:480A6FE0-0D77-44DF-A8DF-2C467CB9B6CB0000|Command:CallInfoResp|ANI:1111111111|DNIS:2222222222|CalledNum:3333333333|ConnId:4444444444|FirstHomeLocation:5555555555|LastEvent:6666666666|OtherDN:7777777777|OtherQueue:8888888888|OtherTrunk:9999999999|PortDN:aaaaaaaaaa|PortQueue:bbbbbbbbbb|PortTrunk:cccccccccc|ThirdPartyDN:dddddddddd|TSCallId:eeeeeeeeee
14:49:59.205935[33m|LV2|[0mReqId:480A6FE0-0D77-44DF-A8DF-2C467CB9B6CB0000|Command:CallInfoResp|XmlData:<?xml version="1.0" encoding="utf-8"?>
<!DOCTYPE GctiMsg SYSTEM "IServer.dtd">
<GctiMsg><CallId>480A6FE0-0D77-44DF-A8DF-2C467CB9B6CB0000</CallId><CallInfoResp ANI="1111111111" DNIS="2222222222" CalledNum="3333333333" ConnId="4444444444" FirstHomeLocation="5555555555" LastEvent="6666666666" OtherDN="7777777777" OtherQueue="8888888888" OtherTrunk="9999999999" PortDN="aaaaaaaaaa" PortQueue="bbbbbbbbbb" PortTrunk="cccccccccc" ThirdPartyDN="dddddddddd" TSCallId="eeeeeeeeee"/></GctiMsg>

14:50:06.266141[44m|INF|[0mReqId:480A6FE0-0D77-44DF-A8DF-2C467CB9B6CB0000|Command:UDataGet|Keys:UEI
14:50:06.266172[33m|LV2|[0mReqId:480A6FE0-0D77-44DF-A8DF-2C467CB9B6CB0000|Command:UDataGet|XmlData:<?xml version="1.0" encoding="utf-8"?>
<!DOCTYPE GctiMsg SYSTEM "IServer.dtd">
<GctiMsg><CallId>480A6FE0-0D77-44DF-A8DF-2C467CB9B6CB0000</CallId><UDataGet Keys="UEI"><RequestId>100000002</RequestId></UDataGet></GctiMsg>

14:50:06.266215[34m|LV1|[0mSEND   |127.0.0.1:35001|220|<?xml version="1.0" encoding="utf-8"?>
<!DOCTYPE GctiMsg SYSTEM "IServer.dtd">
<GctiMsg><CallId>480A6FE0-0D77-44DF-A8DF-2C467CB9B6CB0000</CallId><UDataGet Keys="UEI"><RequestId>100000002</RequestId></UDataGet></GctiMsg>

14:50:06.266651[34m|LV1|[0mRECEIVE|127.0.0.1:35001|<?xml version="1.0" encoding="utf-8"?>
<!DOCTYPE GctiMsg SYSTEM "IServer.dtd">
<GctiMsg><CallId>480A6FE0-0D77-44DF-A8DF-2C467CB9B6CB0000</CallId><UDataResp><RequestId>UEI</RequestId><Result>Success</Result><UDataEx><Node Name="eee" Type="Str" Val="555"/><Node Name="fff" Type="Str" Val="6666"/><Node Name="ggg" Type="Str" Val="77777"/><Node Name="hhh" Type="Str" Val="88888888"/></UDataEx></UDataResp></GctiMsg>

14:50:06.266961[44m|INF|[0mReqId:480A6FE0-0D77-44DF-A8DF-2C467CB9B6CB0000|Command:UDataResp|RequestId:UEI|Result:Success|UDataEx:|eee=555|fff=6666|ggg=77777|hhh=88888888|
14:50:06.266988[33m|LV2|[0mReqId:480A6FE0-0D77-44DF-A8DF-2C467CB9B6CB0000|Command:UDataResp|XmlData:<?xml version="1.0" encoding="utf-8"?>
<!DOCTYPE GctiMsg SYSTEM "IServer.dtd">
<GctiMsg><CallId>480A6FE0-0D77-44DF-A8DF-2C467CB9B6CB0000</CallId><UDataResp><RequestId>UEI</RequestId><Result>Success</Result><UDataEx><Node Name="eee" Type="Str" Val="555"/><Node Name="fff" Type="Str" Val="6666"/><Node Name="ggg" Type="Str" Val="77777"/><Node Name="hhh" Type="Str" Val="88888888"/></UDataEx></UDataResp></GctiMsg>

14:50:53.107678[44m|INF|[0mReqId:480A6FE0-0D77-44DF-A8DF-2C467CB9B6CB0000|Command:OneStepXfer|szDestDN:|szUDataEx:|szExtnsEx:
14:50:53.107697[33m|LV2|[0mReqId:480A6FE0-0D77-44DF-A8DF-2C467CB9B6CB0000|Command:OneStepXfer|XmlData:<?xml version="1.0" encoding="utf-8"?>
<!DOCTYPE GctiMsg SYSTEM "IServer.dtd">
<GctiMsg><CallId>480A6FE0-0D77-44DF-A8DF-2C467CB9B6CB0000</CallId><OneStepXfer DestDN=""/></GctiMsg>

14:50:53.107723[34m|LV1|[0mSEND   |127.0.0.1:35001|180|<?xml version="1.0" encoding="utf-8"?>
<!DOCTYPE GctiMsg SYSTEM "IServer.dtd">
<GctiMsg><CallId>480A6FE0-0D77-44DF-A8DF-2C467CB9B6CB0000</CallId><OneStepXfer DestDN=""/></GctiMsg>

14:50:53.108059[34m|LV1|[0mRECEIVE|127.0.0.1:35001|<?xml version="1.0" encoding="utf-8"?>
<!DOCTYPE GctiMsg SYSTEM "IServer.dtd">
<GctiMsg><CallId>480A6FE0-0D77-44DF-A8DF-2C467CB9B6CB0000</CallId><CallStatus Event="XferComplete"/></GctiMsg>

14:50:53.108127[44m|INF|[0mReqId:480A6FE0-0D77-44DF-A8DF-2C467CB9B6CB0000|Command:CallStatus|CallStatus:XferComplete
14:50:53.108139[33m|LV2|[0mReqId:480A6FE0-0D77-44DF-A8DF-2C467CB9B6CB0000|Command:CallStatus|XmlData:<?xml version="1.0" encoding="utf-8"?>
<!DOCTYPE GctiMsg SYSTEM "IServer.dtd">
<GctiMsg><CallId>480A6FE0-0D77-44DF-A8DF-2C467CB9B6CB0000</CallId><CallStatus Event="XferComplete"/></GctiMsg>

