
>>>>>>>>>>>>>>>>>>>>>>>>>>>>>>>>>>>>>>>>>>>>>>>>>>>>>>>>>>>>>>>>>>>>>>>>
>> cba.idr pid(23370) Logging Start
>>>>>>>>>>>>>>>>>>>>>>>>>>>>>>>>>>>>>>>>>>>>>>>>>>>>>>>>>>>>>>>>>>>>>>>>

13:57:51.965163[44m|INF|[0m>>>>>>>>>>>>>>>>>>>>>>>>>>>>>>>>>>>>>>>>>>>>>>>>>>>>>>>>>>>>>>>>>>>>>>>>>>>>
13:57:51.965195[44m|INF|[0mIVRDriver Initialize success.
13:57:51.965216[44m|INF|[0mOwnerName     : CBA.ISVR
13:57:51.965234[44m|INF|[0mOwnerId       : 1001
13:57:51.965246[44m|INF|[0mSvcAppName    : IVR5
13:57:51.965257[44m|INF|[0mSvcDriverName : IVR1
13:57:51.965269[44m|INF|[0mRemoteIp      : 127.0.0.1
13:57:51.965280[44m|INF|[0mRemotePort    : 35001
13:57:51.965292[44m|INF|[0mLogPath       : ../log/cba.idrv/
13:57:51.965303[44m|INF|[0mLogLinkPath   : ../log/
13:57:51.965315[44m|INF|[0mLogLevel      : 3
13:57:51.965326[44m|INF|[0m>>>>>>>>>>>>>>>>>>>>>>>>>>>>>>>>>>>>>>>>>>>>>>>>>>>>>>>>>>>>>>>>>>>>>>>>>>>>
13:57:51.965337[44m|INF|[0m

13:57:51.965617[44m|INF|[0mConnection success. remote_ip:127.0.0.1, remote_port:35001
13:57:51.966162[44m|INF|[0mReqId:100000001|Command:LoginReq|Version:4.0|ClientName:IVR1|ReportStatus:true|ServerMonitor:set
13:57:51.966192[33m|LV2|[0mReqId:100000001|Command:LoginReq|XmlData:<?xml version="1.0" encoding="utf-8"?>
<!DOCTYPE GctiMsg SYSTEM "IServer.dtd">
<GctiMsg><CallId>100000001</CallId><LoginReq Version="4.0" ClientName="IVR1" ReportStatus="true" ServerMonitor="set"/></GctiMsg>

13:57:51.966269[34m|LV1|[0mSEND   |127.0.0.1:35001|208|<?xml version="1.0" encoding="utf-8"?>
<!DOCTYPE GctiMsg SYSTEM "IServer.dtd">
<GctiMsg><CallId>100000001</CallId><LoginReq Version="4.0" ClientName="IVR1" ReportStatus="true" ServerMonitor="set"/></GctiMsg>

13:57:51.967278[34m|LV1|[0mRECEIVE|127.0.0.1:35001|<?xml version="1.0" encoding="utf-8"?>
<!DOCTYPE GctiMsg SYSTEM "IServer.dtd">
<GctiMsg><CallId>100000001</CallId><LoginResp IServerVersion="8.5" Result="Success" ConfigOptions="" Status="OK"/></GctiMsg>

13:57:51.967537[44m|INF|[0mReqId:100000001|Command:LoginResp|IServerVersion:8.5|Result:Success|ConfigOptions:|Status:OK
13:57:51.967565[33m|LV2|[0mReqId:100000001|Command:LoginResp|XmlData:<?xml version="1.0" encoding="utf-8"?>
<!DOCTYPE GctiMsg SYSTEM "IServer.dtd">
<GctiMsg><CallId>100000001</CallId><LoginResp IServerVersion="8.5" Result="Success" ConfigOptions="" Status="OK"/></GctiMsg>

13:58:28.195332[44m|INF|[0mReqId:4B290356-6F12-46A6-89AD-E829642B618A0000|Command:NewCall|CalledNum:1000|CallControlMode:Network|Version:4.0|DNIS:*6500|ANI:4022|UDataEx:|ExtnsEx:
13:58:28.195364[33m|LV2|[0mReqId:4B290356-6F12-46A6-89AD-E829642B618A0000|Command:NewCall|XmlData:<?xml version="1.0" encoding="utf-8"?>
<!DOCTYPE GctiMsg SYSTEM "IServer.dtd">
<GctiMsg><CallId>4B290356-6F12-46A6-89AD-E829642B618A0000</CallId><NewCall CallControlMode="Network" Version="4.0"><CalledNum>1000</CalledNum><DNIS>*6500</DNIS><ANI>4022</ANI></NewCall></GctiMsg>

13:58:28.195408[34m|LV1|[0mSEND   |127.0.0.1:35001|275|<?xml version="1.0" encoding="utf-8"?>
<!DOCTYPE GctiMsg SYSTEM "IServer.dtd">
<GctiMsg><CallId>4B290356-6F12-46A6-89AD-E829642B618A0000</CallId><NewCall CallControlMode="Network" Version="4.0"><CalledNum>1000</CalledNum><DNIS>*6500</DNIS><ANI>4022</ANI></NewCall></GctiMsg>

13:58:28.195831[34m|LV1|[0mRECEIVE|127.0.0.1:35001|<?xml version="1.0" encoding="utf-8"?>
<!DOCTYPE GctiMsg SYSTEM "IServer.dtd">
<GctiMsg><CallId>4B290356-6F12-46A6-89AD-E829642B618A0000</CallId><CallStatus Event="Ringing"/></GctiMsg>

13:58:28.196013[44m|INF|[0mReqId:4B290356-6F12-46A6-89AD-E829642B618A0000|Command:CallStatus|CallStatus:Ringing
13:58:28.196051[33m|LV2|[0mReqId:4B290356-6F12-46A6-89AD-E829642B618A0000|Command:CallStatus|XmlData:<?xml version="1.0" encoding="utf-8"?>
<!DOCTYPE GctiMsg SYSTEM "IServer.dtd">
<GctiMsg><CallId>4B290356-6F12-46A6-89AD-E829642B618A0000</CallId><CallStatus Event="Ringing"/></GctiMsg>

13:58:28.296181[34m|LV1|[0mRECEIVE|127.0.0.1:35001|<?xml version="1.0" encoding="utf-8"?>
<!DOCTYPE GctiMsg SYSTEM "IServer.dtd">
<GctiMsg><CallId>4B290356-6F12-46A6-89AD-E829642B618A0000</CallId><CallStatus Event="Established"/></GctiMsg>

13:58:28.296391[44m|INF|[0mReqId:4B290356-6F12-46A6-89AD-E829642B618A0000|Command:CallStatus|CallStatus:Established
13:58:28.296418[33m|LV2|[0mReqId:4B290356-6F12-46A6-89AD-E829642B618A0000|Command:CallStatus|XmlData:<?xml version="1.0" encoding="utf-8"?>
<!DOCTYPE GctiMsg SYSTEM "IServer.dtd">
<GctiMsg><CallId>4B290356-6F12-46A6-89AD-E829642B618A0000</CallId><CallStatus Event="Established"/></GctiMsg>

13:58:35.225111[44m|INF|[0mReqId:4B290356-6F12-46A6-89AD-E829642B618A0000|Command:CallInfoReq
13:58:35.225167[33m|LV2|[0mReqId:4B290356-6F12-46A6-89AD-E829642B618A0000|Command:CallInfoReq|XmlData:<?xml version="1.0" encoding="utf-8"?>
<!DOCTYPE GctiMsg SYSTEM "IServer.dtd">
<GctiMsg><CallId>4B290356-6F12-46A6-89AD-E829642B618A0000</CallId><CallInfoReq></CallInfoReq></GctiMsg>

13:58:35.225212[34m|LV1|[0mSEND   |127.0.0.1:35001|183|<?xml version="1.0" encoding="utf-8"?>
<!DOCTYPE GctiMsg SYSTEM "IServer.dtd">
<GctiMsg><CallId>4B290356-6F12-46A6-89AD-E829642B618A0000</CallId><CallInfoReq></CallInfoReq></GctiMsg>

13:58:35.225618[34m|LV1|[0mRECEIVE|127.0.0.1:35001|<?xml version="1.0" encoding="utf-8"?>
<!DOCTYPE GctiMsg SYSTEM "IServer.dtd">
<GctiMsg><CallId>4B290356-6F12-46A6-89AD-E829642B618A0000</CallId><CallInfoResp ANI="1111111111" DNIS="2222222222" CalledNum="3333333333" ConnId="4444444444" FirstHomeLocation="5555555555" LastEvent="6666666666" OtherDN="7777777777" OtherQueue="8888888888" OtherTrunk="9999999999" PortDN="aaaaaaaaaa" PortQueue="bbbbbbbbbb" PortTrunk="cccccccccc" ThirdPartyDN="dddddddddd" TSCallId="eeeeeeeeee"/></GctiMsg>

13:58:35.226400[44m|INF|[0mReqId:4B290356-6F12-46A6-89AD-E829642B618A0000|Command:CallInfoResp|ANI:1111111111|DNIS:2222222222|CalledNum:3333333333|ConnId:4444444444|FirstHomeLocation:5555555555|LastEvent:6666666666|OtherDN:7777777777|OtherQueue:8888888888|OtherTrunk:9999999999|PortDN:aaaaaaaaaa|PortQueue:bbbbbbbbbb|PortTrunk:cccccccccc|ThirdPartyDN:dddddddddd|TSCallId:eeeeeeeeee
13:58:35.226439[33m|LV2|[0mReqId:4B290356-6F12-46A6-89AD-E829642B618A0000|Command:CallInfoResp|XmlData:<?xml version="1.0" encoding="utf-8"?>
<!DOCTYPE GctiMsg SYSTEM "IServer.dtd">
<GctiMsg><CallId>4B290356-6F12-46A6-89AD-E829642B618A0000</CallId><CallInfoResp ANI="1111111111" DNIS="2222222222" CalledNum="3333333333" ConnId="4444444444" FirstHomeLocation="5555555555" LastEvent="6666666666" OtherDN="7777777777" OtherQueue="8888888888" OtherTrunk="9999999999" PortDN="aaaaaaaaaa" PortQueue="bbbbbbbbbb" PortTrunk="cccccccccc" ThirdPartyDN="dddddddddd" TSCallId="eeeeeeeeee"/></GctiMsg>

13:58:42.286752[44m|INF|[0mReqId:4B290356-6F12-46A6-89AD-E829642B618A0000|Command:UDataGet|Keys:UEI
13:58:42.286791[33m|LV2|[0mReqId:4B290356-6F12-46A6-89AD-E829642B618A0000|Command:UDataGet|XmlData:<?xml version="1.0" encoding="utf-8"?>
<!DOCTYPE GctiMsg SYSTEM "IServer.dtd">
<GctiMsg><CallId>4B290356-6F12-46A6-89AD-E829642B618A0000</CallId><UDataGet Keys="UEI"><RequestId>100000002</RequestId></UDataGet></GctiMsg>

13:58:42.286837[34m|LV1|[0mSEND   |127.0.0.1:35001|220|<?xml version="1.0" encoding="utf-8"?>
<!DOCTYPE GctiMsg SYSTEM "IServer.dtd">
<GctiMsg><CallId>4B290356-6F12-46A6-89AD-E829642B618A0000</CallId><UDataGet Keys="UEI"><RequestId>100000002</RequestId></UDataGet></GctiMsg>

13:58:42.287363[34m|LV1|[0mRECEIVE|127.0.0.1:35001|<?xml version="1.0" encoding="utf-8"?>
<!DOCTYPE GctiMsg SYSTEM "IServer.dtd">
<GctiMsg><CallId>4B290356-6F12-46A6-89AD-E829642B618A0000</CallId><UDataResp><RequestId>UEI</RequestId><Result>Success</Result><UDataEx><Node Name="eee" Type="Str" Val="555"/><Node Name="fff" Type="Str" Val="6666"/><Node Name="ggg" Type="Str" Val="77777"/><Node Name="hhh" Type="Str" Val="88888888"/></UDataEx></UDataResp></GctiMsg>

13:58:42.287735[44m|INF|[0mReqId:4B290356-6F12-46A6-89AD-E829642B618A0000|Command:UDataResp|RequestId:UEI|Result:Success|UDataEx:|eee=555|fff=6666|ggg=77777|hhh=88888888|
13:58:42.287765[33m|LV2|[0mReqId:4B290356-6F12-46A6-89AD-E829642B618A0000|Command:UDataResp|XmlData:<?xml version="1.0" encoding="utf-8"?>
<!DOCTYPE GctiMsg SYSTEM "IServer.dtd">
<GctiMsg><CallId>4B290356-6F12-46A6-89AD-E829642B618A0000</CallId><UDataResp><RequestId>UEI</RequestId><Result>Success</Result><UDataEx><Node Name="eee" Type="Str" Val="555"/><Node Name="fff" Type="Str" Val="6666"/><Node Name="ggg" Type="Str" Val="77777"/><Node Name="hhh" Type="Str" Val="88888888"/></UDataEx></UDataResp></GctiMsg>

13:59:11.262827[44m|INF|[0mReqId:1254BA80-53AB-4214-91AD-32EE609062BA0000|Command:NewCall|CalledNum:1000|CallControlMode:Network|Version:4.0|DNIS:4200|ANI:234|UDataEx:aaa=111|bbb=222|ccc=333|ddd=444|ExtnsEx:eee=555|fff=6666|ggg=77777|hhh=88888888
13:59:11.262863[33m|LV2|[0mReqId:1254BA80-53AB-4214-91AD-32EE609062BA0000|Command:NewCall|XmlData:<?xml version="1.0" encoding="utf-8"?>
<!DOCTYPE GctiMsg SYSTEM "IServer.dtd">
<GctiMsg><CallId>1254BA80-53AB-4214-91AD-32EE609062BA0000</CallId><NewCall CallControlMode="Network" Version="4.0"><CalledNum>1000</CalledNum><DNIS>4200</DNIS><ANI>234</ANI><UDataEx><Node Name="aaa" Type="Str" Val="111"/><Node Name="bbb" Type="Str" Val="222"/><Node Name="ccc" Type="Str" Val="333"/><Node Name="ddd" Type="Str" Val="444"/></UDataEx><ExtnsEx><Node Name="eee" Type="Str" Val="555"/><Node Name="fff" Type="Str" Val="6666"/><Node Name="ggg" Type="Str" Val="77777"/><Node Name="hhh" Type="Str" Val="88888888"/></ExtnsEx></NewCall></GctiMsg>

13:59:11.262910[34m|LV1|[0mSEND   |127.0.0.1:35001|631|<?xml version="1.0" encoding="utf-8"?>
<!DOCTYPE GctiMsg SYSTEM "IServer.dtd">
<GctiMsg><CallId>1254BA80-53AB-4214-91AD-32EE609062BA0000</CallId><NewCall CallControlMode="Network" Version="4.0"><CalledNum>1000</CalledNum><DNIS>4200</DNIS><ANI>234</ANI><UDataEx><Node Name="aaa" Type="Str" Val="111"/><Node Name="bbb" Type="Str" Val="222"/><Node Name="ccc" Type="Str" Val="333"/><Node Name="ddd" Type="Str" Val="444"/></UDataEx><ExtnsEx><Node Name="eee" Type="Str" Val="555"/><Node Name="fff" Type="Str" Val="6666"/><Node Name="ggg" Type="Str" Val="77777"/><Node Name="hhh" Type="Str" Val="88888888"/></ExtnsEx></NewCall></GctiMsg>

13:59:11.263360[34m|LV1|[0mRECEIVE|127.0.0.1:35001|<?xml version="1.0" encoding="utf-8"?>
<!DOCTYPE GctiMsg SYSTEM "IServer.dtd">
<GctiMsg><CallId>1254BA80-53AB-4214-91AD-32EE609062BA0000</CallId><CallStatus Event="Ringing"/></GctiMsg>

13:59:11.263486[44m|INF|[0mReqId:1254BA80-53AB-4214-91AD-32EE609062BA0000|Command:CallStatus|CallStatus:Ringing
13:59:11.263516[33m|LV2|[0mReqId:1254BA80-53AB-4214-91AD-32EE609062BA0000|Command:CallStatus|XmlData:<?xml version="1.0" encoding="utf-8"?>
<!DOCTYPE GctiMsg SYSTEM "IServer.dtd">
<GctiMsg><CallId>1254BA80-53AB-4214-91AD-32EE609062BA0000</CallId><CallStatus Event="Ringing"/></GctiMsg>

13:59:11.363754[34m|LV1|[0mRECEIVE|127.0.0.1:35001|<?xml version="1.0" encoding="utf-8"?>
<!DOCTYPE GctiMsg SYSTEM "IServer.dtd">
<GctiMsg><CallId>1254BA80-53AB-4214-91AD-32EE609062BA0000</CallId><CallStatus Event="Established"/></GctiMsg>

13:59:11.363979[44m|INF|[0mReqId:1254BA80-53AB-4214-91AD-32EE609062BA0000|Command:CallStatus|CallStatus:Established
13:59:11.364007[33m|LV2|[0mReqId:1254BA80-53AB-4214-91AD-32EE609062BA0000|Command:CallStatus|XmlData:<?xml version="1.0" encoding="utf-8"?>
<!DOCTYPE GctiMsg SYSTEM "IServer.dtd">
<GctiMsg><CallId>1254BA80-53AB-4214-91AD-32EE609062BA0000</CallId><CallStatus Event="Established"/></GctiMsg>

13:59:12.688055[44m|INF|[0mReqId:1254BA80-53AB-4214-91AD-32EE609062BA0000|Command:OneStepXfer|szDestDN:8500|szUDataEx:aaa=111|bbb=222|ccc=333|ddd=444|szExtnsEx:eee=555|fff=6666|ggg=77777|hhh=88888888
13:59:12.688088[33m|LV2|[0mReqId:1254BA80-53AB-4214-91AD-32EE609062BA0000|Command:OneStepXfer|XmlData:<?xml version="1.0" encoding="utf-8"?>
<!DOCTYPE GctiMsg SYSTEM "IServer.dtd">
<GctiMsg><CallId>1254BA80-53AB-4214-91AD-32EE609062BA0000</CallId><OneStepXfer DestDN="8500"><UDataEx><Node Name="aaa" Type="Str" Val="111"/><Node Name="bbb" Type="Str" Val="222"/><Node Name="ccc" Type="Str" Val="333"/><Node Name="ddd" Type="Str" Val="444"/></UDataEx><ExtnsEx><Node Name="eee" Type="Str" Val="555"/><Node Name="fff" Type="Str" Val="6666"/><Node Name="ggg" Type="Str" Val="77777"/><Node Name="hhh" Type="Str" Val="88888888"/></ExtnsEx></OneStepXfer></GctiMsg>

13:59:12.688171[34m|LV1|[0mSEND   |127.0.0.1:35001|555|<?xml version="1.0" encoding="utf-8"?>
<!DOCTYPE GctiMsg SYSTEM "IServer.dtd">
<GctiMsg><CallId>1254BA80-53AB-4214-91AD-32EE609062BA0000</CallId><OneStepXfer DestDN="8500"><UDataEx><Node Name="aaa" Type="Str" Val="111"/><Node Name="bbb" Type="Str" Val="222"/><Node Name="ccc" Type="Str" Val="333"/><Node Name="ddd" Type="Str" Val="444"/></UDataEx><ExtnsEx><Node Name="eee" Type="Str" Val="555"/><Node Name="fff" Type="Str" Val="6666"/><Node Name="ggg" Type="Str" Val="77777"/><Node Name="hhh" Type="Str" Val="88888888"/></ExtnsEx></OneStepXfer></GctiMsg>

13:59:12.688622[34m|LV1|[0mRECEIVE|127.0.0.1:35001|<?xml version="1.0" encoding="utf-8"?>
<!DOCTYPE GctiMsg SYSTEM "IServer.dtd">
<GctiMsg><CallId>1254BA80-53AB-4214-91AD-32EE609062BA0000</CallId><CallStatus Event="XferComplete"/></GctiMsg>

13:59:12.688797[44m|INF|[0mReqId:1254BA80-53AB-4214-91AD-32EE609062BA0000|Command:CallStatus|CallStatus:XferComplete
13:59:12.688824[33m|LV2|[0mReqId:1254BA80-53AB-4214-91AD-32EE609062BA0000|Command:CallStatus|XmlData:<?xml version="1.0" encoding="utf-8"?>
<!DOCTYPE GctiMsg SYSTEM "IServer.dtd">
<GctiMsg><CallId>1254BA80-53AB-4214-91AD-32EE609062BA0000</CallId><CallStatus Event="XferComplete"/></GctiMsg>

13:59:14.325708[44m|INF|[0mReqId:1254BA80-53AB-4214-91AD-32EE609062BA0000|Command:RouteRequest|RouteDN:4200|CED:Customer Entered Data|UDataEx:aaa=111|bbb=222|ccc=333|ddd=444|ExtnsEx:eee=555|fff=6666|ggg=77777|hhh=88888888
13:59:14.325741[33m|LV2|[0mReqId:1254BA80-53AB-4214-91AD-32EE609062BA0000|Command:RouteRequest|XmlData:<?xml version="1.0" encoding="utf-8"?>
<!DOCTYPE GctiMsg SYSTEM "IServer.dtd">
<GctiMsg><CallId>1254BA80-53AB-4214-91AD-32EE609062BA0000</CallId><RouteRequest RouteDN="4200"><CED>Customer Entered Data</CED><UDataEx><Node Name="aaa" Type="Str" Val="111"/><Node Name="bbb" Type="Str" Val="222"/><Node Name="ccc" Type="Str" Val="333"/><Node Name="ddd" Type="Str" Val="444"/></UDataEx><ExtnsEx><Node Name="eee" Type="Str" Val="555"/><Node Name="fff" Type="Str" Val="6666"/><Node Name="ggg" Type="Str" Val="77777"/><Node Name="hhh" Type="Str" Val="88888888"/></ExtnsEx></RouteRequest></GctiMsg>

13:59:14.325791[34m|LV1|[0mSEND   |127.0.0.1:35001|590|<?xml version="1.0" encoding="utf-8"?>
<!DOCTYPE GctiMsg SYSTEM "IServer.dtd">
<GctiMsg><CallId>1254BA80-53AB-4214-91AD-32EE609062BA0000</CallId><RouteRequest RouteDN="4200"><CED>Customer Entered Data</CED><UDataEx><Node Name="aaa" Type="Str" Val="111"/><Node Name="bbb" Type="Str" Val="222"/><Node Name="ccc" Type="Str" Val="333"/><Node Name="ddd" Type="Str" Val="444"/></UDataEx><ExtnsEx><Node Name="eee" Type="Str" Val="555"/><Node Name="fff" Type="Str" Val="6666"/><Node Name="ggg" Type="Str" Val="77777"/><Node Name="hhh" Type="Str" Val="88888888"/></ExtnsEx></RouteRequest></GctiMsg>

13:59:14.326249[34m|LV1|[0mRECEIVE|127.0.0.1:35001|<?xml version="1.0" encoding="utf-8"?>
<!DOCTYPE GctiMsg SYSTEM "IServer.dtd">
<GctiMsg><CallId>1254BA80-53AB-4214-91AD-32EE609062BA0000</CallId><RouteResponse RouteType="Normal"><Dest>5550700</Dest><ExtnsEx><Node Name="eee" Type="Str" Val="555"/><Node Name="fff" Type="Str" Val="6666"/><Node Name="ggg" Type="Str" Val="77777"/><Node Name="hhh" Type="Str" Val="88888888"/></ExtnsEx></RouteResponse></GctiMsg>

13:59:14.326561[44m|INF|[0mReqId:1254BA80-53AB-4214-91AD-32EE609062BA0000|Command:RouteResponse|RouteType:Normal|Dest:5550700|ExtnsEx:|eee=555|fff=6666|ggg=77777|hhh=88888888|
13:59:14.326590[33m|LV2|[0mReqId:1254BA80-53AB-4214-91AD-32EE609062BA0000|Command:RouteResponse|XmlData:<?xml version="1.0" encoding="utf-8"?>
<!DOCTYPE GctiMsg SYSTEM "IServer.dtd">
<GctiMsg><CallId>1254BA80-53AB-4214-91AD-32EE609062BA0000</CallId><RouteResponse RouteType="Normal"><Dest>5550700</Dest><ExtnsEx><Node Name="eee" Type="Str" Val="555"/><Node Name="fff" Type="Str" Val="6666"/><Node Name="ggg" Type="Str" Val="77777"/><Node Name="hhh" Type="Str" Val="88888888"/></ExtnsEx></RouteResponse></GctiMsg>

13:59:15.843743[44m|INF|[0mReqId:1254BA80-53AB-4214-91AD-32EE609062BA0000|Command:UDataSet|Keys:UEI|UDataEx:aaa=111|bbb=222|ccc=333|ddd=444
13:59:15.843790[33m|LV2|[0mReqId:1254BA80-53AB-4214-91AD-32EE609062BA0000|Command:UDataSet|XmlData:<?xml version="1.0" encoding="utf-8"?>
<!DOCTYPE GctiMsg SYSTEM "IServer.dtd">
<GctiMsg><CallId>1254BA80-53AB-4214-91AD-32EE609062BA0000</CallId><UDataSet Action="Add" Keys="UEI"><RequestId>100000003</RequestId><UDataEx><Node Name="aaa" Type="Str" Val="111"/><Node Name="bbb" Type="Str" Val="222"/><Node Name="ccc" Type="Str" Val="333"/><Node Name="ddd" Type="Str" Val="444"/></UDataEx></UDataSet></GctiMsg>

13:59:15.843838[34m|LV1|[0mSEND   |127.0.0.1:35001|408|<?xml version="1.0" encoding="utf-8"?>
<!DOCTYPE GctiMsg SYSTEM "IServer.dtd">
<GctiMsg><CallId>1254BA80-53AB-4214-91AD-32EE609062BA0000</CallId><UDataSet Action="Add" Keys="UEI"><RequestId>100000003</RequestId><UDataEx><Node Name="aaa" Type="Str" Val="111"/><Node Name="bbb" Type="Str" Val="222"/><Node Name="ccc" Type="Str" Val="333"/><Node Name="ddd" Type="Str" Val="444"/></UDataEx></UDataSet></GctiMsg>

13:59:15.844287[34m|LV1|[0mRECEIVE|127.0.0.1:35001|<?xml version="1.0" encoding="utf-8"?>
<!DOCTYPE GctiMsg SYSTEM "IServer.dtd">
<GctiMsg><CallId>1254BA80-53AB-4214-91AD-32EE609062BA0000</CallId><UDataResp><RequestId>UEI</RequestId><Result>Success</Result><UDataEx><Node Name="eee" Type="Str" Val="555"/><Node Name="fff" Type="Str" Val="6666"/><Node Name="ggg" Type="Str" Val="77777"/><Node Name="hhh" Type="Str" Val="88888888"/></UDataEx></UDataResp></GctiMsg>

13:59:15.844635[44m|INF|[0mReqId:1254BA80-53AB-4214-91AD-32EE609062BA0000|Command:UDataResp|RequestId:UEI|Result:Success|UDataEx:|eee=555|fff=6666|ggg=77777|hhh=88888888|
13:59:15.844673[33m|LV2|[0mReqId:1254BA80-53AB-4214-91AD-32EE609062BA0000|Command:UDataResp|XmlData:<?xml version="1.0" encoding="utf-8"?>
<!DOCTYPE GctiMsg SYSTEM "IServer.dtd">
<GctiMsg><CallId>1254BA80-53AB-4214-91AD-32EE609062BA0000</CallId><UDataResp><RequestId>UEI</RequestId><Result>Success</Result><UDataEx><Node Name="eee" Type="Str" Val="555"/><Node Name="fff" Type="Str" Val="6666"/><Node Name="ggg" Type="Str" Val="77777"/><Node Name="hhh" Type="Str" Val="88888888"/></UDataEx></UDataResp></GctiMsg>

13:59:17.651674[44m|INF|[0mReqId:1254BA80-53AB-4214-91AD-32EE609062BA0000|Command:UDataGet|Keys:UEI
13:59:17.651715[33m|LV2|[0mReqId:1254BA80-53AB-4214-91AD-32EE609062BA0000|Command:UDataGet|XmlData:<?xml version="1.0" encoding="utf-8"?>
<!DOCTYPE GctiMsg SYSTEM "IServer.dtd">
<GctiMsg><CallId>1254BA80-53AB-4214-91AD-32EE609062BA0000</CallId><UDataGet Keys="UEI"><RequestId>100000004</RequestId></UDataGet></GctiMsg>

13:59:17.651780[34m|LV1|[0mSEND   |127.0.0.1:35001|220|<?xml version="1.0" encoding="utf-8"?>
<!DOCTYPE GctiMsg SYSTEM "IServer.dtd">
<GctiMsg><CallId>1254BA80-53AB-4214-91AD-32EE609062BA0000</CallId><UDataGet Keys="UEI"><RequestId>100000004</RequestId></UDataGet></GctiMsg>

13:59:17.652197[34m|LV1|[0mRECEIVE|127.0.0.1:35001|<?xml version="1.0" encoding="utf-8"?>
<!DOCTYPE GctiMsg SYSTEM "IServer.dtd">
<GctiMsg><CallId>1254BA80-53AB-4214-91AD-32EE609062BA0000</CallId><UDataResp><RequestId>UEI</RequestId><Result>Success</Result><UDataEx><Node Name="eee" Type="Str" Val="555"/><Node Name="fff" Type="Str" Val="6666"/><Node Name="ggg" Type="Str" Val="77777"/><Node Name="hhh" Type="Str" Val="88888888"/></UDataEx></UDataResp></GctiMsg>

13:59:17.652490[44m|INF|[0mReqId:1254BA80-53AB-4214-91AD-32EE609062BA0000|Command:UDataResp|RequestId:UEI|Result:Success|UDataEx:|eee=555|fff=6666|ggg=77777|hhh=88888888|
13:59:17.652520[33m|LV2|[0mReqId:1254BA80-53AB-4214-91AD-32EE609062BA0000|Command:UDataResp|XmlData:<?xml version="1.0" encoding="utf-8"?>
<!DOCTYPE GctiMsg SYSTEM "IServer.dtd">
<GctiMsg><CallId>1254BA80-53AB-4214-91AD-32EE609062BA0000</CallId><UDataResp><RequestId>UEI</RequestId><Result>Success</Result><UDataEx><Node Name="eee" Type="Str" Val="555"/><Node Name="fff" Type="Str" Val="6666"/><Node Name="ggg" Type="Str" Val="77777"/><Node Name="hhh" Type="Str" Val="88888888"/></UDataEx></UDataResp></GctiMsg>

13:59:29.128930[44m|INF|[0mReqId:4B290356-6F12-46A6-89AD-E829642B618A0000|Command:OneStepXfer|szDestDN:|szUDataEx:|szExtnsEx:
13:59:29.128965[33m|LV2|[0mReqId:4B290356-6F12-46A6-89AD-E829642B618A0000|Command:OneStepXfer|XmlData:<?xml version="1.0" encoding="utf-8"?>
<!DOCTYPE GctiMsg SYSTEM "IServer.dtd">
<GctiMsg><CallId>4B290356-6F12-46A6-89AD-E829642B618A0000</CallId><OneStepXfer DestDN=""/></GctiMsg>

13:59:29.129011[34m|LV1|[0mSEND   |127.0.0.1:35001|180|<?xml version="1.0" encoding="utf-8"?>
<!DOCTYPE GctiMsg SYSTEM "IServer.dtd">
<GctiMsg><CallId>4B290356-6F12-46A6-89AD-E829642B618A0000</CallId><OneStepXfer DestDN=""/></GctiMsg>

13:59:29.129400[34m|LV1|[0mRECEIVE|127.0.0.1:35001|<?xml version="1.0" encoding="utf-8"?>
<!DOCTYPE GctiMsg SYSTEM "IServer.dtd">
<GctiMsg><CallId>4B290356-6F12-46A6-89AD-E829642B618A0000</CallId><CallStatus Event="XferComplete"/></GctiMsg>

13:59:29.129640[44m|INF|[0mReqId:4B290356-6F12-46A6-89AD-E829642B618A0000|Command:CallStatus|CallStatus:XferComplete
13:59:29.129675[33m|LV2|[0mReqId:4B290356-6F12-46A6-89AD-E829642B618A0000|Command:CallStatus|XmlData:<?xml version="1.0" encoding="utf-8"?>
<!DOCTYPE GctiMsg SYSTEM "IServer.dtd">
<GctiMsg><CallId>4B290356-6F12-46A6-89AD-E829642B618A0000</CallId><CallStatus Event="XferComplete"/></GctiMsg>

14:01:57.159955[44m|INF|[0mReqId:B974BF09-0501-43DA-AC48-CDA71F0CF6FB0000|Command:NewCall|CalledNum:1000|CallControlMode:Network|Version:4.0|DNIS:*6500|ANI:4022|UDataEx:|ExtnsEx:
14:01:57.159972[33m|LV2|[0mReqId:B974BF09-0501-43DA-AC48-CDA71F0CF6FB0000|Command:NewCall|XmlData:<?xml version="1.0" encoding="utf-8"?>
<!DOCTYPE GctiMsg SYSTEM "IServer.dtd">
<GctiMsg><CallId>B974BF09-0501-43DA-AC48-CDA71F0CF6FB0000</CallId><NewCall CallControlMode="Network" Version="4.0"><CalledNum>1000</CalledNum><DNIS>*6500</DNIS><ANI>4022</ANI></NewCall></GctiMsg>

14:01:57.159997[34m|LV1|[0mSEND   |127.0.0.1:35001|275|<?xml version="1.0" encoding="utf-8"?>
<!DOCTYPE GctiMsg SYSTEM "IServer.dtd">
<GctiMsg><CallId>B974BF09-0501-43DA-AC48-CDA71F0CF6FB0000</CallId><NewCall CallControlMode="Network" Version="4.0"><CalledNum>1000</CalledNum><DNIS>*6500</DNIS><ANI>4022</ANI></NewCall></GctiMsg>

14:01:57.160269[34m|LV1|[0mRECEIVE|127.0.0.1:35001|<?xml version="1.0" encoding="utf-8"?>
<!DOCTYPE GctiMsg SYSTEM "IServer.dtd">
<GctiMsg><CallId>B974BF09-0501-43DA-AC48-CDA71F0CF6FB0000</CallId><CallStatus Event="Ringing"/></GctiMsg>

14:01:57.160370[44m|INF|[0mReqId:B974BF09-0501-43DA-AC48-CDA71F0CF6FB0000|Command:CallStatus|CallStatus:Ringing
14:01:57.160385[33m|LV2|[0mReqId:B974BF09-0501-43DA-AC48-CDA71F0CF6FB0000|Command:CallStatus|XmlData:<?xml version="1.0" encoding="utf-8"?>
<!DOCTYPE GctiMsg SYSTEM "IServer.dtd">
<GctiMsg><CallId>B974BF09-0501-43DA-AC48-CDA71F0CF6FB0000</CallId><CallStatus Event="Ringing"/></GctiMsg>

14:01:57.260550[34m|LV1|[0mRECEIVE|127.0.0.1:35001|<?xml version="1.0" encoding="utf-8"?>
<!DOCTYPE GctiMsg SYSTEM "IServer.dtd">
<GctiMsg><CallId>B974BF09-0501-43DA-AC48-CDA71F0CF6FB0000</CallId><CallStatus Event="Established"/></GctiMsg>

14:01:57.260773[44m|INF|[0mReqId:B974BF09-0501-43DA-AC48-CDA71F0CF6FB0000|Command:CallStatus|CallStatus:Established
14:01:57.260807[33m|LV2|[0mReqId:B974BF09-0501-43DA-AC48-CDA71F0CF6FB0000|Command:CallStatus|XmlData:<?xml version="1.0" encoding="utf-8"?>
<!DOCTYPE GctiMsg SYSTEM "IServer.dtd">
<GctiMsg><CallId>B974BF09-0501-43DA-AC48-CDA71F0CF6FB0000</CallId><CallStatus Event="Established"/></GctiMsg>

14:02:04.204397[44m|INF|[0mReqId:B974BF09-0501-43DA-AC48-CDA71F0CF6FB0000|Command:CallInfoReq
14:02:04.204429[33m|LV2|[0mReqId:B974BF09-0501-43DA-AC48-CDA71F0CF6FB0000|Command:CallInfoReq|XmlData:<?xml version="1.0" encoding="utf-8"?>
<!DOCTYPE GctiMsg SYSTEM "IServer.dtd">
<GctiMsg><CallId>B974BF09-0501-43DA-AC48-CDA71F0CF6FB0000</CallId><CallInfoReq></CallInfoReq></GctiMsg>

14:02:04.204478[34m|LV1|[0mSEND   |127.0.0.1:35001|183|<?xml version="1.0" encoding="utf-8"?>
<!DOCTYPE GctiMsg SYSTEM "IServer.dtd">
<GctiMsg><CallId>B974BF09-0501-43DA-AC48-CDA71F0CF6FB0000</CallId><CallInfoReq></CallInfoReq></GctiMsg>

14:02:04.204789[34m|LV1|[0mRECEIVE|127.0.0.1:35001|<?xml version="1.0" encoding="utf-8"?>
<!DOCTYPE GctiMsg SYSTEM "IServer.dtd">
<GctiMsg><CallId>B974BF09-0501-43DA-AC48-CDA71F0CF6FB0000</CallId><CallInfoResp ANI="1111111111" DNIS="2222222222" CalledNum="3333333333" ConnId="4444444444" FirstHomeLocation="5555555555" LastEvent="6666666666" OtherDN="7777777777" OtherQueue="8888888888" OtherTrunk="9999999999" PortDN="aaaaaaaaaa" PortQueue="bbbbbbbbbb" PortTrunk="cccccccccc" ThirdPartyDN="dddddddddd" TSCallId="eeeeeeeeee"/></GctiMsg>

14:02:04.205113[44m|INF|[0mReqId:B974BF09-0501-43DA-AC48-CDA71F0CF6FB0000|Command:CallInfoResp|ANI:1111111111|DNIS:2222222222|CalledNum:3333333333|ConnId:4444444444|FirstHomeLocation:5555555555|LastEvent:6666666666|OtherDN:7777777777|OtherQueue:8888888888|OtherTrunk:9999999999|PortDN:aaaaaaaaaa|PortQueue:bbbbbbbbbb|PortTrunk:cccccccccc|ThirdPartyDN:dddddddddd|TSCallId:eeeeeeeeee
14:02:04.205128[33m|LV2|[0mReqId:B974BF09-0501-43DA-AC48-CDA71F0CF6FB0000|Command:CallInfoResp|XmlData:<?xml version="1.0" encoding="utf-8"?>
<!DOCTYPE GctiMsg SYSTEM "IServer.dtd">
<GctiMsg><CallId>B974BF09-0501-43DA-AC48-CDA71F0CF6FB0000</CallId><CallInfoResp ANI="1111111111" DNIS="2222222222" CalledNum="3333333333" ConnId="4444444444" FirstHomeLocation="5555555555" LastEvent="6666666666" OtherDN="7777777777" OtherQueue="8888888888" OtherTrunk="9999999999" PortDN="aaaaaaaaaa" PortQueue="bbbbbbbbbb" PortTrunk="cccccccccc" ThirdPartyDN="dddddddddd" TSCallId="eeeeeeeeee"/></GctiMsg>

14:02:11.266143[44m|INF|[0mReqId:B974BF09-0501-43DA-AC48-CDA71F0CF6FB0000|Command:UDataGet|Keys:UEI
14:02:11.266163[33m|LV2|[0mReqId:B974BF09-0501-43DA-AC48-CDA71F0CF6FB0000|Command:UDataGet|XmlData:<?xml version="1.0" encoding="utf-8"?>
<!DOCTYPE GctiMsg SYSTEM "IServer.dtd">
<GctiMsg><CallId>B974BF09-0501-43DA-AC48-CDA71F0CF6FB0000</CallId><UDataGet Keys="UEI"><RequestId>100000005</RequestId></UDataGet></GctiMsg>

14:02:11.266433[34m|LV1|[0mRECEIVE|127.0.0.1:35001|<?xml version="1.0" encoding="utf-8"?>
<!DOCTYPE GctiMsg SYSTEM "IServer.dtd">
<GctiMsg><CallId>B974BF09-0501-43DA-AC48-CDA71F0CF6FB0000</CallId><UDataResp><RequestId>UEI</RequestId><Result>Success</Result><UDataEx><Node Name="eee" Type="Str" Val="555"/><Node Name="fff" Type="Str" Val="6666"/><Node Name="ggg" Type="Str" Val="77777"/><Node Name="hhh" Type="Str" Val="88888888"/></UDataEx></UDataResp></GctiMsg>

14:02:11.266456[34m|LV1|[0mSEND   |127.0.0.1:35001|220|<?xml version="1.0" encoding="utf-8"?>
<!DOCTYPE GctiMsg SYSTEM "IServer.dtd">
<GctiMsg><CallId>B974BF09-0501-43DA-AC48-CDA71F0CF6FB0000</CallId><UDataGet Keys="UEI"><RequestId>100000005</RequestId></UDataGet></GctiMsg>

14:02:11.266614[44m|INF|[0mReqId:B974BF09-0501-43DA-AC48-CDA71F0CF6FB0000|Command:UDataResp|RequestId:UEI|Result:Success|UDataEx:|eee=555|fff=6666|ggg=77777|hhh=88888888|
14:02:11.266628[33m|LV2|[0mReqId:B974BF09-0501-43DA-AC48-CDA71F0CF6FB0000|Command:UDataResp|XmlData:<?xml version="1.0" encoding="utf-8"?>
<!DOCTYPE GctiMsg SYSTEM "IServer.dtd">
<GctiMsg><CallId>B974BF09-0501-43DA-AC48-CDA71F0CF6FB0000</CallId><UDataResp><RequestId>UEI</RequestId><Result>Success</Result><UDataEx><Node Name="eee" Type="Str" Val="555"/><Node Name="fff" Type="Str" Val="6666"/><Node Name="ggg" Type="Str" Val="77777"/><Node Name="hhh" Type="Str" Val="88888888"/></UDataEx></UDataResp></GctiMsg>

14:02:58.104834[44m|INF|[0mReqId:B974BF09-0501-43DA-AC48-CDA71F0CF6FB0000|Command:OneStepXfer|szDestDN:|szUDataEx:|szExtnsEx:
14:02:58.104856[33m|LV2|[0mReqId:B974BF09-0501-43DA-AC48-CDA71F0CF6FB0000|Command:OneStepXfer|XmlData:<?xml version="1.0" encoding="utf-8"?>
<!DOCTYPE GctiMsg SYSTEM "IServer.dtd">
<GctiMsg><CallId>B974BF09-0501-43DA-AC48-CDA71F0CF6FB0000</CallId><OneStepXfer DestDN=""/></GctiMsg>

14:02:58.105127[34m|LV1|[0mRECEIVE|127.0.0.1:35001|<?xml version="1.0" encoding="utf-8"?>
<!DOCTYPE GctiMsg SYSTEM "IServer.dtd">
<GctiMsg><CallId>B974BF09-0501-43DA-AC48-CDA71F0CF6FB0000</CallId><CallStatus Event="XferComplete"/></GctiMsg>

14:02:58.105227[44m|INF|[0mReqId:B974BF09-0501-43DA-AC48-CDA71F0CF6FB0000|Command:CallStatus|CallStatus:XferComplete
14:02:58.105249[33m|LV2|[0mReqId:B974BF09-0501-43DA-AC48-CDA71F0CF6FB0000|Command:CallStatus|XmlData:<?xml version="1.0" encoding="utf-8"?>
<!DOCTYPE GctiMsg SYSTEM "IServer.dtd">
<GctiMsg><CallId>B974BF09-0501-43DA-AC48-CDA71F0CF6FB0000</CallId><CallStatus Event="XferComplete"/></GctiMsg>

14:02:58.105346[34m|LV1|[0mSEND   |127.0.0.1:35001|180|<?xml version="1.0" encoding="utf-8"?>
<!DOCTYPE GctiMsg SYSTEM "IServer.dtd">
<GctiMsg><CallId>B974BF09-0501-43DA-AC48-CDA71F0CF6FB0000</CallId><OneStepXfer DestDN=""/></GctiMsg>

