
>>>>>>>>>>>>>>>>>>>>>>>>>>>>>>>>>>>>>>>>>>>>>>>>>>>>>>>>>>>>>>>>>>>>>>>>
>> cba.idr pid(32141) Logging Start
>>>>>>>>>>>>>>>>>>>>>>>>>>>>>>>>>>>>>>>>>>>>>>>>>>>>>>>>>>>>>>>>>>>>>>>>

13:40:17.283938[44m|INF|[0m>>>>>>>>>>>>>>>>>>>>>>>>>>>>>>>>>>>>>>>>>>>>>>>>>>>>>>>>>>>>>>>>>>>>>>>>>>>>
13:40:17.283945[44m|INF|[0mIVRDriver Initialize success.
13:40:17.283950[44m|INF|[0mOwnerName     : CBA.ISVR
13:40:17.283955[44m|INF|[0mOwnerId       : 1001
13:40:17.283960[44m|INF|[0mSvcAppName    : IVR5
13:40:17.283965[44m|INF|[0mSvcDriverName : IVR1
13:40:17.283969[44m|INF|[0mRemoteIp      : 127.0.0.1
13:40:17.283974[44m|INF|[0mRemotePort    : 35001
13:40:17.283979[44m|INF|[0mLogPath       : ../log/cba.idrv/
13:40:17.283984[44m|INF|[0mLogLinkPath   : ../log/
13:40:17.283988[44m|INF|[0mLogLevel      : 3
13:40:17.283993[44m|INF|[0m>>>>>>>>>>>>>>>>>>>>>>>>>>>>>>>>>>>>>>>>>>>>>>>>>>>>>>>>>>>>>>>>>>>>>>>>>>>>
13:40:17.283998[44m|INF|[0m

13:40:17.284486[44m|INF|[0mConnection success. remote_ip:127.0.0.1, remote_port:35001
13:40:17.285113[44m|INF|[0mReqId:100000001|Command:LoginReq|Version:4.0|ClientName:IVR1|ReportStatus:true|ServerMonitor:set
13:40:17.285144[33m|LV2|[0mReqId:100000001|Command:LoginReq|XmlData:<?xml version="1.0" encoding="utf-8"?>
<!DOCTYPE GctiMsg SYSTEM "IServer.dtd">
<GctiMsg><CallId>100000001</CallId><LoginReq Version="4.0" ClientName="IVR1" ReportStatus="true" ServerMonitor="set"/></GctiMsg>

13:40:17.285224[34m|LV1|[0mSEND   |127.0.0.1:35001|208|<?xml version="1.0" encoding="utf-8"?>
<!DOCTYPE GctiMsg SYSTEM "IServer.dtd">
<GctiMsg><CallId>100000001</CallId><LoginReq Version="4.0" ClientName="IVR1" ReportStatus="true" ServerMonitor="set"/></GctiMsg>

13:40:17.285973[34m|LV1|[0mRECEIVE|127.0.0.1:35001|<?xml version="1.0" encoding="utf-8"?>
<!DOCTYPE GctiMsg SYSTEM "IServer.dtd">
<GctiMsg><CallId>100000001</CallId><LoginResp IServerVersion="8.5" Result="Success" ConfigOptions="" Status="OK"/></GctiMsg>

13:40:17.286357[44m|INF|[0mReqId:100000001|Command:LoginResp|IServerVersion:8.5|Result:Success|ConfigOptions:|Status:OK
13:40:17.286385[33m|LV2|[0mReqId:100000001|Command:LoginResp|XmlData:<?xml version="1.0" encoding="utf-8"?>
<!DOCTYPE GctiMsg SYSTEM "IServer.dtd">
<GctiMsg><CallId>100000001</CallId><LoginResp IServerVersion="8.5" Result="Success" ConfigOptions="" Status="OK"/></GctiMsg>

13:40:28.777438[44m|INF|[0mReqId:1254BA80-53AB-4214-91AD-32EE609062BA0000|Command:NewCall|CalledNum:1000|CallControlMode:Network|Version:3.0|ANIRestriction:CLIP|DNIS:4200|ANI:234|UDataEx:UserExtensionInfo-icNewCall|ExtnsEx:
13:40:28.777473[33m|LV2|[0mReqId:1254BA80-53AB-4214-91AD-32EE609062BA0000|Command:NewCall|XmlData:<?xml version="1.0" encoding="utf-8"?>
<!DOCTYPE GctiMsg SYSTEM "IServer.dtd">
<GctiMsg><CallId>1254BA80-53AB-4214-91AD-32EE609062BA0000</CallId><NewCall CallControlMode="Network" Version="3.0"><CalledNum>1000</CalledNum><DNIS>4200</DNIS><ANI>234</ANI><UDataEx>UserExtensionInfo-icNewCall</UDataEx></NewCall></GctiMsg>

13:40:28.777519[34m|LV1|[0mSEND   |127.0.0.1:35001|319|<?xml version="1.0" encoding="utf-8"?>
<!DOCTYPE GctiMsg SYSTEM "IServer.dtd">
<GctiMsg><CallId>1254BA80-53AB-4214-91AD-32EE609062BA0000</CallId><NewCall CallControlMode="Network" Version="3.0"><CalledNum>1000</CalledNum><DNIS>4200</DNIS><ANI>234</ANI><UDataEx>UserExtensionInfo-icNewCall</UDataEx></NewCall></GctiMsg>

13:40:28.777914[34m|LV1|[0mRECEIVE|127.0.0.1:35001|<?xml version="1.0" encoding="utf-8"?>
<!DOCTYPE GctiMsg SYSTEM "IServer.dtd">
<GctiMsg><CallId>1254BA80-53AB-4214-91AD-32EE609062BA0000</CallId><CallStatus Event="Ringing"/></GctiMsg>

13:40:28.778089[44m|INF|[0mReqId:1254BA80-53AB-4214-91AD-32EE609062BA0000|Command:CallStatus|CallStatus:Ringing
13:40:28.778118[33m|LV2|[0mReqId:1254BA80-53AB-4214-91AD-32EE609062BA0000|Command:CallStatus|XmlData:<?xml version="1.0" encoding="utf-8"?>
<!DOCTYPE GctiMsg SYSTEM "IServer.dtd">
<GctiMsg><CallId>1254BA80-53AB-4214-91AD-32EE609062BA0000</CallId><CallStatus Event="Ringing"/></GctiMsg>

13:40:28.878268[34m|LV1|[0mRECEIVE|127.0.0.1:35001|<?xml version="1.0" encoding="utf-8"?>
<!DOCTYPE GctiMsg SYSTEM "IServer.dtd">
<GctiMsg><CallId>1254BA80-53AB-4214-91AD-32EE609062BA0000</CallId><CallStatus Event="Established"/></GctiMsg>

13:40:28.878518[44m|INF|[0mReqId:1254BA80-53AB-4214-91AD-32EE609062BA0000|Command:CallStatus|CallStatus:Established
13:40:28.878563[33m|LV2|[0mReqId:1254BA80-53AB-4214-91AD-32EE609062BA0000|Command:CallStatus|XmlData:<?xml version="1.0" encoding="utf-8"?>
<!DOCTYPE GctiMsg SYSTEM "IServer.dtd">
<GctiMsg><CallId>1254BA80-53AB-4214-91AD-32EE609062BA0000</CallId><CallStatus Event="Established"/></GctiMsg>

13:40:29.727393[44m|INF|[0mReqId:1254BA80-53AB-4214-91AD-32EE609062BA0000|Command:OneStepXfer|szDestDN:8500|szUDataEx:|szExtnsEx:
13:40:29.727433[33m|LV2|[0mReqId:1254BA80-53AB-4214-91AD-32EE609062BA0000|Command:OneStepXfer|XmlData:<?xml version="1.0" encoding="utf-8"?>
<!DOCTYPE GctiMsg SYSTEM "IServer.dtd">
<GctiMsg><CallId>1254BA80-53AB-4214-91AD-32EE609062BA0000</CallId><OneStepXfer DestDN="8500"><UDataEx></UDataEx><ExtnsEx></ExtnsEx></OneStepXfer></GctiMsg>

13:40:29.727486[34m|LV1|[0mSEND   |127.0.0.1:35001|235|<?xml version="1.0" encoding="utf-8"?>
<!DOCTYPE GctiMsg SYSTEM "IServer.dtd">
<GctiMsg><CallId>1254BA80-53AB-4214-91AD-32EE609062BA0000</CallId><OneStepXfer DestDN="8500"><UDataEx></UDataEx><ExtnsEx></ExtnsEx></OneStepXfer></GctiMsg>

13:40:29.727811[34m|LV1|[0mRECEIVE|127.0.0.1:35001|<?xml version="1.0" encoding="utf-8"?>
<!DOCTYPE GctiMsg SYSTEM "IServer.dtd">
<GctiMsg><CallId>1254BA80-53AB-4214-91AD-32EE609062BA0000</CallId><CallStatus Event="XferComplete"/></GctiMsg>

13:40:29.728037[44m|INF|[0mReqId:1254BA80-53AB-4214-91AD-32EE609062BA0000|Command:CallStatus|CallStatus:XferComplete
13:40:29.728073[33m|LV2|[0mReqId:1254BA80-53AB-4214-91AD-32EE609062BA0000|Command:CallStatus|XmlData:<?xml version="1.0" encoding="utf-8"?>
<!DOCTYPE GctiMsg SYSTEM "IServer.dtd">
<GctiMsg><CallId>1254BA80-53AB-4214-91AD-32EE609062BA0000</CallId><CallStatus Event="XferComplete"/></GctiMsg>

13:44:20.895266[44m|INF|[0mReqId:1254BA80-53AB-4214-91AD-32EE609062BA0000|Command:OneStepXfer|szDestDN:8500|szUDataEx:UserExtensionInfo - icDeflectTR|szExtnsEx:
13:44:20.895288[33m|LV2|[0mReqId:1254BA80-53AB-4214-91AD-32EE609062BA0000|Command:OneStepXfer|XmlData:<?xml version="1.0" encoding="utf-8"?>
<!DOCTYPE GctiMsg SYSTEM "IServer.dtd">
<GctiMsg><CallId>1254BA80-53AB-4214-91AD-32EE609062BA0000</CallId><OneStepXfer DestDN="8500"><UDataEx>UserExtensionInfo - icDeflectTR</UDataEx><ExtnsEx></ExtnsEx></OneStepXfer></GctiMsg>

13:44:20.895328[34m|LV1|[0mSEND   |127.0.0.1:35001|266|<?xml version="1.0" encoding="utf-8"?>
<!DOCTYPE GctiMsg SYSTEM "IServer.dtd">
<GctiMsg><CallId>1254BA80-53AB-4214-91AD-32EE609062BA0000</CallId><OneStepXfer DestDN="8500"><UDataEx>UserExtensionInfo - icDeflectTR</UDataEx><ExtnsEx></ExtnsEx></OneStepXfer></GctiMsg>

13:44:20.895554[34m|LV1|[0mRECEIVE|127.0.0.1:35001|<?xml version="1.0" encoding="utf-8"?>
<!DOCTYPE GctiMsg SYSTEM "IServer.dtd">
<GctiMsg><CallId>1254BA80-53AB-4214-91AD-32EE609062BA0000</CallId><CallStatus Event="XferComplete"/></GctiMsg>

13:44:20.895633[44m|INF|[0mReqId:1254BA80-53AB-4214-91AD-32EE609062BA0000|Command:CallStatus|CallStatus:XferComplete
13:44:20.895647[33m|LV2|[0mReqId:1254BA80-53AB-4214-91AD-32EE609062BA0000|Command:CallStatus|XmlData:<?xml version="1.0" encoding="utf-8"?>
<!DOCTYPE GctiMsg SYSTEM "IServer.dtd">
<GctiMsg><CallId>1254BA80-53AB-4214-91AD-32EE609062BA0000</CallId><CallStatus Event="XferComplete"/></GctiMsg>

13:44:22.518864[44m|INF|[0mReqId:1254BA80-53AB-4214-91AD-32EE609062BA0000|Command:OneStepXfer|szDestDN:8500|szUDataEx:UserExtensionInfo - icDeflectTR|szExtnsEx:
13:44:22.518894[33m|LV2|[0mReqId:1254BA80-53AB-4214-91AD-32EE609062BA0000|Command:OneStepXfer|XmlData:<?xml version="1.0" encoding="utf-8"?>
<!DOCTYPE GctiMsg SYSTEM "IServer.dtd">
<GctiMsg><CallId>1254BA80-53AB-4214-91AD-32EE609062BA0000</CallId><OneStepXfer DestDN="8500"><UDataEx>UserExtensionInfo - icDeflectTR</UDataEx><ExtnsEx></ExtnsEx></OneStepXfer></GctiMsg>

13:44:22.518946[34m|LV1|[0mSEND   |127.0.0.1:35001|266|<?xml version="1.0" encoding="utf-8"?>
<!DOCTYPE GctiMsg SYSTEM "IServer.dtd">
<GctiMsg><CallId>1254BA80-53AB-4214-91AD-32EE609062BA0000</CallId><OneStepXfer DestDN="8500"><UDataEx>UserExtensionInfo - icDeflectTR</UDataEx><ExtnsEx></ExtnsEx></OneStepXfer></GctiMsg>

13:44:22.519311[34m|LV1|[0mRECEIVE|127.0.0.1:35001|<?xml version="1.0" encoding="utf-8"?>
<!DOCTYPE GctiMsg SYSTEM "IServer.dtd">
<GctiMsg><CallId>1254BA80-53AB-4214-91AD-32EE609062BA0000</CallId><CallStatus Event="XferComplete"/></GctiMsg>

13:44:22.519467[44m|INF|[0mReqId:1254BA80-53AB-4214-91AD-32EE609062BA0000|Command:CallStatus|CallStatus:XferComplete
13:44:22.519502[33m|LV2|[0mReqId:1254BA80-53AB-4214-91AD-32EE609062BA0000|Command:CallStatus|XmlData:<?xml version="1.0" encoding="utf-8"?>
<!DOCTYPE GctiMsg SYSTEM "IServer.dtd">
<GctiMsg><CallId>1254BA80-53AB-4214-91AD-32EE609062BA0000</CallId><CallStatus Event="XferComplete"/></GctiMsg>

