
>>>>>>>>>>>>>>>>>>>>>>>>>>>>>>>>>>>>>>>>>>>>>>>>>>>>>>>>>>>>>>>>>>>>>>>>
>> cba.idr pid(28948) Logging Start
>>>>>>>>>>>>>>>>>>>>>>>>>>>>>>>>>>>>>>>>>>>>>>>>>>>>>>>>>>>>>>>>>>>>>>>>

15:04:45.827564[44m|INF|[0m>>>>>>>>>>>>>>>>>>>>>>>>>>>>>>>>>>>>>>>>>>>>>>>>>>>>>>>>>>>>>>>>>>>>>>>>>>>>
15:04:45.827571[44m|INF|[0mIVRDriver Initialize success.
15:04:45.827575[44m|INF|[0mOwnerName     : CBA.ISVR
15:04:45.827580[44m|INF|[0mOwnerId       : 1001
15:04:45.827584[44m|INF|[0mSvcAppName    : IVR5
15:04:45.827588[44m|INF|[0mSvcDriverName : IVR1
15:04:45.827593[44m|INF|[0mRemoteIp      : 127.0.0.1
15:04:45.827597[44m|INF|[0mRemotePort    : 35001
15:04:45.827602[44m|INF|[0mLogPath       : ../log/cba.idrv/
15:04:45.827606[44m|INF|[0mLogLinkPath   : ../log/
15:04:45.827610[44m|INF|[0mLogLevel      : 3
15:04:45.827615[44m|INF|[0m>>>>>>>>>>>>>>>>>>>>>>>>>>>>>>>>>>>>>>>>>>>>>>>>>>>>>>>>>>>>>>>>>>>>>>>>>>>>
15:04:45.827619[44m|INF|[0m

15:04:45.827768[44m|INF|[0mConnection success. remote_ip:127.0.0.1, remote_port:35001
15:04:45.828361[44m|INF|[0mReqId:100000001|Command:LoginReq|Version:4.0|ClientName:IVR1|ReportStatus:true|ServerMonitor:set
15:04:45.828391[33m|LV2|[0mReqId:100000001|Command:LoginReq|XmlData:<?xml version="1.0" encoding="utf-8"?>
<!DOCTYPE GctiMsg SYSTEM "IServer.dtd">
<GctiMsg><CallId>100000001</CallId><LoginReq Version="4.0" ClientName="IVR1" ReportStatus="true" ServerMonitor="set"/></GctiMsg>

15:04:45.828453[34m|LV1|[0mSEND   |127.0.0.1:35001|208|<?xml version="1.0" encoding="utf-8"?>
<!DOCTYPE GctiMsg SYSTEM "IServer.dtd">
<GctiMsg><CallId>100000001</CallId><LoginReq Version="4.0" ClientName="IVR1" ReportStatus="true" ServerMonitor="set"/></GctiMsg>

15:04:45.829210[34m|LV1|[0mRECEIVE|127.0.0.1:35001|<?xml version="1.0" encoding="utf-8"?>
<!DOCTYPE GctiMsg SYSTEM "IServer.dtd">
<GctiMsg><CallId>100000001</CallId><LoginResp IServerVersion="8.5" Result="Success" ConfigOptions="" Status="OK"/></GctiMsg>

15:04:45.829503[44m|INF|[0mReqId:100000001|Command:LoginResp|IServerVersion:8.5|Result:Success|ConfigOptions:|Status:OK
15:04:45.829532[33m|LV2|[0mReqId:100000001|Command:LoginResp|XmlData:<?xml version="1.0" encoding="utf-8"?>
<!DOCTYPE GctiMsg SYSTEM "IServer.dtd">
<GctiMsg><CallId>100000001</CallId><LoginResp IServerVersion="8.5" Result="Success" ConfigOptions="" Status="OK"/></GctiMsg>

15:04:53.783318[44m|INF|[0mReqId:15386F23-A95B-47CC-9800-33FD93D6A6450000|Command:NewCall|CalledNum:1000|CallControlMode:Network|Version:4.0|DNIS:*6500|ANI:4022|UDataEx:|ExtnsEx:
15:04:53.783349[33m|LV2|[0mReqId:15386F23-A95B-47CC-9800-33FD93D6A6450000|Command:NewCall|XmlData:<?xml version="1.0" encoding="utf-8"?>
<!DOCTYPE GctiMsg SYSTEM "IServer.dtd">
<GctiMsg><CallId>15386F23-A95B-47CC-9800-33FD93D6A6450000</CallId><NewCall CallControlMode="Network" Version="4.0"><CalledNum>1000</CalledNum><DNIS>*6500</DNIS><ANI>4022</ANI></NewCall></GctiMsg>

15:04:53.783400[34m|LV1|[0mSEND   |127.0.0.1:35001|275|<?xml version="1.0" encoding="utf-8"?>
<!DOCTYPE GctiMsg SYSTEM "IServer.dtd">
<GctiMsg><CallId>15386F23-A95B-47CC-9800-33FD93D6A6450000</CallId><NewCall CallControlMode="Network" Version="4.0"><CalledNum>1000</CalledNum><DNIS>*6500</DNIS><ANI>4022</ANI></NewCall></GctiMsg>

15:04:53.783824[34m|LV1|[0mRECEIVE|127.0.0.1:35001|<?xml version="1.0" encoding="utf-8"?>
<!DOCTYPE GctiMsg SYSTEM "IServer.dtd">
<GctiMsg><CallId>15386F23-A95B-47CC-9800-33FD93D6A6450000</CallId><CallStatus Event="Ringing"/></GctiMsg>

15:04:53.784022[44m|INF|[0mReqId:15386F23-A95B-47CC-9800-33FD93D6A6450000|Command:CallStatus|CallStatus:Ringing
15:04:53.784049[33m|LV2|[0mReqId:15386F23-A95B-47CC-9800-33FD93D6A6450000|Command:CallStatus|XmlData:<?xml version="1.0" encoding="utf-8"?>
<!DOCTYPE GctiMsg SYSTEM "IServer.dtd">
<GctiMsg><CallId>15386F23-A95B-47CC-9800-33FD93D6A6450000</CallId><CallStatus Event="Ringing"/></GctiMsg>

15:04:53.884143[34m|LV1|[0mRECEIVE|127.0.0.1:35001|<?xml version="1.0" encoding="utf-8"?>
<!DOCTYPE GctiMsg SYSTEM "IServer.dtd">
<GctiMsg><CallId>15386F23-A95B-47CC-9800-33FD93D6A6450000</CallId><CallStatus Event="Established"/></GctiMsg>

15:04:53.884374[44m|INF|[0mReqId:15386F23-A95B-47CC-9800-33FD93D6A6450000|Command:CallStatus|CallStatus:Established
15:04:53.884406[33m|LV2|[0mReqId:15386F23-A95B-47CC-9800-33FD93D6A6450000|Command:CallStatus|XmlData:<?xml version="1.0" encoding="utf-8"?>
<!DOCTYPE GctiMsg SYSTEM "IServer.dtd">
<GctiMsg><CallId>15386F23-A95B-47CC-9800-33FD93D6A6450000</CallId><CallStatus Event="Established"/></GctiMsg>

15:04:54.034488[44m|INF|[0mReqId:15386F23-A95B-47CC-9800-33FD93D6A6450000|Command:CallInfoReq
15:04:54.034518[33m|LV2|[0mReqId:15386F23-A95B-47CC-9800-33FD93D6A6450000|Command:CallInfoReq|XmlData:<?xml version="1.0" encoding="utf-8"?>
<!DOCTYPE GctiMsg SYSTEM "IServer.dtd">
<GctiMsg><CallId>15386F23-A95B-47CC-9800-33FD93D6A6450000</CallId><CallInfoReq></CallInfoReq></GctiMsg>

15:04:54.034586[34m|LV1|[0mSEND   |127.0.0.1:35001|183|<?xml version="1.0" encoding="utf-8"?>
<!DOCTYPE GctiMsg SYSTEM "IServer.dtd">
<GctiMsg><CallId>15386F23-A95B-47CC-9800-33FD93D6A6450000</CallId><CallInfoReq></CallInfoReq></GctiMsg>

15:04:54.035001[34m|LV1|[0mRECEIVE|127.0.0.1:35001|<?xml version="1.0" encoding="utf-8"?>
<!DOCTYPE GctiMsg SYSTEM "IServer.dtd">
<GctiMsg><CallId>15386F23-A95B-47CC-9800-33FD93D6A6450000</CallId><CallInfoResp ANI="1111111111" DNIS="2222222222" CalledNum="3333333333" ConnId="4444444444" FirstHomeLocation="5555555555" LastEvent="6666666666" OtherDN="7777777777" OtherQueue="8888888888" OtherTrunk="9999999999" PortDN="aaaaaaaaaa" PortQueue="bbbbbbbbbb" PortTrunk="cccccccccc" ThirdPartyDN="dddddddddd" TSCallId="eeeeeeeeee"/></GctiMsg>

15:04:54.035734[44m|INF|[0mReqId:15386F23-A95B-47CC-9800-33FD93D6A6450000|Command:CallInfoResp|ANI:1111111111|DNIS:2222222222|CalledNum:3333333333|ConnId:4444444444|FirstHomeLocation:5555555555|LastEvent:6666666666|OtherDN:7777777777|OtherQueue:8888888888|OtherTrunk:9999999999|PortDN:aaaaaaaaaa|PortQueue:bbbbbbbbbb|PortTrunk:cccccccccc|ThirdPartyDN:dddddddddd|TSCallId:eeeeeeeeee
15:04:54.035765[33m|LV2|[0mReqId:15386F23-A95B-47CC-9800-33FD93D6A6450000|Command:CallInfoResp|XmlData:<?xml version="1.0" encoding="utf-8"?>
<!DOCTYPE GctiMsg SYSTEM "IServer.dtd">
<GctiMsg><CallId>15386F23-A95B-47CC-9800-33FD93D6A6450000</CallId><CallInfoResp ANI="1111111111" DNIS="2222222222" CalledNum="3333333333" ConnId="4444444444" FirstHomeLocation="5555555555" LastEvent="6666666666" OtherDN="7777777777" OtherQueue="8888888888" OtherTrunk="9999999999" PortDN="aaaaaaaaaa" PortQueue="bbbbbbbbbb" PortTrunk="cccccccccc" ThirdPartyDN="dddddddddd" TSCallId="eeeeeeeeee"/></GctiMsg>

15:05:01.096174[44m|INF|[0mReqId:15386F23-A95B-47CC-9800-33FD93D6A6450000|Command:UDataGet|Keys:UEI
15:05:01.096203[33m|LV2|[0mReqId:15386F23-A95B-47CC-9800-33FD93D6A6450000|Command:UDataGet|XmlData:<?xml version="1.0" encoding="utf-8"?>
<!DOCTYPE GctiMsg SYSTEM "IServer.dtd">
<GctiMsg><CallId>15386F23-A95B-47CC-9800-33FD93D6A6450000</CallId><UDataGet Keys="UEI"><RequestId>100000002</RequestId></UDataGet></GctiMsg>

15:05:01.096247[34m|LV1|[0mSEND   |127.0.0.1:35001|220|<?xml version="1.0" encoding="utf-8"?>
<!DOCTYPE GctiMsg SYSTEM "IServer.dtd">
<GctiMsg><CallId>15386F23-A95B-47CC-9800-33FD93D6A6450000</CallId><UDataGet Keys="UEI"><RequestId>100000002</RequestId></UDataGet></GctiMsg>

15:05:01.096723[34m|LV1|[0mRECEIVE|127.0.0.1:35001|<?xml version="1.0" encoding="utf-8"?>
<!DOCTYPE GctiMsg SYSTEM "IServer.dtd">
<GctiMsg><CallId>15386F23-A95B-47CC-9800-33FD93D6A6450000</CallId><UDataResp><RequestId>UEI</RequestId><Result>Success</Result><UDataEx><Node Name="eee" Type="Str" Val="555"/><Node Name="fff" Type="Str" Val="6666"/><Node Name="ggg" Type="Str" Val="77777"/><Node Name="hhh" Type="Str" Val="88888888"/></UDataEx></UDataResp></GctiMsg>

15:05:01.097124[44m|INF|[0mReqId:15386F23-A95B-47CC-9800-33FD93D6A6450000|Command:UDataResp|RequestId:UEI|Result:Success|UDataEx:|eee=555|fff=6666|ggg=77777|hhh=88888888|
15:05:01.097154[33m|LV2|[0mReqId:15386F23-A95B-47CC-9800-33FD93D6A6450000|Command:UDataResp|XmlData:<?xml version="1.0" encoding="utf-8"?>
<!DOCTYPE GctiMsg SYSTEM "IServer.dtd">
<GctiMsg><CallId>15386F23-A95B-47CC-9800-33FD93D6A6450000</CallId><UDataResp><RequestId>UEI</RequestId><Result>Success</Result><UDataEx><Node Name="eee" Type="Str" Val="555"/><Node Name="fff" Type="Str" Val="6666"/><Node Name="ggg" Type="Str" Val="77777"/><Node Name="hhh" Type="Str" Val="88888888"/></UDataEx></UDataResp></GctiMsg>

15:05:47.933610[44m|INF|[0mReqId:15386F23-A95B-47CC-9800-33FD93D6A6450000|Command:OneStepXfer|szDestDN:|szUDataEx:|szExtnsEx:
15:05:47.933632[33m|LV2|[0mReqId:15386F23-A95B-47CC-9800-33FD93D6A6450000|Command:OneStepXfer|XmlData:<?xml version="1.0" encoding="utf-8"?>
<!DOCTYPE GctiMsg SYSTEM "IServer.dtd">
<GctiMsg><CallId>15386F23-A95B-47CC-9800-33FD93D6A6450000</CallId><OneStepXfer DestDN=""/></GctiMsg>

15:05:47.933664[34m|LV1|[0mSEND   |127.0.0.1:35001|180|<?xml version="1.0" encoding="utf-8"?>
<!DOCTYPE GctiMsg SYSTEM "IServer.dtd">
<GctiMsg><CallId>15386F23-A95B-47CC-9800-33FD93D6A6450000</CallId><OneStepXfer DestDN=""/></GctiMsg>

15:05:47.933866[34m|LV1|[0mRECEIVE|127.0.0.1:35001|<?xml version="1.0" encoding="utf-8"?>
<!DOCTYPE GctiMsg SYSTEM "IServer.dtd">
<GctiMsg><CallId>15386F23-A95B-47CC-9800-33FD93D6A6450000</CallId><CallStatus Event="XferComplete"/></GctiMsg>

15:05:47.933948[44m|INF|[0mReqId:15386F23-A95B-47CC-9800-33FD93D6A6450000|Command:CallStatus|CallStatus:XferComplete
15:05:47.933961[33m|LV2|[0mReqId:15386F23-A95B-47CC-9800-33FD93D6A6450000|Command:CallStatus|XmlData:<?xml version="1.0" encoding="utf-8"?>
<!DOCTYPE GctiMsg SYSTEM "IServer.dtd">
<GctiMsg><CallId>15386F23-A95B-47CC-9800-33FD93D6A6450000</CallId><CallStatus Event="XferComplete"/></GctiMsg>

