
>>>>>>>>>>>>>>>>>>>>>>>>>>>>>>>>>>>>>>>>>>>>>>>>>>>>>>>>>>>>>>>>>>>>>>>>
>> cba.idr pid(11789) Logging Start
>>>>>>>>>>>>>>>>>>>>>>>>>>>>>>>>>>>>>>>>>>>>>>>>>>>>>>>>>>>>>>>>>>>>>>>>

13:16:30.087756[44m|INF|[0m>>>>>>>>>>>>>>>>>>>>>>>>>>>>>>>>>>>>>>>>>>>>>>>>>>>>>>>>>>>>>>>>>>>>>>>>>>>>
13:16:30.087762[44m|INF|[0mIVRDriver Initialize success.
13:16:30.087767[44m|INF|[0mOwnerName     : CBA.ISVR
13:16:30.087771[44m|INF|[0mOwnerId       : 1001
13:16:30.087776[44m|INF|[0mSvcAppName    : IVR5
13:16:30.087785[44m|INF|[0mSvcDriverName : IVR1
13:16:30.087790[44m|INF|[0mRemoteIp      : 127.0.0.1
13:16:30.087794[44m|INF|[0mRemotePort    : 35001
13:16:30.087799[44m|INF|[0mLogPath       : ../log/cba.idrv/
13:16:30.087803[44m|INF|[0mLogLinkPath   : ../log/
13:16:30.087808[44m|INF|[0mLogLevel      : 3
13:16:30.087812[44m|INF|[0m>>>>>>>>>>>>>>>>>>>>>>>>>>>>>>>>>>>>>>>>>>>>>>>>>>>>>>>>>>>>>>>>>>>>>>>>>>>>
13:16:30.087816[44m|INF|[0m

13:16:30.087983[44m|INF|[0mConnection success. remote_ip:127.0.0.1, remote_port:35001
13:16:30.088761[44m|INF|[0mReqId:100000001|Command:LoginReq|Version:4.0|ClientName:IVR1|ReportStatus:true|ServerMonitor:set
13:16:30.088797[33m|LV2|[0mReqId:100000001|Command:LoginReq|XmlData:<?xml version="1.0" encoding="utf-8"?>
<!DOCTYPE GctiMsg SYSTEM "IServer.dtd">
<GctiMsg><CallId>100000001</CallId><LoginReq Version="4.0" ClientName="IVR1" ReportStatus="true" ServerMonitor="set"/></GctiMsg>

13:16:30.088867[34m|LV1|[0mSEND   |127.0.0.1:35001|208|<?xml version="1.0" encoding="utf-8"?>
<!DOCTYPE GctiMsg SYSTEM "IServer.dtd">
<GctiMsg><CallId>100000001</CallId><LoginReq Version="4.0" ClientName="IVR1" ReportStatus="true" ServerMonitor="set"/></GctiMsg>

13:16:30.089533[34m|LV1|[0mRECEIVE|127.0.0.1:35001|<?xml version="1.0" encoding="utf-8"?>
<!DOCTYPE GctiMsg SYSTEM "IServer.dtd">
<GctiMsg><CallId>100000001</CallId><LoginResp IServerVersion="8.5" Result="Success" ConfigOptions="" Status="OK"/></GctiMsg>

13:16:30.089832[44m|INF|[0mReqId:100000001|Command:LoginResp|IServerVersion:8.5|Result:Success|ConfigOptions:|Status:OK
13:16:30.089859[33m|LV2|[0mReqId:100000001|Command:LoginResp|XmlData:<?xml version="1.0" encoding="utf-8"?>
<!DOCTYPE GctiMsg SYSTEM "IServer.dtd">
<GctiMsg><CallId>100000001</CallId><LoginResp IServerVersion="8.5" Result="Success" ConfigOptions="" Status="OK"/></GctiMsg>

