
>>>>>>>>>>>>>>>>>>>>>>>>>>>>>>>>>>>>>>>>>>>>>>>>>>>>>>>>>>>>>>>>>>>>>>>>
>> cba.idr pid(24102) Logging Start
>>>>>>>>>>>>>>>>>>>>>>>>>>>>>>>>>>>>>>>>>>>>>>>>>>>>>>>>>>>>>>>>>>>>>>>>

14:07:22.968139[44m|INF|[0m>>>>>>>>>>>>>>>>>>>>>>>>>>>>>>>>>>>>>>>>>>>>>>>>>>>>>>>>>>>>>>>>>>>>>>>>>>>>
14:07:22.968147[44m|INF|[0mIVRDriver Initialize success.
14:07:22.968152[44m|INF|[0mOwnerName     : CBA.ISVR
14:07:22.968157[44m|INF|[0mOwnerId       : 1001
14:07:22.968161[44m|INF|[0mSvcAppName    : IVR5
14:07:22.968166[44m|INF|[0mSvcDriverName : IVR1
14:07:22.968171[44m|INF|[0mRemoteIp      : 127.0.0.1
14:07:22.968176[44m|INF|[0mRemotePort    : 35001
14:07:22.968181[44m|INF|[0mLogPath       : ../log/cba.idrv/
14:07:22.968186[44m|INF|[0mLogLinkPath   : ../log/
14:07:22.968190[44m|INF|[0mLogLevel      : 3
14:07:22.968195[44m|INF|[0m>>>>>>>>>>>>>>>>>>>>>>>>>>>>>>>>>>>>>>>>>>>>>>>>>>>>>>>>>>>>>>>>>>>>>>>>>>>>
14:07:22.968200[44m|INF|[0m

14:07:22.968345[44m|INF|[0mConnection success. remote_ip:127.0.0.1, remote_port:35001
14:07:22.968703[44m|INF|[0mReqId:100000001|Command:LoginReq|Version:4.0|ClientName:IVR1|ReportStatus:true|ServerMonitor:set
14:07:22.968719[33m|LV2|[0mReqId:100000001|Command:LoginReq|XmlData:<?xml version="1.0" encoding="utf-8"?>
<!DOCTYPE GctiMsg SYSTEM "IServer.dtd">
<GctiMsg><CallId>100000001</CallId><LoginReq Version="4.0" ClientName="IVR1" ReportStatus="true" ServerMonitor="set"/></GctiMsg>

14:07:22.968751[34m|LV1|[0mSEND   |127.0.0.1:35001|208|<?xml version="1.0" encoding="utf-8"?>
<!DOCTYPE GctiMsg SYSTEM "IServer.dtd">
<GctiMsg><CallId>100000001</CallId><LoginReq Version="4.0" ClientName="IVR1" ReportStatus="true" ServerMonitor="set"/></GctiMsg>

14:07:22.969720[34m|LV1|[0mRECEIVE|127.0.0.1:35001|<?xml version="1.0" encoding="utf-8"?>
<!DOCTYPE GctiMsg SYSTEM "IServer.dtd">
<GctiMsg><CallId>100000001</CallId><LoginResp IServerVersion="8.5" Result="Success" ConfigOptions="" Status="OK"/></GctiMsg>

14:07:22.969851[44m|INF|[0mReqId:100000001|Command:LoginResp|IServerVersion:8.5|Result:Success|ConfigOptions:|Status:OK
14:07:22.969865[33m|LV2|[0mReqId:100000001|Command:LoginResp|XmlData:<?xml version="1.0" encoding="utf-8"?>
<!DOCTYPE GctiMsg SYSTEM "IServer.dtd">
<GctiMsg><CallId>100000001</CallId><LoginResp IServerVersion="8.5" Result="Success" ConfigOptions="" Status="OK"/></GctiMsg>

14:07:36.515583[44m|INF|[0mReqId:28E8EFEC-CE01-4406-9CE7-B347AC1224C80000|Command:NewCall|CalledNum:1000|CallControlMode:Network|Version:4.0|DNIS:*6500|ANI:4022|UDataEx:|ExtnsEx:
14:07:36.515616[33m|LV2|[0mReqId:28E8EFEC-CE01-4406-9CE7-B347AC1224C80000|Command:NewCall|XmlData:<?xml version="1.0" encoding="utf-8"?>
<!DOCTYPE GctiMsg SYSTEM "IServer.dtd">
<GctiMsg><CallId>28E8EFEC-CE01-4406-9CE7-B347AC1224C80000</CallId><NewCall CallControlMode="Network" Version="4.0"><CalledNum>1000</CalledNum><DNIS>*6500</DNIS><ANI>4022</ANI></NewCall></GctiMsg>

14:07:36.515681[34m|LV1|[0mSEND   |127.0.0.1:35001|275|<?xml version="1.0" encoding="utf-8"?>
<!DOCTYPE GctiMsg SYSTEM "IServer.dtd">
<GctiMsg><CallId>28E8EFEC-CE01-4406-9CE7-B347AC1224C80000</CallId><NewCall CallControlMode="Network" Version="4.0"><CalledNum>1000</CalledNum><DNIS>*6500</DNIS><ANI>4022</ANI></NewCall></GctiMsg>

14:07:36.516045[34m|LV1|[0mRECEIVE|127.0.0.1:35001|<?xml version="1.0" encoding="utf-8"?>
<!DOCTYPE GctiMsg SYSTEM "IServer.dtd">
<GctiMsg><CallId>28E8EFEC-CE01-4406-9CE7-B347AC1224C80000</CallId><CallStatus Event="Ringing"/></GctiMsg>

14:07:36.516198[44m|INF|[0mReqId:28E8EFEC-CE01-4406-9CE7-B347AC1224C80000|Command:CallStatus|CallStatus:Ringing
14:07:36.516224[33m|LV2|[0mReqId:28E8EFEC-CE01-4406-9CE7-B347AC1224C80000|Command:CallStatus|XmlData:<?xml version="1.0" encoding="utf-8"?>
<!DOCTYPE GctiMsg SYSTEM "IServer.dtd">
<GctiMsg><CallId>28E8EFEC-CE01-4406-9CE7-B347AC1224C80000</CallId><CallStatus Event="Ringing"/></GctiMsg>

14:07:36.616377[34m|LV1|[0mRECEIVE|127.0.0.1:35001|<?xml version="1.0" encoding="utf-8"?>
<!DOCTYPE GctiMsg SYSTEM "IServer.dtd">
<GctiMsg><CallId>28E8EFEC-CE01-4406-9CE7-B347AC1224C80000</CallId><CallStatus Event="Established"/></GctiMsg>

14:07:36.616584[44m|INF|[0mReqId:28E8EFEC-CE01-4406-9CE7-B347AC1224C80000|Command:CallStatus|CallStatus:Established
14:07:36.616611[33m|LV2|[0mReqId:28E8EFEC-CE01-4406-9CE7-B347AC1224C80000|Command:CallStatus|XmlData:<?xml version="1.0" encoding="utf-8"?>
<!DOCTYPE GctiMsg SYSTEM "IServer.dtd">
<GctiMsg><CallId>28E8EFEC-CE01-4406-9CE7-B347AC1224C80000</CallId><CallStatus Event="Established"/></GctiMsg>

14:07:43.535708[44m|INF|[0mReqId:28E8EFEC-CE01-4406-9CE7-B347AC1224C80000|Command:CallInfoReq
14:07:43.535744[33m|LV2|[0mReqId:28E8EFEC-CE01-4406-9CE7-B347AC1224C80000|Command:CallInfoReq|XmlData:<?xml version="1.0" encoding="utf-8"?>
<!DOCTYPE GctiMsg SYSTEM "IServer.dtd">
<GctiMsg><CallId>28E8EFEC-CE01-4406-9CE7-B347AC1224C80000</CallId><CallInfoReq></CallInfoReq></GctiMsg>

14:07:43.535958[34m|LV1|[0mSEND   |127.0.0.1:35001|183|<?xml version="1.0" encoding="utf-8"?>
<!DOCTYPE GctiMsg SYSTEM "IServer.dtd">
<GctiMsg><CallId>28E8EFEC-CE01-4406-9CE7-B347AC1224C80000</CallId><CallInfoReq></CallInfoReq></GctiMsg>

14:07:43.536227[34m|LV1|[0mRECEIVE|127.0.0.1:35001|<?xml version="1.0" encoding="utf-8"?>
<!DOCTYPE GctiMsg SYSTEM "IServer.dtd">
<GctiMsg><CallId>28E8EFEC-CE01-4406-9CE7-B347AC1224C80000</CallId><CallInfoResp ANI="1111111111" DNIS="2222222222" CalledNum="3333333333" ConnId="4444444444" FirstHomeLocation="5555555555" LastEvent="6666666666" OtherDN="7777777777" OtherQueue="8888888888" OtherTrunk="9999999999" PortDN="aaaaaaaaaa" PortQueue="bbbbbbbbbb" PortTrunk="cccccccccc" ThirdPartyDN="dddddddddd" TSCallId="eeeeeeeeee"/></GctiMsg>

14:07:43.537119[44m|INF|[0mReqId:28E8EFEC-CE01-4406-9CE7-B347AC1224C80000|Command:CallInfoResp|ANI:1111111111|DNIS:2222222222|CalledNum:3333333333|ConnId:4444444444|FirstHomeLocation:5555555555|LastEvent:6666666666|OtherDN:7777777777|OtherQueue:8888888888|OtherTrunk:9999999999|PortDN:aaaaaaaaaa|PortQueue:bbbbbbbbbb|PortTrunk:cccccccccc|ThirdPartyDN:dddddddddd|TSCallId:eeeeeeeeee
14:07:43.537152[33m|LV2|[0mReqId:28E8EFEC-CE01-4406-9CE7-B347AC1224C80000|Command:CallInfoResp|XmlData:<?xml version="1.0" encoding="utf-8"?>
<!DOCTYPE GctiMsg SYSTEM "IServer.dtd">
<GctiMsg><CallId>28E8EFEC-CE01-4406-9CE7-B347AC1224C80000</CallId><CallInfoResp ANI="1111111111" DNIS="2222222222" CalledNum="3333333333" ConnId="4444444444" FirstHomeLocation="5555555555" LastEvent="6666666666" OtherDN="7777777777" OtherQueue="8888888888" OtherTrunk="9999999999" PortDN="aaaaaaaaaa" PortQueue="bbbbbbbbbb" PortTrunk="cccccccccc" ThirdPartyDN="dddddddddd" TSCallId="eeeeeeeeee"/></GctiMsg>

14:07:50.597288[44m|INF|[0mReqId:28E8EFEC-CE01-4406-9CE7-B347AC1224C80000|Command:UDataGet|Keys:UEI
14:07:50.597318[33m|LV2|[0mReqId:28E8EFEC-CE01-4406-9CE7-B347AC1224C80000|Command:UDataGet|XmlData:<?xml version="1.0" encoding="utf-8"?>
<!DOCTYPE GctiMsg SYSTEM "IServer.dtd">
<GctiMsg><CallId>28E8EFEC-CE01-4406-9CE7-B347AC1224C80000</CallId><UDataGet Keys="UEI"><RequestId>100000002</RequestId></UDataGet></GctiMsg>

14:07:50.597364[34m|LV1|[0mSEND   |127.0.0.1:35001|220|<?xml version="1.0" encoding="utf-8"?>
<!DOCTYPE GctiMsg SYSTEM "IServer.dtd">
<GctiMsg><CallId>28E8EFEC-CE01-4406-9CE7-B347AC1224C80000</CallId><UDataGet Keys="UEI"><RequestId>100000002</RequestId></UDataGet></GctiMsg>

14:07:50.597813[34m|LV1|[0mRECEIVE|127.0.0.1:35001|<?xml version="1.0" encoding="utf-8"?>
<!DOCTYPE GctiMsg SYSTEM "IServer.dtd">
<GctiMsg><CallId>28E8EFEC-CE01-4406-9CE7-B347AC1224C80000</CallId><UDataResp><RequestId>UEI</RequestId><Result>Success</Result><UDataEx><Node Name="eee" Type="Str" Val="555"/><Node Name="fff" Type="Str" Val="6666"/><Node Name="ggg" Type="Str" Val="77777"/><Node Name="hhh" Type="Str" Val="88888888"/></UDataEx></UDataResp></GctiMsg>

14:07:50.598234[44m|INF|[0mReqId:28E8EFEC-CE01-4406-9CE7-B347AC1224C80000|Command:UDataResp|RequestId:UEI|Result:Success|UDataEx:|eee=555|fff=6666|ggg=77777|hhh=88888888|
14:07:50.598264[33m|LV2|[0mReqId:28E8EFEC-CE01-4406-9CE7-B347AC1224C80000|Command:UDataResp|XmlData:<?xml version="1.0" encoding="utf-8"?>
<!DOCTYPE GctiMsg SYSTEM "IServer.dtd">
<GctiMsg><CallId>28E8EFEC-CE01-4406-9CE7-B347AC1224C80000</CallId><UDataResp><RequestId>UEI</RequestId><Result>Success</Result><UDataEx><Node Name="eee" Type="Str" Val="555"/><Node Name="fff" Type="Str" Val="6666"/><Node Name="ggg" Type="Str" Val="77777"/><Node Name="hhh" Type="Str" Val="88888888"/></UDataEx></UDataResp></GctiMsg>

