
>>>>>>>>>>>>>>>>>>>>>>>>>>>>>>>>>>>>>>>>>>>>>>>>>>>>>>>>>>>>>>>>>>>>>>>>
>> cba.idr pid(27941) Logging Start
>>>>>>>>>>>>>>>>>>>>>>>>>>>>>>>>>>>>>>>>>>>>>>>>>>>>>>>>>>>>>>>>>>>>>>>>

14:51:40.844652[44m|INF|[0m>>>>>>>>>>>>>>>>>>>>>>>>>>>>>>>>>>>>>>>>>>>>>>>>>>>>>>>>>>>>>>>>>>>>>>>>>>>>
14:51:40.844671[44m|INF|[0mIVRDriver Initialize success.
14:51:40.844683[44m|INF|[0mOwnerName     : CBA.ISVR
14:51:40.844695[44m|INF|[0mOwnerId       : 1001
14:51:40.844706[44m|INF|[0mSvcAppName    : IVR5
14:51:40.844719[44m|INF|[0mSvcDriverName : IVR1
14:51:40.844731[44m|INF|[0mRemoteIp      : 127.0.0.1
14:51:40.844742[44m|INF|[0mRemotePort    : 35001
14:51:40.844753[44m|INF|[0mLogPath       : ../log/cba.idrv/
14:51:40.844765[44m|INF|[0mLogLinkPath   : ../log/
14:51:40.844801[44m|INF|[0mLogLevel      : 3
14:51:40.844815[44m|INF|[0m>>>>>>>>>>>>>>>>>>>>>>>>>>>>>>>>>>>>>>>>>>>>>>>>>>>>>>>>>>>>>>>>>>>>>>>>>>>>
14:51:40.844826[44m|INF|[0m

14:51:40.845094[44m|INF|[0mConnection success. remote_ip:127.0.0.1, remote_port:35001
14:51:40.845646[44m|INF|[0mReqId:100000001|Command:LoginReq|Version:4.0|ClientName:IVR1|ReportStatus:true|ServerMonitor:set
14:51:40.845702[33m|LV2|[0mReqId:100000001|Command:LoginReq|XmlData:<?xml version="1.0" encoding="utf-8"?>
<!DOCTYPE GctiMsg SYSTEM "IServer.dtd">
<GctiMsg><CallId>100000001</CallId><LoginReq Version="4.0" ClientName="IVR1" ReportStatus="true" ServerMonitor="set"/></GctiMsg>

14:51:40.845756[34m|LV1|[0mSEND   |127.0.0.1:35001|208|<?xml version="1.0" encoding="utf-8"?>
<!DOCTYPE GctiMsg SYSTEM "IServer.dtd">
<GctiMsg><CallId>100000001</CallId><LoginReq Version="4.0" ClientName="IVR1" ReportStatus="true" ServerMonitor="set"/></GctiMsg>

14:51:40.846733[34m|LV1|[0mRECEIVE|127.0.0.1:35001|<?xml version="1.0" encoding="utf-8"?>
<!DOCTYPE GctiMsg SYSTEM "IServer.dtd">
<GctiMsg><CallId>100000001</CallId><LoginResp IServerVersion="8.5" Result="Success" ConfigOptions="" Status="OK"/></GctiMsg>

14:51:40.847043[44m|INF|[0mReqId:100000001|Command:LoginResp|IServerVersion:8.5|Result:Success|ConfigOptions:|Status:OK
14:51:40.847070[33m|LV2|[0mReqId:100000001|Command:LoginResp|XmlData:<?xml version="1.0" encoding="utf-8"?>
<!DOCTYPE GctiMsg SYSTEM "IServer.dtd">
<GctiMsg><CallId>100000001</CallId><LoginResp IServerVersion="8.5" Result="Success" ConfigOptions="" Status="OK"/></GctiMsg>

14:51:49.366020[44m|INF|[0mReqId:48768FF2-D2C6-4520-A6A4-D145DA6D70120000|Command:NewCall|CalledNum:1000|CallControlMode:Network|Version:4.0|DNIS:*6500|ANI:4022|UDataEx:|ExtnsEx:
14:51:49.366051[33m|LV2|[0mReqId:48768FF2-D2C6-4520-A6A4-D145DA6D70120000|Command:NewCall|XmlData:<?xml version="1.0" encoding="utf-8"?>
<!DOCTYPE GctiMsg SYSTEM "IServer.dtd">
<GctiMsg><CallId>48768FF2-D2C6-4520-A6A4-D145DA6D70120000</CallId><NewCall CallControlMode="Network" Version="4.0"><CalledNum>1000</CalledNum><DNIS>*6500</DNIS><ANI>4022</ANI></NewCall></GctiMsg>

14:51:49.366157[34m|LV1|[0mSEND   |127.0.0.1:35001|275|<?xml version="1.0" encoding="utf-8"?>
<!DOCTYPE GctiMsg SYSTEM "IServer.dtd">
<GctiMsg><CallId>48768FF2-D2C6-4520-A6A4-D145DA6D70120000</CallId><NewCall CallControlMode="Network" Version="4.0"><CalledNum>1000</CalledNum><DNIS>*6500</DNIS><ANI>4022</ANI></NewCall></GctiMsg>

14:51:49.366555[34m|LV1|[0mRECEIVE|127.0.0.1:35001|<?xml version="1.0" encoding="utf-8"?>
<!DOCTYPE GctiMsg SYSTEM "IServer.dtd">
<GctiMsg><CallId>48768FF2-D2C6-4520-A6A4-D145DA6D70120000</CallId><CallStatus Event="Ringing"/></GctiMsg>

14:51:49.366700[44m|INF|[0mReqId:48768FF2-D2C6-4520-A6A4-D145DA6D70120000|Command:CallStatus|CallStatus:Ringing
14:51:49.366723[33m|LV2|[0mReqId:48768FF2-D2C6-4520-A6A4-D145DA6D70120000|Command:CallStatus|XmlData:<?xml version="1.0" encoding="utf-8"?>
<!DOCTYPE GctiMsg SYSTEM "IServer.dtd">
<GctiMsg><CallId>48768FF2-D2C6-4520-A6A4-D145DA6D70120000</CallId><CallStatus Event="Ringing"/></GctiMsg>

14:51:49.466944[34m|LV1|[0mRECEIVE|127.0.0.1:35001|<?xml version="1.0" encoding="utf-8"?>
<!DOCTYPE GctiMsg SYSTEM "IServer.dtd">
<GctiMsg><CallId>48768FF2-D2C6-4520-A6A4-D145DA6D70120000</CallId><CallStatus Event="Established"/></GctiMsg>

14:51:49.467158[44m|INF|[0mReqId:48768FF2-D2C6-4520-A6A4-D145DA6D70120000|Command:CallStatus|CallStatus:Established
14:51:49.467185[33m|LV2|[0mReqId:48768FF2-D2C6-4520-A6A4-D145DA6D70120000|Command:CallStatus|XmlData:<?xml version="1.0" encoding="utf-8"?>
<!DOCTYPE GctiMsg SYSTEM "IServer.dtd">
<GctiMsg><CallId>48768FF2-D2C6-4520-A6A4-D145DA6D70120000</CallId><CallStatus Event="Established"/></GctiMsg>

14:51:56.384665[44m|INF|[0mReqId:48768FF2-D2C6-4520-A6A4-D145DA6D70120000|Command:CallInfoReq
14:51:56.384706[33m|LV2|[0mReqId:48768FF2-D2C6-4520-A6A4-D145DA6D70120000|Command:CallInfoReq|XmlData:<?xml version="1.0" encoding="utf-8"?>
<!DOCTYPE GctiMsg SYSTEM "IServer.dtd">
<GctiMsg><CallId>48768FF2-D2C6-4520-A6A4-D145DA6D70120000</CallId><CallInfoReq></CallInfoReq></GctiMsg>

14:51:56.384769[34m|LV1|[0mSEND   |127.0.0.1:35001|183|<?xml version="1.0" encoding="utf-8"?>
<!DOCTYPE GctiMsg SYSTEM "IServer.dtd">
<GctiMsg><CallId>48768FF2-D2C6-4520-A6A4-D145DA6D70120000</CallId><CallInfoReq></CallInfoReq></GctiMsg>

14:51:56.385200[34m|LV1|[0mRECEIVE|127.0.0.1:35001|<?xml version="1.0" encoding="utf-8"?>
<!DOCTYPE GctiMsg SYSTEM "IServer.dtd">
<GctiMsg><CallId>48768FF2-D2C6-4520-A6A4-D145DA6D70120000</CallId><CallInfoResp ANI="1111111111" DNIS="2222222222" CalledNum="3333333333" ConnId="4444444444" FirstHomeLocation="5555555555" LastEvent="6666666666" OtherDN="7777777777" OtherQueue="8888888888" OtherTrunk="9999999999" PortDN="aaaaaaaaaa" PortQueue="bbbbbbbbbb" PortTrunk="cccccccccc" ThirdPartyDN="dddddddddd" TSCallId="eeeeeeeeee"/></GctiMsg>

14:51:56.385864[44m|INF|[0mReqId:48768FF2-D2C6-4520-A6A4-D145DA6D70120000|Command:CallInfoResp|ANI:1111111111|DNIS:2222222222|CalledNum:3333333333|ConnId:4444444444|FirstHomeLocation:5555555555|LastEvent:6666666666|OtherDN:7777777777|OtherQueue:8888888888|OtherTrunk:9999999999|PortDN:aaaaaaaaaa|PortQueue:bbbbbbbbbb|PortTrunk:cccccccccc|ThirdPartyDN:dddddddddd|TSCallId:eeeeeeeeee
14:51:56.385895[33m|LV2|[0mReqId:48768FF2-D2C6-4520-A6A4-D145DA6D70120000|Command:CallInfoResp|XmlData:<?xml version="1.0" encoding="utf-8"?>
<!DOCTYPE GctiMsg SYSTEM "IServer.dtd">
<GctiMsg><CallId>48768FF2-D2C6-4520-A6A4-D145DA6D70120000</CallId><CallInfoResp ANI="1111111111" DNIS="2222222222" CalledNum="3333333333" ConnId="4444444444" FirstHomeLocation="5555555555" LastEvent="6666666666" OtherDN="7777777777" OtherQueue="8888888888" OtherTrunk="9999999999" PortDN="aaaaaaaaaa" PortQueue="bbbbbbbbbb" PortTrunk="cccccccccc" ThirdPartyDN="dddddddddd" TSCallId="eeeeeeeeee"/></GctiMsg>

14:52:03.444867[44m|INF|[0mReqId:48768FF2-D2C6-4520-A6A4-D145DA6D70120000|Command:UDataGet|Keys:UEI
14:52:03.444884[33m|LV2|[0mReqId:48768FF2-D2C6-4520-A6A4-D145DA6D70120000|Command:UDataGet|XmlData:<?xml version="1.0" encoding="utf-8"?>
<!DOCTYPE GctiMsg SYSTEM "IServer.dtd">
<GctiMsg><CallId>48768FF2-D2C6-4520-A6A4-D145DA6D70120000</CallId><UDataGet Keys="UEI"><RequestId>100000002</RequestId></UDataGet></GctiMsg>

14:52:03.444909[34m|LV1|[0mSEND   |127.0.0.1:35001|220|<?xml version="1.0" encoding="utf-8"?>
<!DOCTYPE GctiMsg SYSTEM "IServer.dtd">
<GctiMsg><CallId>48768FF2-D2C6-4520-A6A4-D145DA6D70120000</CallId><UDataGet Keys="UEI"><RequestId>100000002</RequestId></UDataGet></GctiMsg>

14:52:03.445289[34m|LV1|[0mRECEIVE|127.0.0.1:35001|<?xml version="1.0" encoding="utf-8"?>
<!DOCTYPE GctiMsg SYSTEM "IServer.dtd">
<GctiMsg><CallId>48768FF2-D2C6-4520-A6A4-D145DA6D70120000</CallId><UDataResp><RequestId>UEI</RequestId><Result>Success</Result><UDataEx><Node Name="eee" Type="Str" Val="555"/><Node Name="fff" Type="Str" Val="6666"/><Node Name="ggg" Type="Str" Val="77777"/><Node Name="hhh" Type="Str" Val="88888888"/></UDataEx></UDataResp></GctiMsg>

14:52:03.445618[44m|INF|[0mReqId:48768FF2-D2C6-4520-A6A4-D145DA6D70120000|Command:UDataResp|RequestId:UEI|Result:Success|UDataEx:|eee=555|fff=6666|ggg=77777|hhh=88888888|
14:52:03.445662[33m|LV2|[0mReqId:48768FF2-D2C6-4520-A6A4-D145DA6D70120000|Command:UDataResp|XmlData:<?xml version="1.0" encoding="utf-8"?>
<!DOCTYPE GctiMsg SYSTEM "IServer.dtd">
<GctiMsg><CallId>48768FF2-D2C6-4520-A6A4-D145DA6D70120000</CallId><UDataResp><RequestId>UEI</RequestId><Result>Success</Result><UDataEx><Node Name="eee" Type="Str" Val="555"/><Node Name="fff" Type="Str" Val="6666"/><Node Name="ggg" Type="Str" Val="77777"/><Node Name="hhh" Type="Str" Val="88888888"/></UDataEx></UDataResp></GctiMsg>

14:52:50.285321[44m|INF|[0mReqId:48768FF2-D2C6-4520-A6A4-D145DA6D70120000|Command:OneStepXfer|szDestDN:|szUDataEx:|szExtnsEx:
14:52:50.285341[33m|LV2|[0mReqId:48768FF2-D2C6-4520-A6A4-D145DA6D70120000|Command:OneStepXfer|XmlData:<?xml version="1.0" encoding="utf-8"?>
<!DOCTYPE GctiMsg SYSTEM "IServer.dtd">
<GctiMsg><CallId>48768FF2-D2C6-4520-A6A4-D145DA6D70120000</CallId><OneStepXfer DestDN=""/></GctiMsg>

14:52:50.285373[34m|LV1|[0mSEND   |127.0.0.1:35001|180|<?xml version="1.0" encoding="utf-8"?>
<!DOCTYPE GctiMsg SYSTEM "IServer.dtd">
<GctiMsg><CallId>48768FF2-D2C6-4520-A6A4-D145DA6D70120000</CallId><OneStepXfer DestDN=""/></GctiMsg>

14:52:50.285550[34m|LV1|[0mRECEIVE|127.0.0.1:35001|<?xml version="1.0" encoding="utf-8"?>
<!DOCTYPE GctiMsg SYSTEM "IServer.dtd">
<GctiMsg><CallId>48768FF2-D2C6-4520-A6A4-D145DA6D70120000</CallId><CallStatus Event="XferComplete"/></GctiMsg>

14:52:50.285626[44m|INF|[0mReqId:48768FF2-D2C6-4520-A6A4-D145DA6D70120000|Command:CallStatus|CallStatus:XferComplete
14:52:50.285638[33m|LV2|[0mReqId:48768FF2-D2C6-4520-A6A4-D145DA6D70120000|Command:CallStatus|XmlData:<?xml version="1.0" encoding="utf-8"?>
<!DOCTYPE GctiMsg SYSTEM "IServer.dtd">
<GctiMsg><CallId>48768FF2-D2C6-4520-A6A4-D145DA6D70120000</CallId><CallStatus Event="XferComplete"/></GctiMsg>

