
>>>>>>>>>>>>>>>>>>>>>>>>>>>>>>>>>>>>>>>>>>>>>>>>>>>>>>>>>>>>>>>>>>>>>>>>
>> cba.idr pid(30665) Logging Start
>>>>>>>>>>>>>>>>>>>>>>>>>>>>>>>>>>>>>>>>>>>>>>>>>>>>>>>>>>>>>>>>>>>>>>>>

15:24:09.465120[44m|INF|[0m>>>>>>>>>>>>>>>>>>>>>>>>>>>>>>>>>>>>>>>>>>>>>>>>>>>>>>>>>>>>>>>>>>>>>>>>>>>>
15:24:09.465127[44m|INF|[0mIVRDriver Initialize success.
15:24:09.465131[44m|INF|[0mOwnerName     : CBA.ISVR
15:24:09.465136[44m|INF|[0mOwnerId       : 1001
15:24:09.465140[44m|INF|[0mSvcAppName    : IVR5
15:24:09.465144[44m|INF|[0mSvcDriverName : IVR1
15:24:09.465148[44m|INF|[0mRemoteIp      : 127.0.0.1
15:24:09.465153[44m|INF|[0mRemotePort    : 35001
15:24:09.465157[44m|INF|[0mLogPath       : ../log/cba.idrv/
15:24:09.465161[44m|INF|[0mLogLinkPath   : ../log/
15:24:09.465166[44m|INF|[0mLogLevel      : 3
15:24:09.465170[44m|INF|[0m>>>>>>>>>>>>>>>>>>>>>>>>>>>>>>>>>>>>>>>>>>>>>>>>>>>>>>>>>>>>>>>>>>>>>>>>>>>>
15:24:09.465174[44m|INF|[0m

15:24:09.465339[44m|INF|[0mConnection success. remote_ip:127.0.0.1, remote_port:35001
15:24:09.466049[44m|INF|[0mReqId:100000001|Command:LoginReq|Version:4.0|ClientName:IVR1|ReportStatus:true|ServerMonitor:set
15:24:09.466079[33m|LV2|[0mReqId:100000001|Command:LoginReq|XmlData:<?xml version="1.0" encoding="utf-8"?>
<!DOCTYPE GctiMsg SYSTEM "IServer.dtd">
<GctiMsg><CallId>100000001</CallId><LoginReq Version="4.0" ClientName="IVR1" ReportStatus="true" ServerMonitor="set"/></GctiMsg>

15:24:09.466139[34m|LV1|[0mSEND   |127.0.0.1:35001|208|<?xml version="1.0" encoding="utf-8"?>
<!DOCTYPE GctiMsg SYSTEM "IServer.dtd">
<GctiMsg><CallId>100000001</CallId><LoginReq Version="4.0" ClientName="IVR1" ReportStatus="true" ServerMonitor="set"/></GctiMsg>

15:24:09.466794[34m|LV1|[0mRECEIVE|127.0.0.1:35001|<?xml version="1.0" encoding="utf-8"?>
<!DOCTYPE GctiMsg SYSTEM "IServer.dtd">
<GctiMsg><CallId>100000001</CallId><LoginResp IServerVersion="8.5" Result="Success" ConfigOptions="" Status="OK"/></GctiMsg>

15:24:09.467069[44m|INF|[0mReqId:100000001|Command:LoginResp|IServerVersion:8.5|Result:Success|ConfigOptions:|Status:OK
15:24:09.467102[33m|LV2|[0mReqId:100000001|Command:LoginResp|XmlData:<?xml version="1.0" encoding="utf-8"?>
<!DOCTYPE GctiMsg SYSTEM "IServer.dtd">
<GctiMsg><CallId>100000001</CallId><LoginResp IServerVersion="8.5" Result="Success" ConfigOptions="" Status="OK"/></GctiMsg>

15:24:16.775174[44m|INF|[0mReqId:2D1EBF25-3DF3-4111-8B82-D9673F0CEF1C0000|Command:NewCall|CalledNum:1000|CallControlMode:Network|Version:4.0|DNIS:*6500|ANI:4022|UDataEx:|ExtnsEx:
15:24:16.775204[33m|LV2|[0mReqId:2D1EBF25-3DF3-4111-8B82-D9673F0CEF1C0000|Command:NewCall|XmlData:<?xml version="1.0" encoding="utf-8"?>
<!DOCTYPE GctiMsg SYSTEM "IServer.dtd">
<GctiMsg><CallId>2D1EBF25-3DF3-4111-8B82-D9673F0CEF1C0000</CallId><NewCall CallControlMode="Network" Version="4.0"><CalledNum>1000</CalledNum><DNIS>*6500</DNIS><ANI>4022</ANI></NewCall></GctiMsg>

15:24:16.775247[34m|LV1|[0mSEND   |127.0.0.1:35001|275|<?xml version="1.0" encoding="utf-8"?>
<!DOCTYPE GctiMsg SYSTEM "IServer.dtd">
<GctiMsg><CallId>2D1EBF25-3DF3-4111-8B82-D9673F0CEF1C0000</CallId><NewCall CallControlMode="Network" Version="4.0"><CalledNum>1000</CalledNum><DNIS>*6500</DNIS><ANI>4022</ANI></NewCall></GctiMsg>

15:24:16.775863[34m|LV1|[0mRECEIVE|127.0.0.1:35001|<?xml version="1.0" encoding="utf-8"?>
<!DOCTYPE GctiMsg SYSTEM "IServer.dtd">
<GctiMsg><CallId>2D1EBF25-3DF3-4111-8B82-D9673F0CEF1C0000</CallId><CallStatus Event="Ringing"/></GctiMsg>

15:24:16.776032[44m|INF|[0mReqId:2D1EBF25-3DF3-4111-8B82-D9673F0CEF1C0000|Command:CallStatus|CallStatus:Ringing
15:24:16.776058[33m|LV2|[0mReqId:2D1EBF25-3DF3-4111-8B82-D9673F0CEF1C0000|Command:CallStatus|XmlData:<?xml version="1.0" encoding="utf-8"?>
<!DOCTYPE GctiMsg SYSTEM "IServer.dtd">
<GctiMsg><CallId>2D1EBF25-3DF3-4111-8B82-D9673F0CEF1C0000</CallId><CallStatus Event="Ringing"/></GctiMsg>

15:24:16.876072[34m|LV1|[0mRECEIVE|127.0.0.1:35001|<?xml version="1.0" encoding="utf-8"?>
<!DOCTYPE GctiMsg SYSTEM "IServer.dtd">
<GctiMsg><CallId>2D1EBF25-3DF3-4111-8B82-D9673F0CEF1C0000</CallId><CallStatus Event="Established"/></GctiMsg>

15:24:16.876307[44m|INF|[0mReqId:2D1EBF25-3DF3-4111-8B82-D9673F0CEF1C0000|Command:CallStatus|CallStatus:Established
15:24:16.876352[33m|LV2|[0mReqId:2D1EBF25-3DF3-4111-8B82-D9673F0CEF1C0000|Command:CallStatus|XmlData:<?xml version="1.0" encoding="utf-8"?>
<!DOCTYPE GctiMsg SYSTEM "IServer.dtd">
<GctiMsg><CallId>2D1EBF25-3DF3-4111-8B82-D9673F0CEF1C0000</CallId><CallStatus Event="Established"/></GctiMsg>

15:24:17.023683[44m|INF|[0mReqId:2D1EBF25-3DF3-4111-8B82-D9673F0CEF1C0000|Command:CallInfoReq
15:24:17.023714[33m|LV2|[0mReqId:2D1EBF25-3DF3-4111-8B82-D9673F0CEF1C0000|Command:CallInfoReq|XmlData:<?xml version="1.0" encoding="utf-8"?>
<!DOCTYPE GctiMsg SYSTEM "IServer.dtd">
<GctiMsg><CallId>2D1EBF25-3DF3-4111-8B82-D9673F0CEF1C0000</CallId><CallInfoReq></CallInfoReq></GctiMsg>

15:24:17.023758[34m|LV1|[0mSEND   |127.0.0.1:35001|183|<?xml version="1.0" encoding="utf-8"?>
<!DOCTYPE GctiMsg SYSTEM "IServer.dtd">
<GctiMsg><CallId>2D1EBF25-3DF3-4111-8B82-D9673F0CEF1C0000</CallId><CallInfoReq></CallInfoReq></GctiMsg>

15:24:17.024151[34m|LV1|[0mRECEIVE|127.0.0.1:35001|<?xml version="1.0" encoding="utf-8"?>
<!DOCTYPE GctiMsg SYSTEM "IServer.dtd">
<GctiMsg><CallId>2D1EBF25-3DF3-4111-8B82-D9673F0CEF1C0000</CallId><CallInfoResp ANI="1111111111" DNIS="2222222222" CalledNum="3333333333" ConnId="4444444444" FirstHomeLocation="5555555555" LastEvent="6666666666" OtherDN="7777777777" OtherQueue="8888888888" OtherTrunk="9999999999" PortDN="aaaaaaaaaa" PortQueue="bbbbbbbbbb" PortTrunk="cccccccccc" ThirdPartyDN="dddddddddd" TSCallId="eeeeeeeeee"/></GctiMsg>

15:24:17.024875[44m|INF|[0mReqId:2D1EBF25-3DF3-4111-8B82-D9673F0CEF1C0000|Command:CallInfoResp|ANI:1111111111|DNIS:2222222222|CalledNum:3333333333|ConnId:4444444444|FirstHomeLocation:5555555555|LastEvent:6666666666|OtherDN:7777777777|OtherQueue:8888888888|OtherTrunk:9999999999|PortDN:aaaaaaaaaa|PortQueue:bbbbbbbbbb|PortTrunk:cccccccccc|ThirdPartyDN:dddddddddd|TSCallId:eeeeeeeeee
15:24:17.024917[33m|LV2|[0mReqId:2D1EBF25-3DF3-4111-8B82-D9673F0CEF1C0000|Command:CallInfoResp|XmlData:<?xml version="1.0" encoding="utf-8"?>
<!DOCTYPE GctiMsg SYSTEM "IServer.dtd">
<GctiMsg><CallId>2D1EBF25-3DF3-4111-8B82-D9673F0CEF1C0000</CallId><CallInfoResp ANI="1111111111" DNIS="2222222222" CalledNum="3333333333" ConnId="4444444444" FirstHomeLocation="5555555555" LastEvent="6666666666" OtherDN="7777777777" OtherQueue="8888888888" OtherTrunk="9999999999" PortDN="aaaaaaaaaa" PortQueue="bbbbbbbbbb" PortTrunk="cccccccccc" ThirdPartyDN="dddddddddd" TSCallId="eeeeeeeeee"/></GctiMsg>

15:24:17.275516[44m|INF|[0mReqId:2D1EBF25-3DF3-4111-8B82-D9673F0CEF1C0000|Command:UDataGet|Keys:UEI
15:24:17.275546[33m|LV2|[0mReqId:2D1EBF25-3DF3-4111-8B82-D9673F0CEF1C0000|Command:UDataGet|XmlData:<?xml version="1.0" encoding="utf-8"?>
<!DOCTYPE GctiMsg SYSTEM "IServer.dtd">
<GctiMsg><CallId>2D1EBF25-3DF3-4111-8B82-D9673F0CEF1C0000</CallId><UDataGet Keys="UEI"><RequestId>100000002</RequestId></UDataGet></GctiMsg>

15:24:17.275590[34m|LV1|[0mSEND   |127.0.0.1:35001|220|<?xml version="1.0" encoding="utf-8"?>
<!DOCTYPE GctiMsg SYSTEM "IServer.dtd">
<GctiMsg><CallId>2D1EBF25-3DF3-4111-8B82-D9673F0CEF1C0000</CallId><UDataGet Keys="UEI"><RequestId>100000002</RequestId></UDataGet></GctiMsg>

15:24:17.276065[34m|LV1|[0mRECEIVE|127.0.0.1:35001|<?xml version="1.0" encoding="utf-8"?>
<!DOCTYPE GctiMsg SYSTEM "IServer.dtd">
<GctiMsg><CallId>2D1EBF25-3DF3-4111-8B82-D9673F0CEF1C0000</CallId><UDataResp><RequestId>UEI</RequestId><Result>Success</Result><UDataEx><Node Name="eee" Type="Str" Val="555"/><Node Name="fff" Type="Str" Val="6666"/><Node Name="ggg" Type="Str" Val="77777"/><Node Name="hhh" Type="Str" Val="88888888"/></UDataEx></UDataResp></GctiMsg>

15:24:17.276357[44m|INF|[0mReqId:2D1EBF25-3DF3-4111-8B82-D9673F0CEF1C0000|Command:UDataResp|RequestId:UEI|Result:Success|UDataEx:|eee=555|fff=6666|ggg=77777|hhh=88888888|
15:24:17.276384[33m|LV2|[0mReqId:2D1EBF25-3DF3-4111-8B82-D9673F0CEF1C0000|Command:UDataResp|XmlData:<?xml version="1.0" encoding="utf-8"?>
<!DOCTYPE GctiMsg SYSTEM "IServer.dtd">
<GctiMsg><CallId>2D1EBF25-3DF3-4111-8B82-D9673F0CEF1C0000</CallId><UDataResp><RequestId>UEI</RequestId><Result>Success</Result><UDataEx><Node Name="eee" Type="Str" Val="555"/><Node Name="fff" Type="Str" Val="6666"/><Node Name="ggg" Type="Str" Val="77777"/><Node Name="hhh" Type="Str" Val="88888888"/></UDataEx></UDataResp></GctiMsg>

15:24:52.227261[44m|INF|[0mReqId:2D1EBF25-3DF3-4111-8B82-D9673F0CEF1C0000|Command:OneStepXfer|szDestDN:|szUDataEx:|szExtnsEx:
15:24:52.227283[33m|LV2|[0mReqId:2D1EBF25-3DF3-4111-8B82-D9673F0CEF1C0000|Command:OneStepXfer|XmlData:<?xml version="1.0" encoding="utf-8"?>
<!DOCTYPE GctiMsg SYSTEM "IServer.dtd">
<GctiMsg><CallId>2D1EBF25-3DF3-4111-8B82-D9673F0CEF1C0000</CallId><OneStepXfer DestDN=""/></GctiMsg>

15:24:52.227316[34m|LV1|[0mSEND   |127.0.0.1:35001|180|<?xml version="1.0" encoding="utf-8"?>
<!DOCTYPE GctiMsg SYSTEM "IServer.dtd">
<GctiMsg><CallId>2D1EBF25-3DF3-4111-8B82-D9673F0CEF1C0000</CallId><OneStepXfer DestDN=""/></GctiMsg>

15:24:52.227561[34m|LV1|[0mRECEIVE|127.0.0.1:35001|<?xml version="1.0" encoding="utf-8"?>
<!DOCTYPE GctiMsg SYSTEM "IServer.dtd">
<GctiMsg><CallId>2D1EBF25-3DF3-4111-8B82-D9673F0CEF1C0000</CallId><CallStatus Event="XferComplete"/></GctiMsg>

15:24:52.227645[44m|INF|[0mReqId:2D1EBF25-3DF3-4111-8B82-D9673F0CEF1C0000|Command:CallStatus|CallStatus:XferComplete
15:24:52.227661[33m|LV2|[0mReqId:2D1EBF25-3DF3-4111-8B82-D9673F0CEF1C0000|Command:CallStatus|XmlData:<?xml version="1.0" encoding="utf-8"?>
<!DOCTYPE GctiMsg SYSTEM "IServer.dtd">
<GctiMsg><CallId>2D1EBF25-3DF3-4111-8B82-D9673F0CEF1C0000</CallId><CallStatus Event="XferComplete"/></GctiMsg>

