
>>>>>>>>>>>>>>>>>>>>>>>>>>>>>>>>>>>>>>>>>>>>>>>>>>>>>>>>>>>>>>>>>>>>>>>>
>> cba.idr pid(26693) Logging Start
>>>>>>>>>>>>>>>>>>>>>>>>>>>>>>>>>>>>>>>>>>>>>>>>>>>>>>>>>>>>>>>>>>>>>>>>

14:35:02.979055[44m|INF|[0m>>>>>>>>>>>>>>>>>>>>>>>>>>>>>>>>>>>>>>>>>>>>>>>>>>>>>>>>>>>>>>>>>>>>>>>>>>>>
14:35:02.979071[44m|INF|[0mIVRDriver Initialize success.
14:35:02.979083[44m|INF|[0mOwnerName     : CBA.ISVR
14:35:02.979095[44m|INF|[0mOwnerId       : 1001
14:35:02.979106[44m|INF|[0mSvcAppName    : IVR5
14:35:02.979118[44m|INF|[0mSvcDriverName : IVR1
14:35:02.979129[44m|INF|[0mRemoteIp      : 127.0.0.1
14:35:02.979141[44m|INF|[0mRemotePort    : 35001
14:35:02.979152[44m|INF|[0mLogPath       : ../log/cba.idrv/
14:35:02.979164[44m|INF|[0mLogLinkPath   : ../log/
14:35:02.979175[44m|INF|[0mLogLevel      : 3
14:35:02.979186[44m|INF|[0m>>>>>>>>>>>>>>>>>>>>>>>>>>>>>>>>>>>>>>>>>>>>>>>>>>>>>>>>>>>>>>>>>>>>>>>>>>>>
14:35:02.979206[44m|INF|[0m

14:35:02.979484[44m|INF|[0mConnection success. remote_ip:127.0.0.1, remote_port:35001
14:35:02.980054[44m|INF|[0mReqId:100000001|Command:LoginReq|Version:4.0|ClientName:IVR1|ReportStatus:true|ServerMonitor:set
14:35:02.980083[33m|LV2|[0mReqId:100000001|Command:LoginReq|XmlData:<?xml version="1.0" encoding="utf-8"?>
<!DOCTYPE GctiMsg SYSTEM "IServer.dtd">
<GctiMsg><CallId>100000001</CallId><LoginReq Version="4.0" ClientName="IVR1" ReportStatus="true" ServerMonitor="set"/></GctiMsg>

14:35:02.980138[34m|LV1|[0mSEND   |127.0.0.1:35001|208|<?xml version="1.0" encoding="utf-8"?>
<!DOCTYPE GctiMsg SYSTEM "IServer.dtd">
<GctiMsg><CallId>100000001</CallId><LoginReq Version="4.0" ClientName="IVR1" ReportStatus="true" ServerMonitor="set"/></GctiMsg>

14:35:02.981105[34m|LV1|[0mRECEIVE|127.0.0.1:35001|<?xml version="1.0" encoding="utf-8"?>
<!DOCTYPE GctiMsg SYSTEM "IServer.dtd">
<GctiMsg><CallId>100000001</CallId><LoginResp IServerVersion="8.5" Result="Success" ConfigOptions="" Status="OK"/></GctiMsg>

14:35:02.981387[44m|INF|[0mReqId:100000001|Command:LoginResp|IServerVersion:8.5|Result:Success|ConfigOptions:|Status:OK
14:35:02.981427[33m|LV2|[0mReqId:100000001|Command:LoginResp|XmlData:<?xml version="1.0" encoding="utf-8"?>
<!DOCTYPE GctiMsg SYSTEM "IServer.dtd">
<GctiMsg><CallId>100000001</CallId><LoginResp IServerVersion="8.5" Result="Success" ConfigOptions="" Status="OK"/></GctiMsg>

14:35:13.981728[44m|INF|[0mReqId:2C6E7FD2-9EFC-4E6E-A982-97E383A9919B0000|Command:NewCall|CalledNum:1000|CallControlMode:Network|Version:4.0|DNIS:*6500|ANI:4022|UDataEx:|ExtnsEx:
14:35:13.981762[33m|LV2|[0mReqId:2C6E7FD2-9EFC-4E6E-A982-97E383A9919B0000|Command:NewCall|XmlData:<?xml version="1.0" encoding="utf-8"?>
<!DOCTYPE GctiMsg SYSTEM "IServer.dtd">
<GctiMsg><CallId>2C6E7FD2-9EFC-4E6E-A982-97E383A9919B0000</CallId><NewCall CallControlMode="Network" Version="4.0"><CalledNum>1000</CalledNum><DNIS>*6500</DNIS><ANI>4022</ANI></NewCall></GctiMsg>

14:35:13.981820[34m|LV1|[0mSEND   |127.0.0.1:35001|275|<?xml version="1.0" encoding="utf-8"?>
<!DOCTYPE GctiMsg SYSTEM "IServer.dtd">
<GctiMsg><CallId>2C6E7FD2-9EFC-4E6E-A982-97E383A9919B0000</CallId><NewCall CallControlMode="Network" Version="4.0"><CalledNum>1000</CalledNum><DNIS>*6500</DNIS><ANI>4022</ANI></NewCall></GctiMsg>

14:35:13.982201[34m|LV1|[0mRECEIVE|127.0.0.1:35001|<?xml version="1.0" encoding="utf-8"?>
<!DOCTYPE GctiMsg SYSTEM "IServer.dtd">
<GctiMsg><CallId>2C6E7FD2-9EFC-4E6E-A982-97E383A9919B0000</CallId><CallStatus Event="Ringing"/></GctiMsg>

14:35:13.982384[44m|INF|[0mReqId:2C6E7FD2-9EFC-4E6E-A982-97E383A9919B0000|Command:CallStatus|CallStatus:Ringing
14:35:13.982420[33m|LV2|[0mReqId:2C6E7FD2-9EFC-4E6E-A982-97E383A9919B0000|Command:CallStatus|XmlData:<?xml version="1.0" encoding="utf-8"?>
<!DOCTYPE GctiMsg SYSTEM "IServer.dtd">
<GctiMsg><CallId>2C6E7FD2-9EFC-4E6E-A982-97E383A9919B0000</CallId><CallStatus Event="Ringing"/></GctiMsg>

14:35:14.082494[34m|LV1|[0mRECEIVE|127.0.0.1:35001|<?xml version="1.0" encoding="utf-8"?>
<!DOCTYPE GctiMsg SYSTEM "IServer.dtd">
<GctiMsg><CallId>2C6E7FD2-9EFC-4E6E-A982-97E383A9919B0000</CallId><CallStatus Event="Established"/></GctiMsg>

14:35:14.082693[44m|INF|[0mReqId:2C6E7FD2-9EFC-4E6E-A982-97E383A9919B0000|Command:CallStatus|CallStatus:Established
14:35:14.082721[33m|LV2|[0mReqId:2C6E7FD2-9EFC-4E6E-A982-97E383A9919B0000|Command:CallStatus|XmlData:<?xml version="1.0" encoding="utf-8"?>
<!DOCTYPE GctiMsg SYSTEM "IServer.dtd">
<GctiMsg><CallId>2C6E7FD2-9EFC-4E6E-A982-97E383A9919B0000</CallId><CallStatus Event="Established"/></GctiMsg>

14:35:14.191861[44m|INF|[0mReqId:2C6E7FD2-9EFC-4E6E-A982-97E383A9919B0000|Command:CallInfoReq
14:35:14.191891[33m|LV2|[0mReqId:2C6E7FD2-9EFC-4E6E-A982-97E383A9919B0000|Command:CallInfoReq|XmlData:<?xml version="1.0" encoding="utf-8"?>
<!DOCTYPE GctiMsg SYSTEM "IServer.dtd">
<GctiMsg><CallId>2C6E7FD2-9EFC-4E6E-A982-97E383A9919B0000</CallId><CallInfoReq></CallInfoReq></GctiMsg>

14:35:14.191934[34m|LV1|[0mSEND   |127.0.0.1:35001|183|<?xml version="1.0" encoding="utf-8"?>
<!DOCTYPE GctiMsg SYSTEM "IServer.dtd">
<GctiMsg><CallId>2C6E7FD2-9EFC-4E6E-A982-97E383A9919B0000</CallId><CallInfoReq></CallInfoReq></GctiMsg>

14:35:14.192371[34m|LV1|[0mRECEIVE|127.0.0.1:35001|<?xml version="1.0" encoding="utf-8"?>
<!DOCTYPE GctiMsg SYSTEM "IServer.dtd">
<GctiMsg><CallId>2C6E7FD2-9EFC-4E6E-A982-97E383A9919B0000</CallId><CallInfoResp ANI="1111111111" DNIS="2222222222" CalledNum="3333333333" ConnId="4444444444" FirstHomeLocation="5555555555" LastEvent="6666666666" OtherDN="7777777777" OtherQueue="8888888888" OtherTrunk="9999999999" PortDN="aaaaaaaaaa" PortQueue="bbbbbbbbbb" PortTrunk="cccccccccc" ThirdPartyDN="dddddddddd" TSCallId="eeeeeeeeee"/></GctiMsg>

14:35:14.193031[44m|INF|[0mReqId:2C6E7FD2-9EFC-4E6E-A982-97E383A9919B0000|Command:CallInfoResp|ANI:1111111111|DNIS:2222222222|CalledNum:3333333333|ConnId:4444444444|FirstHomeLocation:5555555555|LastEvent:6666666666|OtherDN:7777777777|OtherQueue:8888888888|OtherTrunk:9999999999|PortDN:aaaaaaaaaa|PortQueue:bbbbbbbbbb|PortTrunk:cccccccccc|ThirdPartyDN:dddddddddd|TSCallId:eeeeeeeeee
14:35:14.193073[33m|LV2|[0mReqId:2C6E7FD2-9EFC-4E6E-A982-97E383A9919B0000|Command:CallInfoResp|XmlData:<?xml version="1.0" encoding="utf-8"?>
<!DOCTYPE GctiMsg SYSTEM "IServer.dtd">
<GctiMsg><CallId>2C6E7FD2-9EFC-4E6E-A982-97E383A9919B0000</CallId><CallInfoResp ANI="1111111111" DNIS="2222222222" CalledNum="3333333333" ConnId="4444444444" FirstHomeLocation="5555555555" LastEvent="6666666666" OtherDN="7777777777" OtherQueue="8888888888" OtherTrunk="9999999999" PortDN="aaaaaaaaaa" PortQueue="bbbbbbbbbb" PortTrunk="cccccccccc" ThirdPartyDN="dddddddddd" TSCallId="eeeeeeeeee"/></GctiMsg>

14:35:21.256075[44m|INF|[0mReqId:2C6E7FD2-9EFC-4E6E-A982-97E383A9919B0000|Command:UDataGet|Keys:UEI
14:35:21.256105[33m|LV2|[0mReqId:2C6E7FD2-9EFC-4E6E-A982-97E383A9919B0000|Command:UDataGet|XmlData:<?xml version="1.0" encoding="utf-8"?>
<!DOCTYPE GctiMsg SYSTEM "IServer.dtd">
<GctiMsg><CallId>2C6E7FD2-9EFC-4E6E-A982-97E383A9919B0000</CallId><UDataGet Keys="UEI"><RequestId>100000002</RequestId></UDataGet></GctiMsg>

14:35:21.256151[34m|LV1|[0mSEND   |127.0.0.1:35001|220|<?xml version="1.0" encoding="utf-8"?>
<!DOCTYPE GctiMsg SYSTEM "IServer.dtd">
<GctiMsg><CallId>2C6E7FD2-9EFC-4E6E-A982-97E383A9919B0000</CallId><UDataGet Keys="UEI"><RequestId>100000002</RequestId></UDataGet></GctiMsg>

14:35:21.256603[34m|LV1|[0mRECEIVE|127.0.0.1:35001|<?xml version="1.0" encoding="utf-8"?>
<!DOCTYPE GctiMsg SYSTEM "IServer.dtd">
<GctiMsg><CallId>2C6E7FD2-9EFC-4E6E-A982-97E383A9919B0000</CallId><UDataResp><RequestId>UEI</RequestId><Result>Success</Result><UDataEx><Node Name="eee" Type="Str" Val="555"/><Node Name="fff" Type="Str" Val="6666"/><Node Name="ggg" Type="Str" Val="77777"/><Node Name="hhh" Type="Str" Val="88888888"/></UDataEx></UDataResp></GctiMsg>

14:35:21.256973[44m|INF|[0mReqId:2C6E7FD2-9EFC-4E6E-A982-97E383A9919B0000|Command:UDataResp|RequestId:UEI|Result:Success|UDataEx:|eee=555|fff=6666|ggg=77777|hhh=88888888|
14:35:21.257001[33m|LV2|[0mReqId:2C6E7FD2-9EFC-4E6E-A982-97E383A9919B0000|Command:UDataResp|XmlData:<?xml version="1.0" encoding="utf-8"?>
<!DOCTYPE GctiMsg SYSTEM "IServer.dtd">
<GctiMsg><CallId>2C6E7FD2-9EFC-4E6E-A982-97E383A9919B0000</CallId><UDataResp><RequestId>UEI</RequestId><Result>Success</Result><UDataEx><Node Name="eee" Type="Str" Val="555"/><Node Name="fff" Type="Str" Val="6666"/><Node Name="ggg" Type="Str" Val="77777"/><Node Name="hhh" Type="Str" Val="88888888"/></UDataEx></UDataResp></GctiMsg>

14:36:09.104831[44m|INF|[0mReqId:2C6E7FD2-9EFC-4E6E-A982-97E383A9919B0000|Command:OneStepXfer|szDestDN:|szUDataEx:|szExtnsEx:
14:36:09.104865[33m|LV2|[0mReqId:2C6E7FD2-9EFC-4E6E-A982-97E383A9919B0000|Command:OneStepXfer|XmlData:<?xml version="1.0" encoding="utf-8"?>
<!DOCTYPE GctiMsg SYSTEM "IServer.dtd">
<GctiMsg><CallId>2C6E7FD2-9EFC-4E6E-A982-97E383A9919B0000</CallId><OneStepXfer DestDN=""/></GctiMsg>

14:36:09.104911[34m|LV1|[0mSEND   |127.0.0.1:35001|180|<?xml version="1.0" encoding="utf-8"?>
<!DOCTYPE GctiMsg SYSTEM "IServer.dtd">
<GctiMsg><CallId>2C6E7FD2-9EFC-4E6E-A982-97E383A9919B0000</CallId><OneStepXfer DestDN=""/></GctiMsg>

14:36:09.105217[34m|LV1|[0mRECEIVE|127.0.0.1:35001|<?xml version="1.0" encoding="utf-8"?>
<!DOCTYPE GctiMsg SYSTEM "IServer.dtd">
<GctiMsg><CallId>2C6E7FD2-9EFC-4E6E-A982-97E383A9919B0000</CallId><CallStatus Event="XferComplete"/></GctiMsg>

14:36:09.105302[44m|INF|[0mReqId:2C6E7FD2-9EFC-4E6E-A982-97E383A9919B0000|Command:CallStatus|CallStatus:XferComplete
14:36:09.105317[33m|LV2|[0mReqId:2C6E7FD2-9EFC-4E6E-A982-97E383A9919B0000|Command:CallStatus|XmlData:<?xml version="1.0" encoding="utf-8"?>
<!DOCTYPE GctiMsg SYSTEM "IServer.dtd">
<GctiMsg><CallId>2C6E7FD2-9EFC-4E6E-A982-97E383A9919B0000</CallId><CallStatus Event="XferComplete"/></GctiMsg>

